With contradiction_threshold = 0.2132844221094059 and entailment_threshold = 0.14937057119211872 * COMPUTED THRESHOLDS
Precision: 0.5603448275862069 for label 0 | 0.3333333333333333 for label 1 | 0.5287356321839081 for label 2
Recall: 0.6914893617021277 for label 0 | 0.32432432432432434 for label 1 | 0.42592592592592593 for label 2
F1 micro: 0.5146443514644351
F1 macro: 0.47320320471005406
With contradiction_threshold = 0.1 and entailment_threshold = 0.14937057119211872
Precision: 0.5660377358490566 for label 0 | 0.21428571428571427 for label 1 | 0.4935064935064935 for label 2
Recall: 0.6382978723404256 for label 0 | 0.32432432432432434 for label 1 | 0.35185185185185186 for label 2
F1 micro: 0.4602510460251046
F1 macro: 0.42295844231328106
With contradiction_threshold = 0.2 and entailment_threshold = 0.14937057119211872
Precision: 0.5603448275862069 for label 0 | 0.32432432432432434 for label 1 | 0.5232558139534884 for label 2
Recall: 0.6914893617021277 for label 0 | 0.32432432432432434 for label 1 | 0.4166666666666667 for label 2
F1 micro: 0.5104602510460251
F1 macro: 0.46909648971504647
With contradiction_threshold = 0.30000000000000004 and entailment_threshold = 0.14937057119211872
Precision: 0.5603448275862069 for label 0 | 0.3333333333333333 for label 1 | 0.5222222222222223 for label 2
Recall: 0.6914893617021277 for label 0 | 0.2972972972972973 for label 1 | 0.4351851851851852 for label 2
F1 micro: 0.5146443514644351
F1 macro: 0.4693602693602694
With contradiction_threshold = 0.4 and entailment_threshold = 0.14937057119211872
Precision: 0.5508474576271186 for label 0 | 0.37037037037037035 for label 1 | 0.5319148936170213 for label 2
Recall: 0.6914893617021277 for label 0 | 0.2702702702702703 for label 1 | 0.46296296296296297 for label 2
F1 micro: 0.5230125523012552
F1 macro: 0.4735856840401021
With contradiction_threshold = 0.5 and entailment_threshold = 0.14937057119211872
Precision: 0.5416666666666666 for label 0 | 0.3181818181818182 for label 1 | 0.5360824742268041 for label 2
Recall: 0.6914893617021277 for label 0 | 0.1891891891891892 for label 1 | 0.48148148148148145 for label 2
F1 micro: 0.5188284518828452
F1 macro: 0.4506939480926569
With contradiction_threshold = 0.6 and entailment_threshold = 0.14937057119211872
Precision: 0.5371900826446281 for label 0 | 0.375 for label 1 | 0.5294117647058824 for label 2
Recall: 0.6914893617021277 for label 0 | 0.16216216216216217 for label 1 | 0.5 for label 2
F1 micro: 0.5230125523012552
F1 macro: 0.4484506571386782
With contradiction_threshold = 0.7000000000000001 and entailment_threshold = 0.14937057119211872
Precision: 0.5284552845528455 for label 0 | 0.4166666666666667 for label 1 | 0.5288461538461539 for label 2
Recall: 0.6914893617021277 for label 0 | 0.13513513513513514 for label 1 | 0.5092592592592593 for label 2
F1 micro: 0.5230125523012552
F1 macro: 0.4406759660650627
With contradiction_threshold = 0.8 and entailment_threshold = 0.14937057119211872
Precision: 0.5241935483870968 for label 0 | 0.4 for label 1 | 0.5238095238095238 for label 2
Recall: 0.6914893617021277 for label 0 | 0.10810810810810811 for label 1 | 0.5092592592592593 for label 2
F1 micro: 0.5188284518828452
F1 macro: 0.4276583220231445
With contradiction_threshold = 0.9 and entailment_threshold = 0.14937057119211872
Precision: 0.5241935483870968 for label 0 | 0.5 for label 1 | 0.5327102803738317 for label 2
Recall: 0.6914893617021277 for label 0 | 0.10810810810810811 for label 1 | 0.5277777777777778 for label 2
F1 micro: 0.5271966527196653
F1 macro: 0.4347802037155568
With contradiction_threshold = 0.2132844221094059 and entailment_threshold = 0.1
Precision: 0.5491803278688525 for label 0 | 0.34285714285714286 for label 1 | 0.5121951219512195 for label 2
Recall: 0.7127659574468085 for label 0 | 0.32432432432432434 for label 1 | 0.3888888888888889 for label 2
F1 micro: 0.5062761506276151
F1 macro: 0.46526965562053285
With contradiction_threshold = 0.2132844221094059 and entailment_threshold = 0.2
Precision: 0.5700934579439252 for label 0 | 0.3333333333333333 for label 1 | 0.53125 for label 2
Recall: 0.648936170212766 for label 0 | 0.32432432432432434 for label 1 | 0.4722222222222222 for label 2
F1 micro: 0.5188284518828452
F1 macro: 0.4785774324723415
With contradiction_threshold = 0.2132844221094059 and entailment_threshold = 0.30000000000000004
Precision: 0.5632183908045977 for label 0 | 0.2553191489361702 for label 1 | 0.5142857142857142 for label 2
Recall: 0.5212765957446809 for label 0 | 0.32432432432432434 for label 1 | 0.5 for label 2
F1 micro: 0.4811715481171548
F1 macro: 0.4447310011079368
With contradiction_threshold = 0.2132844221094059 and entailment_threshold = 0.4
Precision: 0.6176470588235294 for label 0 | 0.25 for label 1 | 0.5121951219512195 for label 2
Recall: 0.44680851063829785 for label 0 | 0.32432432432432434 for label 1 | 0.5833333333333334 for label 2
F1 micro: 0.4895397489539749
F1 macro: 0.44877533504984485
With contradiction_threshold = 0.2132844221094059 and entailment_threshold = 0.5
Precision: 0.6507936507936508 for label 0 | 0.24489795918367346 for label 1 | 0.5196850393700787 for label 2
Recall: 0.43617021276595747 for label 0 | 0.32432432432432434 for label 1 | 0.6111111111111112 for label 2
F1 micro: 0.497907949790795
F1 macro: 0.4543549629106694
With contradiction_threshold = 0.2132844221094059 and entailment_threshold = 0.6
Precision: 0.5918367346938775 for label 0 | 0.2549019607843137 for label 1 | 0.48201438848920863 for label 2
Recall: 0.30851063829787234 for label 0 | 0.35135135135135137 for label 1 | 0.6203703703703703 for label 2
F1 micro: 0.4560669456066946
F1 macro: 0.4145196908354803
With contradiction_threshold = 0.2132844221094059 and entailment_threshold = 0.7000000000000001
Precision: 0.6052631578947368 for label 0 | 0.2641509433962264 for label 1 | 0.47297297297297297 for label 2
Recall: 0.24468085106382978 for label 0 | 0.3783783783783784 for label 1 | 0.6481481481481481 for label 2
F1 micro: 0.4476987447698745
F1 macro: 0.4021569865319865
With contradiction_threshold = 0.2132844221094059 and entailment_threshold = 0.8
Precision: 0.5714285714285714 for label 0 | 0.2545454545454545 for label 1 | 0.4697986577181208 for label 2
Recall: 0.2127659574468085 for label 0 | 0.3783783783783784 for label 1 | 0.6481481481481481 for label 2
F1 micro: 0.4351464435146444
F1 macro: 0.38639080905962125
With contradiction_threshold = 0.2132844221094059 and entailment_threshold = 0.9
Precision: 0.5483870967741935 for label 0 | 0.2545454545454545 for label 1 | 0.46405228758169936 for label 2
Recall: 0.18085106382978725 for label 0 | 0.3783783783783784 for label 1 | 0.6574074074074074 for label 2
F1 micro: 0.42677824267782427
F1 macro: 0.3734697095896496
