With contradiction_threshold = 0.2862195601813371 and entailment_threshold = 0.15316510254323523 * COMPUTED THRESHOLDS
Precision: 0.5433070866141733 for label 0 | 0.3548387096774194 for label 1 | 0.5432098765432098 for label 2
Recall: 0.7340425531914894 for label 0 | 0.2972972972972973 for label 1 | 0.4074074074074074 for label 2
F1 micro: 0.5188284518828452
F1 macro: 0.471190755504481
With contradiction_threshold = 0.1 and entailment_threshold = 0.15316510254323523
Precision: 0.584070796460177 for label 0 | 0.22033898305084745 for label 1 | 0.5074626865671642 for label 2
Recall: 0.7021276595744681 for label 0 | 0.35135135135135137 for label 1 | 0.3148148148148148 for label 2
F1 micro: 0.47280334728033474
F1 macro: 0.4323619737750172
With contradiction_threshold = 0.2 and entailment_threshold = 0.15316510254323523
Precision: 0.552 for label 0 | 0.34210526315789475 for label 1 | 0.5394736842105263 for label 2
Recall: 0.7340425531914894 for label 0 | 0.35135135135135137 for label 1 | 0.37962962962962965 for label 2
F1 micro: 0.5146443514644351
F1 macro: 0.47415194229369334
With contradiction_threshold = 0.30000000000000004 and entailment_threshold = 0.15316510254323523
Precision: 0.5433070866141733 for label 0 | 0.3548387096774194 for label 1 | 0.5432098765432098 for label 2
Recall: 0.7340425531914894 for label 0 | 0.2972972972972973 for label 1 | 0.4074074074074074 for label 2
F1 micro: 0.5188284518828452
F1 macro: 0.471190755504481
With contradiction_threshold = 0.4 and entailment_threshold = 0.15316510254323523
Precision: 0.5348837209302325 for label 0 | 0.4 for label 1 | 0.5529411764705883 for label 2
Recall: 0.7340425531914894 for label 0 | 0.2702702702702703 for label 1 | 0.4351851851851852 for label 2
F1 micro: 0.5271966527196653
F1 macro: 0.4761537860010438
With contradiction_threshold = 0.5 and entailment_threshold = 0.15316510254323523
Precision: 0.5338345864661654 for label 0 | 0.3684210526315789 for label 1 | 0.5517241379310345 for label 2
Recall: 0.7553191489361702 for label 0 | 0.1891891891891892 for label 1 | 0.4444444444444444 for label 2
F1 micro: 0.5271966527196653
F1 macro: 0.4559527843668813
With contradiction_threshold = 0.6 and entailment_threshold = 0.15316510254323523
Precision: 0.5298507462686567 for label 0 | 0.4 for label 1 | 0.5333333333333333 for label 2
Recall: 0.7553191489361702 for label 0 | 0.16216216216216217 for label 1 | 0.4444444444444444 for label 2
F1 micro: 0.5230125523012552
F1 macro: 0.4461415777205251
With contradiction_threshold = 0.7000000000000001 and entailment_threshold = 0.15316510254323523
Precision: 0.5298507462686567 for label 0 | 0.38461538461538464 for label 1 | 0.532608695652174 for label 2
Recall: 0.7553191489361702 for label 0 | 0.13513513513513514 for label 1 | 0.4537037037037037 for label 2
F1 micro: 0.5230125523012552
F1 macro: 0.4376023391812866
With contradiction_threshold = 0.8 and entailment_threshold = 0.15316510254323523
Precision: 0.5259259259259259 for label 0 | 0.4444444444444444 for label 1 | 0.5368421052631579 for label 2
Recall: 0.7553191489361702 for label 0 | 0.10810810810810811 for label 1 | 0.4722222222222222 for label 2
F1 micro: 0.5271966527196653
F1 macro: 0.4321544779699982
With contradiction_threshold = 0.9 and entailment_threshold = 0.15316510254323523
Precision: 0.5259259259259259 for label 0 | 0.5 for label 1 | 0.5416666666666666 for label 2
Recall: 0.7553191489361702 for label 0 | 0.10810810810810811 for label 1 | 0.48148148148148145 for label 2
F1 micro: 0.5313807531380753
F1 macro: 0.4358896785303156
With contradiction_threshold = 0.2862195601813371 and entailment_threshold = 0.1
Precision: 0.5338345864661654 for label 0 | 0.36666666666666664 for label 1 | 0.5394736842105263 for label 2
Recall: 0.7553191489361702 for label 0 | 0.2972972972972973 for label 1 | 0.37962962962962965 for label 2
F1 micro: 0.5146443514644351
F1 macro: 0.466520347887073
With contradiction_threshold = 0.2862195601813371 and entailment_threshold = 0.2
Precision: 0.5583333333333333 for label 0 | 0.375 for label 1 | 0.5517241379310345 for label 2
Recall: 0.7127659574468085 for label 0 | 0.32432432432432434 for label 1 | 0.4444444444444444 for label 2
F1 micro: 0.5313807531380753
F1 macro: 0.48876733452109317
With contradiction_threshold = 0.2862195601813371 and entailment_threshold = 0.30000000000000004
Precision: 0.5833333333333334 for label 0 | 0.27906976744186046 for label 1 | 0.52 for label 2
Recall: 0.5957446808510638 for label 0 | 0.32432432432432434 for label 1 | 0.48148148148148145 for label 2
F1 micro: 0.502092050209205
F1 macro: 0.46315789473684205
With contradiction_threshold = 0.2862195601813371 and entailment_threshold = 0.4
Precision: 0.6266666666666667 for label 0 | 0.26666666666666666 for label 1 | 0.5126050420168067 for label 2
Recall: 0.5 for label 0 | 0.32432432432432434 for label 1 | 0.5648148148148148 for label 2
F1 micro: 0.502092050209205
F1 macro: 0.4621136261671508
With contradiction_threshold = 0.2862195601813371 and entailment_threshold = 0.5
Precision: 0.6515151515151515 for label 0 | 0.2553191489361702 for label 1 | 0.5238095238095238 for label 2
Recall: 0.4574468085106383 for label 0 | 0.32432432432432434 for label 1 | 0.6111111111111112 for label 2
F1 micro: 0.5062761506276151
F1 macro: 0.46243894993895
With contradiction_threshold = 0.2862195601813371 and entailment_threshold = 0.6
Precision: 0.5925925925925926 for label 0 | 0.2553191489361702 for label 1 | 0.4855072463768116 for label 2
Recall: 0.3404255319148936 for label 0 | 0.32432432432432434 for label 1 | 0.6203703703703703 for label 2
F1 micro: 0.46443514644351463
F1 macro: 0.4209540551003966
With contradiction_threshold = 0.2862195601813371 and entailment_threshold = 0.7000000000000001
Precision: 0.5675675675675675 for label 0 | 0.24 for label 1 | 0.47368421052631576 for label 2
Recall: 0.22340425531914893 for label 0 | 0.32432432432432434 for label 1 | 0.6666666666666666 for label 2
F1 micro: 0.4393305439330544
F1 macro: 0.38343963661152386
With contradiction_threshold = 0.2862195601813371 and entailment_threshold = 0.8
Precision: 0.5555555555555556 for label 0 | 0.24 for label 1 | 0.47058823529411764 for label 2
Recall: 0.2127659574468085 for label 0 | 0.32432432432432434 for label 1 | 0.6666666666666666 for label 2
F1 micro: 0.4351464435146444
F1 macro: 0.3784261715296198
With contradiction_threshold = 0.2862195601813371 and entailment_threshold = 0.9
Precision: 0.53125 for label 0 | 0.24 for label 1 | 0.46496815286624205 for label 2
Recall: 0.18085106382978725 for label 0 | 0.32432432432432434 for label 1 | 0.6759259259259259 for label 2
F1 micro: 0.42677824267782427
F1 macro: 0.365548911677734
