With contradiction_threshold = 0.17862101347781945 and entailment_threshold = 0.29168825699298395 * COMPUTED THRESHOLDS
Precision: 0.620253164556962 for label 0 | 0.3125 for label 1 | 0.5446428571428571 for label 2
Recall: 0.5212765957446809 for label 0 | 0.40540540540540543 for label 1 | 0.5648148148148148 for label 2
F1 micro: 0.5230125523012552
F1 macro: 0.4913202064851164
With contradiction_threshold = 0.1 and entailment_threshold = 0.29168825699298395
Precision: 0.6301369863013698 for label 0 | 0.2727272727272727 for label 1 | 0.56 for label 2
Recall: 0.48936170212765956 for label 0 | 0.4864864864864865 for label 1 | 0.5185185185185185 for label 2
F1 micro: 0.502092050209205
F1 macro: 0.47962476838704965
With contradiction_threshold = 0.2 and entailment_threshold = 0.29168825699298395
Precision: 0.620253164556962 for label 0 | 0.3191489361702128 for label 1 | 0.5486725663716814 for label 2
Recall: 0.5212765957446809 for label 0 | 0.40540540540540543 for label 1 | 0.5740740740740741 for label 2
F1 micro: 0.5271966527196653
F1 macro: 0.4949009394776141
With contradiction_threshold = 0.30000000000000004 and entailment_threshold = 0.29168825699298395
Precision: 0.6024096385542169 for label 0 | 0.4444444444444444 for label 1 | 0.5144927536231884 for label 2
Recall: 0.5319148936170213 for label 0 | 0.21621621621621623 for label 1 | 0.6574074074074074 for label 2
F1 micro: 0.5397489539748954
F1 macro: 0.47770553822641465
With contradiction_threshold = 0.4 and entailment_threshold = 0.29168825699298395
Precision: 0.5952380952380952 for label 0 | 0.3 for label 1 | 0.503448275862069 for label 2
Recall: 0.5319148936170213 for label 0 | 0.08108108108108109 for label 1 | 0.6759259259259259 for label 2
F1 micro: 0.5271966527196653
F1 macro: 0.4221774753637677
With contradiction_threshold = 0.5 and entailment_threshold = 0.29168825699298395
Precision: 0.5952380952380952 for label 0 | 0.42857142857142855 for label 1 | 0.5067567567567568 for label 2
Recall: 0.5319148936170213 for label 0 | 0.08108108108108109 for label 1 | 0.6944444444444444 for label 2
F1 micro: 0.5355648535564853
F1 macro: 0.4280329630575417
With contradiction_threshold = 0.6 and entailment_threshold = 0.29168825699298395
Precision: 0.5952380952380952 for label 0 | 0.5 for label 1 | 0.5098039215686274 for label 2
Recall: 0.5319148936170213 for label 0 | 0.02702702702702703 for label 1 | 0.7222222222222222 for label 2
F1 micro: 0.5397489539748954
F1 macro: 0.40359365117210916
With contradiction_threshold = 0.7000000000000001 and entailment_threshold = 0.29168825699298395
Precision: 0.5952380952380952 for label 0 | 0.0 for label 1 | 0.5096774193548387 for label 2
Recall: 0.5319148936170213 for label 0 | 0.0 for label 1 | 0.7314814814814815 for label 2
F1 micro: 0.5397489539748954
F1 macro: 0.3875194030275843
With contradiction_threshold = 0.8 and entailment_threshold = 0.29168825699298395
Precision: 0.5952380952380952 for label 0 | 0.0 for label 1 | 0.5096774193548387 for label 2
Recall: 0.5319148936170213 for label 0 | 0.0 for label 1 | 0.7314814814814815 for label 2
F1 micro: 0.5397489539748954
F1 macro: 0.3875194030275843
With contradiction_threshold = 0.9 and entailment_threshold = 0.29168825699298395
Precision: 0.5952380952380952 for label 0 | 0.0 for label 1 | 0.5096774193548387 for label 2
Recall: 0.5319148936170213 for label 0 | 0.0 for label 1 | 0.7314814814814815 for label 2
F1 micro: 0.5397489539748954
F1 macro: 0.3875194030275843
With contradiction_threshold = 0.17862101347781945 and entailment_threshold = 0.1
Precision: 0.5029940119760479 for label 0 | 0.3793103448275862 for label 1 | 0.6744186046511628 for label 2
Recall: 0.8936170212765957 for label 0 | 0.2972972972972973 for label 1 | 0.26851851851851855 for label 2
F1 micro: 0.5188284518828452
F1 macro: 0.4537058181725914
With contradiction_threshold = 0.17862101347781945 and entailment_threshold = 0.2
Precision: 0.5478260869565217 for label 0 | 0.3488372093023256 for label 1 | 0.5925925925925926 for label 2
Recall: 0.6702127659574468 for label 0 | 0.40540540540540543 for label 1 | 0.4444444444444444 for label 2
F1 micro: 0.5271966527196653
F1 macro: 0.4952691071112123
With contradiction_threshold = 0.17862101347781945 and entailment_threshold = 0.30000000000000004
Precision: 0.6153846153846154 for label 0 | 0.3125 for label 1 | 0.5398230088495575 for label 2
Recall: 0.5106382978723404 for label 0 | 0.40540540540540543 for label 1 | 0.5648148148148148 for label 2
F1 micro: 0.5188284518828452
F1 macro: 0.4877056368164439
With contradiction_threshold = 0.17862101347781945 and entailment_threshold = 0.4
Precision: 0.5892857142857143 for label 0 | 0.3137254901960784 for label 1 | 0.48484848484848486 for label 2
Recall: 0.35106382978723405 for label 0 | 0.43243243243243246 for label 1 | 0.5925925925925926 for label 2
F1 micro: 0.47280334728033474
F1 macro: 0.44565656565656564
With contradiction_threshold = 0.17862101347781945 and entailment_threshold = 0.5
Precision: 0.55 for label 0 | 0.3076923076923077 for label 1 | 0.46938775510204084 for label 2
Recall: 0.23404255319148937 for label 0 | 0.43243243243243246 for label 1 | 0.6388888888888888 for label 2
F1 micro: 0.4476987447698745
F1 macro: 0.40969508044707065
With contradiction_threshold = 0.17862101347781945 and entailment_threshold = 0.6
Precision: 0.5454545454545454 for label 0 | 0.3018867924528302 for label 1 | 0.4634146341463415 for label 2
Recall: 0.1276595744680851 for label 0 | 0.43243243243243246 for label 1 | 0.7037037037037037 for label 2
F1 micro: 0.4351464435146444
F1 macro: 0.37375854556381943
With contradiction_threshold = 0.17862101347781945 and entailment_threshold = 0.7000000000000001
Precision: 0.36363636363636365 for label 0 | 0.2962962962962963 for label 1 | 0.4425287356321839 for label 2
Recall: 0.0425531914893617 for label 0 | 0.43243243243243246 for label 1 | 0.7129629629629629 for label 2
F1 micro: 0.40585774058577406
F1 macro: 0.3246460395396566
With contradiction_threshold = 0.17862101347781945 and entailment_threshold = 0.8
Precision: 0.5714285714285714 for label 0 | 0.2909090909090909 for label 1 | 0.4519774011299435 for label 2
Recall: 0.0425531914893617 for label 0 | 0.43243243243243246 for label 1 | 0.7407407407407407 for label 2
F1 micro: 0.4184100418410041
F1 macro: 0.32947917217351025
With contradiction_threshold = 0.17862101347781945 and entailment_threshold = 0.9
Precision: 0.5 for label 0 | 0.2909090909090909 for label 1 | 0.449438202247191 for label 2
Recall: 0.031914893617021274 for label 0 | 0.43243243243243246 for label 1 | 0.7407407407407407 for label 2
F1 micro: 0.41422594142259417
F1 macro: 0.3224222154656937
