With contradiction_threshold = 0.26665725256718265 and entailment_threshold = 0.34900130921056416 * COMPUTED THRESHOLDS
Precision: 0.2898550724637681 for label 0 | 0.4444444444444444 for label 1 | 0.9 for label 2
Recall: 0.9523809523809523 for label 0 | 0.4444444444444444 for label 1 | 0.2647058823529412 for label 2
F1 micro: 0.42990654205607476
F1 macro: 0.4326599326599327
With contradiction_threshold = 0.1 and entailment_threshold = 0.34900130921056416
Precision: 0.31746031746031744 for label 0 | 0.3793103448275862 for label 1 | 0.9333333333333333 for label 2
Recall: 0.9523809523809523 for label 0 | 0.6111111111111112 for label 1 | 0.20588235294117646 for label 2
F1 micro: 0.4205607476635514
F1 macro: 0.42720832672127207
With contradiction_threshold = 0.2 and entailment_threshold = 0.34900130921056416
Precision: 0.30303030303030304 for label 0 | 0.42857142857142855 for label 1 | 0.9 for label 2
Recall: 0.9523809523809523 for label 0 | 0.5 for label 1 | 0.2647058823529412 for label 2
F1 micro: 0.4392523364485981
F1 macro: 0.44346649519063314
With contradiction_threshold = 0.30000000000000004 and entailment_threshold = 0.34900130921056416
Precision: 0.28169014084507044 for label 0 | 0.4375 for label 1 | 0.9 for label 2
Recall: 0.9523809523809523 for label 0 | 0.3888888888888889 for label 1 | 0.2647058823529412 for label 2
F1 micro: 0.4205607476635514
F1 macro: 0.41854607455630477
With contradiction_threshold = 0.4 and entailment_threshold = 0.34900130921056416
Precision: 0.2777777777777778 for label 0 | 0.5833333333333334 for label 1 | 0.9130434782608695 for label 2
Recall: 0.9523809523809523 for label 0 | 0.3888888888888889 for label 1 | 0.3088235294117647 for label 2
F1 micro: 0.4485981308411215
F1 macro: 0.4527708850289495
With contradiction_threshold = 0.5 and entailment_threshold = 0.34900130921056416
Precision: 0.2702702702702703 for label 0 | 0.5 for label 1 | 0.84 for label 2
Recall: 0.9523809523809523 for label 0 | 0.2222222222222222 for label 1 | 0.3088235294117647 for label 2
F1 micro: 0.4205607476635514
F1 macro: 0.3934526141656871
With contradiction_threshold = 0.6 and entailment_threshold = 0.34900130921056416
Precision: 0.2631578947368421 for label 0 | 0.5 for label 1 | 0.8148148148148148 for label 2
Recall: 0.9523809523809523 for label 0 | 0.1111111111111111 for label 1 | 0.3235294117647059 for label 2
F1 micro: 0.411214953271028
F1 macro: 0.3524490701918808
With contradiction_threshold = 0.7000000000000001 and entailment_threshold = 0.34900130921056416
Precision: 0.2631578947368421 for label 0 | 0.5 for label 1 | 0.7931034482758621 for label 2
Recall: 0.9523809523809523 for label 0 | 0.05555555555555555 for label 1 | 0.3382352941176471 for label 2
F1 micro: 0.411214953271028
F1 macro: 0.3288659793814433
With contradiction_threshold = 0.8 and entailment_threshold = 0.34900130921056416
Precision: 0.2631578947368421 for label 0 | 1.0 for label 1 | 0.8 for label 2
Recall: 0.9523809523809523 for label 0 | 0.05555555555555555 for label 1 | 0.35294117647058826 for label 2
F1 micro: 0.4205607476635514
F1 macro: 0.33581007009423414
With contradiction_threshold = 0.9 and entailment_threshold = 0.34900130921056416
Precision: 0.2631578947368421 for label 0 | 0.0 for label 1 | 0.7741935483870968 for label 2
Recall: 0.9523809523809523 for label 0 | 0.0 for label 1 | 0.35294117647058826 for label 2
F1 micro: 0.411214953271028
F1 macro: 0.2990732062897012
With contradiction_threshold = 0.26665725256718265 and entailment_threshold = 0.1
Precision: 0.22826086956521738 for label 0 | 0.625 for label 1 | 1.0 for label 2
Recall: 1.0 for label 0 | 0.2777777777777778 for label 1 | 0.10294117647058823 for label 2
F1 micro: 0.308411214953271
F1 macro: 0.3143211557370849
With contradiction_threshold = 0.26665725256718265 and entailment_threshold = 0.2
Precision: 0.2597402597402597 for label 0 | 0.5 for label 1 | 0.9375 for label 2
Recall: 0.9523809523809523 for label 0 | 0.3888888888888889 for label 1 | 0.22058823529411764 for label 2
F1 micro: 0.39252336448598124
F1 macro: 0.4009353741496599
With contradiction_threshold = 0.26665725256718265 and entailment_threshold = 0.30000000000000004
Precision: 0.2777777777777778 for label 0 | 0.4375 for label 1 | 0.9473684210526315 for label 2
Recall: 0.9523809523809523 for label 0 | 0.3888888888888889 for label 1 | 0.2647058823529412 for label 2
F1 micro: 0.4205607476635514
F1 macro: 0.41855511207078305
With contradiction_threshold = 0.26665725256718265 and entailment_threshold = 0.4
Precision: 0.3076923076923077 for label 0 | 0.42857142857142855 for label 1 | 0.9047619047619048 for label 2
Recall: 0.9523809523809523 for label 0 | 0.5 for label 1 | 0.27941176470588236 for label 2
F1 micro: 0.4485981308411215
F1 macro: 0.4512070109143535
With contradiction_threshold = 0.26665725256718265 and entailment_threshold = 0.5
Precision: 0.3448275862068966 for label 0 | 0.43478260869565216 for label 1 | 0.9230769230769231 for label 2
Recall: 0.9523809523809523 for label 0 | 0.5555555555555556 for label 1 | 0.35294117647058826 for label 2
F1 micro: 0.5046728971962616
F1 macro: 0.5015907632817239
With contradiction_threshold = 0.26665725256718265 and entailment_threshold = 0.6
Precision: 0.3829787234042553 for label 0 | 0.4583333333333333 for label 1 | 0.8611111111111112 for label 2
Recall: 0.8571428571428571 for label 0 | 0.6111111111111112 for label 1 | 0.45588235294117646 for label 2
F1 micro: 0.5607476635514018
F1 macro: 0.5497917115564174
With contradiction_threshold = 0.26665725256718265 and entailment_threshold = 0.7000000000000001
Precision: 0.38235294117647056 for label 0 | 0.4230769230769231 for label 1 | 0.8085106382978723 for label 2
Recall: 0.6190476190476191 for label 0 | 0.6111111111111112 for label 1 | 0.5588235294117647 for label 2
F1 micro: 0.5794392523364486
F1 macro: 0.544532279314888
With contradiction_threshold = 0.26665725256718265 and entailment_threshold = 0.8
Precision: 0.47619047619047616 for label 0 | 0.4230769230769231 for label 1 | 0.7833333333333333 for label 2
Recall: 0.47619047619047616 for label 0 | 0.6111111111111112 for label 1 | 0.6911764705882353 for label 2
F1 micro: 0.6355140186915887
F1 macro: 0.570188492063492
With contradiction_threshold = 0.26665725256718265 and entailment_threshold = 0.9
Precision: 0.42857142857142855 for label 0 | 0.4230769230769231 for label 1 | 0.746268656716418 for label 2
Recall: 0.2857142857142857 for label 0 | 0.6111111111111112 for label 1 | 0.7352941176470589 for label 2
F1 micro: 0.6261682242990654
F1 macro: 0.5278659611992945
