With contradiction_threshold = 0.33766185282076133 and entailment_threshold = 0.31456436147391287 * COMPUTED THRESHOLDS
Precision: 0.24390243902439024 for label 0 | 0.4444444444444444 for label 1 | 0.875 for label 2
Recall: 0.9523809523809523 for label 0 | 0.2222222222222222 for label 1 | 0.20588235294117646 for label 2
F1 micro: 0.35514018691588783
F1 macro: 0.3393263813975788
With contradiction_threshold = 0.1 and entailment_threshold = 0.31456436147391287
Precision: 0.28169014084507044 for label 0 | 0.34615384615384615 for label 1 | 0.9 for label 2
Recall: 0.9523809523809523 for label 0 | 0.5 for label 1 | 0.1323529411764706 for label 2
F1 micro: 0.35514018691588783
F1 macro: 0.35821424951859737
With contradiction_threshold = 0.2 and entailment_threshold = 0.31456436147391287
Precision: 0.25316455696202533 for label 0 | 0.35714285714285715 for label 1 | 0.9285714285714286 for label 2
Recall: 0.9523809523809523 for label 0 | 0.2777777777777778 for label 1 | 0.19117647058823528 for label 2
F1 micro: 0.35514018691588783
F1 macro: 0.34319105691056917
With contradiction_threshold = 0.30000000000000004 and entailment_threshold = 0.31456436147391287
Precision: 0.24691358024691357 for label 0 | 0.4 for label 1 | 0.875 for label 2
Recall: 0.9523809523809523 for label 0 | 0.2222222222222222 for label 1 | 0.20588235294117646 for label 2
F1 micro: 0.35514018691588783
F1 macro: 0.33706816059757233
With contradiction_threshold = 0.4 and entailment_threshold = 0.31456436147391287
Precision: 0.24390243902439024 for label 0 | 0.5 for label 1 | 0.8823529411764706 for label 2
Recall: 0.9523809523809523 for label 0 | 0.2222222222222222 for label 1 | 0.22058823529411764 for label 2
F1 micro: 0.36448598130841114
F1 macro: 0.3496609995753342
With contradiction_threshold = 0.5 and entailment_threshold = 0.31456436147391287
Precision: 0.23529411764705882 for label 0 | 0.75 for label 1 | 0.8888888888888888 for label 2
Recall: 0.9523809523809523 for label 0 | 0.16666666666666666 for label 1 | 0.23529411764705882 for label 2
F1 micro: 0.36448598130841114
F1 macro: 0.3407262621830414
With contradiction_threshold = 0.6 and entailment_threshold = 0.31456436147391287
Precision: 0.23255813953488372 for label 0 | 1.0 for label 1 | 0.8947368421052632 for label 2
Recall: 0.9523809523809523 for label 0 | 0.1111111111111111 for label 1 | 0.25 for label 2
F1 micro: 0.36448598130841114
F1 macro: 0.32154545780069466
With contradiction_threshold = 0.7000000000000001 and entailment_threshold = 0.31456436147391287
Precision: 0.23255813953488372 for label 0 | 0.0 for label 1 | 0.8095238095238095 for label 2
Recall: 0.9523809523809523 for label 0 | 0.0 for label 1 | 0.25 for label 2
F1 micro: 0.34579439252336447
F1 macro: 0.25195141587034897
With contradiction_threshold = 0.8 and entailment_threshold = 0.31456436147391287
Precision: 0.23255813953488372 for label 0 | 0.0 for label 1 | 0.8095238095238095 for label 2
Recall: 0.9523809523809523 for label 0 | 0.0 for label 1 | 0.25 for label 2
F1 micro: 0.34579439252336447
F1 macro: 0.25195141587034897
With contradiction_threshold = 0.9 and entailment_threshold = 0.31456436147391287
Precision: 0.23255813953488372 for label 0 | 0.0 for label 1 | 0.8095238095238095 for label 2
Recall: 0.9523809523809523 for label 0 | 0.0 for label 1 | 0.25 for label 2
F1 micro: 0.34579439252336447
F1 macro: 0.25195141587034897
With contradiction_threshold = 0.33766185282076133 and entailment_threshold = 0.1
Precision: 0.20588235294117646 for label 0 | 0.75 for label 1 | 1.0 for label 2
Recall: 1.0 for label 0 | 0.16666666666666666 for label 1 | 0.014705882352941176 for label 2
F1 micro: 0.23364485981308414
F1 macro: 0.21439206486926532
With contradiction_threshold = 0.33766185282076133 and entailment_threshold = 0.2
Precision: 0.21052631578947367 for label 0 | 0.6666666666666666 for label 1 | 0.8333333333333334 for label 2
Recall: 0.9523809523809523 for label 0 | 0.2222222222222222 for label 1 | 0.07352941176470588 for label 2
F1 micro: 0.27102803738317754
F1 macro: 0.2710986848917883
With contradiction_threshold = 0.33766185282076133 and entailment_threshold = 0.30000000000000004
Precision: 0.24390243902439024 for label 0 | 0.4444444444444444 for label 1 | 0.875 for label 2
Recall: 0.9523809523809523 for label 0 | 0.2222222222222222 for label 1 | 0.20588235294117646 for label 2
F1 micro: 0.35514018691588783
F1 macro: 0.3393263813975788
With contradiction_threshold = 0.33766185282076133 and entailment_threshold = 0.4
Precision: 0.25 for label 0 | 0.4 for label 1 | 0.8 for label 2
Recall: 0.8571428571428571 for label 0 | 0.2222222222222222 for label 1 | 0.29411764705882354 for label 2
F1 micro: 0.39252336448598124
F1 macro: 0.3676395289298515
With contradiction_threshold = 0.33766185282076133 and entailment_threshold = 0.5
Precision: 0.26229508196721313 for label 0 | 0.45454545454545453 for label 1 | 0.7142857142857143 for label 2
Recall: 0.7619047619047619 for label 0 | 0.2777777777777778 for label 1 | 0.36764705882352944 for label 2
F1 micro: 0.42990654205607476
F1 macro: 0.4068361272832681
With contradiction_threshold = 0.33766185282076133 and entailment_threshold = 0.6
Precision: 0.275 for label 0 | 0.4166666666666667 for label 1 | 0.6909090909090909 for label 2
Recall: 0.5238095238095238 for label 0 | 0.2777777777777778 for label 1 | 0.5588235294117647 for label 2
F1 micro: 0.5046728971962616
F1 macro: 0.43729174996668
With contradiction_threshold = 0.33766185282076133 and entailment_threshold = 0.7000000000000001
Precision: 0.35 for label 0 | 0.4166666666666667 for label 1 | 0.7066666666666667 for label 2
Recall: 0.3333333333333333 for label 0 | 0.2777777777777778 for label 1 | 0.7794117647058824 for label 2
F1 micro: 0.6074766355140186
F1 macro: 0.47201849640874033
With contradiction_threshold = 0.33766185282076133 and entailment_threshold = 0.8
Precision: 0.42857142857142855 for label 0 | 0.4166666666666667 for label 1 | 0.7160493827160493 for label 2
Recall: 0.2857142857142857 for label 0 | 0.2777777777777778 for label 1 | 0.8529411764705882 for label 2
F1 micro: 0.6448598130841121
F1 macro: 0.48490465537445404
With contradiction_threshold = 0.33766185282076133 and entailment_threshold = 0.9
Precision: 0.3333333333333333 for label 0 | 0.4166666666666667 for label 1 | 0.6741573033707865 for label 2
Recall: 0.09523809523809523 for label 0 | 0.2777777777777778 for label 1 | 0.8823529411764706 for label 2
F1 micro: 0.6261682242990654
F1 macro: 0.4152708972241881
