With contradiction_threshold = 0.2374765480982841 and entailment_threshold = 0.3358541835266635 * COMPUTED THRESHOLDS
Precision: 0.2597402597402597 for label 0 | 0.4 for label 1 | 0.9333333333333333 for label 2
Recall: 0.9523809523809523 for label 0 | 0.3333333333333333 for label 1 | 0.20588235294117646 for label 2
F1 micro: 0.37383177570093457
F1 macro: 0.3697163421776158
With contradiction_threshold = 0.1 and entailment_threshold = 0.3358541835266635
Precision: 0.29411764705882354 for label 0 | 0.3103448275862069 for label 1 | 0.9 for label 2
Recall: 0.9523809523809523 for label 0 | 0.5 for label 1 | 0.1323529411764706 for label 2
F1 micro: 0.35514018691588783
F1 macro: 0.3543953854735591
With contradiction_threshold = 0.2 and entailment_threshold = 0.3358541835266635
Precision: 0.26666666666666666 for label 0 | 0.3888888888888889 for label 1 | 0.9285714285714286 for label 2
Recall: 0.9523809523809523 for label 0 | 0.3888888888888889 for label 1 | 0.19117647058823528 for label 2
F1 micro: 0.37383177570093457
F1 macro: 0.37420957542908767
With contradiction_threshold = 0.30000000000000004 and entailment_threshold = 0.3358541835266635
Precision: 0.2564102564102564 for label 0 | 0.46153846153846156 for label 1 | 0.9375 for label 2
Recall: 0.9523809523809523 for label 0 | 0.3333333333333333 for label 1 | 0.22058823529411764 for label 2
F1 micro: 0.383177570093458
F1 macro: 0.38276001179226987
With contradiction_threshold = 0.4 and entailment_threshold = 0.3358541835266635
Precision: 0.25 for label 0 | 0.6 for label 1 | 0.9411764705882353 for label 2
Recall: 0.9523809523809523 for label 0 | 0.3333333333333333 for label 1 | 0.23529411764705882 for label 2
F1 micro: 0.39252336448598124
F1 macro: 0.4003605402557062
With contradiction_threshold = 0.5 and entailment_threshold = 0.3358541835266635
Precision: 0.24096385542168675 for label 0 | 0.6666666666666666 for label 1 | 0.8888888888888888 for label 2
Recall: 0.9523809523809523 for label 0 | 0.2222222222222222 for label 1 | 0.23529411764705882 for label 2
F1 micro: 0.37383177570093457
F1 macro: 0.3633472470681773
With contradiction_threshold = 0.6 and entailment_threshold = 0.3358541835266635
Precision: 0.24096385542168675 for label 0 | 1.0 for label 1 | 0.8181818181818182 for label 2
Recall: 0.9523809523809523 for label 0 | 0.1111111111111111 for label 1 | 0.2647058823529412 for label 2
F1 micro: 0.37383177570093457
F1 macro: 0.32820512820512815
With contradiction_threshold = 0.7000000000000001 and entailment_threshold = 0.3358541835266635
Precision: 0.24096385542168675 for label 0 | 0.0 for label 1 | 0.75 for label 2
Recall: 0.9523809523809523 for label 0 | 0.0 for label 1 | 0.2647058823529412 for label 2
F1 micro: 0.35514018691588783
F1 macro: 0.25863991081382387
With contradiction_threshold = 0.8 and entailment_threshold = 0.3358541835266635
Precision: 0.24096385542168675 for label 0 | 0.0 for label 1 | 0.75 for label 2
Recall: 0.9523809523809523 for label 0 | 0.0 for label 1 | 0.2647058823529412 for label 2
F1 micro: 0.35514018691588783
F1 macro: 0.25863991081382387
With contradiction_threshold = 0.9 and entailment_threshold = 0.3358541835266635
Precision: 0.24096385542168675 for label 0 | 0.0 for label 1 | 0.75 for label 2
Recall: 0.9523809523809523 for label 0 | 0.0 for label 1 | 0.2647058823529412 for label 2
F1 micro: 0.35514018691588783
F1 macro: 0.25863991081382387
With contradiction_threshold = 0.2374765480982841 and entailment_threshold = 0.1
Precision: 0.21212121212121213 for label 0 | 0.7142857142857143 for label 1 | 1.0 for label 2
Recall: 1.0 for label 0 | 0.2777777777777778 for label 1 | 0.014705882352941176 for label 2
F1 micro: 0.2523364485981308
F1 macro: 0.25966183574879226
With contradiction_threshold = 0.2374765480982841 and entailment_threshold = 0.2
Precision: 0.2247191011235955 for label 0 | 0.5 for label 1 | 0.8333333333333334 for label 2
Recall: 0.9523809523809523 for label 0 | 0.3333333333333333 for label 1 | 0.07352941176470588 for label 2
F1 micro: 0.2897196261682243
F1 macro: 0.2995904995904996
With contradiction_threshold = 0.2374765480982841 and entailment_threshold = 0.30000000000000004
Precision: 0.25316455696202533 for label 0 | 0.42857142857142855 for label 1 | 0.9285714285714286 for label 2
Recall: 0.9523809523809523 for label 0 | 0.3333333333333333 for label 1 | 0.19117647058823528 for label 2
F1 micro: 0.36448598130841114
F1 macro: 0.36402439024390243
With contradiction_threshold = 0.2374765480982841 and entailment_threshold = 0.4
Precision: 0.26865671641791045 for label 0 | 0.42105263157894735 for label 1 | 0.8571428571428571 for label 2
Recall: 0.8571428571428571 for label 0 | 0.4444444444444444 for label 1 | 0.2647058823529412 for label 2
F1 micro: 0.411214953271028
F1 macro: 0.4153392411819378
With contradiction_threshold = 0.2374765480982841 and entailment_threshold = 0.5
Precision: 0.2807017543859649 for label 0 | 0.391304347826087 for label 1 | 0.7407407407407407 for label 2
Recall: 0.7619047619047619 for label 0 | 0.5 for label 1 | 0.29411764705882354 for label 2
F1 micro: 0.4205607476635514
F1 macro: 0.4234444773597534
With contradiction_threshold = 0.2374765480982841 and entailment_threshold = 0.6
Precision: 0.28205128205128205 for label 0 | 0.375 for label 1 | 0.7045454545454546 for label 2
Recall: 0.5238095238095238 for label 0 | 0.5 for label 1 | 0.45588235294117646 for label 2
F1 micro: 0.4766355140186916
F1 macro: 0.4496031746031746
With contradiction_threshold = 0.2374765480982841 and entailment_threshold = 0.7000000000000001
Precision: 0.35 for label 0 | 0.36 for label 1 | 0.7096774193548387 for label 2
Recall: 0.3333333333333333 for label 0 | 0.5 for label 1 | 0.6470588235294118 for label 2
F1 micro: 0.5607476635514018
F1 macro: 0.478997047573338
With contradiction_threshold = 0.2374765480982841 and entailment_threshold = 0.8
Precision: 0.42857142857142855 for label 0 | 0.36 for label 1 | 0.7205882352941176 for label 2
Recall: 0.2857142857142857 for label 0 | 0.5 for label 1 | 0.7205882352941176 for label 2
F1 micro: 0.5981308411214953
F1 macro: 0.4940166764380171
With contradiction_threshold = 0.2374765480982841 and entailment_threshold = 0.9
Precision: 0.5 for label 0 | 0.36 for label 1 | 0.6538461538461539 for label 2
Recall: 0.09523809523809523 for label 0 | 0.5 for label 1 | 0.75 for label 2
F1 micro: 0.5794392523364486
F1 macro: 0.4257449293830307
