With contradiction_threshold = 0.1139116442484891 and entailment_threshold = 0.35857256002541504 * COMPUTED THRESHOLDS
Precision: 0.5045871559633027 for label 0 | 0.23529411764705882 for label 1 | 0.532258064516129 for label 2
Recall: 0.5851063829787234 for label 0 | 0.43243243243243246 for label 1 | 0.3055555555555556 for label 2
F1 micro: 0.4351464435146444
F1 macro: 0.41162304002060596
With contradiction_threshold = 0.1 and entailment_threshold = 0.35857256002541504
Precision: 0.4953271028037383 for label 0 | 0.21794871794871795 for label 1 | 0.5555555555555556 for label 2
Recall: 0.5638297872340425 for label 0 | 0.4594594594594595 for label 1 | 0.2777777777777778 for label 2
F1 micro: 0.4184100418410041
F1 macro: 0.3977952427876719
With contradiction_threshold = 0.2 and entailment_threshold = 0.35857256002541504
Precision: 0.4915254237288136 for label 0 | 0.22727272727272727 for label 1 | 0.5454545454545454 for label 2
Recall: 0.6170212765957447 for label 0 | 0.2702702702702703 for label 1 | 0.3888888888888889 for label 2
F1 micro: 0.4602510460251046
F1 macro: 0.41604581520724077
With contradiction_threshold = 0.30000000000000004 and entailment_threshold = 0.35857256002541504
Precision: 0.4715447154471545 for label 0 | 0.28 for label 1 | 0.5714285714285714 for label 2
Recall: 0.6170212765957447 for label 0 | 0.1891891891891892 for label 1 | 0.48148148148148145 for label 2
F1 micro: 0.4895397489539749
F1 macro: 0.4276605763070344
With contradiction_threshold = 0.4 and entailment_threshold = 0.35857256002541504
Precision: 0.46825396825396826 for label 0 | 0.3333333333333333 for label 1 | 0.5473684210526316 for label 2
Recall: 0.6276595744680851 for label 0 | 0.16216216216216217 for label 1 | 0.48148148148148145 for label 2
F1 micro: 0.4895397489539749
F1 macro: 0.42228690849380507
With contradiction_threshold = 0.5 and entailment_threshold = 0.35857256002541504
Precision: 0.46825396825396826 for label 0 | 0.3125 for label 1 | 0.5463917525773195 for label 2
Recall: 0.6276595744680851 for label 0 | 0.13513513513513514 for label 1 | 0.49074074074074076 for label 2
F1 micro: 0.4895397489539749
F1 macro: 0.41403868412612077
With contradiction_threshold = 0.6 and entailment_threshold = 0.35857256002541504
Precision: 0.4645669291338583 for label 0 | 0.2 for label 1 | 0.514018691588785 for label 2
Recall: 0.6276595744680851 for label 0 | 0.02702702702702703 for label 1 | 0.5092592592592593 for label 2
F1 micro: 0.4811715481171548
F1 macro: 0.3643945353931674
With contradiction_threshold = 0.7000000000000001 and entailment_threshold = 0.35857256002541504
Precision: 0.4645669291338583 for label 0 | 0.0 for label 1 | 0.5178571428571429 for label 2
Recall: 0.6276595744680851 for label 0 | 0.0 for label 1 | 0.5370370370370371 for label 2
F1 micro: 0.4895397489539749
F1 macro: 0.35373645961881256
With contradiction_threshold = 0.8 and entailment_threshold = 0.35857256002541504
Precision: 0.4645669291338583 for label 0 | 0.0 for label 1 | 0.5178571428571429 for label 2
Recall: 0.6276595744680851 for label 0 | 0.0 for label 1 | 0.5370370370370371 for label 2
F1 micro: 0.4895397489539749
F1 macro: 0.35373645961881256
With contradiction_threshold = 0.9 and entailment_threshold = 0.35857256002541504
Precision: 0.4645669291338583 for label 0 | 0.0 for label 1 | 0.5178571428571429 for label 2
Recall: 0.6276595744680851 for label 0 | 0.0 for label 1 | 0.5370370370370371 for label 2
F1 micro: 0.4895397489539749
F1 macro: 0.35373645961881256
With contradiction_threshold = 0.1139116442484891 and entailment_threshold = 0.1
Precision: 0.4426229508196721 for label 0 | 0.23076923076923078 for label 1 | 0.5294117647058824 for label 2
Recall: 0.8617021276595744 for label 0 | 0.24324324324324326 for label 1 | 0.08333333333333333 for label 2
F1 micro: 0.41422594142259417
F1 macro: 0.3218932167965039
With contradiction_threshold = 0.1139116442484891 and entailment_threshold = 0.2
Precision: 0.46875 for label 0 | 0.20408163265306123 for label 1 | 0.5333333333333333 for label 2
Recall: 0.7978723404255319 for label 0 | 0.2702702702702703 for label 1 | 0.14814814814814814 for label 2
F1 micro: 0.4225941422594142
F1 macro: 0.35166445953608677
With contradiction_threshold = 0.1139116442484891 and entailment_threshold = 0.30000000000000004
Precision: 0.48872180451127817 for label 0 | 0.20967741935483872 for label 1 | 0.5454545454545454 for label 2
Recall: 0.6914893617021277 for label 0 | 0.35135135135135137 for label 1 | 0.2222222222222222 for label 2
F1 micro: 0.42677824267782427
F1 macro: 0.3837009869933589
With contradiction_threshold = 0.1139116442484891 and entailment_threshold = 0.4
Precision: 0.504950495049505 for label 0 | 0.2222222222222222 for label 1 | 0.5303030303030303 for label 2
Recall: 0.5425531914893617 for label 0 | 0.43243243243243246 for label 1 | 0.32407407407407407 for label 2
F1 micro: 0.42677824267782427
F1 macro: 0.4063179184343373
With contradiction_threshold = 0.1139116442484891 and entailment_threshold = 0.5
Precision: 0.5584415584415584 for label 0 | 0.22077922077922077 for label 1 | 0.5647058823529412 for label 2
Recall: 0.4574468085106383 for label 0 | 0.4594594594594595 for label 1 | 0.4444444444444444 for label 2
F1 micro: 0.45188284518828453
F1 macro: 0.43285963902271507
With contradiction_threshold = 0.1139116442484891 and entailment_threshold = 0.6
Precision: 0.5660377358490566 for label 0 | 0.2 for label 1 | 0.5148514851485149 for label 2
Recall: 0.3191489361702128 for label 0 | 0.4594594594594595 for label 1 | 0.48148148148148145 for label 2
F1 micro: 0.41422594142259417
F1 macro: 0.39481981513289294
With contradiction_threshold = 0.1139116442484891 and entailment_threshold = 0.7000000000000001
Precision: 0.625 for label 0 | 0.2 for label 1 | 0.488 for label 2
Recall: 0.1595744680851064 for label 0 | 0.4864864864864865 for label 1 | 0.5648148148148148 for label 2
F1 micro: 0.39330543933054396
F1 macro: 0.35376900175977305
With contradiction_threshold = 0.1139116442484891 and entailment_threshold = 0.8
Precision: 0.5714285714285714 for label 0 | 0.1978021978021978 for label 1 | 0.48031496062992124 for label 2
Recall: 0.1276595744680851 for label 0 | 0.4864864864864865 for label 1 | 0.5648148148148148 for label 2
F1 micro: 0.3807531380753138
F1 macro: 0.3363648627813753
With contradiction_threshold = 0.1139116442484891 and entailment_threshold = 0.9
Precision: 0.5 for label 0 | 0.1978021978021978 for label 1 | 0.4714285714285714 for label 2
Recall: 0.0425531914893617 for label 0 | 0.4864864864864865 for label 1 | 0.6111111111111112 for label 2
F1 micro: 0.36820083682008364
F1 macro: 0.29731314568838285
