With contradiction_threshold = 0.17028704351323798 and entailment_threshold = 0.17234665093055268 * COMPUTED THRESHOLDS
Precision: 0.453125 for label 0 | 0.26666666666666666 for label 1 | 0.65625 for label 2
Recall: 0.925531914893617 for label 0 | 0.10810810810810811 for label 1 | 0.19444444444444445 for label 2
F1 micro: 0.4686192468619247
F1 macro: 0.3540792540792541
With contradiction_threshold = 0.1 and entailment_threshold = 0.17234665093055268
Precision: 0.45901639344262296 for label 0 | 0.21875 for label 1 | 0.625 for label 2
Recall: 0.8936170212765957 for label 0 | 0.1891891891891892 for label 1 | 0.1388888888888889 for label 2
F1 micro: 0.4435146443514644
F1 macro: 0.3455564909810711
With contradiction_threshold = 0.2 and entailment_threshold = 0.17234665093055268
Precision: 0.4371859296482412 for label 0 | 0.16666666666666666 for label 1 | 0.6470588235294118 for label 2
Recall: 0.925531914893617 for label 0 | 0.02702702702702703 for label 1 | 0.2037037037037037 for label 2
F1 micro: 0.4602510460251046
F1 macro: 0.31674247937555217
With contradiction_threshold = 0.30000000000000004 and entailment_threshold = 0.17234665093055268
Precision: 0.435 for label 0 | 0.0 for label 1 | 0.6578947368421053 for label 2
Recall: 0.925531914893617 for label 0 | 0.0 for label 1 | 0.23148148148148148 for label 2
F1 micro: 0.4686192468619247
F1 macro: 0.31143416270617835
With contradiction_threshold = 0.4 and entailment_threshold = 0.17234665093055268
Precision: 0.435 for label 0 | 0.0 for label 1 | 0.6410256410256411 for label 2
Recall: 0.925531914893617 for label 0 | 0.0 for label 1 | 0.23148148148148148 for label 2
F1 micro: 0.4686192468619247
F1 macro: 0.3106575963718821
With contradiction_threshold = 0.5 and entailment_threshold = 0.17234665093055268
Precision: 0.435 for label 0 | 0.0 for label 1 | 0.6410256410256411 for label 2
Recall: 0.925531914893617 for label 0 | 0.0 for label 1 | 0.23148148148148148 for label 2
F1 micro: 0.4686192468619247
F1 macro: 0.3106575963718821
With contradiction_threshold = 0.6 and entailment_threshold = 0.17234665093055268
Precision: 0.435 for label 0 | 0.0 for label 1 | 0.6410256410256411 for label 2
Recall: 0.925531914893617 for label 0 | 0.0 for label 1 | 0.23148148148148148 for label 2
F1 micro: 0.4686192468619247
F1 macro: 0.3106575963718821
With contradiction_threshold = 0.7000000000000001 and entailment_threshold = 0.17234665093055268
Precision: 0.435 for label 0 | 0.0 for label 1 | 0.6410256410256411 for label 2
Recall: 0.925531914893617 for label 0 | 0.0 for label 1 | 0.23148148148148148 for label 2
F1 micro: 0.4686192468619247
F1 macro: 0.3106575963718821
With contradiction_threshold = 0.8 and entailment_threshold = 0.17234665093055268
Precision: 0.435 for label 0 | 0.0 for label 1 | 0.6410256410256411 for label 2
Recall: 0.925531914893617 for label 0 | 0.0 for label 1 | 0.23148148148148148 for label 2
F1 micro: 0.4686192468619247
F1 macro: 0.3106575963718821
With contradiction_threshold = 0.9 and entailment_threshold = 0.17234665093055268
Precision: 0.435 for label 0 | 0.0 for label 1 | 0.6410256410256411 for label 2
Recall: 0.925531914893617 for label 0 | 0.0 for label 1 | 0.23148148148148148 for label 2
F1 micro: 0.4686192468619247
F1 macro: 0.3106575963718821
With contradiction_threshold = 0.17028704351323798 and entailment_threshold = 0.1
Precision: 0.41333333333333333 for label 0 | 0.2 for label 1 | 0.7777777777777778 for label 2
Recall: 0.9893617021276596 for label 0 | 0.02702702702702703 for label 1 | 0.06481481481481481 for label 2
F1 micro: 0.4225941422594142
F1 macro: 0.25011642253021565
With contradiction_threshold = 0.17028704351323798 and entailment_threshold = 0.2
Precision: 0.4594594594594595 for label 0 | 0.29411764705882354 for label 1 | 0.6756756756756757 for label 2
Recall: 0.9042553191489362 for label 0 | 0.13513513513513514 for label 1 | 0.23148148148148148 for label 2
F1 micro: 0.4811715481171548
F1 macro: 0.37977725593595074
With contradiction_threshold = 0.17028704351323798 and entailment_threshold = 0.30000000000000004
Precision: 0.48360655737704916 for label 0 | 0.25925925925925924 for label 1 | 0.5666666666666667 for label 2
Recall: 0.6276595744680851 for label 0 | 0.1891891891891892 for label 1 | 0.4722222222222222 for label 2
F1 micro: 0.4895397489539749
F1 macro: 0.42673260381593714
With contradiction_threshold = 0.17028704351323798 and entailment_threshold = 0.4
Precision: 0.5263157894736842 for label 0 | 0.25 for label 1 | 0.4888888888888889 for label 2
Recall: 0.425531914893617 for label 0 | 0.1891891891891892 for label 1 | 0.6111111111111112 for label 2
F1 micro: 0.47280334728033474
F1 macro: 0.4097275757406476
With contradiction_threshold = 0.17028704351323798 and entailment_threshold = 0.5
Precision: 0.5609756097560976 for label 0 | 0.23333333333333334 for label 1 | 0.4523809523809524 for label 2
Recall: 0.24468085106382978 for label 0 | 0.1891891891891892 for label 1 | 0.7037037037037037 for label 2
F1 micro: 0.4435146443514644
F1 macro: 0.36680686743416574
With contradiction_threshold = 0.17028704351323798 and entailment_threshold = 0.6
Precision: 0.4375 for label 0 | 0.23333333333333334 for label 1 | 0.43005181347150256 for label 2
Recall: 0.07446808510638298 for label 0 | 0.1891891891891892 for label 1 | 0.7685185185185185 for label 2
F1 micro: 0.40585774058577406
F1 macro: 0.29590765592154
With contradiction_threshold = 0.17028704351323798 and entailment_threshold = 0.7000000000000001
Precision: 0.42857142857142855 for label 0 | 0.22580645161290322 for label 1 | 0.43283582089552236 for label 2
Recall: 0.031914893617021274 for label 0 | 0.1891891891891892 for label 1 | 0.8055555555555556 for label 2
F1 micro: 0.40585774058577406
F1 macro: 0.27613169655058023
With contradiction_threshold = 0.17028704351323798 and entailment_threshold = 0.8
Precision: 1.0 for label 0 | 0.22580645161290322 for label 1 | 0.43478260869565216 for label 2
Recall: 0.010638297872340425 for label 0 | 0.1891891891891892 for label 1 | 0.8333333333333334 for label 2
F1 micro: 0.41004184100418406
F1 macro: 0.26612118531623175
With contradiction_threshold = 0.17028704351323798 and entailment_threshold = 0.9
Precision: 0.0 for label 0 | 0.22580645161290322 for label 1 | 0.4326923076923077 for label 2
Recall: 0.0 for label 0 | 0.1891891891891892 for label 1 | 0.8333333333333334 for label 2
F1 micro: 0.40585774058577406
F1 macro: 0.2585008687019112
