With contradiction_threshold = 0.1747111273333828 and entailment_threshold = 0.1747256485116968 * COMPUTED THRESHOLDS
Precision: 0.44559585492227977 for label 0 | 0.2857142857142857 for label 1 | 0.65625 for label 2
Recall: 0.9148936170212766 for label 0 | 0.10810810810810811 for label 1 | 0.19444444444444445 for label 2
F1 micro: 0.46443514644351463
F1 macro: 0.3520552936621803
With contradiction_threshold = 0.1 and entailment_threshold = 0.1747256485116968
Precision: 0.45161290322580644 for label 0 | 0.2413793103448276 for label 1 | 0.625 for label 2
Recall: 0.8936170212765957 for label 0 | 0.1891891891891892 for label 1 | 0.1388888888888889 for label 2
F1 micro: 0.4435146443514644
F1 macro: 0.34646464646464653
With contradiction_threshold = 0.2 and entailment_threshold = 0.1747256485116968
Precision: 0.44221105527638194 for label 0 | 0.2 for label 1 | 0.6571428571428571 for label 2
Recall: 0.9361702127659575 for label 0 | 0.02702702702702703 for label 1 | 0.21296296296296297 for label 2
F1 micro: 0.4686192468619247
F1 macro: 0.3233266543846749
With contradiction_threshold = 0.30000000000000004 and entailment_threshold = 0.1747256485116968
Precision: 0.44 for label 0 | 0.0 for label 1 | 0.6578947368421053 for label 2
Recall: 0.9361702127659575 for label 0 | 0.0 for label 1 | 0.23148148148148148 for label 2
F1 micro: 0.47280334728033474
F1 macro: 0.3137017364023235
With contradiction_threshold = 0.4 and entailment_threshold = 0.1747256485116968
Precision: 0.44 for label 0 | 0.0 for label 1 | 0.6410256410256411 for label 2
Recall: 0.9361702127659575 for label 0 | 0.0 for label 1 | 0.23148148148148148 for label 2
F1 micro: 0.47280334728033474
F1 macro: 0.3129251700680272
With contradiction_threshold = 0.5 and entailment_threshold = 0.1747256485116968
Precision: 0.44 for label 0 | 0.0 for label 1 | 0.6410256410256411 for label 2
Recall: 0.9361702127659575 for label 0 | 0.0 for label 1 | 0.23148148148148148 for label 2
F1 micro: 0.47280334728033474
F1 macro: 0.3129251700680272
With contradiction_threshold = 0.6 and entailment_threshold = 0.1747256485116968
Precision: 0.44 for label 0 | 0.0 for label 1 | 0.6410256410256411 for label 2
Recall: 0.9361702127659575 for label 0 | 0.0 for label 1 | 0.23148148148148148 for label 2
F1 micro: 0.47280334728033474
F1 macro: 0.3129251700680272
With contradiction_threshold = 0.7000000000000001 and entailment_threshold = 0.1747256485116968
Precision: 0.44 for label 0 | 0.0 for label 1 | 0.6410256410256411 for label 2
Recall: 0.9361702127659575 for label 0 | 0.0 for label 1 | 0.23148148148148148 for label 2
F1 micro: 0.47280334728033474
F1 macro: 0.3129251700680272
With contradiction_threshold = 0.8 and entailment_threshold = 0.1747256485116968
Precision: 0.44 for label 0 | 0.0 for label 1 | 0.6410256410256411 for label 2
Recall: 0.9361702127659575 for label 0 | 0.0 for label 1 | 0.23148148148148148 for label 2
F1 micro: 0.47280334728033474
F1 macro: 0.3129251700680272
With contradiction_threshold = 0.9 and entailment_threshold = 0.1747256485116968
Precision: 0.44 for label 0 | 0.0 for label 1 | 0.6410256410256411 for label 2
Recall: 0.9361702127659575 for label 0 | 0.0 for label 1 | 0.23148148148148148 for label 2
F1 micro: 0.47280334728033474
F1 macro: 0.3129251700680272
With contradiction_threshold = 0.1747111273333828 and entailment_threshold = 0.1
Precision: 0.41150442477876104 for label 0 | 0.25 for label 1 | 0.7777777777777778 for label 2
Recall: 0.9893617021276596 for label 0 | 0.02702702702702703 for label 1 | 0.06481481481481481 for label 2
F1 micro: 0.4225941422594142
F1 macro: 0.2498962024876659
With contradiction_threshold = 0.1747111273333828 and entailment_threshold = 0.2
Precision: 0.453551912568306 for label 0 | 0.26666666666666666 for label 1 | 0.6585365853658537 for label 2
Recall: 0.8829787234042553 for label 0 | 0.10810810810810811 for label 1 | 0.25 for label 2
F1 micro: 0.4769874476987448
F1 macro: 0.37184674652268485
With contradiction_threshold = 0.1747111273333828 and entailment_threshold = 0.30000000000000004
Precision: 0.4796747967479675 for label 0 | 0.2916666666666667 for label 1 | 0.5760869565217391 for label 2
Recall: 0.6276595744680851 for label 0 | 0.1891891891891892 for label 1 | 0.49074074074074076 for label 2
F1 micro: 0.497907949790795
F1 macro: 0.4344289995215432
With contradiction_threshold = 0.1747111273333828 and entailment_threshold = 0.4
Precision: 0.5205479452054794 for label 0 | 0.2692307692307692 for label 1 | 0.4928571428571429 for label 2
Recall: 0.40425531914893614 for label 0 | 0.1891891891891892 for label 1 | 0.6388888888888888 for label 2
F1 micro: 0.4769874476987448
F1 macro: 0.4112545518282431
With contradiction_threshold = 0.1747111273333828 and entailment_threshold = 0.5
Precision: 0.55 for label 0 | 0.27586206896551724 for label 1 | 0.4588235294117647 for label 2
Recall: 0.23404255319148937 for label 0 | 0.21621621621621623 for label 1 | 0.7222222222222222 for label 2
F1 micro: 0.45188284518828453
F1 macro: 0.37731117683871895
With contradiction_threshold = 0.1747111273333828 and entailment_threshold = 0.6
Precision: 0.4375 for label 0 | 0.27586206896551724 for label 1 | 0.4381443298969072 for label 2
Recall: 0.07446808510638298 for label 0 | 0.21621621621621623 for label 1 | 0.7870370370370371 for label 2
F1 micro: 0.4184100418410041
F1 macro: 0.310870292327246
With contradiction_threshold = 0.1747111273333828 and entailment_threshold = 0.7000000000000001
Precision: 0.5 for label 0 | 0.26666666666666666 for label 1 | 0.43842364532019706 for label 2
Recall: 0.031914893617021274 for label 0 | 0.21621621621621623 for label 1 | 0.8240740740740741 for label 2
F1 micro: 0.4184100418410041
F1 macro: 0.29038441234342754
With contradiction_threshold = 0.1747111273333828 and entailment_threshold = 0.8
Precision: 1.0 for label 0 | 0.26666666666666666 for label 1 | 0.4423076923076923 for label 2
Recall: 0.010638297872340425 for label 0 | 0.21621621621621623 for label 1 | 0.8518518518518519 for label 2
F1 micro: 0.4225941422594142
F1 macro: 0.2807123609136198
With contradiction_threshold = 0.1747111273333828 and entailment_threshold = 0.9
Precision: 0.0 for label 0 | 0.26666666666666666 for label 1 | 0.44019138755980863 for label 2
Recall: 0.0 for label 0 | 0.21621621621621623 for label 1 | 0.8518518518518519 for label 2
F1 micro: 0.4184100418410041
F1 macro: 0.27308253684260086
