With contradiction_threshold = 0.10302094405277717 and entailment_threshold = 0.2707187985045607 * COMPUTED THRESHOLDS
Precision: 0.4676258992805755 for label 0 | 0.20967741935483872 for label 1 | 0.5263157894736842 for label 2
Recall: 0.6914893617021277 for label 0 | 0.35135135135135137 for label 1 | 0.18518518518518517 for label 2
F1 micro: 0.41004184100418406
F1 macro: 0.3648462598430262
With contradiction_threshold = 0.1 and entailment_threshold = 0.2707187985045607
Precision: 0.4676258992805755 for label 0 | 0.20634920634920634 for label 1 | 0.5405405405405406 for label 2
Recall: 0.6914893617021277 for label 0 | 0.35135135135135137 for label 1 | 0.18518518518518517 for label 2
F1 micro: 0.41004184100418406
F1 macro: 0.36460066104286915
With contradiction_threshold = 0.2 and entailment_threshold = 0.2707187985045607
Precision: 0.4503311258278146 for label 0 | 0.23684210526315788 for label 1 | 0.52 for label 2
Recall: 0.723404255319149 for label 0 | 0.24324324324324326 for label 1 | 0.24074074074074073 for label 2
F1 micro: 0.4309623430962343
F1 macro: 0.3747386549556532
With contradiction_threshold = 0.30000000000000004 and entailment_threshold = 0.2707187985045607
Precision: 0.4423076923076923 for label 0 | 0.30434782608695654 for label 1 | 0.5666666666666667 for label 2
Recall: 0.7340425531914894 for label 0 | 0.1891891891891892 for label 1 | 0.3148148148148148 for label 2
F1 micro: 0.4602510460251046
F1 macro: 0.3966984126984127
With contradiction_threshold = 0.4 and entailment_threshold = 0.2707187985045607
Precision: 0.445859872611465 for label 0 | 0.3 for label 1 | 0.5483870967741935 for label 2
Recall: 0.7446808510638298 for label 0 | 0.16216216216216217 for label 1 | 0.3148148148148148 for label 2
F1 micro: 0.4602510460251046
F1 macro: 0.38943174669742087
With contradiction_threshold = 0.5 and entailment_threshold = 0.2707187985045607
Precision: 0.45 for label 0 | 0.3076923076923077 for label 1 | 0.5303030303030303 for label 2
Recall: 0.7659574468085106 for label 0 | 0.10810810810810811 for label 1 | 0.32407407407407407 for label 2
F1 micro: 0.46443514644351463
F1 macro: 0.37640932814432676
With contradiction_threshold = 0.6 and entailment_threshold = 0.2707187985045607
Precision: 0.4444444444444444 for label 0 | 0.3333333333333333 for label 1 | 0.5 for label 2
Recall: 0.7659574468085106 for label 0 | 0.02702702702702703 for label 1 | 0.3425925925925926 for label 2
F1 micro: 0.4602510460251046
F1 macro: 0.33969780219780227
With contradiction_threshold = 0.7000000000000001 and entailment_threshold = 0.2707187985045607
Precision: 0.4444444444444444 for label 0 | 0.0 for label 1 | 0.4935064935064935 for label 2
Recall: 0.7659574468085106 for label 0 | 0.0 for label 1 | 0.35185185185185186 for label 2
F1 micro: 0.4602510460251046
F1 macro: 0.3244369369369369
With contradiction_threshold = 0.8 and entailment_threshold = 0.2707187985045607
Precision: 0.4444444444444444 for label 0 | 0.0 for label 1 | 0.4935064935064935 for label 2
Recall: 0.7659574468085106 for label 0 | 0.0 for label 1 | 0.35185185185185186 for label 2
F1 micro: 0.4602510460251046
F1 macro: 0.3244369369369369
With contradiction_threshold = 0.9 and entailment_threshold = 0.2707187985045607
Precision: 0.4444444444444444 for label 0 | 0.0 for label 1 | 0.4935064935064935 for label 2
Recall: 0.7659574468085106 for label 0 | 0.0 for label 1 | 0.35185185185185186 for label 2
F1 micro: 0.4602510460251046
F1 macro: 0.3244369369369369
With contradiction_threshold = 0.10302094405277717 and entailment_threshold = 0.1
Precision: 0.4426229508196721 for label 0 | 0.23076923076923078 for label 1 | 0.5882352941176471 for label 2
Recall: 0.8617021276595744 for label 0 | 0.24324324324324326 for label 1 | 0.09259259259259259 for label 2
F1 micro: 0.4184100418410041
F1 macro: 0.3272265501298372
With contradiction_threshold = 0.10302094405277717 and entailment_threshold = 0.2
Precision: 0.46540880503144655 for label 0 | 0.19607843137254902 for label 1 | 0.5517241379310345 for label 2
Recall: 0.7872340425531915 for label 0 | 0.2702702702702703 for label 1 | 0.14814814814814814 for label 2
F1 micro: 0.4184100418410041
F1 macro: 0.34860986892088125
With contradiction_threshold = 0.10302094405277717 and entailment_threshold = 0.30000000000000004
Precision: 0.48120300751879697 for label 0 | 0.21875 for label 1 | 0.5714285714285714 for label 2
Recall: 0.6808510638297872 for label 0 | 0.3783783783783784 for label 1 | 0.2222222222222222 for label 2
F1 micro: 0.42677824267782427
F1 macro: 0.38703479158488535
With contradiction_threshold = 0.10302094405277717 and entailment_threshold = 0.4
Precision: 0.5 for label 0 | 0.225 for label 1 | 0.5737704918032787 for label 2
Recall: 0.5212765957446809 for label 0 | 0.4864864864864865 for label 1 | 0.32407407407407407 for label 2
F1 micro: 0.42677824267782427
F1 macro: 0.4107700525969757
With contradiction_threshold = 0.10302094405277717 and entailment_threshold = 0.5
Precision: 0.5540540540540541 for label 0 | 0.2111111111111111 for label 1 | 0.5866666666666667 for label 2
Recall: 0.43617021276595747 for label 0 | 0.5135135135135135 for label 1 | 0.4074074074074074 for label 2
F1 micro: 0.4351464435146444
F1 macro: 0.4227273844867752
With contradiction_threshold = 0.10302094405277717 and entailment_threshold = 0.6
Precision: 0.56 for label 0 | 0.19801980198019803 for label 1 | 0.5340909090909091 for label 2
Recall: 0.2978723404255319 for label 0 | 0.5405405405405406 for label 1 | 0.4351851851851852 for label 2
F1 micro: 0.39748953974895396
F1 macro: 0.3861119326957836
With contradiction_threshold = 0.10302094405277717 and entailment_threshold = 0.7000000000000001
Precision: 0.5652173913043478 for label 0 | 0.18691588785046728 for label 1 | 0.5045871559633027 for label 2
Recall: 0.13829787234042554 for label 0 | 0.5405405405405406 for label 1 | 0.5092592592592593 for label 2
F1 micro: 0.36820083682008364
F1 macro: 0.33563748079877104
With contradiction_threshold = 0.10302094405277717 and entailment_threshold = 0.8
Precision: 0.5 for label 0 | 0.18518518518518517 for label 1 | 0.48672566371681414 for label 2
Recall: 0.09574468085106383 for label 0 | 0.5405405405405406 for label 1 | 0.5092592592592593 for label 2
F1 micro: 0.3514644351464435
F1 macro: 0.3114379704136297
With contradiction_threshold = 0.10302094405277717 and entailment_threshold = 0.9
Precision: 0.5 for label 0 | 0.1834862385321101 for label 1 | 0.48360655737704916 for label 2
Recall: 0.0425531914893617 for label 0 | 0.5405405405405406 for label 1 | 0.5462962962962963 for label 2
F1 micro: 0.3472803347280335
F1 macro: 0.28848248451653835
