With contradiction_threshold = 0.33315111575368617 and entailment_threshold = 0.3801443681101073 * COMPUTED THRESHOLDS
Precision: 0.25 for label 0 | 0.2727272727272727 for label 1 | 0.59375 for label 2
Recall: 0.7272727272727273 for label 0 | 0.15 for label 1 | 0.2923076923076923 for label 2
F1 micro: 0.35514018691588783
F1 macro: 0.31913132922405857
With contradiction_threshold = 0.1 and entailment_threshold = 0.3801443681101073
Precision: 0.2830188679245283 for label 0 | 0.21428571428571427 for label 1 | 0.5384615384615384 for label 2
Recall: 0.6818181818181818 for label 0 | 0.3 for label 1 | 0.2153846153846154 for label 2
F1 micro: 0.32710280373831774
F1 macro: 0.3192307692307692
With contradiction_threshold = 0.2 and entailment_threshold = 0.3801443681101073
Precision: 0.26666666666666666 for label 0 | 0.2777777777777778 for label 1 | 0.5862068965517241 for label 2
Recall: 0.7272727272727273 for label 0 | 0.25 for label 1 | 0.26153846153846155 for label 2
F1 micro: 0.35514018691588783
F1 macro: 0.338367974945147
With contradiction_threshold = 0.30000000000000004 and entailment_threshold = 0.3801443681101073
Precision: 0.25 for label 0 | 0.25 for label 1 | 0.5806451612903226 for label 2
Recall: 0.7272727272727273 for label 0 | 0.15 for label 1 | 0.27692307692307694 for label 2
F1 micro: 0.34579439252336447
F1 macro: 0.311531007751938
With contradiction_threshold = 0.4 and entailment_threshold = 0.3801443681101073
Precision: 0.23880597014925373 for label 0 | 0.4 for label 1 | 0.6285714285714286 for label 2
Recall: 0.7272727272727273 for label 0 | 0.1 for label 1 | 0.3384615384615385 for label 2
F1 micro: 0.37383177570093457
F1 macro: 0.31985018726591763
With contradiction_threshold = 0.5 and entailment_threshold = 0.3801443681101073
Precision: 0.23529411764705882 for label 0 | 0.5 for label 1 | 0.6285714285714286 for label 2
Recall: 0.7272727272727273 for label 0 | 0.1 for label 1 | 0.3384615384615385 for label 2
F1 micro: 0.37383177570093457
F1 macro: 0.3207407407407407
With contradiction_threshold = 0.6 and entailment_threshold = 0.3801443681101073
Precision: 0.23529411764705882 for label 0 | 0.6666666666666666 for label 1 | 0.6388888888888888 for label 2
Recall: 0.7272727272727273 for label 0 | 0.1 for label 1 | 0.35384615384615387 for label 2
F1 micro: 0.383177570093458
F1 macro: 0.32830471452942395
With contradiction_threshold = 0.7000000000000001 and entailment_threshold = 0.3801443681101073
Precision: 0.23529411764705882 for label 0 | 0.6666666666666666 for label 1 | 0.6388888888888888 for label 2
Recall: 0.7272727272727273 for label 0 | 0.1 for label 1 | 0.35384615384615387 for label 2
F1 micro: 0.383177570093458
F1 macro: 0.32830471452942395
With contradiction_threshold = 0.8 and entailment_threshold = 0.3801443681101073
Precision: 0.23529411764705882 for label 0 | 1.0 for label 1 | 0.631578947368421 for label 2
Recall: 0.7272727272727273 for label 0 | 0.05 for label 1 | 0.36923076923076925 for label 2
F1 micro: 0.383177570093458
F1 macro: 0.305604356089793
With contradiction_threshold = 0.9 and entailment_threshold = 0.3801443681101073
Precision: 0.23529411764705882 for label 0 | 1.0 for label 1 | 0.631578947368421 for label 2
Recall: 0.7272727272727273 for label 0 | 0.05 for label 1 | 0.36923076923076925 for label 2
F1 micro: 0.383177570093458
F1 macro: 0.305604356089793
With contradiction_threshold = 0.33315111575368617 and entailment_threshold = 0.1
Precision: 0.1927710843373494 for label 0 | 0.5 for label 1 | 0.4 for label 2
Recall: 0.7272727272727273 for label 0 | 0.1 for label 1 | 0.12307692307692308 for label 2
F1 micro: 0.24299065420560748
F1 macro: 0.21988795518207285
With contradiction_threshold = 0.33315111575368617 and entailment_threshold = 0.2
Precision: 0.2077922077922078 for label 0 | 0.4 for label 1 | 0.48 for label 2
Recall: 0.7272727272727273 for label 0 | 0.1 for label 1 | 0.18461538461538463 for label 2
F1 micro: 0.2803738317757009
F1 macro: 0.24996632996633003
With contradiction_threshold = 0.33315111575368617 and entailment_threshold = 0.30000000000000004
Precision: 0.2318840579710145 for label 0 | 0.2857142857142857 for label 1 | 0.5806451612903226 for label 2
Recall: 0.7272727272727273 for label 0 | 0.1 for label 1 | 0.27692307692307694 for label 2
F1 micro: 0.3364485981308411
F1 macro: 0.29159883326549996
With contradiction_threshold = 0.33315111575368617 and entailment_threshold = 0.4
Precision: 0.25 for label 0 | 0.2727272727272727 for label 1 | 0.59375 for label 2
Recall: 0.7272727272727273 for label 0 | 0.15 for label 1 | 0.2923076923076923 for label 2
F1 micro: 0.35514018691588783
F1 macro: 0.31913132922405857
With contradiction_threshold = 0.33315111575368617 and entailment_threshold = 0.5
Precision: 0.3018867924528302 for label 0 | 0.26666666666666666 for label 1 | 0.6666666666666666 for label 2
Recall: 0.7272727272727273 for label 0 | 0.2 for label 1 | 0.4 for label 2
F1 micro: 0.42990654205607476
F1 macro: 0.38507936507936513
With contradiction_threshold = 0.33315111575368617 and entailment_threshold = 0.6
Precision: 0.32558139534883723 for label 0 | 0.29411764705882354 for label 1 | 0.6808510638297872 for label 2
Recall: 0.6363636363636364 for label 0 | 0.25 for label 1 | 0.49230769230769234 for label 2
F1 micro: 0.4766355140186916
F1 macro: 0.4241560241560241
With contradiction_threshold = 0.33315111575368617 and entailment_threshold = 0.7000000000000001
Precision: 0.3793103448275862 for label 0 | 0.29411764705882354 for label 1 | 0.6885245901639344 for label 2
Recall: 0.5 for label 0 | 0.25 for label 1 | 0.6461538461538462 for label 2
F1 micro: 0.5420560747663551
F1 macro: 0.4561031619855149
With contradiction_threshold = 0.33315111575368617 and entailment_threshold = 0.8
Precision: 0.36363636363636365 for label 0 | 0.29411764705882354 for label 1 | 0.6470588235294118 for label 2
Recall: 0.36363636363636365 for label 0 | 0.25 for label 1 | 0.676923076923077 for label 2
F1 micro: 0.5327102803738317
F1 macro: 0.4318535897483266
With contradiction_threshold = 0.33315111575368617 and entailment_threshold = 0.9
Precision: 0.4117647058823529 for label 0 | 0.29411764705882354 for label 1 | 0.6575342465753424 for label 2
Recall: 0.3181818181818182 for label 0 | 0.25 for label 1 | 0.7384615384615385 for label 2
F1 micro: 0.5607476635514018
F1 macro: 0.4416322677192242
