With contradiction_threshold = 0.2395253195161331 and entailment_threshold = 0.41810082644224167 * COMPUTED THRESHOLDS
Precision: 0.23943661971830985 for label 0 | 0.2857142857142857 for label 1 | 0.7931034482758621 for label 2
Recall: 0.7727272727272727 for label 0 | 0.1 for label 1 | 0.35384615384615387 for label 2
F1 micro: 0.39252336448598124
F1 macro: 0.33436708270842336
With contradiction_threshold = 0.1 and entailment_threshold = 0.41810082644224167
Precision: 0.23809523809523808 for label 0 | 0.18181818181818182 for label 1 | 0.7727272727272727 for label 2
Recall: 0.6818181818181818 for label 0 | 0.2 for label 1 | 0.26153846153846155 for label 2
F1 micro: 0.3364485981308411
F1 macro: 0.3114073215493094
With contradiction_threshold = 0.2 and entailment_threshold = 0.41810082644224167
Precision: 0.22857142857142856 for label 0 | 0.18181818181818182 for label 1 | 0.7692307692307693 for label 2
Recall: 0.7272727272727273 for label 0 | 0.1 for label 1 | 0.3076923076923077 for label 2
F1 micro: 0.35514018691588783
F1 macro: 0.30547292819382577
With contradiction_threshold = 0.30000000000000004 and entailment_threshold = 0.41810082644224167
Precision: 0.2328767123287671 for label 0 | 0.3333333333333333 for label 1 | 0.8064516129032258 for label 2
Recall: 0.7727272727272727 for label 0 | 0.05 for label 1 | 0.38461538461538464 for label 2
F1 micro: 0.40186915887850466
F1 macro: 0.32189486397152306
With contradiction_threshold = 0.4 and entailment_threshold = 0.41810082644224167
Precision: 0.22972972972972974 for label 0 | 0.5 for label 1 | 0.8064516129032258 for label 2
Recall: 0.7727272727272727 for label 0 | 0.05 for label 1 | 0.38461538461538464 for label 2
F1 micro: 0.40186915887850466
F1 macro: 0.32196969696969696
With contradiction_threshold = 0.5 and entailment_threshold = 0.41810082644224167
Precision: 0.22972972972972974 for label 0 | 0.5 for label 1 | 0.8064516129032258 for label 2
Recall: 0.7727272727272727 for label 0 | 0.05 for label 1 | 0.38461538461538464 for label 2
F1 micro: 0.40186915887850466
F1 macro: 0.32196969696969696
With contradiction_threshold = 0.6 and entailment_threshold = 0.41810082644224167
Precision: 0.22972972972972974 for label 0 | 1.0 for label 1 | 0.8125 for label 2
Recall: 0.7727272727272727 for label 0 | 0.05 for label 1 | 0.4 for label 2
F1 micro: 0.411214953271028
F1 macro: 0.3284957453771887
With contradiction_threshold = 0.7000000000000001 and entailment_threshold = 0.41810082644224167
Precision: 0.22972972972972974 for label 0 | 0.0 for label 1 | 0.7878787878787878 for label 2
Recall: 0.7727272727272727 for label 0 | 0.0 for label 1 | 0.4 for label 2
F1 micro: 0.40186915887850466
F1 macro: 0.2949263038548753
With contradiction_threshold = 0.8 and entailment_threshold = 0.41810082644224167
Precision: 0.22972972972972974 for label 0 | 0.0 for label 1 | 0.7878787878787878 for label 2
Recall: 0.7727272727272727 for label 0 | 0.0 for label 1 | 0.4 for label 2
F1 micro: 0.40186915887850466
F1 macro: 0.2949263038548753
With contradiction_threshold = 0.9 and entailment_threshold = 0.41810082644224167
Precision: 0.22972972972972974 for label 0 | 0.0 for label 1 | 0.7878787878787878 for label 2
Recall: 0.7727272727272727 for label 0 | 0.0 for label 1 | 0.4 for label 2
F1 micro: 0.40186915887850466
F1 macro: 0.2949263038548753
With contradiction_threshold = 0.2395253195161331 and entailment_threshold = 0.1
Precision: 0.21 for label 0 | 0.5 for label 1 | 0.8 for label 2
Recall: 0.9545454545454546 for label 0 | 0.05 for label 1 | 0.06153846153846154 for label 2
F1 micro: 0.24299065420560748
F1 macro: 0.18315236675892418
With contradiction_threshold = 0.2395253195161331 and entailment_threshold = 0.2
Precision: 0.20618556701030927 for label 0 | 0.5 for label 1 | 0.75 for label 2
Recall: 0.9090909090909091 for label 0 | 0.05 for label 1 | 0.09230769230769231 for label 2
F1 micro: 0.2523364485981308
F1 macro: 0.19714236877814637
With contradiction_threshold = 0.2395253195161331 and entailment_threshold = 0.30000000000000004
Precision: 0.2247191011235955 for label 0 | 0.25 for label 1 | 0.8571428571428571 for label 2
Recall: 0.9090909090909091 for label 0 | 0.05 for label 1 | 0.18461538461538463 for label 2
F1 micro: 0.308411214953271
F1 macro: 0.24916372068270806
With contradiction_threshold = 0.2395253195161331 and entailment_threshold = 0.4
Precision: 0.2236842105263158 for label 0 | 0.2 for label 1 | 0.7692307692307693 for label 2
Recall: 0.7727272727272727 for label 0 | 0.05 for label 1 | 0.3076923076923077 for label 2
F1 micro: 0.35514018691588783
F1 macro: 0.28883307169021455
With contradiction_threshold = 0.2395253195161331 and entailment_threshold = 0.5
Precision: 0.21311475409836064 for label 0 | 0.2222222222222222 for label 1 | 0.7297297297297297 for label 2
Recall: 0.5909090909090909 for label 0 | 0.1 for label 1 | 0.4153846153846154 for label 2
F1 micro: 0.39252336448598124
F1 macro: 0.3268652704122779
With contradiction_threshold = 0.2395253195161331 and entailment_threshold = 0.6
Precision: 0.18421052631578946 for label 0 | 0.16666666666666666 for label 1 | 0.631578947368421 for label 2
Recall: 0.3181818181818182 for label 0 | 0.1 for label 1 | 0.5538461538461539 for label 2
F1 micro: 0.4205607476635514
F1 macro: 0.3161657559198543
With contradiction_threshold = 0.2395253195161331 and entailment_threshold = 0.7000000000000001
Precision: 0.30434782608695654 for label 0 | 0.15384615384615385 for label 1 | 0.676056338028169 for label 2
Recall: 0.3181818181818182 for label 0 | 0.1 for label 1 | 0.7384615384615385 for label 2
F1 micro: 0.5327102803738317
F1 macro: 0.37940186175480295
With contradiction_threshold = 0.2395253195161331 and entailment_threshold = 0.8
Precision: 0.25 for label 0 | 0.21428571428571427 for label 1 | 0.6363636363636364 for label 2
Recall: 0.18181818181818182 for label 0 | 0.15 for label 1 | 0.7538461538461538 for label 2
F1 micro: 0.5233644859813084
F1 macro: 0.35904591636506344
With contradiction_threshold = 0.2395253195161331 and entailment_threshold = 0.9
Precision: 0.14285714285714285 for label 0 | 0.21428571428571427 for label 1 | 0.627906976744186 for label 2
Recall: 0.045454545454545456 for label 0 | 0.15 for label 1 | 0.8307692307692308 for label 2
F1 micro: 0.5420560747663551
F1 macro: 0.32022263118538125
