With contradiction_threshold = 0.2956524018663913 and entailment_threshold = 0.4006892955658259 * COMPUTED THRESHOLDS
Precision: 0.2857142857142857 for label 0 | 0.25 for label 1 | 0.6071428571428571 for label 2
Recall: 0.8181818181818182 for label 0 | 0.2 for label 1 | 0.26153846153846155 for label 2
F1 micro: 0.36448598130841114
F1 macro: 0.3371143439454635
With contradiction_threshold = 0.1 and entailment_threshold = 0.4006892955658259
Precision: 0.32075471698113206 for label 0 | 0.25806451612903225 for label 1 | 0.5652173913043478 for label 2
Recall: 0.7727272727272727 for label 0 | 0.4 for label 1 | 0.2 for label 2
F1 micro: 0.35514018691588783
F1 macro: 0.3541711229946524
With contradiction_threshold = 0.2 and entailment_threshold = 0.4006892955658259
Precision: 0.3157894736842105 for label 0 | 0.32 for label 1 | 0.6 for label 2
Recall: 0.8181818181818182 for label 0 | 0.4 for label 1 | 0.23076923076923078 for label 2
F1 micro: 0.383177570093458
F1 macro: 0.3815283638068448
With contradiction_threshold = 0.30000000000000004 and entailment_threshold = 0.4006892955658259
Precision: 0.2857142857142857 for label 0 | 0.25 for label 1 | 0.6071428571428571 for label 2
Recall: 0.8181818181818182 for label 0 | 0.2 for label 1 | 0.26153846153846155 for label 2
F1 micro: 0.36448598130841114
F1 macro: 0.3371143439454635
With contradiction_threshold = 0.4 and entailment_threshold = 0.4006892955658259
Precision: 0.2727272727272727 for label 0 | 0.4444444444444444 for label 1 | 0.65625 for label 2
Recall: 0.8181818181818182 for label 0 | 0.2 for label 1 | 0.3230769230769231 for label 2
F1 micro: 0.40186915887850466
F1 macro: 0.3726475562593587
With contradiction_threshold = 0.5 and entailment_threshold = 0.4006892955658259
Precision: 0.2571428571428571 for label 0 | 0.4 for label 1 | 0.65625 for label 2
Recall: 0.8181818181818182 for label 0 | 0.1 for label 1 | 0.3230769230769231 for label 2
F1 micro: 0.383177570093458
F1 macro: 0.32809801284924545
With contradiction_threshold = 0.6 and entailment_threshold = 0.4006892955658259
Precision: 0.2571428571428571 for label 0 | 0.6666666666666666 for label 1 | 0.6764705882352942 for label 2
Recall: 0.8181818181818182 for label 0 | 0.1 for label 1 | 0.35384615384615387 for label 2
F1 micro: 0.40186915887850466
F1 macro: 0.3432879519836041
With contradiction_threshold = 0.7000000000000001 and entailment_threshold = 0.4006892955658259
Precision: 0.2571428571428571 for label 0 | 0.6666666666666666 for label 1 | 0.6764705882352942 for label 2
Recall: 0.8181818181818182 for label 0 | 0.1 for label 1 | 0.35384615384615387 for label 2
F1 micro: 0.40186915887850466
F1 macro: 0.3432879519836041
With contradiction_threshold = 0.8 and entailment_threshold = 0.4006892955658259
Precision: 0.2571428571428571 for label 0 | 1.0 for label 1 | 0.6666666666666666 for label 2
Recall: 0.8181818181818182 for label 0 | 0.05 for label 1 | 0.36923076923076925 for label 2
F1 micro: 0.40186915887850466
F1 macro: 0.3205966559388858
With contradiction_threshold = 0.9 and entailment_threshold = 0.4006892955658259
Precision: 0.2571428571428571 for label 0 | 1.0 for label 1 | 0.6666666666666666 for label 2
Recall: 0.8181818181818182 for label 0 | 0.05 for label 1 | 0.36923076923076925 for label 2
F1 micro: 0.40186915887850466
F1 macro: 0.3205966559388858
With contradiction_threshold = 0.2956524018663913 and entailment_threshold = 0.1
Precision: 0.20930232558139536 for label 0 | 0.4 for label 1 | 0.375 for label 2
Recall: 0.8181818181818182 for label 0 | 0.1 for label 1 | 0.09230769230769231 for label 2
F1 micro: 0.24299065420560748
F1 macro: 0.2138271604938272
With contradiction_threshold = 0.2956524018663913 and entailment_threshold = 0.2
Precision: 0.225 for label 0 | 0.2857142857142857 for label 1 | 0.45 for label 2
Recall: 0.8181818181818182 for label 0 | 0.1 for label 1 | 0.13846153846153847 for label 2
F1 micro: 0.27102803738317754
F1 macro: 0.2376180101670298
With contradiction_threshold = 0.2956524018663913 and entailment_threshold = 0.30000000000000004
Precision: 0.2571428571428571 for label 0 | 0.3333333333333333 for label 1 | 0.56 for label 2
Recall: 0.8181818181818182 for label 0 | 0.2 for label 1 | 0.2153846153846154 for label 2
F1 micro: 0.3364485981308411
F1 macro: 0.3174718196457327
With contradiction_threshold = 0.2956524018663913 and entailment_threshold = 0.4
Precision: 0.2857142857142857 for label 0 | 0.25 for label 1 | 0.6071428571428571 for label 2
Recall: 0.8181818181818182 for label 0 | 0.2 for label 1 | 0.26153846153846155 for label 2
F1 micro: 0.36448598130841114
F1 macro: 0.3371143439454635
With contradiction_threshold = 0.2956524018663913 and entailment_threshold = 0.5
Precision: 0.33962264150943394 for label 0 | 0.3333333333333333 for label 1 | 0.6666666666666666 for label 2
Recall: 0.8181818181818182 for label 0 | 0.35 for label 1 | 0.3384615384615385 for label 2
F1 micro: 0.4392523364485981
F1 macro: 0.42348100215696033
With contradiction_threshold = 0.2956524018663913 and entailment_threshold = 0.6
Precision: 0.38095238095238093 for label 0 | 0.3333333333333333 for label 1 | 0.6818181818181818 for label 2
Recall: 0.7272727272727273 for label 0 | 0.35 for label 1 | 0.46153846153846156 for label 2
F1 micro: 0.4953271028037383
F1 macro: 0.4639740434101589
With contradiction_threshold = 0.2956524018663913 and entailment_threshold = 0.7000000000000001
Precision: 0.41379310344827586 for label 0 | 0.3333333333333333 for label 1 | 0.6666666666666666 for label 2
Recall: 0.5454545454545454 for label 0 | 0.35 for label 1 | 0.5846153846153846 for label 2
F1 micro: 0.5327102803738317
F1 macro: 0.47833415653346506
With contradiction_threshold = 0.2956524018663913 and entailment_threshold = 0.8
Precision: 0.36363636363636365 for label 0 | 0.3333333333333333 for label 1 | 0.640625 for label 2
Recall: 0.36363636363636365 for label 0 | 0.35 for label 1 | 0.6307692307692307 for label 2
F1 micro: 0.5233644859813084
F1 macro: 0.44691956433306407
With contradiction_threshold = 0.2956524018663913 and entailment_threshold = 0.9
Precision: 0.4117647058823529 for label 0 | 0.3333333333333333 for label 1 | 0.6521739130434783 for label 2
Recall: 0.3181818181818182 for label 0 | 0.35 for label 1 | 0.6923076923076923 for label 2
F1 micro: 0.5514018691588785
F1 macro: 0.4573598548844271
