With contradiction_threshold = 0.24418155079881165 and entailment_threshold = 0.4116116618594958 * COMPUTED THRESHOLDS
Precision: 0.23684210526315788 for label 0 | 0.3333333333333333 for label 1 | 0.76 for label 2
Recall: 0.8181818181818182 for label 0 | 0.1 for label 1 | 0.2923076923076923 for label 2
F1 micro: 0.36448598130841114
F1 macro: 0.31447177161462875
With contradiction_threshold = 0.1 and entailment_threshold = 0.4116116618594958
Precision: 0.25 for label 0 | 0.20833333333333334 for label 1 | 0.7368421052631579 for label 2
Recall: 0.7272727272727273 for label 0 | 0.25 for label 1 | 0.2153846153846154 for label 2
F1 micro: 0.32710280373831774
F1 macro: 0.3108996946206249
With contradiction_threshold = 0.2 and entailment_threshold = 0.4116116618594958
Precision: 0.2465753424657534 for label 0 | 0.3 for label 1 | 0.75 for label 2
Recall: 0.8181818181818182 for label 0 | 0.15 for label 1 | 0.27692307692307694 for label 2
F1 micro: 0.36448598130841114
F1 macro: 0.3278139168145082
With contradiction_threshold = 0.30000000000000004 and entailment_threshold = 0.4116116618594958
Precision: 0.23376623376623376 for label 0 | 0.6666666666666666 for label 1 | 0.7777777777777778 for label 2
Recall: 0.8181818181818182 for label 0 | 0.1 for label 1 | 0.3230769230769231 for label 2
F1 micro: 0.383177570093458
F1 macro: 0.3313570487483531
With contradiction_threshold = 0.4 and entailment_threshold = 0.4116116618594958
Precision: 0.23076923076923078 for label 0 | 0.5 for label 1 | 0.7777777777777778 for label 2
Recall: 0.8181818181818182 for label 0 | 0.05 for label 1 | 0.3230769230769231 for label 2
F1 micro: 0.37383177570093457
F1 macro: 0.3024769433465086
With contradiction_threshold = 0.5 and entailment_threshold = 0.4116116618594958
Precision: 0.23076923076923078 for label 0 | 0.5 for label 1 | 0.7777777777777778 for label 2
Recall: 0.8181818181818182 for label 0 | 0.05 for label 1 | 0.3230769230769231 for label 2
F1 micro: 0.37383177570093457
F1 macro: 0.3024769433465086
With contradiction_threshold = 0.6 and entailment_threshold = 0.4116116618594958
Precision: 0.23076923076923078 for label 0 | 1.0 for label 1 | 0.7857142857142857 for label 2
Recall: 0.8181818181818182 for label 0 | 0.05 for label 1 | 0.3384615384615385 for label 2
F1 micro: 0.383177570093458
F1 macro: 0.3094521249359959
With contradiction_threshold = 0.7000000000000001 and entailment_threshold = 0.4116116618594958
Precision: 0.23076923076923078 for label 0 | 0.0 for label 1 | 0.7586206896551724 for label 2
Recall: 0.8181818181818182 for label 0 | 0.0 for label 1 | 0.3384615384615385 for label 2
F1 micro: 0.37383177570093457
F1 macro: 0.2760283687943263
With contradiction_threshold = 0.8 and entailment_threshold = 0.4116116618594958
Precision: 0.23076923076923078 for label 0 | 0.0 for label 1 | 0.7586206896551724 for label 2
Recall: 0.8181818181818182 for label 0 | 0.0 for label 1 | 0.3384615384615385 for label 2
F1 micro: 0.37383177570093457
F1 macro: 0.2760283687943263
With contradiction_threshold = 0.9 and entailment_threshold = 0.4116116618594958
Precision: 0.23076923076923078 for label 0 | 0.0 for label 1 | 0.7586206896551724 for label 2
Recall: 0.8181818181818182 for label 0 | 0.0 for label 1 | 0.3384615384615385 for label 2
F1 micro: 0.37383177570093457
F1 macro: 0.2760283687943263
With contradiction_threshold = 0.24418155079881165 and entailment_threshold = 0.1
Precision: 0.21359223300970873 for label 0 | 0.5 for label 1 | 1.0 for label 2
Recall: 1.0 for label 0 | 0.05 for label 1 | 0.03076923076923077 for label 2
F1 micro: 0.23364485981308414
F1 macro: 0.16753686114880148
With contradiction_threshold = 0.24418155079881165 and entailment_threshold = 0.2
Precision: 0.22 for label 0 | 0.5 for label 1 | 1.0 for label 2
Recall: 1.0 for label 0 | 0.05 for label 1 | 0.07692307692307693 for label 2
F1 micro: 0.2616822429906542
F1 macro: 0.19814065715705062
With contradiction_threshold = 0.24418155079881165 and entailment_threshold = 0.30000000000000004
Precision: 0.23655913978494625 for label 0 | 0.25 for label 1 | 1.0 for label 2
Recall: 1.0 for label 0 | 0.05 for label 1 | 0.15384615384615385 for label 2
F1 micro: 0.308411214953271
F1 macro: 0.24420289855072466
With contradiction_threshold = 0.24418155079881165 and entailment_threshold = 0.4
Precision: 0.23376623376623376 for label 0 | 0.3333333333333333 for label 1 | 0.7916666666666666 for label 2
Recall: 0.8181818181818182 for label 0 | 0.1 for label 1 | 0.2923076923076923 for label 2
F1 micro: 0.36448598130841114
F1 macro: 0.31481626987244965
With contradiction_threshold = 0.24418155079881165 and entailment_threshold = 0.5
Precision: 0.22033898305084745 for label 0 | 0.3 for label 1 | 0.7105263157894737 for label 2
Recall: 0.5909090909090909 for label 0 | 0.15 for label 1 | 0.4153846153846154 for label 2
F1 micro: 0.40186915887850466
F1 macro: 0.3484198329937273
With contradiction_threshold = 0.24418155079881165 and entailment_threshold = 0.6
Precision: 0.19444444444444445 for label 0 | 0.23076923076923078 for label 1 | 0.6379310344827587 for label 2
Recall: 0.3181818181818182 for label 0 | 0.15 for label 1 | 0.5692307692307692 for label 2
F1 micro: 0.4392523364485981
F1 macro: 0.34160783614105733
With contradiction_threshold = 0.24418155079881165 and entailment_threshold = 0.7000000000000001
Precision: 0.28 for label 0 | 0.21428571428571427 for label 1 | 0.6617647058823529 for label 2
Recall: 0.3181818181818182 for label 0 | 0.15 for label 1 | 0.6923076923076923 for label 2
F1 micro: 0.514018691588785
F1 macro: 0.3836782193280448
With contradiction_threshold = 0.24418155079881165 and entailment_threshold = 0.8
Precision: 0.25 for label 0 | 0.26666666666666666 for label 1 | 0.631578947368421 for label 2
Recall: 0.18181818181818182 for label 0 | 0.2 for label 1 | 0.7384615384615385 for label 2
F1 micro: 0.5233644859813084
F1 macro: 0.3733162693968965
With contradiction_threshold = 0.24418155079881165 and entailment_threshold = 0.9
Precision: 0.14285714285714285 for label 0 | 0.26666666666666666 for label 1 | 0.6235294117647059 for label 2
Recall: 0.045454545454545456 for label 0 | 0.2 for label 1 | 0.8153846153846154 for label 2
F1 micro: 0.5420560747663551
F1 macro: 0.33473453749315824
