With contradiction_threshold = 0.2008693292523276 and entailment_threshold = 0.2633185425260731 * COMPUTED THRESHOLDS
Precision: 0.5760869565217391 for label 0 | 0.2571428571428571 for label 1 | 0.5089285714285714 for label 2
Recall: 0.5638297872340425 for label 0 | 0.24324324324324326 for label 1 | 0.5277777777777778 for label 2
F1 micro: 0.497907949790795
F1 macro: 0.4460247637666992
With contradiction_threshold = 0.1 and entailment_threshold = 0.2633185425260731
Precision: 0.5747126436781609 for label 0 | 0.23076923076923078 for label 1 | 0.5402298850574713 for label 2
Recall: 0.5319148936170213 for label 0 | 0.40540540540540543 for label 1 | 0.4351851851851852 for label 2
F1 micro: 0.4686192468619247
F1 macro: 0.4428850389851364
With contradiction_threshold = 0.2 and entailment_threshold = 0.2633185425260731
Precision: 0.5760869565217391 for label 0 | 0.24324324324324326 for label 1 | 0.509090909090909 for label 2
Recall: 0.5638297872340425 for label 0 | 0.24324324324324326 for label 1 | 0.5185185185185185 for label 2
F1 micro: 0.49372384937238495
F1 macro: 0.44229906141714365
With contradiction_threshold = 0.30000000000000004 and entailment_threshold = 0.2633185425260731
Precision: 0.5638297872340425 for label 0 | 0.35 for label 1 | 0.512 for label 2
Recall: 0.5638297872340425 for label 0 | 0.1891891891891892 for label 1 | 0.5925925925925926 for label 2
F1 micro: 0.5188284518828452
F1 macro: 0.45293334849924255
With contradiction_threshold = 0.4 and entailment_threshold = 0.2633185425260731
Precision: 0.5520833333333334 for label 0 | 0.5833333333333334 for label 1 | 0.5267175572519084 for label 2
Recall: 0.5638297872340425 for label 0 | 0.1891891891891892 for label 1 | 0.6388888888888888 for label 2
F1 micro: 0.5397489539748954
F1 macro: 0.4736716267656589
With contradiction_threshold = 0.5 and entailment_threshold = 0.2633185425260731
Precision: 0.5520833333333334 for label 0 | 0.4444444444444444 for label 1 | 0.5149253731343284 for label 2
Recall: 0.5638297872340425 for label 0 | 0.10810810810810811 for label 1 | 0.6388888888888888 for label 2
F1 micro: 0.5271966527196653
F1 macro: 0.43401857140155453
With contradiction_threshold = 0.6 and entailment_threshold = 0.2633185425260731
Precision: 0.5520833333333334 for label 0 | 1.0 for label 1 | 0.5285714285714286 for label 2
Recall: 0.5638297872340425 for label 0 | 0.08108108108108109 for label 1 | 0.6851851851851852 for label 2
F1 micro: 0.5439330543933054
F1 macro: 0.43488964346349746
With contradiction_threshold = 0.7000000000000001 and entailment_threshold = 0.2633185425260731
Precision: 0.5520833333333334 for label 0 | 1.0 for label 1 | 0.5285714285714286 for label 2
Recall: 0.5638297872340425 for label 0 | 0.08108108108108109 for label 1 | 0.6851851851851852 for label 2
F1 micro: 0.5439330543933054
F1 macro: 0.43488964346349746
With contradiction_threshold = 0.8 and entailment_threshold = 0.2633185425260731
Precision: 0.5520833333333334 for label 0 | 1.0 for label 1 | 0.524822695035461 for label 2
Recall: 0.5638297872340425 for label 0 | 0.05405405405405406 for label 1 | 0.6851851851851852 for label 2
F1 micro: 0.5397489539748954
F1 macro: 0.41827878314878947
With contradiction_threshold = 0.9 and entailment_threshold = 0.2633185425260731
Precision: 0.5520833333333334 for label 0 | 1.0 for label 1 | 0.5211267605633803 for label 2
Recall: 0.5638297872340425 for label 0 | 0.02702702702702703 for label 1 | 0.6851851851851852 for label 2
F1 micro: 0.5355648535564853
F1 macro: 0.4008421052631579
With contradiction_threshold = 0.2008693292523276 and entailment_threshold = 0.1
Precision: 0.47530864197530864 for label 0 | 0.34615384615384615 for label 1 | 0.5294117647058824 for label 2
Recall: 0.8191489361702128 for label 0 | 0.24324324324324326 for label 1 | 0.25 for label 2
F1 micro: 0.47280334728033474
F1 macro: 0.4089664757412399
With contradiction_threshold = 0.2008693292523276 and entailment_threshold = 0.2
Precision: 0.5327868852459017 for label 0 | 0.3103448275862069 for label 1 | 0.5227272727272727 for label 2
Recall: 0.6914893617021277 for label 0 | 0.24324324324324326 for label 1 | 0.42592592592592593 for label 2
F1 micro: 0.502092050209205
F1 macro: 0.4479889598937219
With contradiction_threshold = 0.2008693292523276 and entailment_threshold = 0.30000000000000004
Precision: 0.5714285714285714 for label 0 | 0.2571428571428571 for label 1 | 0.49166666666666664 for label 2
Recall: 0.5106382978723404 for label 0 | 0.24324324324324326 for label 1 | 0.5462962962962963 for label 2
F1 micro: 0.48535564853556484
F1 macro: 0.43562323411525067
With contradiction_threshold = 0.2008693292523276 and entailment_threshold = 0.4
Precision: 0.5245901639344263 for label 0 | 0.2564102564102564 for label 1 | 0.45323741007194246 for label 2
Recall: 0.3404255319148936 for label 0 | 0.2702702702702703 for label 1 | 0.5833333333333334 for label 2
F1 micro: 0.4393305439330544
F1 macro: 0.3953941926777241
With contradiction_threshold = 0.2008693292523276 and entailment_threshold = 0.5
Precision: 0.5952380952380952 for label 0 | 0.29545454545454547 for label 1 | 0.45098039215686275 for label 2
Recall: 0.26595744680851063 for label 0 | 0.35135135135135137 for label 1 | 0.6388888888888888 for label 2
F1 micro: 0.4476987447698745
F1 macro: 0.4057901151094751
With contradiction_threshold = 0.2008693292523276 and entailment_threshold = 0.6
Precision: 0.7272727272727273 for label 0 | 0.28888888888888886 for label 1 | 0.45348837209302323 for label 2
Recall: 0.1702127659574468 for label 0 | 0.35135135135135137 for label 1 | 0.7222222222222222 for label 2
F1 micro: 0.4476987447698745
F1 macro: 0.3833593656133605
With contradiction_threshold = 0.2008693292523276 and entailment_threshold = 0.7000000000000001
Precision: 0.6470588235294118 for label 0 | 0.28888888888888886 for label 1 | 0.4406779661016949 for label 2
Recall: 0.11702127659574468 for label 0 | 0.35135135135135137 for label 1 | 0.7222222222222222 for label 2
F1 micro: 0.42677824267782427
F1 macro: 0.35421326332751235
With contradiction_threshold = 0.2008693292523276 and entailment_threshold = 0.8
Precision: 0.6153846153846154 for label 0 | 0.30434782608695654 for label 1 | 0.43333333333333335 for label 2
Recall: 0.0851063829787234 for label 0 | 0.3783783783783784 for label 1 | 0.7222222222222222 for label 2
F1 micro: 0.4184100418410041
F1 macro: 0.34284959151246736
With contradiction_threshold = 0.2008693292523276 and entailment_threshold = 0.9
Precision: 0.4444444444444444 for label 0 | 0.30434782608695654 for label 1 | 0.42391304347826086 for label 2
Recall: 0.0425531914893617 for label 0 | 0.3783783783783784 for label 1 | 0.7222222222222222 for label 2
F1 micro: 0.401673640167364
F1 macro: 0.3164219586151495
