With contradiction_threshold = 0.47773515968224434 and entailment_threshold = 0.06088132178410888 * COMPUTED THRESHOLDS
Precision: 0.46258503401360546 for label 0 | 0.2777777777777778 for label 1 | 0.5135135135135135 for label 2
Recall: 0.723404255319149 for label 0 | 0.13513513513513514 for label 1 | 0.35185185185185186 for label 2
F1 micro: 0.46443514644351463
F1 macro: 0.38790531736589834
With contradiction_threshold = 0.1 and entailment_threshold = 0.06088132178410888
Precision: 0.47794117647058826 for label 0 | 0.2571428571428571 for label 1 | 0.5 for label 2
Recall: 0.6914893617021277 for label 0 | 0.24324324324324326 for label 1 | 0.3148148148148148 for label 2
F1 micro: 0.45188284518828453
F1 macro: 0.40052700922266143
With contradiction_threshold = 0.2 and entailment_threshold = 0.06088132178410888
Precision: 0.4748201438848921 for label 0 | 0.25806451612903225 for label 1 | 0.5072463768115942 for label 2
Recall: 0.7021276595744681 for label 0 | 0.21621621621621623 for label 1 | 0.32407407407407407 for label 2
F1 micro: 0.4560669456066946
F1 macro: 0.39909931626199135
With contradiction_threshold = 0.30000000000000004 and entailment_threshold = 0.06088132178410888
Precision: 0.4647887323943662 for label 0 | 0.2692307692307692 for label 1 | 0.5070422535211268 for label 2
Recall: 0.7021276595744681 for label 0 | 0.1891891891891892 for label 1 | 0.3333333333333333 for label 2
F1 micro: 0.4560669456066946
F1 macro: 0.39459296433067853
With contradiction_threshold = 0.4 and entailment_threshold = 0.06088132178410888
Precision: 0.4657534246575342 for label 0 | 0.25 for label 1 | 0.5205479452054794 for label 2
Recall: 0.723404255319149 for label 0 | 0.13513513513513514 for label 1 | 0.35185185185185186 for label 2
F1 micro: 0.46443514644351463
F1 macro: 0.3873315886401085
With contradiction_threshold = 0.5 and entailment_threshold = 0.06088132178410888
Precision: 0.46258503401360546 for label 0 | 0.2777777777777778 for label 1 | 0.5135135135135135 for label 2
Recall: 0.723404255319149 for label 0 | 0.13513513513513514 for label 1 | 0.35185185185185186 for label 2
F1 micro: 0.46443514644351463
F1 macro: 0.38790531736589834
With contradiction_threshold = 0.6 and entailment_threshold = 0.06088132178410888
Precision: 0.46258503401360546 for label 0 | 0.3333333333333333 for label 1 | 0.5064935064935064 for label 2
Recall: 0.723404255319149 for label 0 | 0.13513513513513514 for label 1 | 0.3611111111111111 for label 2
F1 micro: 0.4686192468619247
F1 macro: 0.3927482222088032
With contradiction_threshold = 0.7000000000000001 and entailment_threshold = 0.06088132178410888
Precision: 0.4503311258278146 for label 0 | 0.5 for label 1 | 0.525 for label 2
Recall: 0.723404255319149 for label 0 | 0.10810810810810811 for label 1 | 0.3888888888888889 for label 2
F1 micro: 0.4769874476987448
F1 macro: 0.39322944307746743
With contradiction_threshold = 0.8 and entailment_threshold = 0.06088132178410888
Precision: 0.4503311258278146 for label 0 | 0.5 for label 1 | 0.525 for label 2
Recall: 0.723404255319149 for label 0 | 0.10810810810810811 for label 1 | 0.3888888888888889 for label 2
F1 micro: 0.4769874476987448
F1 macro: 0.39322944307746743
With contradiction_threshold = 0.9 and entailment_threshold = 0.06088132178410888
Precision: 0.4503311258278146 for label 0 | 0.5714285714285714 for label 1 | 0.5308641975308642 for label 2
Recall: 0.723404255319149 for label 0 | 0.10810810810810811 for label 1 | 0.39814814814814814 for label 2
F1 micro: 0.4811715481171548
F1 macro: 0.3973155592203212
With contradiction_threshold = 0.47773515968224434 and entailment_threshold = 0.1
Precision: 0.47101449275362317 for label 0 | 0.2631578947368421 for label 1 | 0.5 for label 2
Recall: 0.6914893617021277 for label 0 | 0.13513513513513514 for label 1 | 0.37962962962962965 for label 2
F1 micro: 0.46443514644351463
F1 macro: 0.3901650678420188
With contradiction_threshold = 0.47773515968224434 and entailment_threshold = 0.2
Precision: 0.5042016806722689 for label 0 | 0.3333333333333333 for label 1 | 0.5151515151515151 for label 2
Recall: 0.6382978723404256 for label 0 | 0.1891891891891892 for label 1 | 0.4722222222222222 for label 2
F1 micro: 0.49372384937238495
F1 macro: 0.43250440507445803
With contradiction_threshold = 0.47773515968224434 and entailment_threshold = 0.30000000000000004
Precision: 0.5047619047619047 for label 0 | 0.3333333333333333 for label 1 | 0.5132743362831859 for label 2
Recall: 0.5638297872340425 for label 0 | 0.1891891891891892 for label 1 | 0.5370370370370371 for label 2
F1 micro: 0.49372384937238495
F1 macro: 0.4329765015852655
With contradiction_threshold = 0.47773515968224434 and entailment_threshold = 0.4
Precision: 0.4731182795698925 for label 0 | 0.3333333333333333 for label 1 | 0.48 for label 2
Recall: 0.46808510638297873 for label 0 | 0.1891891891891892 for label 1 | 0.5555555555555556 for label 2
F1 micro: 0.46443514644351463
F1 macro: 0.40899633495547105
With contradiction_threshold = 0.47773515968224434 and entailment_threshold = 0.5
Precision: 0.4642857142857143 for label 0 | 0.3181818181818182 for label 1 | 0.46616541353383456 for label 2
Recall: 0.4148936170212766 for label 0 | 0.1891891891891892 for label 1 | 0.5740740740740741 for label 2
F1 micro: 0.45188284518828453
F1 macro: 0.39667106812033165
With contradiction_threshold = 0.47773515968224434 and entailment_threshold = 0.6
Precision: 0.5 for label 0 | 0.3181818181818182 for label 1 | 0.4838709677419355 for label 2
Recall: 0.32978723404255317 for label 0 | 0.1891891891891892 for label 1 | 0.6944444444444444 for label 2
F1 micro: 0.47280334728033474
F1 macro: 0.4016887461174372
With contradiction_threshold = 0.47773515968224434 and entailment_threshold = 0.7000000000000001
Precision: 0.5348837209302325 for label 0 | 0.3181818181818182 for label 1 | 0.47126436781609193 for label 2
Recall: 0.24468085106382978 for label 0 | 0.1891891891891892 for label 1 | 0.7592592592592593 for label 2
F1 micro: 0.4686192468619247
F1 macro: 0.38487161421294264
With contradiction_threshold = 0.47773515968224434 and entailment_threshold = 0.8
Precision: 0.5128205128205128 for label 0 | 0.3181818181818182 for label 1 | 0.4606741573033708 for label 2
Recall: 0.2127659574468085 for label 0 | 0.1891891891891892 for label 1 | 0.7592592592592593 for label 2
F1 micro: 0.4560669456066946
F1 macro: 0.37048886290634736
With contradiction_threshold = 0.47773515968224434 and entailment_threshold = 0.9
Precision: 0.4722222222222222 for label 0 | 0.3181818181818182 for label 1 | 0.4530386740331492 for label 2
Recall: 0.18085106382978725 for label 0 | 0.1891891891891892 for label 1 | 0.7592592592592593 for label 2
F1 micro: 0.4435146443514644
F1 macro: 0.3554335485248628
