With contradiction_threshold = 0.17172142847731475 and entailment_threshold = 0.2578373998403549 * COMPUTED THRESHOLDS
Precision: 0.5773195876288659 for label 0 | 0.19444444444444445 for label 1 | 0.5188679245283019 for label 2
Recall: 0.5957446808510638 for label 0 | 0.1891891891891892 for label 1 | 0.5092592592592593 for label 2
F1 micro: 0.49372384937238495
F1 macro: 0.430728982687189
With contradiction_threshold = 0.1 and entailment_threshold = 0.2578373998403549
Precision: 0.5934065934065934 for label 0 | 0.22727272727272727 for label 1 | 0.573170731707317 for label 2
Recall: 0.574468085106383 for label 0 | 0.40540540540540543 for label 1 | 0.4351851851851852 for label 2
F1 micro: 0.48535564853556484
F1 macro: 0.45659425393712566
With contradiction_threshold = 0.2 and entailment_threshold = 0.2578373998403549
Precision: 0.5757575757575758 for label 0 | 0.22580645161290322 for label 1 | 0.5137614678899083 for label 2
Recall: 0.6063829787234043 for label 0 | 0.1891891891891892 for label 1 | 0.5185185185185185 for label 2
F1 micro: 0.502092050209205
F1 macro: 0.4375616534429249
With contradiction_threshold = 0.30000000000000004 and entailment_threshold = 0.2578373998403549
Precision: 0.5686274509803921 for label 0 | 0.3684210526315789 for label 1 | 0.5338983050847458 for label 2
Recall: 0.6170212765957447 for label 0 | 0.1891891891891892 for label 1 | 0.5833333333333334 for label 2
F1 micro: 0.5355648535564853
F1 macro: 0.466452952862561
With contradiction_threshold = 0.4 and entailment_threshold = 0.2578373998403549
Precision: 0.5576923076923077 for label 0 | 0.5833333333333334 for label 1 | 0.5447154471544715 for label 2
Recall: 0.6170212765957447 for label 0 | 0.1891891891891892 for label 1 | 0.6203703703703703 for label 2
F1 micro: 0.5523012552301255
F1 macro: 0.483886483886484
With contradiction_threshold = 0.5 and entailment_threshold = 0.2578373998403549
Precision: 0.5576923076923077 for label 0 | 0.5714285714285714 for label 1 | 0.5390625 for label 2
Recall: 0.6170212765957447 for label 0 | 0.10810810810810811 for label 1 | 0.6388888888888888 for label 2
F1 micro: 0.5481171548117155
F1 macro: 0.45080751012954406
With contradiction_threshold = 0.6 and entailment_threshold = 0.2578373998403549
Precision: 0.5576923076923077 for label 0 | 1.0 for label 1 | 0.5454545454545454 for label 2
Recall: 0.6170212765957447 for label 0 | 0.08108108108108109 for label 1 | 0.6666666666666666 for label 2
F1 micro: 0.5564853556485355
F1 macro: 0.4452861952861953
With contradiction_threshold = 0.7000000000000001 and entailment_threshold = 0.2578373998403549
Precision: 0.5576923076923077 for label 0 | 1.0 for label 1 | 0.5454545454545454 for label 2
Recall: 0.6170212765957447 for label 0 | 0.08108108108108109 for label 1 | 0.6666666666666666 for label 2
F1 micro: 0.5564853556485355
F1 macro: 0.4452861952861953
With contradiction_threshold = 0.8 and entailment_threshold = 0.2578373998403549
Precision: 0.5576923076923077 for label 0 | 1.0 for label 1 | 0.5413533834586466 for label 2
Recall: 0.6170212765957447 for label 0 | 0.05405405405405406 for label 1 | 0.6666666666666666 for label 2
F1 micro: 0.5523012552301255
F1 macro: 0.4286443539555573
With contradiction_threshold = 0.9 and entailment_threshold = 0.2578373998403549
Precision: 0.5576923076923077 for label 0 | 1.0 for label 1 | 0.5373134328358209 for label 2
Recall: 0.6170212765957447 for label 0 | 0.02702702702702703 for label 1 | 0.6666666666666666 for label 2
F1 micro: 0.5481171548117155
F1 macro: 0.4111771623733346
With contradiction_threshold = 0.17172142847731475 and entailment_threshold = 0.1
Precision: 0.4911242603550296 for label 0 | 0.28 for label 1 | 0.5777777777777777 for label 2
Recall: 0.8829787234042553 for label 0 | 0.1891891891891892 for label 1 | 0.24074074074074073 for label 2
F1 micro: 0.48535564853556484
F1 macro: 0.3989514799609965
With contradiction_threshold = 0.17172142847731475 and entailment_threshold = 0.2
Precision: 0.5354330708661418 for label 0 | 0.22580645161290322 for label 1 | 0.5185185185185185 for label 2
Recall: 0.723404255319149 for label 0 | 0.1891891891891892 for label 1 | 0.3888888888888889 for label 2
F1 micro: 0.4895397489539749
F1 macro: 0.4219038042567454
With contradiction_threshold = 0.17172142847731475 and entailment_threshold = 0.30000000000000004
Precision: 0.5903614457831325 for label 0 | 0.20512820512820512 for label 1 | 0.48717948717948717 for label 2
Recall: 0.5212765957446809 for label 0 | 0.21621621621621623 for label 1 | 0.5277777777777778 for label 2
F1 micro: 0.4769874476987448
F1 macro: 0.4236217662801071
With contradiction_threshold = 0.17172142847731475 and entailment_threshold = 0.4
Precision: 0.5737704918032787 for label 0 | 0.23255813953488372 for label 1 | 0.4444444444444444 for label 2
Recall: 0.3723404255319149 for label 0 | 0.2702702702702703 for label 1 | 0.5555555555555556 for label 2
F1 micro: 0.4393305439330544
F1 macro: 0.39848002123987786
With contradiction_threshold = 0.17172142847731475 and entailment_threshold = 0.5
Precision: 0.6190476190476191 for label 0 | 0.2391304347826087 for label 1 | 0.44370860927152317 for label 2
Recall: 0.2765957446808511 for label 0 | 0.2972972972972973 for label 1 | 0.6203703703703703 for label 2
F1 micro: 0.4351464435146444
F1 macro: 0.3882625665049478
With contradiction_threshold = 0.17172142847731475 and entailment_threshold = 0.6
Precision: 0.7272727272727273 for label 0 | 0.23404255319148937 for label 1 | 0.4411764705882353 for label 2
Recall: 0.1702127659574468 for label 0 | 0.2972972972972973 for label 1 | 0.6944444444444444 for label 2
F1 micro: 0.42677824267782427
F1 macro: 0.35911172539800673
With contradiction_threshold = 0.17172142847731475 and entailment_threshold = 0.7000000000000001
Precision: 0.6875 for label 0 | 0.25 for label 1 | 0.42857142857142855 for label 2
Recall: 0.11702127659574468 for label 0 | 0.32432432432432434 for label 1 | 0.6944444444444444 for label 2
F1 micro: 0.41004184100418406
F1 macro: 0.33746275895517214
With contradiction_threshold = 0.17172142847731475 and entailment_threshold = 0.8
Precision: 0.6153846153846154 for label 0 | 0.25 for label 1 | 0.42134831460674155 for label 2
Recall: 0.0851063829787234 for label 0 | 0.32432432432432434 for label 1 | 0.6944444444444444 for label 2
F1 micro: 0.39748953974895396
F1 macro: 0.31878705864412293
With contradiction_threshold = 0.17172142847731475 and entailment_threshold = 0.9
Precision: 0.4444444444444444 for label 0 | 0.25 for label 1 | 0.41208791208791207 for label 2
Recall: 0.0425531914893617 for label 0 | 0.32432432432432434 for label 1 | 0.6944444444444444 for label 2
F1 micro: 0.3807531380753138
F1 macro: 0.29242140779981224
