With contradiction_threshold = 0.33315111575368617 and entailment_threshold = 0.3801443681101073 * COMPUTED THRESHOLDS
Precision: 0.24358974358974358 for label 0 | 0.375 for label 1 | 0.8095238095238095 for label 2
Recall: 0.9047619047619048 for label 0 | 0.16666666666666666 for label 1 | 0.25 for label 2
F1 micro: 0.36448598130841114
F1 macro: 0.3322100288392424
With contradiction_threshold = 0.1 and entailment_threshold = 0.3801443681101073
Precision: 0.2714285714285714 for label 0 | 0.21739130434782608 for label 1 | 0.7142857142857143 for label 2
Recall: 0.9047619047619048 for label 0 | 0.2777777777777778 for label 1 | 0.14705882352941177 for label 2
F1 micro: 0.3177570093457944
F1 macro: 0.30179576521039936
With contradiction_threshold = 0.2 and entailment_threshold = 0.3801443681101073
Precision: 0.2602739726027397 for label 0 | 0.25 for label 1 | 0.7777777777777778 for label 2
Recall: 0.9047619047619048 for label 0 | 0.2222222222222222 for label 1 | 0.20588235294117646 for label 2
F1 micro: 0.34579439252336447
F1 macro: 0.32171027738161073
With contradiction_threshold = 0.30000000000000004 and entailment_threshold = 0.3801443681101073
Precision: 0.24675324675324675 for label 0 | 0.3 for label 1 | 0.8 for label 2
Recall: 0.9047619047619048 for label 0 | 0.16666666666666666 for label 1 | 0.23529411764705882 for label 2
F1 micro: 0.35514018691588783
F1 macro: 0.32189239332096475
With contradiction_threshold = 0.4 and entailment_threshold = 0.3801443681101073
Precision: 0.24050632911392406 for label 0 | 0.4 for label 1 | 0.8260869565217391 for label 2
Recall: 0.9047619047619048 for label 0 | 0.1111111111111111 for label 1 | 0.27941176470588236 for label 2
F1 micro: 0.37383177570093457
F1 macro: 0.3238318203535595
With contradiction_threshold = 0.5 and entailment_threshold = 0.3801443681101073
Precision: 0.2375 for label 0 | 0.5 for label 1 | 0.8260869565217391 for label 2
Recall: 0.9047619047619048 for label 0 | 0.1111111111111111 for label 1 | 0.27941176470588236 for label 2
F1 micro: 0.37383177570093457
F1 macro: 0.32521274105432524
With contradiction_threshold = 0.6 and entailment_threshold = 0.3801443681101073
Precision: 0.2345679012345679 for label 0 | 0.6666666666666666 for label 1 | 0.8260869565217391 for label 2
Recall: 0.9047619047619048 for label 0 | 0.1111111111111111 for label 1 | 0.27941176470588236 for label 2
F1 micro: 0.37383177570093457
F1 macro: 0.3268692092221504
With contradiction_threshold = 0.7000000000000001 and entailment_threshold = 0.3801443681101073
Precision: 0.2345679012345679 for label 0 | 1.0 for label 1 | 0.8 for label 2
Recall: 0.9047619047619048 for label 0 | 0.05555555555555555 for label 1 | 0.29411764705882354 for label 2
F1 micro: 0.37383177570093457
F1 macro: 0.30263990146143344
With contradiction_threshold = 0.8 and entailment_threshold = 0.3801443681101073
Precision: 0.2345679012345679 for label 0 | 0.0 for label 1 | 0.7692307692307693 for label 2
Recall: 0.9047619047619048 for label 0 | 0.0 for label 1 | 0.29411764705882354 for label 2
F1 micro: 0.36448598130841114
F1 macro: 0.26602697816715337
With contradiction_threshold = 0.9 and entailment_threshold = 0.3801443681101073
Precision: 0.2345679012345679 for label 0 | 0.0 for label 1 | 0.7692307692307693 for label 2
Recall: 0.9047619047619048 for label 0 | 0.0 for label 1 | 0.29411764705882354 for label 2
F1 micro: 0.36448598130841114
F1 macro: 0.26602697816715337
With contradiction_threshold = 0.33315111575368617 and entailment_threshold = 0.1
Precision: 0.20202020202020202 for label 0 | 0.6666666666666666 for label 1 | 0.8 for label 2
Recall: 0.9523809523809523 for label 0 | 0.1111111111111111 for label 1 | 0.058823529411764705 for label 2
F1 micro: 0.24299065420560748
F1 macro: 0.21113285496847142
With contradiction_threshold = 0.33315111575368617 and entailment_threshold = 0.2
Precision: 0.21505376344086022 for label 0 | 0.6666666666666666 for label 1 | 0.8181818181818182 for label 2
Recall: 0.9523809523809523 for label 0 | 0.1111111111111111 for label 1 | 0.1323529411764706 for label 2
F1 micro: 0.2897196261682243
F1 macro: 0.2564004949081565
With contradiction_threshold = 0.33315111575368617 and entailment_threshold = 0.30000000000000004
Precision: 0.24096385542168675 for label 0 | 0.3333333333333333 for label 1 | 0.8888888888888888 for label 2
Recall: 0.9523809523809523 for label 0 | 0.1111111111111111 for label 1 | 0.23529411764705882 for label 2
F1 micro: 0.35514018691588783
F1 macro: 0.3077916915126217
With contradiction_threshold = 0.33315111575368617 and entailment_threshold = 0.4
Precision: 0.25 for label 0 | 0.3333333333333333 for label 1 | 0.7727272727272727 for label 2
Recall: 0.9047619047619048 for label 0 | 0.16666666666666666 for label 1 | 0.25 for label 2
F1 micro: 0.36448598130841114
F1 macro: 0.33058419243986253
With contradiction_threshold = 0.33315111575368617 and entailment_threshold = 0.5
Precision: 0.2878787878787879 for label 0 | 0.3333333333333333 for label 1 | 0.8275862068965517 for label 2
Recall: 0.9047619047619048 for label 0 | 0.2222222222222222 for label 1 | 0.35294117647058826 for label 2
F1 micro: 0.4392523364485981
F1 macro: 0.3994312122289371
With contradiction_threshold = 0.33315111575368617 and entailment_threshold = 0.6
Precision: 0.3137254901960784 for label 0 | 0.3076923076923077 for label 1 | 0.7674418604651163 for label 2
Recall: 0.7619047619047619 for label 0 | 0.2222222222222222 for label 1 | 0.4852941176470588 for label 2
F1 micro: 0.4953271028037383
F1 macro: 0.4323678517226904
With contradiction_threshold = 0.33315111575368617 and entailment_threshold = 0.7000000000000001
Precision: 0.34146341463414637 for label 0 | 0.3076923076923077 for label 1 | 0.7735849056603774 for label 2
Recall: 0.6666666666666666 for label 0 | 0.2222222222222222 for label 1 | 0.6029411764705882 for label 2
F1 micro: 0.5514018691588785
F1 macro: 0.46245445658935397
With contradiction_threshold = 0.33315111575368617 and entailment_threshold = 0.8
Precision: 0.42857142857142855 for label 0 | 0.3076923076923077 for label 1 | 0.7272727272727273 for label 2
Recall: 0.5714285714285714 for label 0 | 0.2222222222222222 for label 1 | 0.7058823529411765 for label 2
F1 micro: 0.5981308411214953
F1 macro: 0.48809278164804687
With contradiction_threshold = 0.33315111575368617 and entailment_threshold = 0.9
Precision: 0.3684210526315789 for label 0 | 0.3076923076923077 for label 1 | 0.6666666666666666 for label 2
Recall: 0.3333333333333333 for label 0 | 0.2222222222222222 for label 1 | 0.7352941176470589 for label 2
F1 micro: 0.5700934579439252
F1 macro: 0.4357884051432439
