With contradiction_threshold = 0.2395253195161331 and entailment_threshold = 0.41810082644224167 * COMPUTED THRESHOLDS
Precision: 0.23684210526315788 for label 0 | 0.25 for label 1 | 0.8148148148148148 for label 2
Recall: 0.8571428571428571 for label 0 | 0.05555555555555555 for label 1 | 0.3235294117647059 for label 2
F1 micro: 0.383177570093458
F1 macro: 0.3084003354214966
With contradiction_threshold = 0.1 and entailment_threshold = 0.41810082644224167
Precision: 0.265625 for label 0 | 0.20833333333333334 for label 1 | 0.7894736842105263 for label 2
Recall: 0.8095238095238095 for label 0 | 0.2777777777777778 for label 1 | 0.22058823529411764 for label 2
F1 micro: 0.34579439252336447
F1 macro: 0.32764094143404493
With contradiction_threshold = 0.2 and entailment_threshold = 0.41810082644224167
Precision: 0.24324324324324326 for label 0 | 0.25 for label 1 | 0.8 for label 2
Recall: 0.8571428571428571 for label 0 | 0.1111111111111111 for label 1 | 0.29411764705882354 for label 2
F1 micro: 0.37383177570093457
F1 macro: 0.32096701638297565
With contradiction_threshold = 0.30000000000000004 and entailment_threshold = 0.41810082644224167
Precision: 0.23376623376623376 for label 0 | 0.5 for label 1 | 0.8214285714285714 for label 2
Recall: 0.8571428571428571 for label 0 | 0.05555555555555555 for label 1 | 0.3382352941176471 for label 2
F1 micro: 0.39252336448598124
F1 macro: 0.31550453514739235
With contradiction_threshold = 0.4 and entailment_threshold = 0.41810082644224167
Precision: 0.23376623376623376 for label 0 | 0.5 for label 1 | 0.8214285714285714 for label 2
Recall: 0.8571428571428571 for label 0 | 0.05555555555555555 for label 1 | 0.3382352941176471 for label 2
F1 micro: 0.39252336448598124
F1 macro: 0.31550453514739235
With contradiction_threshold = 0.5 and entailment_threshold = 0.41810082644224167
Precision: 0.23376623376623376 for label 0 | 1.0 for label 1 | 0.8275862068965517 for label 2
Recall: 0.8571428571428571 for label 0 | 0.05555555555555555 for label 1 | 0.35294117647058826 for label 2
F1 micro: 0.40186915887850466
F1 macro: 0.3224851524983298
With contradiction_threshold = 0.6 and entailment_threshold = 0.41810082644224167
Precision: 0.23376623376623376 for label 0 | 1.0 for label 1 | 0.8275862068965517 for label 2
Recall: 0.8571428571428571 for label 0 | 0.05555555555555555 for label 1 | 0.35294117647058826 for label 2
F1 micro: 0.40186915887850466
F1 macro: 0.3224851524983298
With contradiction_threshold = 0.7000000000000001 and entailment_threshold = 0.41810082644224167
Precision: 0.23376623376623376 for label 0 | 0.0 for label 1 | 0.8 for label 2
Recall: 0.8571428571428571 for label 0 | 0.0 for label 1 | 0.35294117647058826 for label 2
F1 micro: 0.39252336448598124
F1 macro: 0.28571428571428575
With contradiction_threshold = 0.8 and entailment_threshold = 0.41810082644224167
Precision: 0.23376623376623376 for label 0 | 0.0 for label 1 | 0.8 for label 2
Recall: 0.8571428571428571 for label 0 | 0.0 for label 1 | 0.35294117647058826 for label 2
F1 micro: 0.39252336448598124
F1 macro: 0.28571428571428575
With contradiction_threshold = 0.9 and entailment_threshold = 0.41810082644224167
Precision: 0.23376623376623376 for label 0 | 0.0 for label 1 | 0.8 for label 2
Recall: 0.8571428571428571 for label 0 | 0.0 for label 1 | 0.35294117647058826 for label 2
F1 micro: 0.39252336448598124
F1 macro: 0.28571428571428575
With contradiction_threshold = 0.2395253195161331 and entailment_threshold = 0.1
Precision: 0.19811320754716982 for label 0 | 1.0 for label 1 | 0.0 for label 2
Recall: 1.0 for label 0 | 0.05555555555555555 for label 1 | 0.0 for label 2
F1 micro: 0.205607476635514
F1 macro: 0.14532393977068656
With contradiction_threshold = 0.2395253195161331 and entailment_threshold = 0.2
Precision: 0.20388349514563106 for label 0 | 0.5 for label 1 | 1.0 for label 2
Recall: 1.0 for label 0 | 0.05555555555555555 for label 1 | 0.029411764705882353 for label 2
F1 micro: 0.22429906542056074
F1 macro: 0.165284178187404
With contradiction_threshold = 0.2395253195161331 and entailment_threshold = 0.30000000000000004
Precision: 0.22105263157894736 for label 0 | 0.3333333333333333 for label 1 | 1.0 for label 2
Recall: 1.0 for label 0 | 0.05555555555555555 for label 1 | 0.1323529411764706 for label 2
F1 micro: 0.2897196261682243
F1 macro: 0.23035776484052348
With contradiction_threshold = 0.2395253195161331 and entailment_threshold = 0.4
Precision: 0.2289156626506024 for label 0 | 0.3333333333333333 for label 1 | 0.8571428571428571 for label 2
Recall: 0.9047619047619048 for label 0 | 0.05555555555555555 for label 1 | 0.2647058823529412 for label 2
F1 micro: 0.35514018691588783
F1 macro: 0.28837236421506085
With contradiction_threshold = 0.2395253195161331 and entailment_threshold = 0.5
Precision: 0.27419354838709675 for label 0 | 0.2222222222222222 for label 1 | 0.75 for label 2
Recall: 0.8095238095238095 for label 0 | 0.1111111111111111 for label 1 | 0.39705882352941174 for label 2
F1 micro: 0.42990654205607476
F1 macro: 0.3590058238652616
With contradiction_threshold = 0.2395253195161331 and entailment_threshold = 0.6
Precision: 0.2702702702702703 for label 0 | 0.18181818181818182 for label 1 | 0.7288135593220338 for label 2
Recall: 0.47619047619047616 for label 0 | 0.1111111111111111 for label 1 | 0.6323529411764706 for label 2
F1 micro: 0.514018691588785
F1 macro: 0.38664132500678794
With contradiction_threshold = 0.2395253195161331 and entailment_threshold = 0.7000000000000001
Precision: 0.3 for label 0 | 0.18181818181818182 for label 1 | 0.6710526315789473 for label 2
Recall: 0.2857142857142857 for label 0 | 0.1111111111111111 for label 1 | 0.75 for label 2
F1 micro: 0.5514018691588785
F1 macro: 0.3796490982151201
With contradiction_threshold = 0.2395253195161331 and entailment_threshold = 0.8
Precision: 0.3076923076923077 for label 0 | 0.18181818181818182 for label 1 | 0.6626506024096386 for label 2
Recall: 0.19047619047619047 for label 0 | 0.1111111111111111 for label 1 | 0.8088235294117647 for label 2
F1 micro: 0.5700934579439252
F1 macro: 0.36723399110729016
With contradiction_threshold = 0.2395253195161331 and entailment_threshold = 0.9
Precision: 0.3333333333333333 for label 0 | 0.18181818181818182 for label 1 | 0.6444444444444445 for label 2
Recall: 0.09523809523809523 for label 0 | 0.1111111111111111 for label 1 | 0.8529411764705882 for label 2
F1 micro: 0.5794392523364486
F1 macro: 0.34008546594026007
