With contradiction_threshold = 0.24418155079881165 and entailment_threshold = 0.4116116618594958 * COMPUTED THRESHOLDS
Precision: 0.24390243902439024 for label 0 | 0.25 for label 1 | 0.9047619047619048 for label 2
Recall: 0.9523809523809523 for label 0 | 0.05555555555555555 for label 1 | 0.27941176470588236 for label 2
F1 micro: 0.37383177570093457
F1 macro: 0.30207496586900967
With contradiction_threshold = 0.1 and entailment_threshold = 0.4116116618594958
Precision: 0.27941176470588236 for label 0 | 0.24 for label 1 | 0.9285714285714286 for label 2
Recall: 0.9047619047619048 for label 0 | 0.3333333333333333 for label 1 | 0.19117647058823528 for label 2
F1 micro: 0.35514018691588783
F1 macro: 0.3410364101027998
With contradiction_threshold = 0.2 and entailment_threshold = 0.4116116618594958
Precision: 0.2564102564102564 for label 0 | 0.3333333333333333 for label 1 | 0.9 for label 2
Recall: 0.9523809523809523 for label 0 | 0.16666666666666666 for label 1 | 0.2647058823529412 for label 2
F1 micro: 0.383177570093458
F1 macro: 0.34511784511784516
With contradiction_threshold = 0.30000000000000004 and entailment_threshold = 0.4116116618594958
Precision: 0.24096385542168675 for label 0 | 0.5 for label 1 | 0.9090909090909091 for label 2
Recall: 0.9523809523809523 for label 0 | 0.05555555555555555 for label 1 | 0.29411764705882354 for label 2
F1 micro: 0.383177570093458
F1 macro: 0.3096866096866097
With contradiction_threshold = 0.4 and entailment_threshold = 0.4116116618594958
Precision: 0.24096385542168675 for label 0 | 0.5 for label 1 | 0.9090909090909091 for label 2
Recall: 0.9523809523809523 for label 0 | 0.05555555555555555 for label 1 | 0.29411764705882354 for label 2
F1 micro: 0.383177570093458
F1 macro: 0.3096866096866097
With contradiction_threshold = 0.5 and entailment_threshold = 0.4116116618594958
Precision: 0.24096385542168675 for label 0 | 1.0 for label 1 | 0.9130434782608695 for label 2
Recall: 0.9523809523809523 for label 0 | 0.05555555555555555 for label 1 | 0.3088235294117647 for label 2
F1 micro: 0.39252336448598124
F1 macro: 0.31713900134952766
With contradiction_threshold = 0.6 and entailment_threshold = 0.4116116618594958
Precision: 0.24096385542168675 for label 0 | 1.0 for label 1 | 0.9130434782608695 for label 2
Recall: 0.9523809523809523 for label 0 | 0.05555555555555555 for label 1 | 0.3088235294117647 for label 2
F1 micro: 0.39252336448598124
F1 macro: 0.31713900134952766
With contradiction_threshold = 0.7000000000000001 and entailment_threshold = 0.4116116618594958
Precision: 0.24096385542168675 for label 0 | 0.0 for label 1 | 0.875 for label 2
Recall: 0.9523809523809523 for label 0 | 0.0 for label 1 | 0.3088235294117647 for label 2
F1 micro: 0.383177570093458
F1 macro: 0.28037904124860646
With contradiction_threshold = 0.8 and entailment_threshold = 0.4116116618594958
Precision: 0.24096385542168675 for label 0 | 0.0 for label 1 | 0.875 for label 2
Recall: 0.9523809523809523 for label 0 | 0.0 for label 1 | 0.3088235294117647 for label 2
F1 micro: 0.383177570093458
F1 macro: 0.28037904124860646
With contradiction_threshold = 0.9 and entailment_threshold = 0.4116116618594958
Precision: 0.24096385542168675 for label 0 | 0.0 for label 1 | 0.875 for label 2
Recall: 0.9523809523809523 for label 0 | 0.0 for label 1 | 0.3088235294117647 for label 2
F1 micro: 0.383177570093458
F1 macro: 0.28037904124860646
With contradiction_threshold = 0.24418155079881165 and entailment_threshold = 0.1
Precision: 0.19811320754716982 for label 0 | 1.0 for label 1 | 0.0 for label 2
Recall: 1.0 for label 0 | 0.05555555555555555 for label 1 | 0.0 for label 2
F1 micro: 0.205607476635514
F1 macro: 0.14532393977068656
With contradiction_threshold = 0.24418155079881165 and entailment_threshold = 0.2
Precision: 0.20388349514563106 for label 0 | 0.5 for label 1 | 1.0 for label 2
Recall: 1.0 for label 0 | 0.05555555555555555 for label 1 | 0.029411764705882353 for label 2
F1 micro: 0.22429906542056074
F1 macro: 0.165284178187404
With contradiction_threshold = 0.24418155079881165 and entailment_threshold = 0.30000000000000004
Precision: 0.22340425531914893 for label 0 | 0.3333333333333333 for label 1 | 1.0 for label 2
Recall: 1.0 for label 0 | 0.05555555555555555 for label 1 | 0.14705882352941177 for label 2
F1 micro: 0.29906542056074764
F1 macro: 0.23895524765089982
With contradiction_threshold = 0.24418155079881165 and entailment_threshold = 0.4
Precision: 0.23529411764705882 for label 0 | 0.3333333333333333 for label 1 | 0.8947368421052632 for label 2
Recall: 0.9523809523809523 for label 0 | 0.05555555555555555 for label 1 | 0.25 for label 2
F1 micro: 0.35514018691588783
F1 macro: 0.2878003945017608
With contradiction_threshold = 0.24418155079881165 and entailment_threshold = 0.5
Precision: 0.26153846153846155 for label 0 | 0.2222222222222222 for label 1 | 0.7575757575757576 for label 2
Recall: 0.8095238095238095 for label 0 | 0.1111111111111111 for label 1 | 0.36764705882352944 for label 2
F1 micro: 0.411214953271028
F1 macro: 0.34618216343598185
With contradiction_threshold = 0.24418155079881165 and entailment_threshold = 0.6
Precision: 0.2894736842105263 for label 0 | 0.18181818181818182 for label 1 | 0.7413793103448276 for label 2
Recall: 0.5238095238095238 for label 0 | 0.1111111111111111 for label 1 | 0.6323529411764706 for label 2
F1 micro: 0.5233644859813084
F1 macro: 0.39778402431821486
With contradiction_threshold = 0.24418155079881165 and entailment_threshold = 0.7000000000000001
Precision: 0.2727272727272727 for label 0 | 0.18181818181818182 for label 1 | 0.6891891891891891 for label 2
Recall: 0.2857142857142857 for label 0 | 0.1111111111111111 for label 1 | 0.75 for label 2
F1 micro: 0.5514018691588785
F1 macro: 0.37843688702651623
With contradiction_threshold = 0.24418155079881165 and entailment_threshold = 0.8
Precision: 0.2857142857142857 for label 0 | 0.18181818181818182 for label 1 | 0.6585365853658537 for label 2
Recall: 0.19047619047619047 for label 0 | 0.1111111111111111 for label 1 | 0.7941176470588235 for label 2
F1 micro: 0.5607476635514018
F1 macro: 0.362167487684729
With contradiction_threshold = 0.24418155079881165 and entailment_threshold = 0.9
Precision: 0.3333333333333333 for label 0 | 0.18181818181818182 for label 1 | 0.6444444444444445 for label 2
Recall: 0.09523809523809523 for label 0 | 0.1111111111111111 for label 1 | 0.8529411764705882 for label 2
F1 micro: 0.5794392523364486
F1 macro: 0.34008546594026007
