With contradiction_threshold = 0.2956524018663913 and entailment_threshold = 0.4006892955658259 * COMPUTED THRESHOLDS
Precision: 0.2702702702702703 for label 0 | 0.23076923076923078 for label 1 | 0.85 for label 2
Recall: 0.9523809523809523 for label 0 | 0.16666666666666666 for label 1 | 0.25 for label 2
F1 micro: 0.37383177570093457
F1 macro: 0.3336548850131193
With contradiction_threshold = 0.1 and entailment_threshold = 0.4006892955658259
Precision: 0.3076923076923077 for label 0 | 0.25 for label 1 | 0.7857142857142857 for label 2
Recall: 0.9523809523809523 for label 0 | 0.3888888888888889 for label 1 | 0.16176470588235295 for label 2
F1 micro: 0.35514018691588783
F1 macro: 0.34591892936118446
With contradiction_threshold = 0.2 and entailment_threshold = 0.4006892955658259
Precision: 0.2857142857142857 for label 0 | 0.2631578947368421 for label 1 | 0.8333333333333334 for label 2
Recall: 0.9523809523809523 for label 0 | 0.2777777777777778 for label 1 | 0.22058823529411764 for label 2
F1 micro: 0.37383177570093457
F1 macro: 0.3528893063776784
With contradiction_threshold = 0.30000000000000004 and entailment_threshold = 0.4006892955658259
Precision: 0.2702702702702703 for label 0 | 0.23076923076923078 for label 1 | 0.85 for label 2
Recall: 0.9523809523809523 for label 0 | 0.16666666666666666 for label 1 | 0.25 for label 2
F1 micro: 0.37383177570093457
F1 macro: 0.3336548850131193
With contradiction_threshold = 0.4 and entailment_threshold = 0.4006892955658259
Precision: 0.2597402597402597 for label 0 | 0.5 for label 1 | 0.875 for label 2
Recall: 0.9523809523809523 for label 0 | 0.16666666666666666 for label 1 | 0.3088235294117647 for label 2
F1 micro: 0.411214953271028
F1 macro: 0.3715616681455191
With contradiction_threshold = 0.5 and entailment_threshold = 0.4006892955658259
Precision: 0.25316455696202533 for label 0 | 0.5 for label 1 | 0.875 for label 2
Recall: 0.9523809523809523 for label 0 | 0.1111111111111111 for label 1 | 0.3088235294117647 for label 2
F1 micro: 0.40186915887850466
F1 macro: 0.3461133069828722
With contradiction_threshold = 0.6 and entailment_threshold = 0.4006892955658259
Precision: 0.25 for label 0 | 0.6666666666666666 for label 1 | 0.875 for label 2
Recall: 0.9523809523809523 for label 0 | 0.1111111111111111 for label 1 | 0.3088235294117647 for label 2
F1 micro: 0.40186915887850466
F1 macro: 0.3476791778556738
With contradiction_threshold = 0.7000000000000001 and entailment_threshold = 0.4006892955658259
Precision: 0.25 for label 0 | 1.0 for label 1 | 0.8461538461538461 for label 2
Recall: 0.9523809523809523 for label 0 | 0.05555555555555555 for label 1 | 0.3235294117647059 for label 2
F1 micro: 0.40186915887850466
F1 macro: 0.32312928941270386
With contradiction_threshold = 0.8 and entailment_threshold = 0.4006892955658259
Precision: 0.25 for label 0 | 0.0 for label 1 | 0.8148148148148148 for label 2
Recall: 0.9523809523809523 for label 0 | 0.0 for label 1 | 0.3235294117647059 for label 2
F1 micro: 0.39252336448598124
F1 macro: 0.28639916623241274
With contradiction_threshold = 0.9 and entailment_threshold = 0.4006892955658259
Precision: 0.25 for label 0 | 0.0 for label 1 | 0.8148148148148148 for label 2
Recall: 0.9523809523809523 for label 0 | 0.0 for label 1 | 0.3235294117647059 for label 2
F1 micro: 0.39252336448598124
F1 macro: 0.28639916623241274
With contradiction_threshold = 0.2956524018663913 and entailment_threshold = 0.1
Precision: 0.20202020202020202 for label 0 | 0.6666666666666666 for label 1 | 0.8 for label 2
Recall: 0.9523809523809523 for label 0 | 0.1111111111111111 for label 1 | 0.058823529411764705 for label 2
F1 micro: 0.24299065420560748
F1 macro: 0.21113285496847142
With contradiction_threshold = 0.2956524018663913 and entailment_threshold = 0.2
Precision: 0.21978021978021978 for label 0 | 0.5 for label 1 | 0.8333333333333334 for label 2
Recall: 0.9523809523809523 for label 0 | 0.1111111111111111 for label 1 | 0.14705882352941177 for label 2
F1 micro: 0.29906542056074764
F1 macro: 0.262987012987013
With contradiction_threshold = 0.2956524018663913 and entailment_threshold = 0.30000000000000004
Precision: 0.24390243902439024 for label 0 | 0.375 for label 1 | 0.8235294117647058 for label 2
Recall: 0.9523809523809523 for label 0 | 0.16666666666666666 for label 1 | 0.20588235294117646 for label 2
F1 micro: 0.34579439252336447
F1 macro: 0.31617683667940666
With contradiction_threshold = 0.2956524018663913 and entailment_threshold = 0.4
Precision: 0.2702702702702703 for label 0 | 0.23076923076923078 for label 1 | 0.85 for label 2
Recall: 0.9523809523809523 for label 0 | 0.16666666666666666 for label 1 | 0.25 for label 2
F1 micro: 0.37383177570093457
F1 macro: 0.3336548850131193
With contradiction_threshold = 0.2956524018663913 and entailment_threshold = 0.5
Precision: 0.30303030303030304 for label 0 | 0.25 for label 1 | 0.84 for label 2
Recall: 0.9523809523809523 for label 0 | 0.2222222222222222 for label 1 | 0.3088235294117647 for label 2
F1 micro: 0.4205607476635514
F1 macro: 0.38222571193846466
With contradiction_threshold = 0.2956524018663913 and entailment_threshold = 0.6
Precision: 0.34615384615384615 for label 0 | 0.29411764705882354 for label 1 | 0.7894736842105263 for label 2
Recall: 0.8571428571428571 for label 0 | 0.2777777777777778 for label 1 | 0.4411764705882353 for label 2
F1 micro: 0.4953271028037383
F1 macro: 0.4483009021649497
With contradiction_threshold = 0.2956524018663913 and entailment_threshold = 0.7000000000000001
Precision: 0.3902439024390244 for label 0 | 0.29411764705882354 for label 1 | 0.7755102040816326 for label 2
Recall: 0.7619047619047619 for label 0 | 0.2777777777777778 for label 1 | 0.5588235294117647 for label 2
F1 micro: 0.5514018691588785
F1 macro: 0.483805322515
With contradiction_threshold = 0.2956524018663913 and entailment_threshold = 0.8
Precision: 0.48148148148148145 for label 0 | 0.29411764705882354 for label 1 | 0.7301587301587301 for label 2
Recall: 0.6190476190476191 for label 0 | 0.2777777777777778 for label 1 | 0.6764705882352942 for label 2
F1 micro: 0.5981308411214953
F1 macro: 0.5098903429056101
With contradiction_threshold = 0.2956524018663913 and entailment_threshold = 0.9
Precision: 0.4375 for label 0 | 0.29411764705882354 for label 1 | 0.6621621621621622 for label 2
Recall: 0.3333333333333333 for label 0 | 0.2777777777777778 for label 1 | 0.7205882352941176 for label 2
F1 micro: 0.5700934579439252
F1 macro: 0.45141116972102885
