With contradiction_threshold = 0.3970795792147328 and entailment_threshold = 0.6020054374890975 * COMPUTED THRESHOLDS
Precision: 0.44751381215469616 for label 0 | 0.2727272727272727 for label 1 | 0.6170212765957447 for label 2
Recall: 0.8617021276595744 for label 0 | 0.08108108108108109 for label 1 | 0.26851851851851855 for label 2
F1 micro: 0.47280334728033474
F1 macro: 0.362761485826002
With contradiction_threshold = 0.1 and entailment_threshold = 0.6020054374890975
Precision: 0.4676258992805755 for label 0 | 0.21839080459770116 for label 1 | 0.6153846153846154 for label 2
Recall: 0.6914893617021277 for label 0 | 0.5135135135135135 for label 1 | 0.07407407407407407 for label 2
F1 micro: 0.3849372384937239
F1 macro: 0.3322076440083312
With contradiction_threshold = 0.2 and entailment_threshold = 0.6020054374890975
Precision: 0.4662576687116564 for label 0 | 0.22916666666666666 for label 1 | 0.5714285714285714 for label 2
Recall: 0.8085106382978723 for label 0 | 0.2972972972972973 for label 1 | 0.14814814814814814 for label 2
F1 micro: 0.4309623430962343
F1 macro: 0.36185244525825894
With contradiction_threshold = 0.30000000000000004 and entailment_threshold = 0.6020054374890975
Precision: 0.449438202247191 for label 0 | 0.21739130434782608 for label 1 | 0.5526315789473685 for label 2
Recall: 0.851063829787234 for label 0 | 0.13513513513513514 for label 1 | 0.19444444444444445 for label 2
F1 micro: 0.4435146443514644
F1 macro: 0.3475243978870086
With contradiction_threshold = 0.4 and entailment_threshold = 0.6020054374890975
Precision: 0.44751381215469616 for label 0 | 0.2727272727272727 for label 1 | 0.6170212765957447 for label 2
Recall: 0.8617021276595744 for label 0 | 0.08108108108108109 for label 1 | 0.26851851851851855 for label 2
F1 micro: 0.47280334728033474
F1 macro: 0.362761485826002
With contradiction_threshold = 0.5 and entailment_threshold = 0.6020054374890975
Precision: 0.44751381215469616 for label 0 | 0.0 for label 1 | 0.5925925925925926 for label 2
Recall: 0.8617021276595744 for label 0 | 0.0 for label 1 | 0.2962962962962963 for label 2
F1 micro: 0.47280334728033474
F1 macro: 0.32805087916199027
With contradiction_threshold = 0.6 and entailment_threshold = 0.6020054374890975
Precision: 0.44751381215469616 for label 0 | 0.0 for label 1 | 0.5789473684210527 for label 2
Recall: 0.8617021276595744 for label 0 | 0.0 for label 1 | 0.3055555555555556 for label 2
F1 micro: 0.4769874476987448
F1 macro: 0.32969696969696977
With contradiction_threshold = 0.7000000000000001 and entailment_threshold = 0.6020054374890975
Precision: 0.44751381215469616 for label 0 | 0.0 for label 1 | 0.5689655172413793 for label 2
Recall: 0.8617021276595744 for label 0 | 0.0 for label 1 | 0.3055555555555556 for label 2
F1 micro: 0.4769874476987448
F1 macro: 0.3288937568455641
With contradiction_threshold = 0.8 and entailment_threshold = 0.6020054374890975
Precision: 0.44751381215469616 for label 0 | 0.0 for label 1 | 0.5689655172413793 for label 2
Recall: 0.8617021276595744 for label 0 | 0.0 for label 1 | 0.3055555555555556 for label 2
F1 micro: 0.4769874476987448
F1 macro: 0.3288937568455641
With contradiction_threshold = 0.9 and entailment_threshold = 0.6020054374890975
Precision: 0.44751381215469616 for label 0 | 0.0 for label 1 | 0.5689655172413793 for label 2
Recall: 0.8617021276595744 for label 0 | 0.0 for label 1 | 0.3055555555555556 for label 2
F1 micro: 0.4769874476987448
F1 macro: 0.3288937568455641
With contradiction_threshold = 0.3970795792147328 and entailment_threshold = 0.1
Precision: 0.3949579831932773 for label 0 | 0.0 for label 1 | 1.0 for label 2
Recall: 1.0 for label 0 | 0.0 for label 1 | 0.009259259259259259 for label 2
F1 micro: 0.39748953974895396
F1 macro: 0.19487122803139165
With contradiction_threshold = 0.3970795792147328 and entailment_threshold = 0.2
Precision: 0.3940677966101695 for label 0 | 0.5 for label 1 | 1.0 for label 2
Recall: 0.9893617021276596 for label 0 | 0.02702702702702703 for label 1 | 0.009259259259259259 for label 2
F1 micro: 0.39748953974895396
F1 macro: 0.2110890129238753
With contradiction_threshold = 0.3970795792147328 and entailment_threshold = 0.30000000000000004
Precision: 0.39574468085106385 for label 0 | 0.3333333333333333 for label 1 | 1.0 for label 2
Recall: 0.9893617021276596 for label 0 | 0.02702702702702703 for label 1 | 0.009259259259259259 for label 2
F1 micro: 0.39748953974895396
F1 macro: 0.21123272264205314
With contradiction_threshold = 0.3970795792147328 and entailment_threshold = 0.4
Precision: 0.3939393939393939 for label 0 | 0.2 for label 1 | 1.0 for label 2
Recall: 0.9680851063829787 for label 0 | 0.02702702702702703 for label 1 | 0.027777777777777776 for label 2
F1 micro: 0.39748953974895396
F1 macro: 0.22055770055770052
With contradiction_threshold = 0.3970795792147328 and entailment_threshold = 0.5
Precision: 0.4055299539170507 for label 0 | 0.2 for label 1 | 0.5833333333333334 for label 2
Recall: 0.9361702127659575 for label 0 | 0.05405405405405406 for label 1 | 0.06481481481481481 for label 2
F1 micro: 0.40585774058577406
F1 macro: 0.2558964827864055
With contradiction_threshold = 0.3970795792147328 and entailment_threshold = 0.6
Precision: 0.43783783783783786 for label 0 | 0.2727272727272727 for label 1 | 0.5813953488372093 for label 2
Recall: 0.8617021276595744 for label 0 | 0.08108108108108109 for label 1 | 0.23148148148148148 for label 2
F1 micro: 0.4560669456066946
F1 macro: 0.3455903297016307
With contradiction_threshold = 0.3970795792147328 and entailment_threshold = 0.7000000000000001
Precision: 0.5040650406504065 for label 0 | 0.2727272727272727 for label 1 | 0.5238095238095238 for label 2
Recall: 0.6595744680851063 for label 0 | 0.08108108108108109 for label 1 | 0.5092592592592593 for label 2
F1 micro: 0.502092050209205
F1 macro: 0.40428683210373356
With contradiction_threshold = 0.3970795792147328 and entailment_threshold = 0.8
Precision: 0.575 for label 0 | 0.2727272727272727 for label 1 | 0.5 for label 2
Recall: 0.48936170212765956 for label 0 | 0.08108108108108109 for label 1 | 0.6851851851851852 for label 2
F1 micro: 0.5146443514644351
F1 macro: 0.41062021072796934
With contradiction_threshold = 0.3970795792147328 and entailment_threshold = 0.9
Precision: 0.6571428571428571 for label 0 | 0.2727272727272727 for label 1 | 0.48186528497409326 for label 2
Recall: 0.24468085106382978 for label 0 | 0.08108108108108109 for label 1 | 0.8611111111111112 for label 2
F1 micro: 0.497907949790795
F1 macro: 0.3665097822074566
