With contradiction_threshold = 0.3474386263193998 and entailment_threshold = 0.42972966097924137 * COMPUTED THRESHOLDS
Precision: 0.4397905759162304 for label 0 | 0.21739130434782608 for label 1 | 0.5 for label 2
Recall: 0.8936170212765957 for label 0 | 0.2702702702702703 for label 1 | 0.009259259259259259 for label 2
F1 micro: 0.39748953974895396
F1 macro: 0.28287311927134373
With contradiction_threshold = 0.1 and entailment_threshold = 0.42972966097924137
Precision: 0.4632768361581921 for label 0 | 0.24193548387096775 for label 1 | 0.0 for label 2
Recall: 0.8723404255319149 for label 0 | 0.40540540540540543 for label 1 | 0.0 for label 2
F1 micro: 0.40585774058577406
F1 macro: 0.3027321182302732
With contradiction_threshold = 0.2 and entailment_threshold = 0.42972966097924137
Precision: 0.46111111111111114 for label 0 | 0.25862068965517243 for label 1 | 1.0 for label 2
Recall: 0.8829787234042553 for label 0 | 0.40540540540540543 for label 1 | 0.009259259259259259 for label 2
F1 micro: 0.41422594142259417
F1 macro: 0.3133258378652719
With contradiction_threshold = 0.30000000000000004 and entailment_threshold = 0.42972966097924137
Precision: 0.44919786096256686 for label 0 | 0.26 for label 1 | 0.5 for label 2
Recall: 0.8936170212765957 for label 0 | 0.35135135135135137 for label 1 | 0.009259259259259259 for label 2
F1 micro: 0.41004184100418406
F1 macro: 0.3049657205259119
With contradiction_threshold = 0.4 and entailment_threshold = 0.42972966097924137
Precision: 0.4387755102040816 for label 0 | 0.24390243902439024 for label 1 | 0.5 for label 2
Recall: 0.9148936170212766 for label 0 | 0.2702702702702703 for label 1 | 0.009259259259259259 for label 2
F1 micro: 0.40585774058577406
F1 macro: 0.28923184095597887
With contradiction_threshold = 0.5 and entailment_threshold = 0.42972966097924137
Precision: 0.424390243902439 for label 0 | 0.27586206896551724 for label 1 | 0.8 for label 2
Recall: 0.925531914893617 for label 0 | 0.21621621621621623 for label 1 | 0.037037037037037035 for label 2
F1 micro: 0.41422594142259417
F1 macro: 0.29838683397744575
With contradiction_threshold = 0.6 and entailment_threshold = 0.42972966097924137
Precision: 0.4142857142857143 for label 0 | 0.375 for label 1 | 0.7692307692307693 for label 2
Recall: 0.925531914893617 for label 0 | 0.16216216216216217 for label 1 | 0.09259259259259259 for label 2
F1 micro: 0.4309623430962343
F1 macro: 0.32135759053020047
With contradiction_threshold = 0.7000000000000001 and entailment_threshold = 0.42972966097924137
Precision: 0.4142857142857143 for label 0 | 0.2222222222222222 for label 1 | 0.55 for label 2
Recall: 0.925531914893617 for label 0 | 0.05405405405405406 for label 1 | 0.10185185185185185 for label 2
F1 micro: 0.4184100418410041
F1 macro: 0.277066647597254
With contradiction_threshold = 0.8 and entailment_threshold = 0.42972966097924137
Precision: 0.4142857142857143 for label 0 | 0.0 for label 1 | 0.5769230769230769 for label 2
Recall: 0.925531914893617 for label 0 | 0.0 for label 1 | 0.1388888888888889 for label 2
F1 micro: 0.42677824267782427
F1 macro: 0.2654163393558523
With contradiction_threshold = 0.9 and entailment_threshold = 0.42972966097924137
Precision: 0.4142857142857143 for label 0 | 0.0 for label 1 | 0.5555555555555556 for label 2
Recall: 0.925531914893617 for label 0 | 0.0 for label 1 | 0.1388888888888889 for label 2
F1 micro: 0.42677824267782427
F1 macro: 0.2648635477582846
With contradiction_threshold = 0.3474386263193998 and entailment_threshold = 0.1
Precision: 0.3963963963963964 for label 0 | 0.35294117647058826 for label 1 | 0.0 for label 2
Recall: 0.9361702127659575 for label 0 | 0.16216216216216217 for label 1 | 0.0 for label 2
F1 micro: 0.39330543933054396
F1 macro: 0.2597280825128927
With contradiction_threshold = 0.3474386263193998 and entailment_threshold = 0.2
Precision: 0.4055299539170507 for label 0 | 0.3181818181818182 for label 1 | 0.0 for label 2
Recall: 0.9361702127659575 for label 0 | 0.1891891891891892 for label 1 | 0.0 for label 2
F1 micro: 0.39748953974895396
F1 macro: 0.2677348447690156
With contradiction_threshold = 0.3474386263193998 and entailment_threshold = 0.30000000000000004
Precision: 0.4251207729468599 for label 0 | 0.25 for label 1 | 0.0 for label 2
Recall: 0.9361702127659575 for label 0 | 0.21621621621621623 for label 1 | 0.0 for label 2
F1 micro: 0.401673640167364
F1 macro: 0.27220055531481213
With contradiction_threshold = 0.3474386263193998 and entailment_threshold = 0.4
Precision: 0.441025641025641 for label 0 | 0.23255813953488372 for label 1 | 1.0 for label 2
Recall: 0.9148936170212766 for label 0 | 0.2702702702702703 for label 1 | 0.009259259259259259 for label 2
F1 micro: 0.40585774058577406
F1 macro: 0.28783477773192384
With contradiction_threshold = 0.3474386263193998 and entailment_threshold = 0.5
Precision: 0.45901639344262296 for label 0 | 0.25 for label 1 | 0.75 for label 2
Recall: 0.8936170212765957 for label 0 | 0.35135135135135137 for label 1 | 0.027777777777777776 for label 2
F1 micro: 0.4184100418410041
F1 macro: 0.31740148499265036
With contradiction_threshold = 0.3474386263193998 and entailment_threshold = 0.6
Precision: 0.4823529411764706 for label 0 | 0.2545454545454545 for label 1 | 0.7857142857142857 for label 2
Recall: 0.8723404255319149 for label 0 | 0.3783783783783784 for label 1 | 0.10185185185185185 for label 2
F1 micro: 0.4476987447698745
F1 macro: 0.3686292720505122
With contradiction_threshold = 0.3474386263193998 and entailment_threshold = 0.7000000000000001
Precision: 0.5182481751824818 for label 0 | 0.25 for label 1 | 0.6086956521739131 for label 2
Recall: 0.7553191489361702 for label 0 | 0.3783783783783784 for label 1 | 0.25925925925925924 for label 2
F1 micro: 0.47280334728033474
F1 macro: 0.42647674905739424
With contradiction_threshold = 0.3474386263193998 and entailment_threshold = 0.8
Precision: 0.5471698113207547 for label 0 | 0.25 for label 1 | 0.4935064935064935 for label 2
Recall: 0.6170212765957447 for label 0 | 0.3783783783783784 for label 1 | 0.35185185185185186 for label 2
F1 micro: 0.4602510460251046
F1 macro: 0.4306286932093384
With contradiction_threshold = 0.3474386263193998 and entailment_threshold = 0.9
Precision: 0.6333333333333333 for label 0 | 0.25 for label 1 | 0.45528455284552843 for label 2
Recall: 0.40425531914893614 for label 0 | 0.3783783783783784 for label 1 | 0.5185185185185185 for label 2
F1 micro: 0.45188284518828453
F1 macro: 0.4264767490573942
