With contradiction_threshold = 0.3213413154545439 and entailment_threshold = 0.44461418925814167 * COMPUTED THRESHOLDS
Precision: 0.4368421052631579 for label 0 | 0.21739130434782608 for label 1 | 0.6666666666666666 for label 2
Recall: 0.8829787234042553 for label 0 | 0.2702702702702703 for label 1 | 0.018518518518518517 for label 2
F1 micro: 0.39748953974895396
F1 macro: 0.28716897790374796
With contradiction_threshold = 0.1 and entailment_threshold = 0.44461418925814167
Precision: 0.47023809523809523 for label 0 | 0.22857142857142856 for label 1 | 1.0 for label 2
Recall: 0.8404255319148937 for label 0 | 0.43243243243243246 for label 1 | 0.009259259259259259 for label 2
F1 micro: 0.401673640167364
F1 macro: 0.3068224931761542
With contradiction_threshold = 0.2 and entailment_threshold = 0.44461418925814167
Precision: 0.4530386740331492 for label 0 | 0.23214285714285715 for label 1 | 1.0 for label 2
Recall: 0.8723404255319149 for label 0 | 0.35135135135135137 for label 1 | 0.018518518518518517 for label 2
F1 micro: 0.40585774058577406
F1 macro: 0.304099055066797
With contradiction_threshold = 0.30000000000000004 and entailment_threshold = 0.44461418925814167
Precision: 0.44148936170212766 for label 0 | 0.25 for label 1 | 0.6666666666666666 for label 2
Recall: 0.8829787234042553 for label 0 | 0.32432432432432434 for label 1 | 0.018518518518518517 for label 2
F1 micro: 0.40585774058577406
F1 macro: 0.30234715316067
With contradiction_threshold = 0.4 and entailment_threshold = 0.44461418925814167
Precision: 0.4263959390862944 for label 0 | 0.20512820512820512 for label 1 | 0.6666666666666666 for label 2
Recall: 0.8936170212765957 for label 0 | 0.21621621621621623 for label 1 | 0.018518518518518517 for label 2
F1 micro: 0.39330543933054396
F1 macro: 0.27462731315145855
With contradiction_threshold = 0.5 and entailment_threshold = 0.44461418925814167
Precision: 0.4236453201970443 for label 0 | 0.2222222222222222 for label 1 | 0.5555555555555556 for label 2
Recall: 0.9148936170212766 for label 0 | 0.16216216216216217 for label 1 | 0.046296296296296294 for label 2
F1 micro: 0.40585774058577406
F1 macro: 0.2840315548648882
With contradiction_threshold = 0.6 and entailment_threshold = 0.44461418925814167
Precision: 0.4195121951219512 for label 0 | 0.35714285714285715 for label 1 | 0.65 for label 2
Recall: 0.9148936170212766 for label 0 | 0.13513513513513514 for label 1 | 0.12037037037037036 for label 2
F1 micro: 0.4351464435146444
F1 macro: 0.32481808916431676
With contradiction_threshold = 0.7000000000000001 and entailment_threshold = 0.44461418925814167
Precision: 0.4195121951219512 for label 0 | 0.25 for label 1 | 0.5384615384615384 for label 2
Recall: 0.9148936170212766 for label 0 | 0.05405405405405406 for label 1 | 0.12962962962962962 for label 2
F1 micro: 0.42677824267782427
F1 macro: 0.29103164962996236
With contradiction_threshold = 0.8 and entailment_threshold = 0.44461418925814167
Precision: 0.4195121951219512 for label 0 | 0.0 for label 1 | 0.5625 for label 2
Recall: 0.9148936170212766 for label 0 | 0.0 for label 1 | 0.16666666666666666 for label 2
F1 micro: 0.4351464435146444
F1 macro: 0.2774645644210862
With contradiction_threshold = 0.9 and entailment_threshold = 0.44461418925814167
Precision: 0.4195121951219512 for label 0 | 0.0 for label 1 | 0.5625 for label 2
Recall: 0.9148936170212766 for label 0 | 0.0 for label 1 | 0.16666666666666666 for label 2
F1 micro: 0.4351464435146444
F1 macro: 0.2774645644210862
With contradiction_threshold = 0.3213413154545439 and entailment_threshold = 0.1
Precision: 0.39732142857142855 for label 0 | 0.3333333333333333 for label 1 | 0.0 for label 2
Recall: 0.9468085106382979 for label 0 | 0.13513513513513514 for label 1 | 0.0 for label 2
F1 micro: 0.39330543933054396
F1 macro: 0.25068537332688273
With contradiction_threshold = 0.3213413154545439 and entailment_threshold = 0.2
Precision: 0.4036697247706422 for label 0 | 0.2857142857142857 for label 1 | 0.0 for label 2
Recall: 0.9361702127659575 for label 0 | 0.16216216216216217 for label 1 | 0.0 for label 2
F1 micro: 0.39330543933054396
F1 macro: 0.2569997052755673
With contradiction_threshold = 0.3213413154545439 and entailment_threshold = 0.30000000000000004
Precision: 0.4230769230769231 for label 0 | 0.1935483870967742 for label 1 | 0.0 for label 2
Recall: 0.9361702127659575 for label 0 | 0.16216216216216217 for label 1 | 0.0 for label 2
F1 micro: 0.39330543933054396
F1 macro: 0.2530840150629788
With contradiction_threshold = 0.3213413154545439 and entailment_threshold = 0.4
Precision: 0.4263959390862944 for label 0 | 0.1951219512195122 for label 1 | 1.0 for label 2
Recall: 0.8936170212765957 for label 0 | 0.21621621621621623 for label 1 | 0.009259259259259259 for label 2
F1 micro: 0.3891213389121339
F1 macro: 0.2669321388700941
With contradiction_threshold = 0.3213413154545439 and entailment_threshold = 0.5
Precision: 0.45604395604395603 for label 0 | 0.24528301886792453 for label 1 | 0.75 for label 2
Recall: 0.8829787234042553 for label 0 | 0.35135135135135137 for label 1 | 0.027777777777777776 for label 2
F1 micro: 0.41422594142259417
F1 macro: 0.31463653094087873
With contradiction_threshold = 0.3213413154545439 and entailment_threshold = 0.6
Precision: 0.4764705882352941 for label 0 | 0.23214285714285715 for label 1 | 0.7692307692307693 for label 2
Recall: 0.8617021276595744 for label 0 | 0.35135135135135137 for label 1 | 0.09259259259259259 for label 2
F1 micro: 0.4351464435146444
F1 macro: 0.352831837435943
With contradiction_threshold = 0.3213413154545439 and entailment_threshold = 0.7000000000000001
Precision: 0.5174825174825175 for label 0 | 0.23809523809523808 for label 1 | 0.6666666666666666 for label 2
Recall: 0.7872340425531915 for label 0 | 0.40540540540540543 for label 1 | 0.2037037037037037 for label 2
F1 micro: 0.46443514644351463
F1 macro: 0.4121764371427717
With contradiction_threshold = 0.3213413154545439 and entailment_threshold = 0.8
Precision: 0.5462962962962963 for label 0 | 0.23809523809523808 for label 1 | 0.4852941176470588 for label 2
Recall: 0.6276595744680851 for label 0 | 0.40540540540540543 for label 1 | 0.3055555555555556 for label 2
F1 micro: 0.4476987447698745
F1 macro: 0.41971947194719467
With contradiction_threshold = 0.3213413154545439 and entailment_threshold = 0.9
Precision: 0.6271186440677966 for label 0 | 0.23809523809523808 for label 1 | 0.452991452991453 for label 2
Recall: 0.39361702127659576 for label 0 | 0.40540540540540543 for label 1 | 0.49074074074074076 for label 2
F1 micro: 0.4393305439330544
F1 macro: 0.4182570806100218
