With contradiction_threshold = 0.31039315462112427 and entailment_threshold = 0.1700115203857422 * COMPUTED THRESHOLDS
Precision: 0.44808743169398907 for label 0 | 0.2857142857142857 for label 1 | 0.7142857142857143 for label 2
Recall: 0.8723404255319149 for label 0 | 0.16216216216216217 for label 1 | 0.23148148148148148 for label 2
F1 micro: 0.47280334728033474
F1 macro: 0.38286822103577983
With contradiction_threshold = 0.1 and entailment_threshold = 0.1700115203857422
Precision: 0.47023809523809523 for label 0 | 0.2037037037037037 for label 1 | 0.7058823529411765 for label 2
Recall: 0.8404255319148937 for label 0 | 0.2972972972972973 for label 1 | 0.1111111111111111 for label 2
F1 micro: 0.42677824267782427
F1 macro: 0.3456038922909152
With contradiction_threshold = 0.2 and entailment_threshold = 0.1700115203857422
Precision: 0.45555555555555555 for label 0 | 0.1935483870967742 for label 1 | 0.7142857142857143 for label 2
Recall: 0.8723404255319149 for label 0 | 0.16216216216216217 for label 1 | 0.18518518518518517 for label 2
F1 micro: 0.45188284518828453
F1 macro: 0.35637612709317307
With contradiction_threshold = 0.30000000000000004 and entailment_threshold = 0.1700115203857422
Precision: 0.44808743169398907 for label 0 | 0.2857142857142857 for label 1 | 0.7142857142857143 for label 2
Recall: 0.8723404255319149 for label 0 | 0.16216216216216217 for label 1 | 0.23148148148148148 for label 2
F1 micro: 0.47280334728033474
F1 macro: 0.38286822103577983
With contradiction_threshold = 0.4 and entailment_threshold = 0.1700115203857422
Precision: 0.4385026737967914 for label 0 | 0.4 for label 1 | 0.6756756756756757 for label 2
Recall: 0.8723404255319149 for label 0 | 0.16216216216216217 for label 1 | 0.23148148148148148 for label 2
F1 micro: 0.47280334728033474
F1 macro: 0.38640890340485384
With contradiction_threshold = 0.5 and entailment_threshold = 0.1700115203857422
Precision: 0.43386243386243384 for label 0 | 0.5 for label 1 | 0.65 for label 2
Recall: 0.8723404255319149 for label 0 | 0.13513513513513514 for label 1 | 0.24074074074074073 for label 2
F1 micro: 0.47280334728033474
F1 macro: 0.3812075363838389
With contradiction_threshold = 0.6 and entailment_threshold = 0.1700115203857422
Precision: 0.42783505154639173 for label 0 | 1.0 for label 1 | 0.6190476190476191 for label 2
Recall: 0.8829787234042553 for label 0 | 0.08108108108108109 for label 1 | 0.24074074074074073 for label 2
F1 micro: 0.4686192468619247
F1 macro: 0.35768518518518516
With contradiction_threshold = 0.7000000000000001 and entailment_threshold = 0.1700115203857422
Precision: 0.42783505154639173 for label 0 | 1.0 for label 1 | 0.6190476190476191 for label 2
Recall: 0.8829787234042553 for label 0 | 0.08108108108108109 for label 1 | 0.24074074074074073 for label 2
F1 micro: 0.4686192468619247
F1 macro: 0.35768518518518516
With contradiction_threshold = 0.8 and entailment_threshold = 0.1700115203857422
Precision: 0.42783505154639173 for label 0 | 1.0 for label 1 | 0.6190476190476191 for label 2
Recall: 0.8829787234042553 for label 0 | 0.08108108108108109 for label 1 | 0.24074074074074073 for label 2
F1 micro: 0.4686192468619247
F1 macro: 0.35768518518518516
With contradiction_threshold = 0.9 and entailment_threshold = 0.1700115203857422
Precision: 0.42783505154639173 for label 0 | 1.0 for label 1 | 0.6046511627906976 for label 2
Recall: 0.8829787234042553 for label 0 | 0.05405405405405406 for label 1 | 0.24074074074074073 for label 2
F1 micro: 0.46443514644351463
F1 macro: 0.34110795079338124
With contradiction_threshold = 0.31039315462112427 and entailment_threshold = 0.1
Precision: 0.41037735849056606 for label 0 | 0.3333333333333333 for label 1 | 0.6666666666666666 for label 2
Recall: 0.925531914893617 for label 0 | 0.16216216216216217 for label 1 | 0.05555555555555555 for label 2
F1 micro: 0.41422594142259417
F1 macro: 0.29645779057543764
With contradiction_threshold = 0.31039315462112427 and entailment_threshold = 0.2
Precision: 0.4576271186440678 for label 0 | 0.2727272727272727 for label 1 | 0.725 for label 2
Recall: 0.8617021276595744 for label 0 | 0.16216216216216217 for label 1 | 0.26851851851851855 for label 2
F1 micro: 0.48535564853556484
F1 macro: 0.39768923342004836
With contradiction_threshold = 0.31039315462112427 and entailment_threshold = 0.30000000000000004
Precision: 0.4859154929577465 for label 0 | 0.2916666666666667 for label 1 | 0.589041095890411 for label 2
Recall: 0.7340425531914894 for label 0 | 0.1891891891891892 for label 1 | 0.39814814814814814 for label 2
F1 micro: 0.497907949790795
F1 macro: 0.4297973603267124
With contradiction_threshold = 0.31039315462112427 and entailment_threshold = 0.4
Precision: 0.47058823529411764 for label 0 | 0.32142857142857145 for label 1 | 0.532608695652174 for label 2
Recall: 0.5957446808510638 for label 0 | 0.24324324324324326 for label 1 | 0.4537037037037037 for label 2
F1 micro: 0.4769874476987448
F1 macro: 0.4309148910557361
With contradiction_threshold = 0.31039315462112427 and entailment_threshold = 0.5
Precision: 0.4897959183673469 for label 0 | 0.2903225806451613 for label 1 | 0.5363636363636364 for label 2
Recall: 0.5106382978723404 for label 0 | 0.24324324324324326 for label 1 | 0.5462962962962963 for label 2
F1 micro: 0.48535564853556484
F1 macro: 0.4353300953408887
With contradiction_threshold = 0.31039315462112427 and entailment_threshold = 0.6
Precision: 0.5072463768115942 for label 0 | 0.2727272727272727 for label 1 | 0.49635036496350365 for label 2
Recall: 0.3723404255319149 for label 0 | 0.24324324324324326 for label 1 | 0.6296296296296297 for label 2
F1 micro: 0.4686192468619247
F1 macro: 0.4138975835733067
With contradiction_threshold = 0.31039315462112427 and entailment_threshold = 0.7000000000000001
Precision: 0.5142857142857142 for label 0 | 0.2647058823529412 for label 1 | 0.4823529411764706 for label 2
Recall: 0.19148936170212766 for label 0 | 0.24324324324324326 for label 1 | 0.7592592592592593 for label 2
F1 micro: 0.4560669456066946
F1 macro: 0.37417298391879356
With contradiction_threshold = 0.31039315462112427 and entailment_threshold = 0.8
Precision: 0.52 for label 0 | 0.2647058823529412 for label 1 | 0.4777777777777778 for label 2
Recall: 0.13829787234042554 for label 0 | 0.24324324324324326 for label 1 | 0.7962962962962963 for label 2
F1 micro: 0.45188284518828453
F1 macro: 0.3564102479802562
With contradiction_threshold = 0.31039315462112427 and entailment_threshold = 0.9
Precision: 0.42857142857142855 for label 0 | 0.2647058823529412 for label 1 | 0.4595959595959596 for label 2
Recall: 0.031914893617021274 for label 0 | 0.24324324324324326 for label 1 | 0.8425925925925926 for label 2
F1 micro: 0.4309623430962343
F1 macro: 0.30256610306156273
