With contradiction_threshold = 0.2995668089808674 and entailment_threshold = 0.12377117104603719 * COMPUTED THRESHOLDS
Precision: 0.4187192118226601 for label 0 | 0.3157894736842105 for label 1 | 0.6470588235294118 for label 2
Recall: 0.9042553191489362 for label 0 | 0.16216216216216217 for label 1 | 0.10185185185185185 for label 2
F1 micro: 0.42677824267782427
F1 macro: 0.3208920955587622
With contradiction_threshold = 0.1 and entailment_threshold = 0.12377117104603719
Precision: 0.4419889502762431 for label 0 | 0.22 for label 1 | 0.5 for label 2
Recall: 0.851063829787234 for label 0 | 0.2972972972972973 for label 1 | 0.037037037037037035 for label 2
F1 micro: 0.39748953974895396
F1 macro: 0.30121908742598397
With contradiction_threshold = 0.2 and entailment_threshold = 0.12377117104603719
Precision: 0.42424242424242425 for label 0 | 0.21428571428571427 for label 1 | 0.6153846153846154 for label 2
Recall: 0.8936170212765957 for label 0 | 0.16216216216216217 for label 1 | 0.07407407407407407 for label 2
F1 micro: 0.41004184100418406
F1 macro: 0.29739641844249565
With contradiction_threshold = 0.30000000000000004 and entailment_threshold = 0.12377117104603719
Precision: 0.4187192118226601 for label 0 | 0.3157894736842105 for label 1 | 0.6470588235294118 for label 2
Recall: 0.9042553191489362 for label 0 | 0.16216216216216217 for label 1 | 0.10185185185185185 for label 2
F1 micro: 0.42677824267782427
F1 macro: 0.3208920955587622
With contradiction_threshold = 0.4 and entailment_threshold = 0.12377117104603719
Precision: 0.40865384615384615 for label 0 | 0.5 for label 1 | 0.5789473684210527 for label 2
Recall: 0.9042553191489362 for label 0 | 0.16216216216216217 for label 1 | 0.10185185185185185 for label 2
F1 micro: 0.42677824267782427
F1 macro: 0.32701340430837816
With contradiction_threshold = 0.5 and entailment_threshold = 0.12377117104603719
Precision: 0.41232227488151657 for label 0 | 0.7142857142857143 for label 1 | 0.5714285714285714 for label 2
Recall: 0.925531914893617 for label 0 | 0.13513513513513514 for label 1 | 0.1111111111111111 for label 2
F1 micro: 0.4351464435146444
F1 macro: 0.32793701405977427
With contradiction_threshold = 0.6 and entailment_threshold = 0.12377117104603719
Precision: 0.40654205607476634 for label 0 | 1.0 for label 1 | 0.5454545454545454 for label 2
Recall: 0.925531914893617 for label 0 | 0.08108108108108109 for label 1 | 0.1111111111111111 for label 2
F1 micro: 0.42677824267782427
F1 macro: 0.29985014985014985
With contradiction_threshold = 0.7000000000000001 and entailment_threshold = 0.12377117104603719
Precision: 0.40654205607476634 for label 0 | 1.0 for label 1 | 0.5454545454545454 for label 2
Recall: 0.925531914893617 for label 0 | 0.08108108108108109 for label 1 | 0.1111111111111111 for label 2
F1 micro: 0.42677824267782427
F1 macro: 0.29985014985014985
With contradiction_threshold = 0.8 and entailment_threshold = 0.12377117104603719
Precision: 0.40654205607476634 for label 0 | 1.0 for label 1 | 0.5454545454545454 for label 2
Recall: 0.925531914893617 for label 0 | 0.08108108108108109 for label 1 | 0.1111111111111111 for label 2
F1 micro: 0.42677824267782427
F1 macro: 0.29985014985014985
With contradiction_threshold = 0.9 and entailment_threshold = 0.12377117104603719
Precision: 0.40654205607476634 for label 0 | 1.0 for label 1 | 0.5217391304347826 for label 2
Recall: 0.925531914893617 for label 0 | 0.05405405405405406 for label 1 | 0.1111111111111111 for label 2
F1 micro: 0.4225941422594142
F1 macro: 0.2835684247897988
With contradiction_threshold = 0.2995668089808674 and entailment_threshold = 0.1
Precision: 0.41037735849056606 for label 0 | 0.35294117647058826 for label 1 | 0.6 for label 2
Recall: 0.925531914893617 for label 0 | 0.16216216216216217 for label 1 | 0.05555555555555555 for label 2
F1 micro: 0.41422594142259417
F1 macro: 0.29751486281895057
With contradiction_threshold = 0.2995668089808674 and entailment_threshold = 0.2
Precision: 0.4602272727272727 for label 0 | 0.3 for label 1 | 0.6976744186046512 for label 2
Recall: 0.8617021276595744 for label 0 | 0.16216216216216217 for label 1 | 0.2777777777777778 for label 2
F1 micro: 0.4895397489539749
F1 macro: 0.40262576972231906
With contradiction_threshold = 0.2995668089808674 and entailment_threshold = 0.30000000000000004
Precision: 0.4892086330935252 for label 0 | 0.3333333333333333 for label 1 | 0.5753424657534246 for label 2
Recall: 0.723404255319149 for label 0 | 0.24324324324324326 for label 1 | 0.3888888888888889 for label 2
F1 micro: 0.497907949790795
F1 macro: 0.4430097949715062
With contradiction_threshold = 0.2995668089808674 and entailment_threshold = 0.4
Precision: 0.4661016949152542 for label 0 | 0.32142857142857145 for label 1 | 0.5268817204301075 for label 2
Recall: 0.5851063829787234 for label 0 | 0.24324324324324326 for label 1 | 0.4537037037037037 for label 2
F1 micro: 0.47280334728033474
F1 macro: 0.42778439683536834
With contradiction_threshold = 0.2995668089808674 and entailment_threshold = 0.5
Precision: 0.4791666666666667 for label 0 | 0.2903225806451613 for label 1 | 0.5267857142857143 for label 2
Recall: 0.48936170212765956 for label 0 | 0.24324324324324326 for label 1 | 0.5462962962962963 for label 2
F1 micro: 0.4769874476987448
F1 macro: 0.4284266816774556
With contradiction_threshold = 0.2995668089808674 and entailment_threshold = 0.6
Precision: 0.5 for label 0 | 0.2903225806451613 for label 1 | 0.4859154929577465 for label 2
Recall: 0.35106382978723405 for label 0 | 0.24324324324324326 for label 1 | 0.6388888888888888 for label 2
F1 micro: 0.46443514644351463
F1 macro: 0.4097352941176471
With contradiction_threshold = 0.2995668089808674 and entailment_threshold = 0.7000000000000001
Precision: 0.5151515151515151 for label 0 | 0.28125 for label 1 | 0.47126436781609193 for label 2
Recall: 0.18085106382978725 for label 0 | 0.24324324324324326 for label 1 | 0.7592592592592593 for label 2
F1 micro: 0.45188284518828453
F1 macro: 0.37004879477946845
With contradiction_threshold = 0.2995668089808674 and entailment_threshold = 0.8
Precision: 0.5416666666666666 for label 0 | 0.28125 for label 1 | 0.46994535519125685 for label 2
Recall: 0.13829787234042554 for label 0 | 0.24324324324324326 for label 1 | 0.7962962962962963 for label 2
F1 micro: 0.45188284518828453
F1 macro: 0.3574246134548196
With contradiction_threshold = 0.2995668089808674 and entailment_threshold = 0.9
Precision: 0.42857142857142855 for label 0 | 0.28125 for label 1 | 0.455 for label 2
Recall: 0.031914893617021274 for label 0 | 0.24324324324324326 for label 1 | 0.8425925925925926 for label 2
F1 micro: 0.4309623430962343
F1 macro: 0.3037281989068472
