With contradiction_threshold = 0.20003534443253557 and entailment_threshold = 0.3742797742694677 * COMPUTED THRESHOLDS
Precision: 0.4392523364485981 for label 0 | 0.5555555555555556 for label 1 | 0.47368421052631576 for label 2
Recall: 0.5 for label 0 | 0.2702702702702703 for label 1 | 0.5 for label 2
F1 micro: 0.46443514644351463
F1 macro: 0.43926151388837953
With contradiction_threshold = 0.1 and entailment_threshold = 0.3742797742694677
Precision: 0.45 for label 0 | 0.19753086419753085 for label 1 | 0.43103448275862066 for label 2
Recall: 0.4787234042553192 for label 0 | 0.43243243243243246 for label 1 | 0.23148148148148148 for label 2
F1 micro: 0.3598326359832636
F1 macro: 0.3454362619094235
With contradiction_threshold = 0.2 and entailment_threshold = 0.3742797742694677
Precision: 0.4392523364485981 for label 0 | 0.5263157894736842 for label 1 | 0.4690265486725664 for label 2
Recall: 0.5 for label 0 | 0.2702702702702703 for label 1 | 0.49074074074074076 for label 2
F1 micro: 0.4602510460251046
F1 macro: 0.43481418591163984
With contradiction_threshold = 0.30000000000000004 and entailment_threshold = 0.3742797742694677
Precision: 0.4392523364485981 for label 0 | 1.0 for label 1 | 0.4523809523809524 for label 2
Recall: 0.5 for label 0 | 0.16216216216216217 for label 1 | 0.5277777777777778 for label 2
F1 micro: 0.4602510460251046
F1 macro: 0.41130364872121206
With contradiction_threshold = 0.4 and entailment_threshold = 0.3742797742694677
Precision: 0.4392523364485981 for label 0 | 1.0 for label 1 | 0.43846153846153846 for label 2
Recall: 0.5 for label 0 | 0.05405405405405406 for label 1 | 0.5277777777777778 for label 2
F1 micro: 0.4435146443514644
F1 macro: 0.34973913024834885
With contradiction_threshold = 0.5 and entailment_threshold = 0.3742797742694677
Precision: 0.4392523364485981 for label 0 | 1.0 for label 1 | 0.4351145038167939 for label 2
Recall: 0.5 for label 0 | 0.02702702702702703 for label 1 | 0.5277777777777778 for label 2
F1 micro: 0.4393305439330544
F1 macro: 0.3324269060628006
With contradiction_threshold = 0.6 and entailment_threshold = 0.3742797742694677
Precision: 0.4392523364485981 for label 0 | 0.0 for label 1 | 0.4318181818181818 for label 2
Recall: 0.5 for label 0 | 0.0 for label 1 | 0.5277777777777778 for label 2
F1 micro: 0.4351464435146444
F1 macro: 0.3142205638474295
With contradiction_threshold = 0.7000000000000001 and entailment_threshold = 0.3742797742694677
Precision: 0.4392523364485981 for label 0 | 0.0 for label 1 | 0.4318181818181818 for label 2
Recall: 0.5 for label 0 | 0.0 for label 1 | 0.5277777777777778 for label 2
F1 micro: 0.4351464435146444
F1 macro: 0.3142205638474295
With contradiction_threshold = 0.8 and entailment_threshold = 0.3742797742694677
Precision: 0.4392523364485981 for label 0 | 0.0 for label 1 | 0.4318181818181818 for label 2
Recall: 0.5 for label 0 | 0.0 for label 1 | 0.5277777777777778 for label 2
F1 micro: 0.4351464435146444
F1 macro: 0.3142205638474295
With contradiction_threshold = 0.9 and entailment_threshold = 0.3742797742694677
Precision: 0.4392523364485981 for label 0 | 0.0 for label 1 | 0.4318181818181818 for label 2
Recall: 0.5 for label 0 | 0.0 for label 1 | 0.5277777777777778 for label 2
F1 micro: 0.4351464435146444
F1 macro: 0.3142205638474295
With contradiction_threshold = 0.20003534443253557 and entailment_threshold = 0.1
Precision: 0.4 for label 0 | 0.5555555555555556 for label 1 | 0.2 for label 2
Recall: 0.9574468085106383 for label 0 | 0.13513513513513514 for label 1 | 0.009259259259259259 for label 2
F1 micro: 0.401673640167364
F1 macro: 0.2664512474253622
With contradiction_threshold = 0.20003534443253557 and entailment_threshold = 0.2
Precision: 0.415 for label 0 | 0.5 for label 1 | 0.52 for label 2
Recall: 0.8829787234042553 for label 0 | 0.1891891891891892 for label 1 | 0.12037037037037036 for label 2
F1 micro: 0.4309623430962343
F1 macro: 0.344874792022072
With contradiction_threshold = 0.20003534443253557 and entailment_threshold = 0.30000000000000004
Precision: 0.44 for label 0 | 0.5294117647058824 for label 1 | 0.5694444444444444 for label 2
Recall: 0.7021276595744681 for label 0 | 0.24324324324324326 for label 1 | 0.37962962962962965 for label 2
F1 micro: 0.48535564853556484
F1 macro: 0.443290831815422
With contradiction_threshold = 0.20003534443253557 and entailment_threshold = 0.4
Precision: 0.46875 for label 0 | 0.5555555555555556 for label 1 | 0.488 for label 2
Recall: 0.4787234042553192 for label 0 | 0.2702702702702703 for label 1 | 0.5648148148148148 for label 2
F1 micro: 0.48535564853556484
F1 macro: 0.4536419081257572
With contradiction_threshold = 0.20003534443253557 and entailment_threshold = 0.5
Precision: 0.4074074074074074 for label 0 | 0.5263157894736842 for label 1 | 0.463855421686747 for label 2
Recall: 0.23404255319148937 for label 0 | 0.2702702702702703 for label 1 | 0.7129629629629629 for label 2
F1 micro: 0.4560669456066946
F1 macro: 0.40549465002019747
With contradiction_threshold = 0.20003534443253557 and entailment_threshold = 0.6
Precision: 0.375 for label 0 | 0.5263157894736842 for label 1 | 0.47058823529411764 for label 2
Recall: 0.06382978723404255 for label 0 | 0.2702702702702703 for label 1 | 0.8888888888888888 for label 2
F1 micro: 0.4686192468619247
F1 macro: 0.3605394605394605
With contradiction_threshold = 0.20003534443253557 and entailment_threshold = 0.7000000000000001
Precision: 0.3333333333333333 for label 0 | 0.5263157894736842 for label 1 | 0.4719626168224299 for label 2
Recall: 0.02127659574468085 for label 0 | 0.2702702702702703 for label 1 | 0.9351851851851852 for label 2
F1 micro: 0.47280334728033474
F1 macro: 0.34149068322981363
With contradiction_threshold = 0.20003534443253557 and entailment_threshold = 0.8
Precision: 0.5 for label 0 | 0.5263157894736842 for label 1 | 0.4724770642201835 for label 2
Recall: 0.010638297872340425 for label 0 | 0.2702702702702703 for label 1 | 0.9537037037037037 for label 2
F1 micro: 0.4769874476987448
F1 macro: 0.33662601032232936
With contradiction_threshold = 0.20003534443253557 and entailment_threshold = 0.9
Precision: 0.0 for label 0 | 0.5263157894736842 for label 1 | 0.4727272727272727 for label 2
Recall: 0.0 for label 0 | 0.2702702702702703 for label 1 | 0.9629629629629629 for label 2
F1 micro: 0.4769874476987448
F1 macro: 0.33042973286875726
