With contradiction_threshold = 0.4424145015382237 and entailment_threshold = 0.5242103138007224 * COMPUTED THRESHOLDS
Precision: 0.22826086956521738 for label 0 | 0.5 for label 1 | 0.8888888888888888 for label 2
Recall: 1.0 for label 0 | 0.16666666666666666 for label 1 | 0.11764705882352941 for label 2
F1 micro: 0.29906542056074764
F1 macro: 0.2764912079071371
With contradiction_threshold = 0.1 and entailment_threshold = 0.5242103138007224
Precision: 0.24096385542168675 for label 0 | 0.26666666666666666 for label 1 | 0.8888888888888888 for label 2
Recall: 0.9523809523809523 for label 0 | 0.2222222222222222 for label 1 | 0.11764705882352941 for label 2
F1 micro: 0.29906542056074764
F1 macro: 0.2782772782772783
With contradiction_threshold = 0.2 and entailment_threshold = 0.5242103138007224
Precision: 0.2413793103448276 for label 0 | 0.36363636363636365 for label 1 | 0.8888888888888888 for label 2
Recall: 1.0 for label 0 | 0.2222222222222222 for label 1 | 0.11764705882352941 for label 2
F1 micro: 0.308411214953271
F1 macro: 0.29084772188220465
With contradiction_threshold = 0.30000000000000004 and entailment_threshold = 0.5242103138007224
Precision: 0.23595505617977527 for label 0 | 0.3333333333333333 for label 1 | 0.8888888888888888 for label 2
Recall: 1.0 for label 0 | 0.16666666666666666 for label 1 | 0.11764705882352941 for label 2
F1 micro: 0.29906542056074764
F1 macro: 0.2706108706108706
With contradiction_threshold = 0.4 and entailment_threshold = 0.5242103138007224
Precision: 0.23076923076923078 for label 0 | 0.42857142857142855 for label 1 | 0.8888888888888888 for label 2
Recall: 1.0 for label 0 | 0.16666666666666666 for label 1 | 0.11764705882352941 for label 2
F1 micro: 0.29906542056074764
F1 macro: 0.27426406926406927
With contradiction_threshold = 0.5 and entailment_threshold = 0.5242103138007224
Precision: 0.22826086956521738 for label 0 | 0.5 for label 1 | 0.8888888888888888 for label 2
Recall: 1.0 for label 0 | 0.16666666666666666 for label 1 | 0.11764705882352941 for label 2
F1 micro: 0.29906542056074764
F1 macro: 0.2764912079071371
With contradiction_threshold = 0.6 and entailment_threshold = 0.5242103138007224
Precision: 0.22826086956521738 for label 0 | 0.3333333333333333 for label 1 | 0.75 for label 2
Recall: 1.0 for label 0 | 0.05555555555555555 for label 1 | 0.1323529411764706 for label 2
F1 micro: 0.2897196261682243
F1 macro: 0.2306398370557663
With contradiction_threshold = 0.7000000000000001 and entailment_threshold = 0.5242103138007224
Precision: 0.22826086956521738 for label 0 | 0.5 for label 1 | 0.7692307692307693 for label 2
Recall: 1.0 for label 0 | 0.05555555555555555 for label 1 | 0.14705882352941177 for label 2
F1 micro: 0.29906542056074764
F1 macro: 0.23953166539203904
With contradiction_threshold = 0.8 and entailment_threshold = 0.5242103138007224
Precision: 0.22826086956521738 for label 0 | 0.5 for label 1 | 0.7692307692307693 for label 2
Recall: 1.0 for label 0 | 0.05555555555555555 for label 1 | 0.14705882352941177 for label 2
F1 micro: 0.29906542056074764
F1 macro: 0.23953166539203904
With contradiction_threshold = 0.9 and entailment_threshold = 0.5242103138007224
Precision: 0.22826086956521738 for label 0 | 1.0 for label 1 | 0.7857142857142857 for label 2
Recall: 1.0 for label 0 | 0.05555555555555555 for label 1 | 0.16176470588235295 for label 2
F1 micro: 0.308411214953271
F1 macro: 0.24841241891692323
With contradiction_threshold = 0.4424145015382237 and entailment_threshold = 0.1
Precision: 0.20192307692307693 for label 0 | 0.3333333333333333 for label 1 | 0.0 for label 2
Recall: 1.0 for label 0 | 0.05555555555555555 for label 1 | 0.0 for label 2
F1 micro: 0.205607476635514
F1 macro: 0.14374603174603176
With contradiction_threshold = 0.4424145015382237 and entailment_threshold = 0.2
Precision: 0.20588235294117646 for label 0 | 0.3333333333333333 for label 1 | 1.0 for label 2
Recall: 1.0 for label 0 | 0.05555555555555555 for label 1 | 0.029411764705882353 for label 2
F1 micro: 0.22429906542056074
F1 macro: 0.16461478900503293
With contradiction_threshold = 0.4424145015382237 and entailment_threshold = 0.30000000000000004
Precision: 0.2079207920792079 for label 0 | 0.3333333333333333 for label 1 | 1.0 for label 2
Recall: 1.0 for label 0 | 0.05555555555555555 for label 1 | 0.04411764705882353 for label 2
F1 micro: 0.23364485981308414
F1 macro: 0.1746691441911945
With contradiction_threshold = 0.4424145015382237 and entailment_threshold = 0.4
Precision: 0.21428571428571427 for label 0 | 0.5 for label 1 | 0.8 for label 2
Recall: 1.0 for label 0 | 0.1111111111111111 for label 1 | 0.058823529411764705 for label 2
F1 micro: 0.2523364485981308
F1 macro: 0.21478279979488682
With contradiction_threshold = 0.4424145015382237 and entailment_threshold = 0.5
Precision: 0.22580645161290322 for label 0 | 0.5 for label 1 | 0.875 for label 2
Recall: 1.0 for label 0 | 0.16666666666666666 for label 1 | 0.10294117647058823 for label 2
F1 micro: 0.2897196261682243
F1 macro: 0.2675438596491228
With contradiction_threshold = 0.4424145015382237 and entailment_threshold = 0.6
Precision: 0.25925925925925924 for label 0 | 0.42857142857142855 for label 1 | 0.9473684210526315 for label 2
Recall: 1.0 for label 0 | 0.16666666666666666 for label 1 | 0.2647058823529412 for label 2
F1 micro: 0.39252336448598124
F1 macro: 0.35518593644354296
With contradiction_threshold = 0.4424145015382237 and entailment_threshold = 0.7000000000000001
Precision: 0.3076923076923077 for label 0 | 0.42857142857142855 for label 1 | 0.8571428571428571 for label 2
Recall: 0.9523809523809523 for label 0 | 0.16666666666666666 for label 1 | 0.4411764705882353 for label 2
F1 micro: 0.4953271028037383
F1 macro: 0.4292135169714759
With contradiction_threshold = 0.4424145015382237 and entailment_threshold = 0.8
Precision: 0.3090909090909091 for label 0 | 0.42857142857142855 for label 1 | 0.7777777777777778 for label 2
Recall: 0.8095238095238095 for label 0 | 0.16666666666666666 for label 1 | 0.5147058823529411 for label 2
F1 micro: 0.514018691588785
F1 macro: 0.4356124825337681
With contradiction_threshold = 0.4424145015382237 and entailment_threshold = 0.9
Precision: 0.358974358974359 for label 0 | 0.42857142857142855 for label 1 | 0.7377049180327869 for label 2
Recall: 0.6666666666666666 for label 0 | 0.16666666666666666 for label 1 | 0.6617647058823529 for label 2
F1 micro: 0.5794392523364486
F1 macro: 0.46811369509043926
