With contradiction_threshold = 0.3347955737315367 and entailment_threshold = 0.7116341192290889 * COMPUTED THRESHOLDS
Precision: 0.2625 for label 0 | 0.3076923076923077 for label 1 | 0.7142857142857143 for label 2
Recall: 1.0 for label 0 | 0.2222222222222222 for label 1 | 0.14705882352941177 for label 2
F1 micro: 0.32710280373831774
F1 macro: 0.3059361797706128
With contradiction_threshold = 0.1 and entailment_threshold = 0.7116341192290889
Precision: 0.296875 for label 0 | 0.2558139534883721 for label 1 | 0.0 for label 2
Recall: 0.9047619047619048 for label 0 | 0.6111111111111112 for label 1 | 0.0 for label 2
F1 micro: 0.2803738317757009
F1 macro: 0.2692381870781099
With contradiction_threshold = 0.2 and entailment_threshold = 0.7116341192290889
Precision: 0.2638888888888889 for label 0 | 0.28125 for label 1 | 1.0 for label 2
Recall: 0.9047619047619048 for label 0 | 0.5 for label 1 | 0.04411764705882353 for label 2
F1 micro: 0.2897196261682243
F1 macro: 0.28436973093038515
With contradiction_threshold = 0.30000000000000004 and entailment_threshold = 0.7116341192290889
Precision: 0.2625 for label 0 | 0.4444444444444444 for label 1 | 1.0 for label 2
Recall: 1.0 for label 0 | 0.4444444444444444 for label 1 | 0.1323529411764706 for label 2
F1 micro: 0.35514018691588783
F1 macro: 0.36468408745636466
With contradiction_threshold = 0.4 and entailment_threshold = 0.7116341192290889
Precision: 0.2625 for label 0 | 0.3333333333333333 for label 1 | 0.7222222222222222 for label 2
Recall: 1.0 for label 0 | 0.16666666666666666 for label 1 | 0.19117647058823528 for label 2
F1 micro: 0.34579439252336447
F1 macro: 0.3134631292586623
With contradiction_threshold = 0.5 and entailment_threshold = 0.7116341192290889
Precision: 0.2625 for label 0 | 0.2 for label 1 | 0.6818181818181818 for label 2
Recall: 1.0 for label 0 | 0.05555555555555555 for label 1 | 0.22058823529411764 for label 2
F1 micro: 0.34579439252336447
F1 macro: 0.27871047974362656
With contradiction_threshold = 0.6 and entailment_threshold = 0.7116341192290889
Precision: 0.2625 for label 0 | 0.3333333333333333 for label 1 | 0.7083333333333334 for label 2
Recall: 1.0 for label 0 | 0.05555555555555555 for label 1 | 0.25 for label 2
F1 micro: 0.36448598130841114
F1 macro: 0.29354829892927187
With contradiction_threshold = 0.7000000000000001 and entailment_threshold = 0.7116341192290889
Precision: 0.2625 for label 0 | 1.0 for label 1 | 0.7307692307692307 for label 2
Recall: 1.0 for label 0 | 0.05555555555555555 for label 1 | 0.27941176470588236 for label 2
F1 micro: 0.383177570093458
F1 macro: 0.30845335373402966
With contradiction_threshold = 0.8 and entailment_threshold = 0.7116341192290889
Precision: 0.2625 for label 0 | 1.0 for label 1 | 0.7307692307692307 for label 2
Recall: 1.0 for label 0 | 0.05555555555555555 for label 1 | 0.27941176470588236 for label 2
F1 micro: 0.383177570093458
F1 macro: 0.30845335373402966
With contradiction_threshold = 0.9 and entailment_threshold = 0.7116341192290889
Precision: 0.2625 for label 0 | 0.0 for label 1 | 0.7037037037037037 for label 2
Recall: 1.0 for label 0 | 0.0 for label 1 | 0.27941176470588236 for label 2
F1 micro: 0.37383177570093457
F1 macro: 0.271947194719472
With contradiction_threshold = 0.3347955737315367 and entailment_threshold = 0.1
Precision: 0.2 for label 0 | 0.5 for label 1 | 0.0 for label 2
Recall: 1.0 for label 0 | 0.05555555555555555 for label 1 | 0.0 for label 2
F1 micro: 0.205607476635514
F1 macro: 0.14444444444444446
With contradiction_threshold = 0.3347955737315367 and entailment_threshold = 0.2
Precision: 0.20192307692307693 for label 0 | 0.3333333333333333 for label 1 | 0.0 for label 2
Recall: 1.0 for label 0 | 0.05555555555555555 for label 1 | 0.0 for label 2
F1 micro: 0.205607476635514
F1 macro: 0.14374603174603176
With contradiction_threshold = 0.3347955737315367 and entailment_threshold = 0.30000000000000004
Precision: 0.20388349514563106 for label 0 | 0.25 for label 1 | 0.0 for label 2
Recall: 1.0 for label 0 | 0.05555555555555555 for label 1 | 0.0 for label 2
F1 micro: 0.205607476635514
F1 macro: 0.14320625610948193
With contradiction_threshold = 0.3347955737315367 and entailment_threshold = 0.4
Precision: 0.2079207920792079 for label 0 | 0.16666666666666666 for label 1 | 0.0 for label 2
Recall: 1.0 for label 0 | 0.05555555555555555 for label 1 | 0.0 for label 2
F1 micro: 0.205607476635514
F1 macro: 0.14253187613843352
With contradiction_threshold = 0.3347955737315367 and entailment_threshold = 0.5
Precision: 0.21428571428571427 for label 0 | 0.3333333333333333 for label 1 | 0.0 for label 2
Recall: 1.0 for label 0 | 0.16666666666666666 for label 1 | 0.0 for label 2
F1 micro: 0.22429906542056074
F1 macro: 0.19172113289760348
With contradiction_threshold = 0.3347955737315367 and entailment_threshold = 0.6
Precision: 0.21649484536082475 for label 0 | 0.3 for label 1 | 0.0 for label 2
Recall: 1.0 for label 0 | 0.16666666666666666 for label 1 | 0.0 for label 2
F1 micro: 0.22429906542056074
F1 macro: 0.19007263922518158
With contradiction_threshold = 0.3347955737315367 and entailment_threshold = 0.7000000000000001
Precision: 0.25301204819277107 for label 0 | 0.3076923076923077 for label 1 | 0.6363636363636364 for label 2
Recall: 1.0 for label 0 | 0.2222222222222222 for label 1 | 0.10294117647058823 for label 2
F1 micro: 0.29906542056074764
F1 macro: 0.2797086199495346
With contradiction_threshold = 0.3347955737315367 and entailment_threshold = 0.8
Precision: 0.31666666666666665 for label 0 | 0.3076923076923077 for label 1 | 0.7352941176470589 for label 2
Recall: 0.9047619047619048 for label 0 | 0.2222222222222222 for label 1 | 0.36764705882352944 for label 2
F1 micro: 0.4485981308411215
F1 macro: 0.4057987990098469
With contradiction_threshold = 0.3347955737315367 and entailment_threshold = 0.9
Precision: 0.3111111111111111 for label 0 | 0.3076923076923077 for label 1 | 0.6530612244897959 for label 2
Recall: 0.6666666666666666 for label 0 | 0.2222222222222222 for label 1 | 0.47058823529411764 for label 2
F1 micro: 0.4672897196261683
F1 macro: 0.4097718291266679
