With contradiction_threshold = 0.3442238969914819 and entailment_threshold = 0.7084312192042213 * COMPUTED THRESHOLDS
Precision: 0.23809523809523808 for label 0 | 0.25 for label 1 | 0.7272727272727273 for label 2
Recall: 0.9523809523809523 for label 0 | 0.16666666666666666 for label 1 | 0.11764705882352941 for label 2
F1 micro: 0.2897196261682243
F1 macro: 0.2611613421740004
With contradiction_threshold = 0.1 and entailment_threshold = 0.7084312192042213
Precision: 0.27692307692307694 for label 0 | 0.2682926829268293 for label 1 | 1.0 for label 2
Recall: 0.8571428571428571 for label 0 | 0.6111111111111112 for label 1 | 0.014705882352941176 for label 2
F1 micro: 0.2803738317757009
F1 macro: 0.27349050478045694
With contradiction_threshold = 0.2 and entailment_threshold = 0.7084312192042213
Precision: 0.25675675675675674 for label 0 | 0.2903225806451613 for label 1 | 1.0 for label 2
Recall: 0.9047619047619048 for label 0 | 0.5 for label 1 | 0.029411764705882353 for label 2
F1 micro: 0.2803738317757009
F1 macro: 0.27482993197278915
With contradiction_threshold = 0.30000000000000004 and entailment_threshold = 0.7084312192042213
Precision: 0.23809523809523808 for label 0 | 0.3333333333333333 for label 1 | 1.0 for label 2
Recall: 0.9523809523809523 for label 0 | 0.2777777777777778 for label 1 | 0.11764705882352941 for label 2
F1 micro: 0.308411214953271
F1 macro: 0.2981696665907192
With contradiction_threshold = 0.4 and entailment_threshold = 0.7084312192042213
Precision: 0.23809523809523808 for label 0 | 0.3333333333333333 for label 1 | 0.7857142857142857 for label 2
Recall: 0.9523809523809523 for label 0 | 0.16666666666666666 for label 1 | 0.16176470588235295 for label 2
F1 micro: 0.3177570093457944
F1 macro: 0.2904890953671441
With contradiction_threshold = 0.5 and entailment_threshold = 0.7084312192042213
Precision: 0.23809523809523808 for label 0 | 0.2 for label 1 | 0.7222222222222222 for label 2
Recall: 0.9523809523809523 for label 0 | 0.05555555555555555 for label 1 | 0.19117647058823528 for label 2
F1 micro: 0.3177570093457944
F1 macro: 0.25674482802895343
With contradiction_threshold = 0.6 and entailment_threshold = 0.7084312192042213
Precision: 0.23809523809523808 for label 0 | 0.5 for label 1 | 0.7619047619047619 for label 2
Recall: 0.9523809523809523 for label 0 | 0.05555555555555555 for label 1 | 0.23529411764705882 for label 2
F1 micro: 0.34579439252336447
F1 macro: 0.28016764758337787
With contradiction_threshold = 0.7000000000000001 and entailment_threshold = 0.7084312192042213
Precision: 0.23809523809523808 for label 0 | 1.0 for label 1 | 0.7727272727272727 for label 2
Recall: 0.9523809523809523 for label 0 | 0.05555555555555555 for label 1 | 0.25 for label 2
F1 micro: 0.35514018691588783
F1 macro: 0.28799777220829853
With contradiction_threshold = 0.8 and entailment_threshold = 0.7084312192042213
Precision: 0.23809523809523808 for label 0 | 1.0 for label 1 | 0.7727272727272727 for label 2
Recall: 0.9523809523809523 for label 0 | 0.05555555555555555 for label 1 | 0.25 for label 2
F1 micro: 0.35514018691588783
F1 macro: 0.28799777220829853
With contradiction_threshold = 0.9 and entailment_threshold = 0.7084312192042213
Precision: 0.23809523809523808 for label 0 | 0.0 for label 1 | 0.7391304347826086 for label 2
Recall: 0.9523809523809523 for label 0 | 0.0 for label 1 | 0.25 for label 2
F1 micro: 0.34579439252336447
F1 macro: 0.2515262515262515
With contradiction_threshold = 0.3442238969914819 and entailment_threshold = 0.1
Precision: 0.19811320754716982 for label 0 | 1.0 for label 1 | 0.0 for label 2
Recall: 1.0 for label 0 | 0.05555555555555555 for label 1 | 0.0 for label 2
F1 micro: 0.205607476635514
F1 macro: 0.14532393977068656
With contradiction_threshold = 0.3442238969914819 and entailment_threshold = 0.2
Precision: 0.20192307692307693 for label 0 | 0.3333333333333333 for label 1 | 0.0 for label 2
Recall: 1.0 for label 0 | 0.05555555555555555 for label 1 | 0.0 for label 2
F1 micro: 0.205607476635514
F1 macro: 0.14374603174603176
With contradiction_threshold = 0.3442238969914819 and entailment_threshold = 0.30000000000000004
Precision: 0.20388349514563106 for label 0 | 0.25 for label 1 | 0.0 for label 2
Recall: 1.0 for label 0 | 0.05555555555555555 for label 1 | 0.0 for label 2
F1 micro: 0.205607476635514
F1 macro: 0.14320625610948193
With contradiction_threshold = 0.3442238969914819 and entailment_threshold = 0.4
Precision: 0.20588235294117646 for label 0 | 0.2 for label 1 | 0.0 for label 2
Recall: 1.0 for label 0 | 0.05555555555555555 for label 1 | 0.0 for label 2
F1 micro: 0.205607476635514
F1 macro: 0.14280664545775892
With contradiction_threshold = 0.3442238969914819 and entailment_threshold = 0.5
Precision: 0.21212121212121213 for label 0 | 0.375 for label 1 | 0.0 for label 2
Recall: 1.0 for label 0 | 0.16666666666666666 for label 1 | 0.0 for label 2
F1 micro: 0.22429906542056074
F1 macro: 0.19358974358974357
With contradiction_threshold = 0.3442238969914819 and entailment_threshold = 0.6
Precision: 0.21649484536082475 for label 0 | 0.3 for label 1 | 0.0 for label 2
Recall: 1.0 for label 0 | 0.16666666666666666 for label 1 | 0.0 for label 2
F1 micro: 0.22429906542056074
F1 macro: 0.19007263922518158
With contradiction_threshold = 0.3442238969914819 and entailment_threshold = 0.7000000000000001
Precision: 0.23529411764705882 for label 0 | 0.25 for label 1 | 0.7 for label 2
Recall: 0.9523809523809523 for label 0 | 0.16666666666666666 for label 1 | 0.10294117647058823 for label 2
F1 micro: 0.2803738317757009
F1 macro: 0.2522818900177391
With contradiction_threshold = 0.3442238969914819 and entailment_threshold = 0.8
Precision: 0.29508196721311475 for label 0 | 0.25 for label 1 | 0.6764705882352942 for label 2
Recall: 0.8571428571428571 for label 0 | 0.16666666666666666 for label 1 | 0.3382352941176471 for label 2
F1 micro: 0.411214953271028
F1 macro: 0.36333492746692175
With contradiction_threshold = 0.3442238969914819 and entailment_threshold = 0.9
Precision: 0.30434782608695654 for label 0 | 0.25 for label 1 | 0.6326530612244898 for label 2
Recall: 0.6666666666666666 for label 0 | 0.16666666666666666 for label 1 | 0.45588235294117646 for label 2
F1 micro: 0.4485981308411215
F1 macro: 0.38260832589190796
