With contradiction_threshold = 0.3970795792147328 and entailment_threshold = 0.6020054374890975 * COMPUTED THRESHOLDS
Precision: 0.5 for label 0 | 0.2564102564102564 for label 1 | 0.527027027027027 for label 2
Recall: 0.6702127659574468 for label 0 | 0.2702702702702703 for label 1 | 0.3611111111111111 for label 2
F1 micro: 0.4686192468619247
F1 macro: 0.42148553201184774
With contradiction_threshold = 0.1 and entailment_threshold = 0.6020054374890975
Precision: 0.5242718446601942 for label 0 | 0.23893805309734514 for label 1 | 0.6086956521739131 for label 2
Recall: 0.574468085106383 for label 0 | 0.7297297297297297 for label 1 | 0.12962962962962962 for label 2
F1 micro: 0.39748953974895396
F1 macro: 0.37398793608969144
With contradiction_threshold = 0.2 and entailment_threshold = 0.6020054374890975
Precision: 0.5299145299145299 for label 0 | 0.25925925925925924 for label 1 | 0.5853658536585366 for label 2
Recall: 0.6595744680851063 for label 0 | 0.5675675675675675 for label 1 | 0.2222222222222222 for label 2
F1 micro: 0.4476987447698745
F1 macro: 0.4219191931716751
With contradiction_threshold = 0.30000000000000004 and entailment_threshold = 0.6020054374890975
Precision: 0.5 for label 0 | 0.25 for label 1 | 0.5254237288135594 for label 2
Recall: 0.6595744680851063 for label 0 | 0.3783783783783784 for label 1 | 0.28703703703703703 for label 2
F1 micro: 0.4476987447698745
F1 macro: 0.4137133644322286
With contradiction_threshold = 0.4 and entailment_threshold = 0.6020054374890975
Precision: 0.5 for label 0 | 0.2564102564102564 for label 1 | 0.527027027027027 for label 2
Recall: 0.6702127659574468 for label 0 | 0.2702702702702703 for label 1 | 0.3611111111111111 for label 2
F1 micro: 0.4686192468619247
F1 macro: 0.42148553201184774
With contradiction_threshold = 0.5 and entailment_threshold = 0.6020054374890975
Precision: 0.5 for label 0 | 0.2222222222222222 for label 1 | 0.5232558139534884 for label 2
Recall: 0.6702127659574468 for label 0 | 0.16216216216216217 for label 1 | 0.4166666666666667 for label 2
F1 micro: 0.4769874476987448
F1 macro: 0.40804826616682294
With contradiction_threshold = 0.6 and entailment_threshold = 0.6020054374890975
Precision: 0.5 for label 0 | 0.2 for label 1 | 0.5145631067961165 for label 2
Recall: 0.6702127659574468 for label 0 | 0.05405405405405406 for label 1 | 0.49074074074074076 for label 2
F1 micro: 0.49372384937238495
F1 macro: 0.38673444131748064
With contradiction_threshold = 0.7000000000000001 and entailment_threshold = 0.6020054374890975
Precision: 0.5 for label 0 | 0.125 for label 1 | 0.5142857142857142 for label 2
Recall: 0.6702127659574468 for label 0 | 0.02702702702702703 for label 1 | 0.5 for label 2
F1 micro: 0.49372384937238495
F1 macro: 0.374737990230948
With contradiction_threshold = 0.8 and entailment_threshold = 0.6020054374890975
Precision: 0.5 for label 0 | 0.0 for label 1 | 0.5045871559633027 for label 2
Recall: 0.6702127659574468 for label 0 | 0.0 for label 1 | 0.5092592592592593 for label 2
F1 micro: 0.49372384937238495
F1 macro: 0.3598799050411953
With contradiction_threshold = 0.9 and entailment_threshold = 0.6020054374890975
Precision: 0.5 for label 0 | 0.0 for label 1 | 0.5089285714285714 for label 2
Recall: 0.6702127659574468 for label 0 | 0.0 for label 1 | 0.5277777777777778 for label 2
F1 micro: 0.502092050209205
F1 macro: 0.3636363636363636
With contradiction_threshold = 0.3970795792147328 and entailment_threshold = 0.1
Precision: 0.4009009009009009 for label 0 | 0.21428571428571427 for label 1 | 0.3333333333333333 for label 2
Recall: 0.9468085106382979 for label 0 | 0.08108108108108109 for label 1 | 0.009259259259259259 for label 2
F1 micro: 0.3891213389121339
F1 macro: 0.2329854053606846
With contradiction_threshold = 0.3970795792147328 and entailment_threshold = 0.2
Precision: 0.4055299539170507 for label 0 | 0.1875 for label 1 | 0.5 for label 2
Recall: 0.9361702127659575 for label 0 | 0.08108108108108109 for label 1 | 0.027777777777777776 for label 2
F1 micro: 0.39330543933054396
F1 macro: 0.24391850827700204
With contradiction_threshold = 0.3970795792147328 and entailment_threshold = 0.30000000000000004
Precision: 0.4174757281553398 for label 0 | 0.23809523809523808 for label 1 | 0.5833333333333334 for label 2
Recall: 0.9148936170212766 for label 0 | 0.13513513513513514 for label 1 | 0.06481481481481481 for label 2
F1 micro: 0.41004184100418406
F1 macro: 0.2874712643678161
With contradiction_threshold = 0.3970795792147328 and entailment_threshold = 0.4
Precision: 0.42473118279569894 for label 0 | 0.22580645161290322 for label 1 | 0.5 for label 2
Recall: 0.8404255319148937 for label 0 | 0.1891891891891892 for label 1 | 0.10185185185185185 for label 2
F1 micro: 0.40585774058577406
F1 macro: 0.31313294548588666
With contradiction_threshold = 0.3970795792147328 and entailment_threshold = 0.5
Precision: 0.44 for label 0 | 0.24324324324324326 for label 1 | 0.5555555555555556 for label 2
Recall: 0.8191489361702128 for label 0 | 0.24324324324324326 for label 1 | 0.1388888888888889 for label 2
F1 micro: 0.4225941422594142
F1 macro: 0.34598539059505606
With contradiction_threshold = 0.3970795792147328 and entailment_threshold = 0.6
Precision: 0.5038759689922481 for label 0 | 0.2564102564102564 for label 1 | 0.5492957746478874 for label 2
Recall: 0.6914893617021277 for label 0 | 0.2702702702702703 for label 1 | 0.3611111111111111 for label 2
F1 micro: 0.4769874476987448
F1 macro: 0.4272905753121939
With contradiction_threshold = 0.3970795792147328 and entailment_threshold = 0.7000000000000001
Precision: 0.5098039215686274 for label 0 | 0.2564102564102564 for label 1 | 0.47959183673469385 for label 2
Recall: 0.5531914893617021 for label 0 | 0.2702702702702703 for label 1 | 0.4351851851851852 for label 2
F1 micro: 0.4560669456066946
F1 macro: 0.41669360641548386
With contradiction_threshold = 0.3970795792147328 and entailment_threshold = 0.8
Precision: 0.589041095890411 for label 0 | 0.2564102564102564 for label 1 | 0.5118110236220472 for label 2
Recall: 0.4574468085106383 for label 0 | 0.2702702702702703 for label 1 | 0.6018518518518519 for label 2
F1 micro: 0.49372384937238495
F1 macro: 0.4437731479929279
With contradiction_threshold = 0.3970795792147328 and entailment_threshold = 0.9
Precision: 0.625 for label 0 | 0.2564102564102564 for label 1 | 0.475 for label 2
Recall: 0.26595744680851063 for label 0 | 0.2702702702702703 for label 1 | 0.7037037037037037 for label 2
F1 micro: 0.46443514644351463
F1 macro: 0.40115213406650957
