With contradiction_threshold = 0.3474386263193998 and entailment_threshold = 0.42972966097924137 * COMPUTED THRESHOLDS
Precision: 0.4476744186046512 for label 0 | 0.25 for label 1 | 0.631578947368421 for label 2
Recall: 0.8191489361702128 for label 0 | 0.32432432432432434 for label 1 | 0.1111111111111111 for label 2
F1 micro: 0.4225941422594142
F1 macro: 0.35009222918342636
With contradiction_threshold = 0.1 and entailment_threshold = 0.42972966097924137
Precision: 0.4601226993865031 for label 0 | 0.2413793103448276 for label 1 | 0.6111111111111112 for label 2
Recall: 0.7978723404255319 for label 0 | 0.3783783783783784 for label 1 | 0.10185185185185185 for label 2
F1 micro: 0.4184100418410041
F1 macro: 0.3509992014190253
With contradiction_threshold = 0.2 and entailment_threshold = 0.42972966097924137
Precision: 0.4523809523809524 for label 0 | 0.24528301886792453 for label 1 | 0.6111111111111112 for label 2
Recall: 0.8085106382978723 for label 0 | 0.35135135135135137 for label 1 | 0.10185185185185185 for label 2
F1 micro: 0.4184100418410041
F1 macro: 0.34788157841592954
With contradiction_threshold = 0.30000000000000004 and entailment_threshold = 0.42972966097924137
Precision: 0.45294117647058824 for label 0 | 0.2549019607843137 for label 1 | 0.6111111111111112 for label 2
Recall: 0.8191489361702128 for label 0 | 0.35135135135135137 for label 1 | 0.10185185185185185 for label 2
F1 micro: 0.4225941422594142
F1 macro: 0.3511303511303512
With contradiction_threshold = 0.4 and entailment_threshold = 0.42972966097924137
Precision: 0.4425287356321839 for label 0 | 0.2608695652173913 for label 1 | 0.631578947368421 for label 2
Recall: 0.8191489361702128 for label 0 | 0.32432432432432434 for label 1 | 0.1111111111111111 for label 2
F1 micro: 0.4225941422594142
F1 macro: 0.35091995671014065
With contradiction_threshold = 0.5 and entailment_threshold = 0.42972966097924137
Precision: 0.43478260869565216 for label 0 | 0.3055555555555556 for label 1 | 0.631578947368421 for label 2
Recall: 0.851063829787234 for label 0 | 0.2972972972972973 for label 1 | 0.1111111111111111 for label 2
F1 micro: 0.4309623430962343
F1 macro: 0.3552952697705927
With contradiction_threshold = 0.6 and entailment_threshold = 0.42972966097924137
Precision: 0.43478260869565216 for label 0 | 0.3142857142857143 for label 1 | 0.65 for label 2
Recall: 0.851063829787234 for label 0 | 0.2972972972972973 for label 1 | 0.12037037037037036 for label 2
F1 micro: 0.4351464435146444
F1 macro: 0.3614067079669598
With contradiction_threshold = 0.7000000000000001 and entailment_threshold = 0.42972966097924137
Precision: 0.43478260869565216 for label 0 | 0.20833333333333334 for label 1 | 0.5806451612903226 for label 2
Recall: 0.851063829787234 for label 0 | 0.13513513513513514 for label 1 | 0.16666666666666666 for label 2
F1 micro: 0.4309623430962343
F1 macro: 0.3328222667767425
With contradiction_threshold = 0.8 and entailment_threshold = 0.42972966097924137
Precision: 0.43478260869565216 for label 0 | 0.21739130434782608 for label 1 | 0.59375 for label 2
Recall: 0.851063829787234 for label 0 | 0.13513513513513514 for label 1 | 0.17592592592592593 for label 2
F1 micro: 0.4351464435146444
F1 macro: 0.3378782688135206
With contradiction_threshold = 0.9 and entailment_threshold = 0.42972966097924137
Precision: 0.43478260869565216 for label 0 | 0.25 for label 1 | 0.6 for label 2
Recall: 0.851063829787234 for label 0 | 0.13513513513513514 for label 1 | 0.19444444444444445 for label 2
F1 micro: 0.4435146443514644
F1 macro: 0.3482281528476152
With contradiction_threshold = 0.3474386263193998 and entailment_threshold = 0.1
Precision: 0.4175257731958763 for label 0 | 0.3225806451612903 for label 1 | 0.5714285714285714 for label 2
Recall: 0.8617021276595744 for label 0 | 0.2702702702702703 for label 1 | 0.07407407407407407 for label 2
F1 micro: 0.41422594142259417
F1 macro: 0.32925506268081
With contradiction_threshold = 0.3474386263193998 and entailment_threshold = 0.2
Precision: 0.42857142857142855 for label 0 | 0.3055555555555556 for label 1 | 0.5714285714285714 for label 2
Recall: 0.8617021276595744 for label 0 | 0.2972972972972973 for label 1 | 0.07407407407407407 for label 2
F1 micro: 0.4184100418410041
F1 macro: 0.3349851888471582
With contradiction_threshold = 0.3474386263193998 and entailment_threshold = 0.30000000000000004
Precision: 0.42934782608695654 for label 0 | 0.2894736842105263 for label 1 | 0.5882352941176471 for label 2
Recall: 0.8404255319148937 for label 0 | 0.2972972972972973 for label 1 | 0.09259259259259259 for label 2
F1 micro: 0.4184100418410041
F1 macro: 0.3405595523581135
With contradiction_threshold = 0.3474386263193998 and entailment_threshold = 0.4
Precision: 0.4425287356321839 for label 0 | 0.2553191489361702 for label 1 | 0.6111111111111112 for label 2
Recall: 0.8191489361702128 for label 0 | 0.32432432432432434 for label 1 | 0.10185185185185185 for label 2
F1 micro: 0.4184100418410041
F1 macro: 0.34498144199636743
With contradiction_threshold = 0.3474386263193998 and entailment_threshold = 0.5
Precision: 0.4550898203592814 for label 0 | 0.2549019607843137 for label 1 | 0.6190476190476191 for label 2
Recall: 0.8085106382978723 for label 0 | 0.35135135135135137 for label 1 | 0.12037037037037036 for label 2
F1 micro: 0.42677824267782427
F1 macro: 0.3597934706595492
With contradiction_threshold = 0.3474386263193998 and entailment_threshold = 0.6
Precision: 0.47435897435897434 for label 0 | 0.24528301886792453 for label 1 | 0.6333333333333333 for label 2
Recall: 0.7872340425531915 for label 0 | 0.35135135135135137 for label 1 | 0.17592592592592593 for label 2
F1 micro: 0.4435146443514644
F1 macro: 0.38541706924315616
With contradiction_threshold = 0.3474386263193998 and entailment_threshold = 0.7000000000000001
Precision: 0.5142857142857142 for label 0 | 0.24528301886792453 for label 1 | 0.6304347826086957 for label 2
Recall: 0.7659574468085106 for label 0 | 0.35135135135135137 for label 1 | 0.26851851851851855 for label 2
F1 micro: 0.4769874476987448
F1 macro: 0.42696562696562695
With contradiction_threshold = 0.3474386263193998 and entailment_threshold = 0.8
Precision: 0.5333333333333333 for label 0 | 0.24528301886792453 for label 1 | 0.5454545454545454 for label 2
Recall: 0.6808510638297872 for label 0 | 0.35135135135135137 for label 1 | 0.3333333333333333 for label 2
F1 micro: 0.47280334728033474
F1 macro: 0.4336042778195533
With contradiction_threshold = 0.3474386263193998 and entailment_threshold = 0.9
Precision: 0.5283018867924528 for label 0 | 0.24528301886792453 for label 1 | 0.5125 for label 2
Recall: 0.5957446808510638 for label 0 | 0.35135135135135137 for label 1 | 0.37962962962962965 for label 2
F1 micro: 0.4602510460251046
F1 macro: 0.4283530338849488
