With contradiction_threshold = 0.39823158251601853 and entailment_threshold = 0.5683066755388362 * COMPUTED THRESHOLDS
Precision: 0.4827586206896552 for label 0 | 0.24324324324324326 for label 1 | 0.543859649122807 for label 2
Recall: 0.7446808510638298 for label 0 | 0.24324324324324326 for label 1 | 0.28703703703703703 for label 2
F1 micro: 0.4602510460251046
F1 macro: 0.4015916258594083
With contradiction_threshold = 0.1 and entailment_threshold = 0.5683066755388362
Precision: 0.5163934426229508 for label 0 | 0.25510204081632654 for label 1 | 0.631578947368421 for label 2
Recall: 0.6702127659574468 for label 0 | 0.6756756756756757 for label 1 | 0.1111111111111111 for label 2
F1 micro: 0.4184100418410041
F1 macro: 0.3808933605521532
With contradiction_threshold = 0.2 and entailment_threshold = 0.5683066755388362
Precision: 0.5116279069767442 for label 0 | 0.25 for label 1 | 0.6176470588235294 for label 2
Recall: 0.7021276595744681 for label 0 | 0.5135135135135135 for label 1 | 0.19444444444444445 for label 2
F1 micro: 0.4435146443514644
F1 macro: 0.4079953616163694
With contradiction_threshold = 0.30000000000000004 and entailment_threshold = 0.5683066755388362
Precision: 0.4857142857142857 for label 0 | 0.23529411764705882 for label 1 | 0.5208333333333334 for label 2
Recall: 0.723404255319149 for label 0 | 0.32432432432432434 for label 1 | 0.23148148148148148 for label 2
F1 micro: 0.4393305439330544
F1 macro: 0.39147889147889153
With contradiction_threshold = 0.4 and entailment_threshold = 0.5683066755388362
Precision: 0.4827586206896552 for label 0 | 0.24324324324324326 for label 1 | 0.543859649122807 for label 2
Recall: 0.7446808510638298 for label 0 | 0.24324324324324326 for label 1 | 0.28703703703703703 for label 2
F1 micro: 0.4602510460251046
F1 macro: 0.4015916258594083
With contradiction_threshold = 0.5 and entailment_threshold = 0.5683066755388362
Precision: 0.4827586206896552 for label 0 | 0.20833333333333334 for label 1 | 0.5428571428571428 for label 2
Recall: 0.7446808510638298 for label 0 | 0.13513513513513514 for label 1 | 0.35185185185185186 for label 2
F1 micro: 0.47280334728033474
F1 macro: 0.3922249256472485
With contradiction_threshold = 0.6 and entailment_threshold = 0.5683066755388362
Precision: 0.4827586206896552 for label 0 | 0.2 for label 1 | 0.5357142857142857 for label 2
Recall: 0.7446808510638298 for label 0 | 0.05405405405405406 for label 1 | 0.4166666666666667 for label 2
F1 micro: 0.4895397489539749
F1 macro: 0.37987681385204314
With contradiction_threshold = 0.7000000000000001 and entailment_threshold = 0.5683066755388362
Precision: 0.4827586206896552 for label 0 | 0.125 for label 1 | 0.5348837209302325 for label 2
Recall: 0.7446808510638298 for label 0 | 0.02702702702702703 for label 1 | 0.42592592592592593 for label 2
F1 micro: 0.4895397489539749
F1 macro: 0.3681484357151872
With contradiction_threshold = 0.8 and entailment_threshold = 0.5683066755388362
Precision: 0.4827586206896552 for label 0 | 0.0 for label 1 | 0.5222222222222223 for label 2
Recall: 0.7446808510638298 for label 0 | 0.0 for label 1 | 0.4351851851851852 for label 2
F1 micro: 0.4895397489539749
F1 macro: 0.35350717777496016
With contradiction_threshold = 0.9 and entailment_threshold = 0.5683066755388362
Precision: 0.4827586206896552 for label 0 | 0.0 for label 1 | 0.5268817204301075 for label 2
Recall: 0.7446808510638298 for label 0 | 0.0 for label 1 | 0.4537037037037037 for label 2
F1 micro: 0.497907949790795
F1 macro: 0.35777874921071073
With contradiction_threshold = 0.39823158251601853 and entailment_threshold = 0.1
Precision: 0.40625 for label 0 | 0.23076923076923078 for label 1 | 0.5 for label 2
Recall: 0.9680851063829787 for label 0 | 0.08108108108108109 for label 1 | 0.009259259259259259 for label 2
F1 micro: 0.39748953974895396
F1 macro: 0.23683628740232512
With contradiction_threshold = 0.39823158251601853 and entailment_threshold = 0.2
Precision: 0.4072398190045249 for label 0 | 0.21428571428571427 for label 1 | 0.5 for label 2
Recall: 0.9574468085106383 for label 0 | 0.08108108108108109 for label 1 | 0.018518518518518517 for label 2
F1 micro: 0.39748953974895396
F1 macro: 0.2415966386554622
With contradiction_threshold = 0.39823158251601853 and entailment_threshold = 0.30000000000000004
Precision: 0.419811320754717 for label 0 | 0.2631578947368421 for label 1 | 0.75 for label 2
Recall: 0.9468085106382979 for label 0 | 0.13513513513513514 for label 1 | 0.05555555555555555 for label 2
F1 micro: 0.4184100418410041
F1 macro: 0.2879063502795754
With contradiction_threshold = 0.39823158251601853 and entailment_threshold = 0.4
Precision: 0.42783505154639173 for label 0 | 0.20689655172413793 for label 1 | 0.5625 for label 2
Recall: 0.8829787234042553 for label 0 | 0.16216216216216217 for label 1 | 0.08333333333333333 for label 2
F1 micro: 0.41004184100418406
F1 macro: 0.30112278700988376
With contradiction_threshold = 0.39823158251601853 and entailment_threshold = 0.5
Precision: 0.43783783783783786 for label 0 | 0.20588235294117646 for label 1 | 0.6 for label 2
Recall: 0.8617021276595744 for label 0 | 0.1891891891891892 for label 1 | 0.1111111111111111 for label 2
F1 micro: 0.4184100418410041
F1 macro: 0.3217760866272906
With contradiction_threshold = 0.39823158251601853 and entailment_threshold = 0.6
Precision: 0.4925373134328358 for label 0 | 0.24324324324324326 for label 1 | 0.5294117647058824 for label 2
Recall: 0.7021276595744681 for label 0 | 0.24324324324324326 for label 1 | 0.3333333333333333 for label 2
F1 micro: 0.46443514644351463
F1 macro: 0.41042717358506825
With contradiction_threshold = 0.39823158251601853 and entailment_threshold = 0.7000000000000001
Precision: 0.5238095238095238 for label 0 | 0.24324324324324326 for label 1 | 0.4845360824742268 for label 2
Recall: 0.5851063829787234 for label 0 | 0.24324324324324326 for label 1 | 0.4351851851851852 for label 2
F1 micro: 0.46443514644351463
F1 macro: 0.4181812159015248
With contradiction_threshold = 0.39823158251601853 and entailment_threshold = 0.8
Precision: 0.5789473684210527 for label 0 | 0.24324324324324326 for label 1 | 0.5 for label 2
Recall: 0.46808510638297873 for label 0 | 0.24324324324324326 for label 1 | 0.5833333333333334 for label 2
F1 micro: 0.48535564853556484
F1 macro: 0.4331172801761037
With contradiction_threshold = 0.39823158251601853 and entailment_threshold = 0.9
Precision: 0.627906976744186 for label 0 | 0.24324324324324326 for label 1 | 0.4779874213836478 for label 2
Recall: 0.2872340425531915 for label 0 | 0.24324324324324326 for label 1 | 0.7037037037037037 for label 2
F1 micro: 0.4686192468619247
F1 macro: 0.4022307388993192
