With contradiction_threshold = 0.005675304756232791 and entailment_threshold = 0.0038067213883152817 * COMPUTED THRESHOLDS
Precision: 0.2 for label 0 | 0.16216216216216217 for label 1 | 0.5166666666666667 for label 2
Recall: 0.09090909090909091 for label 0 | 0.3 for label 1 | 0.47692307692307695 for label 2
F1 micro: 0.36448598130841114
F1 macro: 0.2771754385964913
With contradiction_threshold = 0.1 and entailment_threshold = 0.0038067213883152817
Precision: 0.2 for label 0 | 0.2222222222222222 for label 1 | 0.527027027027027 for label 2
Recall: 0.13636363636363635 for label 0 | 0.2 for label 1 | 0.6 for label 2
F1 micro: 0.42990654205607476
F1 macro: 0.3112798523627755
With contradiction_threshold = 0.2 and entailment_threshold = 0.0038067213883152817
Precision: 0.1875 for label 0 | 0.2857142857142857 for label 1 | 0.5595238095238095 for label 2
Recall: 0.13636363636363635 for label 0 | 0.1 for label 1 | 0.7230769230769231 for label 2
F1 micro: 0.48598130841121495
F1 macro: 0.31230512273724337
With contradiction_threshold = 0.30000000000000004 and entailment_threshold = 0.0038067213883152817
Precision: 0.1875 for label 0 | 0.5 for label 1 | 0.5747126436781609 for label 2
Recall: 0.13636363636363635 for label 0 | 0.1 for label 1 | 0.7692307692307693 for label 2
F1 micro: 0.514018691588785
F1 macro: 0.3274853801169591
With contradiction_threshold = 0.4 and entailment_threshold = 0.0038067213883152817
Precision: 0.1875 for label 0 | 1.0 for label 1 | 0.5842696629213483 for label 2
Recall: 0.13636363636363635 for label 0 | 0.1 for label 1 | 0.8 for label 2
F1 micro: 0.5327102803738317
F1 macro: 0.33834586466165417
With contradiction_threshold = 0.5 and entailment_threshold = 0.0038067213883152817
Precision: 0.1875 for label 0 | 1.0 for label 1 | 0.5842696629213483 for label 2
Recall: 0.13636363636363635 for label 0 | 0.1 for label 1 | 0.8 for label 2
F1 micro: 0.5327102803738317
F1 macro: 0.33834586466165417
With contradiction_threshold = 0.6 and entailment_threshold = 0.0038067213883152817
Precision: 0.1875 for label 0 | 0.0 for label 1 | 0.5714285714285714 for label 2
Recall: 0.13636363636363635 for label 0 | 0.0 for label 1 | 0.8 for label 2
F1 micro: 0.514018691588785
F1 macro: 0.27485380116959063
With contradiction_threshold = 0.7000000000000001 and entailment_threshold = 0.0038067213883152817
Precision: 0.1875 for label 0 | 0.0 for label 1 | 0.5714285714285714 for label 2
Recall: 0.13636363636363635 for label 0 | 0.0 for label 1 | 0.8 for label 2
F1 micro: 0.514018691588785
F1 macro: 0.27485380116959063
With contradiction_threshold = 0.8 and entailment_threshold = 0.0038067213883152817
Precision: 0.1875 for label 0 | 0.0 for label 1 | 0.5714285714285714 for label 2
Recall: 0.13636363636363635 for label 0 | 0.0 for label 1 | 0.8 for label 2
F1 micro: 0.514018691588785
F1 macro: 0.27485380116959063
With contradiction_threshold = 0.9 and entailment_threshold = 0.0038067213883152817
Precision: 0.1875 for label 0 | 0.0 for label 1 | 0.5714285714285714 for label 2
Recall: 0.13636363636363635 for label 0 | 0.0 for label 1 | 0.8 for label 2
F1 micro: 0.514018691588785
F1 macro: 0.27485380116959063
With contradiction_threshold = 0.005675304756232791 and entailment_threshold = 0.1
Precision: 0.16666666666666666 for label 0 | 0.15384615384615385 for label 1 | 0.532258064516129 for label 2
Recall: 0.045454545454545456 for label 0 | 0.3 for label 1 | 0.5076923076923077 for label 2
F1 micro: 0.37383177570093457
F1 macro: 0.2648344804357083
With contradiction_threshold = 0.005675304756232791 and entailment_threshold = 0.2
Precision: 0.0 for label 0 | 0.14634146341463414 for label 1 | 0.5384615384615384 for label 2
Recall: 0.0 for label 0 | 0.3 for label 1 | 0.5384615384615384 for label 2
F1 micro: 0.383177570093458
F1 macro: 0.24506094997898276
With contradiction_threshold = 0.005675304756232791 and entailment_threshold = 0.30000000000000004
Precision: 0.0 for label 0 | 0.14634146341463414 for label 1 | 0.5454545454545454 for label 2
Recall: 0.0 for label 0 | 0.3 for label 1 | 0.5538461538461539 for label 2
F1 micro: 0.39252336448598124
F1 macro: 0.2487798773620323
With contradiction_threshold = 0.005675304756232791 and entailment_threshold = 0.4
Precision: 0.0 for label 0 | 0.14634146341463414 for label 1 | 0.5454545454545454 for label 2
Recall: 0.0 for label 0 | 0.3 for label 1 | 0.5538461538461539 for label 2
F1 micro: 0.39252336448598124
F1 macro: 0.2487798773620323
With contradiction_threshold = 0.005675304756232791 and entailment_threshold = 0.5
Precision: 0.0 for label 0 | 0.14634146341463414 for label 1 | 0.5454545454545454 for label 2
Recall: 0.0 for label 0 | 0.3 for label 1 | 0.5538461538461539 for label 2
F1 micro: 0.39252336448598124
F1 macro: 0.2487798773620323
With contradiction_threshold = 0.005675304756232791 and entailment_threshold = 0.6
Precision: 0.0 for label 0 | 0.14634146341463414 for label 1 | 0.5454545454545454 for label 2
Recall: 0.0 for label 0 | 0.3 for label 1 | 0.5538461538461539 for label 2
F1 micro: 0.39252336448598124
F1 macro: 0.2487798773620323
With contradiction_threshold = 0.005675304756232791 and entailment_threshold = 0.7000000000000001
Precision: 0.0 for label 0 | 0.14634146341463414 for label 1 | 0.5454545454545454 for label 2
Recall: 0.0 for label 0 | 0.3 for label 1 | 0.5538461538461539 for label 2
F1 micro: 0.39252336448598124
F1 macro: 0.2487798773620323
With contradiction_threshold = 0.005675304756232791 and entailment_threshold = 0.8
Precision: 0.0 for label 0 | 0.14634146341463414 for label 1 | 0.5454545454545454 for label 2
Recall: 0.0 for label 0 | 0.3 for label 1 | 0.5538461538461539 for label 2
F1 micro: 0.39252336448598124
F1 macro: 0.2487798773620323
With contradiction_threshold = 0.005675304756232791 and entailment_threshold = 0.9
Precision: 0.0 for label 0 | 0.14634146341463414 for label 1 | 0.5454545454545454 for label 2
Recall: 0.0 for label 0 | 0.3 for label 1 | 0.5538461538461539 for label 2
F1 micro: 0.39252336448598124
F1 macro: 0.2487798773620323
