With contradiction_threshold = 0.08973512234652525 and entailment_threshold = 0.0010016500681007123 * COMPUTED THRESHOLDS
Precision: 0.18181818181818182 for label 0 | 0.2222222222222222 for label 1 | 0.5531914893617021 for label 2
Recall: 0.2727272727272727 for label 0 | 0.3 for label 1 | 0.4 for label 2
F1 micro: 0.35514018691588783
F1 macro: 0.3125955604679009
With contradiction_threshold = 0.1 and entailment_threshold = 0.0010016500681007123
Precision: 0.18181818181818182 for label 0 | 0.2 for label 1 | 0.5306122448979592 for label 2
Recall: 0.2727272727272727 for label 0 | 0.25 for label 1 | 0.4 for label 2
F1 micro: 0.34579439252336447
F1 macro: 0.2988481304270778
With contradiction_threshold = 0.2 and entailment_threshold = 0.0010016500681007123
Precision: 0.16666666666666666 for label 0 | 0.3 for label 1 | 0.5573770491803278 for label 2
Recall: 0.2727272727272727 for label 0 | 0.15 for label 1 | 0.5230769230769231 for label 2
F1 micro: 0.40186915887850466
F1 macro: 0.3155263638022259
With contradiction_threshold = 0.30000000000000004 and entailment_threshold = 0.0010016500681007123
Precision: 0.16216216216216217 for label 0 | 0.25 for label 1 | 0.5606060606060606 for label 2
Recall: 0.2727272727272727 for label 0 | 0.05 for label 1 | 0.5692307692307692 for label 2
F1 micro: 0.411214953271028
F1 macro: 0.2838695533416713
With contradiction_threshold = 0.4 and entailment_threshold = 0.0010016500681007123
Precision: 0.15384615384615385 for label 0 | 1.0 for label 1 | 0.5671641791044776 for label 2
Recall: 0.2727272727272727 for label 0 | 0.05 for label 1 | 0.5846153846153846 for label 2
F1 micro: 0.4205607476635514
F1 macro: 0.2892389941570269
With contradiction_threshold = 0.5 and entailment_threshold = 0.0010016500681007123
Precision: 0.15384615384615385 for label 0 | 1.0 for label 1 | 0.5671641791044776 for label 2
Recall: 0.2727272727272727 for label 0 | 0.05 for label 1 | 0.5846153846153846 for label 2
F1 micro: 0.4205607476635514
F1 macro: 0.2892389941570269
With contradiction_threshold = 0.6 and entailment_threshold = 0.0010016500681007123
Precision: 0.15384615384615385 for label 0 | 1.0 for label 1 | 0.5671641791044776 for label 2
Recall: 0.2727272727272727 for label 0 | 0.05 for label 1 | 0.5846153846153846 for label 2
F1 micro: 0.4205607476635514
F1 macro: 0.2892389941570269
With contradiction_threshold = 0.7000000000000001 and entailment_threshold = 0.0010016500681007123
Precision: 0.15384615384615385 for label 0 | 0.0 for label 1 | 0.5588235294117647 for label 2
Recall: 0.2727272727272727 for label 0 | 0.0 for label 1 | 0.5846153846153846 for label 2
F1 micro: 0.411214953271028
F1 macro: 0.25604996096799376
With contradiction_threshold = 0.8 and entailment_threshold = 0.0010016500681007123
Precision: 0.15384615384615385 for label 0 | 0.0 for label 1 | 0.5588235294117647 for label 2
Recall: 0.2727272727272727 for label 0 | 0.0 for label 1 | 0.5846153846153846 for label 2
F1 micro: 0.411214953271028
F1 macro: 0.25604996096799376
With contradiction_threshold = 0.9 and entailment_threshold = 0.0010016500681007123
Precision: 0.15384615384615385 for label 0 | 0.0 for label 1 | 0.5588235294117647 for label 2
Recall: 0.2727272727272727 for label 0 | 0.0 for label 1 | 0.5846153846153846 for label 2
F1 micro: 0.411214953271028
F1 macro: 0.25604996096799376
With contradiction_threshold = 0.08973512234652525 and entailment_threshold = 0.1
Precision: 0.18181818181818182 for label 0 | 0.25806451612903225 for label 1 | 0.6153846153846154 for label 2
Recall: 0.09090909090909091 for label 0 | 0.4 for label 1 | 0.6153846153846154 for label 2
F1 micro: 0.4672897196261683
F1 macro: 0.3501074089309384
With contradiction_threshold = 0.08973512234652525 and entailment_threshold = 0.2
Precision: 0.0 for label 0 | 0.25806451612903225 for label 1 | 0.5921052631578947 for label 2
Recall: 0.0 for label 0 | 0.4 for label 1 | 0.6923076923076923 for label 2
F1 micro: 0.4953271028037383
F1 macro: 0.3173411208455013
With contradiction_threshold = 0.08973512234652525 and entailment_threshold = 0.30000000000000004
Precision: 0.0 for label 0 | 0.25806451612903225 for label 1 | 0.5921052631578947 for label 2
Recall: 0.0 for label 0 | 0.4 for label 1 | 0.6923076923076923 for label 2
F1 micro: 0.4953271028037383
F1 macro: 0.3173411208455013
With contradiction_threshold = 0.08973512234652525 and entailment_threshold = 0.4
Precision: 0.0 for label 0 | 0.25806451612903225 for label 1 | 0.5921052631578947 for label 2
Recall: 0.0 for label 0 | 0.4 for label 1 | 0.6923076923076923 for label 2
F1 micro: 0.4953271028037383
F1 macro: 0.3173411208455013
With contradiction_threshold = 0.08973512234652525 and entailment_threshold = 0.5
Precision: 0.0 for label 0 | 0.25806451612903225 for label 1 | 0.5921052631578947 for label 2
Recall: 0.0 for label 0 | 0.4 for label 1 | 0.6923076923076923 for label 2
F1 micro: 0.4953271028037383
F1 macro: 0.3173411208455013
With contradiction_threshold = 0.08973512234652525 and entailment_threshold = 0.6
Precision: 0.0 for label 0 | 0.25806451612903225 for label 1 | 0.5921052631578947 for label 2
Recall: 0.0 for label 0 | 0.4 for label 1 | 0.6923076923076923 for label 2
F1 micro: 0.4953271028037383
F1 macro: 0.3173411208455013
With contradiction_threshold = 0.08973512234652525 and entailment_threshold = 0.7000000000000001
Precision: 0.0 for label 0 | 0.25806451612903225 for label 1 | 0.5921052631578947 for label 2
Recall: 0.0 for label 0 | 0.4 for label 1 | 0.6923076923076923 for label 2
F1 micro: 0.4953271028037383
F1 macro: 0.3173411208455013
With contradiction_threshold = 0.08973512234652525 and entailment_threshold = 0.8
Precision: 0.0 for label 0 | 0.25806451612903225 for label 1 | 0.5921052631578947 for label 2
Recall: 0.0 for label 0 | 0.4 for label 1 | 0.6923076923076923 for label 2
F1 micro: 0.4953271028037383
F1 macro: 0.3173411208455013
With contradiction_threshold = 0.08973512234652525 and entailment_threshold = 0.9
Precision: 0.0 for label 0 | 0.25806451612903225 for label 1 | 0.5921052631578947 for label 2
Recall: 0.0 for label 0 | 0.4 for label 1 | 0.6923076923076923 for label 2
F1 micro: 0.4953271028037383
F1 macro: 0.3173411208455013
