With contradiction_threshold = 0.004116300498935743 and entailment_threshold = 0.0019834190920455796 * COMPUTED THRESHOLDS
Precision: 0.15384615384615385 for label 0 | 0.16216216216216217 for label 1 | 0.5263157894736842 for label 2
Recall: 0.09090909090909091 for label 0 | 0.3 for label 1 | 0.46153846153846156 for label 2
F1 micro: 0.35514018691588783
F1 macro: 0.2722051029212375
With contradiction_threshold = 0.1 and entailment_threshold = 0.0019834190920455796
Precision: 0.1875 for label 0 | 0.1875 for label 1 | 0.5466666666666666 for label 2
Recall: 0.13636363636363635 for label 0 | 0.15 for label 1 | 0.6307692307692307 for label 2
F1 micro: 0.4392523364485981
F1 macro: 0.3034252297410192
With contradiction_threshold = 0.2 and entailment_threshold = 0.0019834190920455796
Precision: 0.17647058823529413 for label 0 | 0.3333333333333333 for label 1 | 0.5833333333333334 for label 2
Recall: 0.13636363636363635 for label 0 | 0.1 for label 1 | 0.7538461538461538 for label 2
F1 micro: 0.5046728971962616
F1 macro: 0.3218034761658923
With contradiction_threshold = 0.30000000000000004 and entailment_threshold = 0.0019834190920455796
Precision: 0.17647058823529413 for label 0 | 0.5 for label 1 | 0.5930232558139535 for label 2
Recall: 0.13636363636363635 for label 0 | 0.1 for label 1 | 0.7846153846153846 for label 2
F1 micro: 0.5233644859813084
F1 macro: 0.33200316975151417
With contradiction_threshold = 0.4 and entailment_threshold = 0.0019834190920455796
Precision: 0.17647058823529413 for label 0 | 1.0 for label 1 | 0.6022727272727273 for label 2
Recall: 0.13636363636363635 for label 0 | 0.1 for label 1 | 0.8153846153846154 for label 2
F1 micro: 0.5420560747663551
F1 macro: 0.34282493106022516
With contradiction_threshold = 0.5 and entailment_threshold = 0.0019834190920455796
Precision: 0.17647058823529413 for label 0 | 1.0 for label 1 | 0.5955056179775281 for label 2
Recall: 0.13636363636363635 for label 0 | 0.05 for label 1 | 0.8153846153846154 for label 2
F1 micro: 0.5327102803738317
F1 macro: 0.31246531246531245
With contradiction_threshold = 0.6 and entailment_threshold = 0.0019834190920455796
Precision: 0.17647058823529413 for label 0 | 0.0 for label 1 | 0.5888888888888889 for label 2
Recall: 0.13636363636363635 for label 0 | 0.0 for label 1 | 0.8153846153846154 for label 2
F1 micro: 0.5233644859813084
F1 macro: 0.27923904052936316
With contradiction_threshold = 0.7000000000000001 and entailment_threshold = 0.0019834190920455796
Precision: 0.17647058823529413 for label 0 | 0.0 for label 1 | 0.5888888888888889 for label 2
Recall: 0.13636363636363635 for label 0 | 0.0 for label 1 | 0.8153846153846154 for label 2
F1 micro: 0.5233644859813084
F1 macro: 0.27923904052936316
With contradiction_threshold = 0.8 and entailment_threshold = 0.0019834190920455796
Precision: 0.17647058823529413 for label 0 | 0.0 for label 1 | 0.5888888888888889 for label 2
Recall: 0.13636363636363635 for label 0 | 0.0 for label 1 | 0.8153846153846154 for label 2
F1 micro: 0.5233644859813084
F1 macro: 0.27923904052936316
With contradiction_threshold = 0.9 and entailment_threshold = 0.0019834190920455796
Precision: 0.17647058823529413 for label 0 | 0.0 for label 1 | 0.5888888888888889 for label 2
Recall: 0.13636363636363635 for label 0 | 0.0 for label 1 | 0.8153846153846154 for label 2
F1 micro: 0.5233644859813084
F1 macro: 0.27923904052936316
With contradiction_threshold = 0.004116300498935743 and entailment_threshold = 0.1
Precision: 0.125 for label 0 | 0.15 for label 1 | 0.5423728813559322 for label 2
Recall: 0.045454545454545456 for label 0 | 0.3 for label 1 | 0.49230769230769234 for label 2
F1 micro: 0.36448598130841114
F1 macro: 0.26093189964157704
With contradiction_threshold = 0.004116300498935743 and entailment_threshold = 0.2
Precision: 0.0 for label 0 | 0.14285714285714285 for label 1 | 0.5483870967741935 for label 2
Recall: 0.0 for label 0 | 0.3 for label 1 | 0.5230769230769231 for label 2
F1 micro: 0.37383177570093457
F1 macro: 0.24299381932097197
With contradiction_threshold = 0.004116300498935743 and entailment_threshold = 0.30000000000000004
Precision: 0.0 for label 0 | 0.14285714285714285 for label 1 | 0.5384615384615384 for label 2
Recall: 0.0 for label 0 | 0.3 for label 1 | 0.5384615384615384 for label 2
F1 micro: 0.383177570093458
F1 macro: 0.24400330851943752
With contradiction_threshold = 0.004116300498935743 and entailment_threshold = 0.4
Precision: 0.0 for label 0 | 0.14285714285714285 for label 1 | 0.5384615384615384 for label 2
Recall: 0.0 for label 0 | 0.3 for label 1 | 0.5384615384615384 for label 2
F1 micro: 0.383177570093458
F1 macro: 0.24400330851943752
With contradiction_threshold = 0.004116300498935743 and entailment_threshold = 0.5
Precision: 0.0 for label 0 | 0.14285714285714285 for label 1 | 0.5384615384615384 for label 2
Recall: 0.0 for label 0 | 0.3 for label 1 | 0.5384615384615384 for label 2
F1 micro: 0.383177570093458
F1 macro: 0.24400330851943752
With contradiction_threshold = 0.004116300498935743 and entailment_threshold = 0.6
Precision: 0.0 for label 0 | 0.14285714285714285 for label 1 | 0.5384615384615384 for label 2
Recall: 0.0 for label 0 | 0.3 for label 1 | 0.5384615384615384 for label 2
F1 micro: 0.383177570093458
F1 macro: 0.24400330851943752
With contradiction_threshold = 0.004116300498935743 and entailment_threshold = 0.7000000000000001
Precision: 0.0 for label 0 | 0.14285714285714285 for label 1 | 0.5384615384615384 for label 2
Recall: 0.0 for label 0 | 0.3 for label 1 | 0.5384615384615384 for label 2
F1 micro: 0.383177570093458
F1 macro: 0.24400330851943752
With contradiction_threshold = 0.004116300498935743 and entailment_threshold = 0.8
Precision: 0.0 for label 0 | 0.14285714285714285 for label 1 | 0.5384615384615384 for label 2
Recall: 0.0 for label 0 | 0.3 for label 1 | 0.5384615384615384 for label 2
F1 micro: 0.383177570093458
F1 macro: 0.24400330851943752
With contradiction_threshold = 0.004116300498935743 and entailment_threshold = 0.9
Precision: 0.0 for label 0 | 0.14285714285714285 for label 1 | 0.5384615384615384 for label 2
Recall: 0.0 for label 0 | 0.3 for label 1 | 0.5384615384615384 for label 2
F1 micro: 0.383177570093458
F1 macro: 0.24400330851943752
