With contradiction_threshold = 0.3347955737315367 and entailment_threshold = 0.7116341192290889 * COMPUTED THRESHOLDS
Precision: 0.2631578947368421 for label 0 | 0.2 for label 1 | 0.7619047619047619 for label 2
Recall: 0.9090909090909091 for label 0 | 0.1 for label 1 | 0.24615384615384617 for label 2
F1 micro: 0.35514018691588783
F1 macro: 0.3045298739650899
With contradiction_threshold = 0.1 and entailment_threshold = 0.7116341192290889
Precision: 0.30303030303030304 for label 0 | 0.16666666666666666 for label 1 | 0.8 for label 2
Recall: 0.9090909090909091 for label 0 | 0.3 for label 1 | 0.06153846153846154 for label 2
F1 micro: 0.2803738317757009
F1 macro: 0.261038961038961
With contradiction_threshold = 0.2 and entailment_threshold = 0.7116341192290889
Precision: 0.2857142857142857 for label 0 | 0.20689655172413793 for label 1 | 0.875 for label 2
Recall: 0.9090909090909091 for label 0 | 0.3 for label 1 | 0.1076923076923077 for label 2
F1 micro: 0.308411214953271
F1 macro: 0.29048712993237796
With contradiction_threshold = 0.30000000000000004 and entailment_threshold = 0.7116341192290889
Precision: 0.2631578947368421 for label 0 | 0.2857142857142857 for label 1 | 0.8823529411764706 for label 2
Recall: 0.9090909090909091 for label 0 | 0.2 for label 1 | 0.23076923076923078 for label 2
F1 micro: 0.36448598130841114
F1 macro: 0.3364370138299222
With contradiction_threshold = 0.4 and entailment_threshold = 0.7116341192290889
Precision: 0.2631578947368421 for label 0 | 0.2 for label 1 | 0.7692307692307693 for label 2
Recall: 0.9090909090909091 for label 0 | 0.05 for label 1 | 0.3076923076923077 for label 2
F1 micro: 0.383177570093458
F1 macro: 0.30924123495552064
With contradiction_threshold = 0.5 and entailment_threshold = 0.7116341192290889
Precision: 0.2631578947368421 for label 0 | 0.3333333333333333 for label 1 | 0.7857142857142857 for label 2
Recall: 0.9090909090909091 for label 0 | 0.05 for label 1 | 0.3384615384615385 for label 2
F1 micro: 0.40186915887850466
F1 macro: 0.32274602220504844
With contradiction_threshold = 0.6 and entailment_threshold = 0.7116341192290889
Precision: 0.2631578947368421 for label 0 | 0.5 for label 1 | 0.7931034482758621 for label 2
Recall: 0.9090909090909091 for label 0 | 0.05 for label 1 | 0.35384615384615387 for label 2
F1 micro: 0.411214953271028
F1 macro: 0.3294780194476243
With contradiction_threshold = 0.7000000000000001 and entailment_threshold = 0.7116341192290889
Precision: 0.2631578947368421 for label 0 | 0.5 for label 1 | 0.7931034482758621 for label 2
Recall: 0.9090909090909091 for label 0 | 0.05 for label 1 | 0.35384615384615387 for label 2
F1 micro: 0.411214953271028
F1 macro: 0.3294780194476243
With contradiction_threshold = 0.8 and entailment_threshold = 0.7116341192290889
Precision: 0.2631578947368421 for label 0 | 1.0 for label 1 | 0.8 for label 2
Recall: 0.9090909090909091 for label 0 | 0.05 for label 1 | 0.36923076923076925 for label 2
F1 micro: 0.4205607476635514
F1 macro: 0.3362215061463181
With contradiction_threshold = 0.9 and entailment_threshold = 0.7116341192290889
Precision: 0.2631578947368421 for label 0 | 0.0 for label 1 | 0.7741935483870968 for label 2
Recall: 0.9090909090909091 for label 0 | 0.0 for label 1 | 0.36923076923076925 for label 2
F1 micro: 0.411214953271028
F1 macro: 0.30272108843537415
With contradiction_threshold = 0.3347955737315367 and entailment_threshold = 0.1
Precision: 0.20952380952380953 for label 0 | 0.5 for label 1 | 0.0 for label 2
Recall: 1.0 for label 0 | 0.05 for label 1 | 0.0 for label 2
F1 micro: 0.21495327102803738
F1 macro: 0.14578859460749227
With contradiction_threshold = 0.3347955737315367 and entailment_threshold = 0.2
Precision: 0.21153846153846154 for label 0 | 0.3333333333333333 for label 1 | 0.0 for label 2
Recall: 1.0 for label 0 | 0.05 for label 1 | 0.0 for label 2
F1 micro: 0.21495327102803738
F1 macro: 0.14538762364849322
With contradiction_threshold = 0.3347955737315367 and entailment_threshold = 0.30000000000000004
Precision: 0.21153846153846154 for label 0 | 0.3333333333333333 for label 1 | 0.0 for label 2
Recall: 1.0 for label 0 | 0.05 for label 1 | 0.0 for label 2
F1 micro: 0.21495327102803738
F1 macro: 0.14538762364849322
With contradiction_threshold = 0.3347955737315367 and entailment_threshold = 0.4
Precision: 0.21568627450980393 for label 0 | 0.2 for label 1 | 0.0 for label 2
Recall: 1.0 for label 0 | 0.05 for label 1 | 0.0 for label 2
F1 micro: 0.21495327102803738
F1 macro: 0.14494623655913977
With contradiction_threshold = 0.3347955737315367 and entailment_threshold = 0.5
Precision: 0.21568627450980393 for label 0 | 0.2 for label 1 | 0.0 for label 2
Recall: 1.0 for label 0 | 0.05 for label 1 | 0.0 for label 2
F1 micro: 0.21495327102803738
F1 macro: 0.14494623655913977
With contradiction_threshold = 0.3347955737315367 and entailment_threshold = 0.6
Precision: 0.2268041237113402 for label 0 | 0.125 for label 1 | 0.5 for label 2
Recall: 1.0 for label 0 | 0.05 for label 1 | 0.015384615384615385 for label 2
F1 micro: 0.22429906542056074
F1 macro: 0.15700907228563069
With contradiction_threshold = 0.3347955737315367 and entailment_threshold = 0.7000000000000001
Precision: 0.2564102564102564 for label 0 | 0.2 for label 1 | 0.7368421052631579 for label 2
Recall: 0.9090909090909091 for label 0 | 0.1 for label 1 | 0.2153846153846154 for label 2
F1 micro: 0.3364485981308411
F1 macro: 0.28888888888888886
With contradiction_threshold = 0.3347955737315367 and entailment_threshold = 0.8
Precision: 0.3125 for label 0 | 0.2 for label 1 | 0.7575757575757576 for label 2
Recall: 0.9090909090909091 for label 0 | 0.1 for label 1 | 0.38461538461538464 for label 2
F1 micro: 0.4392523364485981
F1 macro: 0.3695512313452512
With contradiction_threshold = 0.3347955737315367 and entailment_threshold = 0.9
Precision: 0.2727272727272727 for label 0 | 0.2 for label 1 | 0.6415094339622641 for label 2
Recall: 0.5454545454545454 for label 0 | 0.1 for label 1 | 0.5230769230769231 for label 2
F1 micro: 0.4485981308411215
F1 macro: 0.3577469611367916
