With contradiction_threshold = 0.3442238969914819 and entailment_threshold = 0.7084312192042213 * COMPUTED THRESHOLDS
Precision: 0.2631578947368421 for label 0 | 0.18181818181818182 for label 1 | 0.7 for label 2
Recall: 0.9090909090909091 for label 0 | 0.1 for label 1 | 0.2153846153846154 for label 2
F1 micro: 0.3364485981308411
F1 macro: 0.2888690960255069
With contradiction_threshold = 0.1 and entailment_threshold = 0.7084312192042213
Precision: 0.2878787878787879 for label 0 | 0.15789473684210525 for label 1 | 0.6666666666666666 for label 2
Recall: 0.8636363636363636 for label 0 | 0.3 for label 1 | 0.03076923076923077 for label 2
F1 micro: 0.2523364485981308
F1 macro: 0.23251275431802818
With contradiction_threshold = 0.2 and entailment_threshold = 0.7084312192042213
Precision: 0.2602739726027397 for label 0 | 0.21428571428571427 for label 1 | 0.8333333333333334 for label 2
Recall: 0.8636363636363636 for label 0 | 0.3 for label 1 | 0.07692307692307693 for label 2
F1 micro: 0.2803738317757009
F1 macro: 0.26361502347417837
With contradiction_threshold = 0.30000000000000004 and entailment_threshold = 0.7084312192042213
Precision: 0.2631578947368421 for label 0 | 0.375 for label 1 | 0.8666666666666667 for label 2
Recall: 0.9090909090909091 for label 0 | 0.3 for label 1 | 0.2 for label 2
F1 micro: 0.36448598130841114
F1 macro: 0.3554988662131519
With contradiction_threshold = 0.4 and entailment_threshold = 0.7084312192042213
Precision: 0.2631578947368421 for label 0 | 0.125 for label 1 | 0.6956521739130435 for label 2
Recall: 0.9090909090909091 for label 0 | 0.05 for label 1 | 0.24615384615384617 for label 2
F1 micro: 0.34579439252336447
F1 macro: 0.2810760667903525
With contradiction_threshold = 0.5 and entailment_threshold = 0.7084312192042213
Precision: 0.2631578947368421 for label 0 | 0.3333333333333333 for label 1 | 0.7142857142857143 for label 2
Recall: 0.9090909090909091 for label 0 | 0.05 for label 1 | 0.3076923076923077 for label 2
F1 micro: 0.383177570093458
F1 macro: 0.30840910464232446
With contradiction_threshold = 0.6 and entailment_threshold = 0.7084312192042213
Precision: 0.2631578947368421 for label 0 | 0.5 for label 1 | 0.7241379310344828 for label 2
Recall: 0.9090909090909091 for label 0 | 0.05 for label 1 | 0.3230769230769231 for label 2
F1 micro: 0.39252336448598124
F1 macro: 0.3152936222845037
With contradiction_threshold = 0.7000000000000001 and entailment_threshold = 0.7084312192042213
Precision: 0.2631578947368421 for label 0 | 0.5 for label 1 | 0.7241379310344828 for label 2
Recall: 0.9090909090909091 for label 0 | 0.05 for label 1 | 0.3230769230769231 for label 2
F1 micro: 0.39252336448598124
F1 macro: 0.3152936222845037
With contradiction_threshold = 0.8 and entailment_threshold = 0.7084312192042213
Precision: 0.2631578947368421 for label 0 | 1.0 for label 1 | 0.7333333333333333 for label 2
Recall: 0.9090909090909091 for label 0 | 0.05 for label 1 | 0.3384615384615385 for label 2
F1 micro: 0.40186915887850466
F1 macro: 0.3221864184270199
With contradiction_threshold = 0.9 and entailment_threshold = 0.7084312192042213
Precision: 0.2631578947368421 for label 0 | 0.0 for label 1 | 0.7096774193548387 for label 2
Recall: 0.9090909090909091 for label 0 | 0.0 for label 1 | 0.3384615384615385 for label 2
F1 micro: 0.39252336448598124
F1 macro: 0.28883219954648526
With contradiction_threshold = 0.3442238969914819 and entailment_threshold = 0.1
Precision: 0.20952380952380953 for label 0 | 0.5 for label 1 | 0.0 for label 2
Recall: 1.0 for label 0 | 0.05 for label 1 | 0.0 for label 2
F1 micro: 0.21495327102803738
F1 macro: 0.14578859460749227
With contradiction_threshold = 0.3442238969914819 and entailment_threshold = 0.2
Precision: 0.20952380952380953 for label 0 | 0.5 for label 1 | 0.0 for label 2
Recall: 1.0 for label 0 | 0.05 for label 1 | 0.0 for label 2
F1 micro: 0.21495327102803738
F1 macro: 0.14578859460749227
With contradiction_threshold = 0.3442238969914819 and entailment_threshold = 0.30000000000000004
Precision: 0.21153846153846154 for label 0 | 0.3333333333333333 for label 1 | 0.0 for label 2
Recall: 1.0 for label 0 | 0.05 for label 1 | 0.0 for label 2
F1 micro: 0.21495327102803738
F1 macro: 0.14538762364849322
With contradiction_threshold = 0.3442238969914819 and entailment_threshold = 0.4
Precision: 0.21568627450980393 for label 0 | 0.2 for label 1 | 0.0 for label 2
Recall: 1.0 for label 0 | 0.05 for label 1 | 0.0 for label 2
F1 micro: 0.21495327102803738
F1 macro: 0.14494623655913977
With contradiction_threshold = 0.3442238969914819 and entailment_threshold = 0.5
Precision: 0.21782178217821782 for label 0 | 0.16666666666666666 for label 1 | 0.0 for label 2
Recall: 1.0 for label 0 | 0.05 for label 1 | 0.0 for label 2
F1 micro: 0.21495327102803738
F1 macro: 0.14488221805294976
With contradiction_threshold = 0.3442238969914819 and entailment_threshold = 0.6
Precision: 0.22105263157894736 for label 0 | 0.1 for label 1 | 0.5 for label 2
Recall: 0.9545454545454546 for label 0 | 0.05 for label 1 | 0.015384615384615385 for label 2
F1 micro: 0.21495327102803738
F1 macro: 0.1518305906365608
With contradiction_threshold = 0.3442238969914819 and entailment_threshold = 0.7000000000000001
Precision: 0.2597402597402597 for label 0 | 0.18181818181818182 for label 1 | 0.6842105263157895 for label 2
Recall: 0.9090909090909091 for label 0 | 0.1 for label 1 | 0.2 for label 2
F1 micro: 0.32710280373831774
F1 macro: 0.28086549054290993
With contradiction_threshold = 0.3442238969914819 and entailment_threshold = 0.8
Precision: 0.296875 for label 0 | 0.18181818181818182 for label 1 | 0.75 for label 2
Recall: 0.8636363636363636 for label 0 | 0.1 for label 1 | 0.36923076923076925 for label 2
F1 micro: 0.4205607476635514
F1 macro: 0.35524602800184585
With contradiction_threshold = 0.3442238969914819 and entailment_threshold = 0.9
Precision: 0.26666666666666666 for label 0 | 0.18181818181818182 for label 1 | 0.6470588235294118 for label 2
Recall: 0.5454545454545454 for label 0 | 0.1 for label 1 | 0.5076923076923077 for label 2
F1 micro: 0.4392523364485981
F1 macro: 0.3520689101765921
