With contradiction_threshold = 0.3238556573414826 and entailment_threshold = 0.45958851500854014 * COMPUTED THRESHOLDS
Precision: 0.2345679012345679 for label 0 | 0.25 for label 1 | 0.5909090909090909 for label 2
Recall: 0.8636363636363636 for label 0 | 0.05 for label 1 | 0.2 for label 2
F1 micro: 0.308411214953271
F1 macro: 0.2503719822936428
With contradiction_threshold = 0.1 and entailment_threshold = 0.45958851500854014
Precision: 0.24675324675324675 for label 0 | 0.1111111111111111 for label 1 | 0.5714285714285714 for label 2
Recall: 0.8636363636363636 for label 0 | 0.05 for label 1 | 0.18461538461538463 for label 2
F1 micro: 0.29906542056074764
F1 macro: 0.24395788950720787
With contradiction_threshold = 0.2 and entailment_threshold = 0.45958851500854014
Precision: 0.2375 for label 0 | 0.2 for label 1 | 0.5909090909090909 for label 2
Recall: 0.8636363636363636 for label 0 | 0.05 for label 1 | 0.2 for label 2
F1 micro: 0.308411214953271
F1 macro: 0.25046653144016223
With contradiction_threshold = 0.30000000000000004 and entailment_threshold = 0.45958851500854014
Precision: 0.2345679012345679 for label 0 | 0.25 for label 1 | 0.5909090909090909 for label 2
Recall: 0.8636363636363636 for label 0 | 0.05 for label 1 | 0.2 for label 2
F1 micro: 0.308411214953271
F1 macro: 0.2503719822936428
With contradiction_threshold = 0.4 and entailment_threshold = 0.45958851500854014
Precision: 0.2345679012345679 for label 0 | 0.25 for label 1 | 0.5909090909090909 for label 2
Recall: 0.8636363636363636 for label 0 | 0.05 for label 1 | 0.2 for label 2
F1 micro: 0.308411214953271
F1 macro: 0.2503719822936428
With contradiction_threshold = 0.5 and entailment_threshold = 0.45958851500854014
Precision: 0.2345679012345679 for label 0 | 0.25 for label 1 | 0.5909090909090909 for label 2
Recall: 0.8636363636363636 for label 0 | 0.05 for label 1 | 0.2 for label 2
F1 micro: 0.308411214953271
F1 macro: 0.2503719822936428
With contradiction_threshold = 0.6 and entailment_threshold = 0.45958851500854014
Precision: 0.2345679012345679 for label 0 | 0.3333333333333333 for label 1 | 0.6086956521739131 for label 2
Recall: 0.8636363636363636 for label 0 | 0.05 for label 1 | 0.2153846153846154 for label 2
F1 micro: 0.3177570093457944
F1 macro: 0.2580234595853
With contradiction_threshold = 0.7000000000000001 and entailment_threshold = 0.45958851500854014
Precision: 0.2345679012345679 for label 0 | 0.5 for label 1 | 0.625 for label 2
Recall: 0.8636363636363636 for label 0 | 0.05 for label 1 | 0.23076923076923078 for label 2
F1 micro: 0.32710280373831774
F1 macro: 0.26563992714314516
With contradiction_threshold = 0.8 and entailment_threshold = 0.45958851500854014
Precision: 0.2345679012345679 for label 0 | 0.5 for label 1 | 0.625 for label 2
Recall: 0.8636363636363636 for label 0 | 0.05 for label 1 | 0.23076923076923078 for label 2
F1 micro: 0.32710280373831774
F1 macro: 0.26563992714314516
With contradiction_threshold = 0.9 and entailment_threshold = 0.45958851500854014
Precision: 0.2345679012345679 for label 0 | 1.0 for label 1 | 0.64 for label 2
Recall: 0.8636363636363636 for label 0 | 0.05 for label 1 | 0.24615384615384617 for label 2
F1 micro: 0.3364485981308411
F1 macro: 0.2732418965428674
With contradiction_threshold = 0.3238556573414826 and entailment_threshold = 0.1
Precision: 0.2159090909090909 for label 0 | 0.3333333333333333 for label 1 | 0.4375 for label 2
Recall: 0.8636363636363636 for label 0 | 0.05 for label 1 | 0.1076923076923077 for label 2
F1 micro: 0.2523364485981308
F1 macro: 0.20175019112217182
With contradiction_threshold = 0.3238556573414826 and entailment_threshold = 0.2
Precision: 0.21839080459770116 for label 0 | 0.25 for label 1 | 0.4375 for label 2
Recall: 0.8636363636363636 for label 0 | 0.05 for label 1 | 0.1076923076923077 for label 2
F1 micro: 0.2523364485981308
F1 macro: 0.20159889757239402
With contradiction_threshold = 0.3238556573414826 and entailment_threshold = 0.30000000000000004
Precision: 0.22093023255813954 for label 0 | 0.25 for label 1 | 0.47058823529411764 for label 2
Recall: 0.8636363636363636 for label 0 | 0.05 for label 1 | 0.12307692307692308 for label 2
F1 micro: 0.2616822429906542
F1 macro: 0.21010237880156576
With contradiction_threshold = 0.3238556573414826 and entailment_threshold = 0.4
Precision: 0.2289156626506024 for label 0 | 0.25 for label 1 | 0.55 for label 2
Recall: 0.8636363636363636 for label 0 | 0.05 for label 1 | 0.16923076923076924 for label 2
F1 micro: 0.2897196261682243
F1 macro: 0.23468720821661995
With contradiction_threshold = 0.3238556573414826 and entailment_threshold = 0.5
Precision: 0.24050632911392406 for label 0 | 0.25 for label 1 | 0.625 for label 2
Recall: 0.8636363636363636 for label 0 | 0.05 for label 1 | 0.23076923076923078 for label 2
F1 micro: 0.32710280373831774
F1 macro: 0.2655498695937009
With contradiction_threshold = 0.3238556573414826 and entailment_threshold = 0.6
Precision: 0.25675675675675674 for label 0 | 0.2 for label 1 | 0.6785714285714286 for label 2
Recall: 0.8636363636363636 for label 0 | 0.05 for label 1 | 0.2923076923076923 for label 2
F1 micro: 0.36448598130841114
F1 macro: 0.29481182795698924
With contradiction_threshold = 0.3238556573414826 and entailment_threshold = 0.7000000000000001
Precision: 0.29310344827586204 for label 0 | 0.14285714285714285 for label 1 | 0.7142857142857143 for label 2
Recall: 0.7727272727272727 for label 0 | 0.05 for label 1 | 0.46153846153846156 for label 2
F1 micro: 0.4485981308411215
F1 macro: 0.35327391254182533
With contradiction_threshold = 0.3238556573414826 and entailment_threshold = 0.8
Precision: 0.3333333333333333 for label 0 | 0.14285714285714285 for label 1 | 0.6923076923076923 for label 2
Recall: 0.7272727272727273 for label 0 | 0.05 for label 1 | 0.5538461538461539 for label 2
F1 micro: 0.4953271028037383
F1 macro: 0.3822005155338489
With contradiction_threshold = 0.3238556573414826 and entailment_threshold = 0.9
Precision: 0.35135135135135137 for label 0 | 0.14285714285714285 for label 1 | 0.6825396825396826 for label 2
Recall: 0.5909090909090909 for label 0 | 0.05 for label 1 | 0.6615384615384615 for label 2
F1 micro: 0.5327102803738317
F1 macro: 0.39554234672525634
