With contradiction_threshold = 0.3066000507824356 and entailment_threshold = 0.5892463317140937 * COMPUTED THRESHOLDS
Precision: 0.4878048780487805 for label 0 | 0.2 for label 1 | 0.4645669291338583 for label 2
Recall: 0.425531914893617 for label 0 | 0.16216216216216217 for label 1 | 0.5462962962962963 for label 2
F1 micro: 0.4393305439330544
F1 macro: 0.37859253057728764
With contradiction_threshold = 0.1 and entailment_threshold = 0.5892463317140937
Precision: 0.5205479452054794 for label 0 | 0.225 for label 1 | 0.4603174603174603 for label 2
Recall: 0.40425531914893614 for label 0 | 0.24324324324324326 for label 1 | 0.5370370370370371 for label 2
F1 micro: 0.4393305439330544
F1 macro: 0.3948608499506703
With contradiction_threshold = 0.2 and entailment_threshold = 0.5892463317140937
Precision: 0.5066666666666667 for label 0 | 0.21052631578947367 for label 1 | 0.4603174603174603 for label 2
Recall: 0.40425531914893614 for label 0 | 0.21621621621621623 for label 1 | 0.5370370370370371 for label 2
F1 micro: 0.4351464435146444
F1 macro: 0.3862546570238878
With contradiction_threshold = 0.30000000000000004 and entailment_threshold = 0.5892463317140937
Precision: 0.4878048780487805 for label 0 | 0.2 for label 1 | 0.4645669291338583 for label 2
Recall: 0.425531914893617 for label 0 | 0.16216216216216217 for label 1 | 0.5462962962962963 for label 2
F1 micro: 0.4393305439330544
F1 macro: 0.37859253057728764
With contradiction_threshold = 0.4 and entailment_threshold = 0.5892463317140937
Precision: 0.46511627906976744 for label 0 | 0.16666666666666666 for label 1 | 0.4573643410852713 for label 2
Recall: 0.425531914893617 for label 0 | 0.10810810810810811 for label 1 | 0.5462962962962963 for label 2
F1 micro: 0.4309623430962343
F1 macro: 0.3578274269289003
With contradiction_threshold = 0.5 and entailment_threshold = 0.5892463317140937
Precision: 0.46511627906976744 for label 0 | 0.13636363636363635 for label 1 | 0.4580152671755725 for label 2
Recall: 0.425531914893617 for label 0 | 0.08108108108108109 for label 1 | 0.5555555555555556 for label 2
F1 micro: 0.4309623430962343
F1 macro: 0.34941046996929553
With contradiction_threshold = 0.6 and entailment_threshold = 0.5892463317140937
Precision: 0.46511627906976744 for label 0 | 0.21428571428571427 for label 1 | 0.4676258992805755 for label 2
Recall: 0.425531914893617 for label 0 | 0.08108108108108109 for label 1 | 0.6018518518518519 for label 2
F1 micro: 0.45188284518828453
F1 macro: 0.36280243091388603
With contradiction_threshold = 0.7000000000000001 and entailment_threshold = 0.5892463317140937
Precision: 0.46511627906976744 for label 0 | 0.2727272727272727 for label 1 | 0.4647887323943662 for label 2
Recall: 0.425531914893617 for label 0 | 0.08108108108108109 for label 1 | 0.6111111111111112 for label 2
F1 micro: 0.4560669456066946
F1 macro: 0.36581481481481476
With contradiction_threshold = 0.8 and entailment_threshold = 0.5892463317140937
Precision: 0.46511627906976744 for label 0 | 0.2 for label 1 | 0.46153846153846156 for label 2
Recall: 0.425531914893617 for label 0 | 0.05405405405405406 for label 1 | 0.6111111111111112 for label 2
F1 micro: 0.45188284518828453
F1 macro: 0.3518157472552657
With contradiction_threshold = 0.9 and entailment_threshold = 0.5892463317140937
Precision: 0.46511627906976744 for label 0 | 0.2222222222222222 for label 1 | 0.4652777777777778 for label 2
Recall: 0.425531914893617 for label 0 | 0.05405405405405406 for label 1 | 0.6203703703703703 for label 2
F1 micro: 0.4560669456066946
F1 macro: 0.35438233264320224
With contradiction_threshold = 0.3066000507824356 and entailment_threshold = 0.1
Precision: 0.45 for label 0 | 0.21428571428571427 for label 1 | 0.456 for label 2
Recall: 0.4787234042553192 for label 0 | 0.08108108108108109 for label 1 | 0.5277777777777778 for label 2
F1 micro: 0.4393305439330544
F1 macro: 0.35694499028760657
With contradiction_threshold = 0.3066000507824356 and entailment_threshold = 0.2
Precision: 0.45454545454545453 for label 0 | 0.2 for label 1 | 0.456 for label 2
Recall: 0.4787234042553192 for label 0 | 0.08108108108108109 for label 1 | 0.5277777777777778 for label 2
F1 micro: 0.4393305439330544
F1 macro: 0.3569920817246753
With contradiction_threshold = 0.3066000507824356 and entailment_threshold = 0.30000000000000004
Precision: 0.4639175257731959 for label 0 | 0.1875 for label 1 | 0.4603174603174603 for label 2
Recall: 0.4787234042553192 for label 0 | 0.08108108108108109 for label 1 | 0.5370370370370371 for label 2
F1 micro: 0.4435146443514644
F1 macro: 0.3600460771259941
With contradiction_threshold = 0.3066000507824356 and entailment_threshold = 0.4
Precision: 0.46153846153846156 for label 0 | 0.13636363636363635 for label 1 | 0.4603174603174603 for label 2
Recall: 0.44680851063829785 for label 0 | 0.08108108108108109 for label 1 | 0.5370370370370371 for label 2
F1 micro: 0.4309623430962343
F1 macro: 0.35049182167826237
With contradiction_threshold = 0.3066000507824356 and entailment_threshold = 0.5
Precision: 0.46511627906976744 for label 0 | 0.15384615384615385 for label 1 | 0.4645669291338583 for label 2
Recall: 0.425531914893617 for label 0 | 0.10810810810810811 for label 1 | 0.5462962962962963 for label 2
F1 micro: 0.4309623430962343
F1 macro: 0.3578520770010131
With contradiction_threshold = 0.3066000507824356 and entailment_threshold = 0.6
Precision: 0.4878048780487805 for label 0 | 0.2 for label 1 | 0.4645669291338583 for label 2
Recall: 0.425531914893617 for label 0 | 0.16216216216216217 for label 1 | 0.5462962962962963 for label 2
F1 micro: 0.4393305439330544
F1 macro: 0.37859253057728764
With contradiction_threshold = 0.3066000507824356 and entailment_threshold = 0.7000000000000001
Precision: 0.5205479452054794 for label 0 | 0.21621621621621623 for label 1 | 0.4728682170542636 for label 2
Recall: 0.40425531914893614 for label 0 | 0.21621621621621623 for label 1 | 0.5648148148148148 for label 2
F1 micro: 0.4476987447698745
F1 macro: 0.39535798968831637
With contradiction_threshold = 0.3066000507824356 and entailment_threshold = 0.8
Precision: 0.5373134328358209 for label 0 | 0.21621621621621623 for label 1 | 0.4666666666666667 for label 2
Recall: 0.3829787234042553 for label 0 | 0.21621621621621623 for label 1 | 0.5833333333333334 for label 2
F1 micro: 0.4476987447698745
F1 macro: 0.3939799012262781
With contradiction_threshold = 0.3066000507824356 and entailment_threshold = 0.9
Precision: 0.5423728813559322 for label 0 | 0.21621621621621623 for label 1 | 0.46853146853146854 for label 2
Recall: 0.3404255319148936 for label 0 | 0.21621621621621623 for label 1 | 0.6203703703703703 for label 2
F1 micro: 0.4476987447698745
F1 macro: 0.38946047054788563
