With contradiction_threshold = 0.597844606897469 and entailment_threshold = 0.7542955271009231 * COMPUTED THRESHOLDS
Precision: 0.4178082191780822 for label 0 | 0.2692307692307692 for label 1 | 0.44776119402985076 for label 2
Recall: 0.648936170212766 for label 0 | 0.1891891891891892 for label 1 | 0.2777777777777778 for label 2
F1 micro: 0.41004184100418406
F1 macro: 0.3578042328042328
With contradiction_threshold = 0.1 and entailment_threshold = 0.7542955271009231
Precision: 0.4306569343065693 for label 0 | 0.17582417582417584 for label 1 | 0.2727272727272727 for label 2
Recall: 0.6276595744680851 for label 0 | 0.43243243243243246 for label 1 | 0.027777777777777776 for label 2
F1 micro: 0.3263598326359833
F1 macro: 0.27041422629657924
With contradiction_threshold = 0.2 and entailment_threshold = 0.7542955271009231
Precision: 0.4178082191780822 for label 0 | 0.18292682926829268 for label 1 | 0.2727272727272727 for label 2
Recall: 0.648936170212766 for label 0 | 0.40540540540540543 for label 1 | 0.027777777777777776 for label 2
F1 micro: 0.3305439330543933
F1 macro: 0.2702847805788982
With contradiction_threshold = 0.30000000000000004 and entailment_threshold = 0.7542955271009231
Precision: 0.4178082191780822 for label 0 | 0.1891891891891892 for label 1 | 0.21052631578947367 for label 2
Recall: 0.648936170212766 for label 0 | 0.3783783783783784 for label 1 | 0.037037037037037035 for label 2
F1 micro: 0.3305439330543933
F1 macro: 0.2745259038566125
With contradiction_threshold = 0.4 and entailment_threshold = 0.7542955271009231
Precision: 0.4178082191780822 for label 0 | 0.2033898305084746 for label 1 | 0.29411764705882354 for label 2
Recall: 0.648936170212766 for label 0 | 0.32432432432432434 for label 1 | 0.09259259259259259 for label 2
F1 micro: 0.3472803347280335
F1 macro: 0.2997261345852895
With contradiction_threshold = 0.5 and entailment_threshold = 0.7542955271009231
Precision: 0.4178082191780822 for label 0 | 0.21739130434782608 for label 1 | 0.3829787234042553 for label 2
Recall: 0.648936170212766 for label 0 | 0.2702702702702703 for label 1 | 0.16666666666666666 for label 2
F1 micro: 0.3723849372384937
F1 macro: 0.32718508442371635
With contradiction_threshold = 0.6 and entailment_threshold = 0.7542955271009231
Precision: 0.4178082191780822 for label 0 | 0.2692307692307692 for label 1 | 0.44776119402985076 for label 2
Recall: 0.648936170212766 for label 0 | 0.1891891891891892 for label 1 | 0.2777777777777778 for label 2
F1 micro: 0.41004184100418406
F1 macro: 0.3578042328042328
With contradiction_threshold = 0.7000000000000001 and entailment_threshold = 0.7542955271009231
Precision: 0.4178082191780822 for label 0 | 0.25 for label 1 | 0.45454545454545453 for label 2
Recall: 0.648936170212766 for label 0 | 0.10810810810810811 for label 1 | 0.32407407407407407 for label 2
F1 micro: 0.4184100418410041
F1 macro: 0.34588503597937564
With contradiction_threshold = 0.8 and entailment_threshold = 0.7542955271009231
Precision: 0.4178082191780822 for label 0 | 0.3076923076923077 for label 1 | 0.45 for label 2
Recall: 0.648936170212766 for label 0 | 0.10810810810810811 for label 1 | 0.3333333333333333 for label 2
F1 micro: 0.4225941422594142
F1 macro: 0.35043735224586287
With contradiction_threshold = 0.9 and entailment_threshold = 0.7542955271009231
Precision: 0.4178082191780822 for label 0 | 0.4 for label 1 | 0.46987951807228917 for label 2
Recall: 0.648936170212766 for label 0 | 0.10810810810810811 for label 1 | 0.3611111111111111 for label 2
F1 micro: 0.4351464435146444
F1 macro: 0.36230768754718845
With contradiction_threshold = 0.597844606897469 and entailment_threshold = 0.1
Precision: 0.3888888888888889 for label 0 | 0.25 for label 1 | 0.14285714285714285 for label 2
Recall: 0.8936170212765957 for label 0 | 0.10810810810810811 for label 1 | 0.009259259259259259 for label 2
F1 micro: 0.3723849372384937
F1 macro: 0.23675672814840298
With contradiction_threshold = 0.597844606897469 and entailment_threshold = 0.2
Precision: 0.39069767441860465 for label 0 | 0.23529411764705882 for label 1 | 0.14285714285714285 for label 2
Recall: 0.8936170212765957 for label 0 | 0.10810810810810811 for label 1 | 0.009259259259259259 for label 2
F1 micro: 0.3723849372384937
F1 macro: 0.23640959096144123
With contradiction_threshold = 0.597844606897469 and entailment_threshold = 0.30000000000000004
Precision: 0.3952380952380952 for label 0 | 0.22727272727272727 for label 1 | 0.14285714285714285 for label 2
Recall: 0.8829787234042553 for label 0 | 0.13513513513513514 for label 1 | 0.009259259259259259 for label 2
F1 micro: 0.3723849372384937
F1 macro: 0.24431182045016742
With contradiction_threshold = 0.597844606897469 and entailment_threshold = 0.4
Precision: 0.39805825242718446 for label 0 | 0.2692307692307692 for label 1 | 0.14285714285714285 for label 2
Recall: 0.8723404255319149 for label 0 | 0.1891891891891892 for label 1 | 0.009259259259259259 for label 2
F1 micro: 0.37656903765690375
F1 macro: 0.26209339774557167
With contradiction_threshold = 0.597844606897469 and entailment_threshold = 0.5
Precision: 0.4090909090909091 for label 0 | 0.2692307692307692 for label 1 | 0.4666666666666667 for label 2
Recall: 0.8617021276595744 for label 0 | 0.1891891891891892 for label 1 | 0.06481481481481481 for label 2
F1 micro: 0.39748953974895396
F1 macro: 0.2969459603271832
With contradiction_threshold = 0.597844606897469 and entailment_threshold = 0.6
Precision: 0.4327485380116959 for label 0 | 0.2692307692307692 for label 1 | 0.5 for label 2
Recall: 0.7872340425531915 for label 0 | 0.1891891891891892 for label 1 | 0.19444444444444445 for label 2
F1 micro: 0.42677824267782427
F1 macro: 0.353570929419986
With contradiction_threshold = 0.597844606897469 and entailment_threshold = 0.7000000000000001
Precision: 0.432258064516129 for label 0 | 0.2692307692307692 for label 1 | 0.4827586206896552 for label 2
Recall: 0.7127659574468085 for label 0 | 0.1891891891891892 for label 1 | 0.25925925925925924 for label 2
F1 micro: 0.42677824267782427
F1 macro: 0.3659080767514502
With contradiction_threshold = 0.597844606897469 and entailment_threshold = 0.8
Precision: 0.4195804195804196 for label 0 | 0.2692307692307692 for label 1 | 0.44285714285714284 for label 2
Recall: 0.6382978723404256 for label 0 | 0.1891891891891892 for label 1 | 0.28703703703703703 for label 2
F1 micro: 0.41004184100418406
F1 macro: 0.3589553142959487
With contradiction_threshold = 0.597844606897469 and entailment_threshold = 0.9
Precision: 0.4634146341463415 for label 0 | 0.2692307692307692 for label 1 | 0.5 for label 2
Recall: 0.6063829787234043 for label 0 | 0.1891891891891892 for label 1 | 0.4166666666666667 for label 2
F1 micro: 0.4560669456066946
F1 macro: 0.4007044329624975
