With contradiction_threshold = 0.32850691842031665 and entailment_threshold = 0.6920100945835839 * COMPUTED THRESHOLDS
Precision: 0.49333333333333335 for label 0 | 0.17647058823529413 for label 1 | 0.46923076923076923 for label 2
Recall: 0.39361702127659576 for label 0 | 0.16216216216216217 for label 1 | 0.5648148148148148 for label 2
F1 micro: 0.4351464435146444
F1 macro: 0.3731629830030187
With contradiction_threshold = 0.1 and entailment_threshold = 0.6920100945835839
Precision: 0.5217391304347826 for label 0 | 0.2222222222222222 for label 1 | 0.472 for label 2
Recall: 0.3829787234042553 for label 0 | 0.2702702702702703 for label 1 | 0.5462962962962963 for label 2
F1 micro: 0.4393305439330544
F1 macro: 0.39735266622525883
With contradiction_threshold = 0.2 and entailment_threshold = 0.6920100945835839
Precision: 0.5068493150684932 for label 0 | 0.225 for label 1 | 0.47619047619047616 for label 2
Recall: 0.39361702127659576 for label 0 | 0.24324324324324326 for label 1 | 0.5555555555555556 for label 2
F1 micro: 0.4435146443514644
F1 macro: 0.3965668396806121
With contradiction_threshold = 0.30000000000000004 and entailment_threshold = 0.6920100945835839
Precision: 0.49333333333333335 for label 0 | 0.21621621621621623 for label 1 | 0.48031496062992124 for label 2
Recall: 0.39361702127659576 for label 0 | 0.21621621621621623 for label 1 | 0.5648148148148148 for label 2
F1 micro: 0.4435146443514644
F1 macro: 0.39107832495721206
With contradiction_threshold = 0.4 and entailment_threshold = 0.6920100945835839
Precision: 0.49333333333333335 for label 0 | 0.13636363636363635 for label 1 | 0.45774647887323944 for label 2
Recall: 0.39361702127659576 for label 0 | 0.08108108108108109 for label 1 | 0.6018518518518519 for label 2
F1 micro: 0.4393305439330544
F1 macro: 0.3531882459131481
With contradiction_threshold = 0.5 and entailment_threshold = 0.6920100945835839
Precision: 0.49333333333333335 for label 0 | 0.15789473684210525 for label 1 | 0.46206896551724136 for label 2
Recall: 0.39361702127659576 for label 0 | 0.08108108108108109 for label 1 | 0.6203703703703703 for label 2
F1 micro: 0.4476987447698745
F1 macro: 0.3582189828009226
With contradiction_threshold = 0.6 and entailment_threshold = 0.6920100945835839
Precision: 0.49333333333333335 for label 0 | 0.21428571428571427 for label 1 | 0.4666666666666667 for label 2
Recall: 0.39361702127659576 for label 0 | 0.08108108108108109 for label 1 | 0.6481481481481481 for label 2
F1 micro: 0.4602510460251046
F1 macro: 0.3660508467411551
With contradiction_threshold = 0.7000000000000001 and entailment_threshold = 0.6920100945835839
Precision: 0.49333333333333335 for label 0 | 0.3 for label 1 | 0.4675324675324675 for label 2
Recall: 0.39361702127659576 for label 0 | 0.08108108108108109 for label 1 | 0.6666666666666666 for label 2
F1 micro: 0.4686192468619247
F1 macro: 0.37171590585465974
With contradiction_threshold = 0.8 and entailment_threshold = 0.6920100945835839
Precision: 0.49333333333333335 for label 0 | 0.2222222222222222 for label 1 | 0.4645161290322581 for label 2
Recall: 0.39361702127659576 for label 0 | 0.05405405405405406 for label 1 | 0.6666666666666666 for label 2
F1 micro: 0.46443514644351463
F1 macro: 0.3574516204448679
With contradiction_threshold = 0.9 and entailment_threshold = 0.6920100945835839
Precision: 0.49333333333333335 for label 0 | 0.25 for label 1 | 0.46794871794871795 for label 2
Recall: 0.39361702127659576 for label 0 | 0.05405405405405406 for label 1 | 0.6759259259259259 for label 2
F1 micro: 0.4686192468619247
F1 macro: 0.35992967146813304
With contradiction_threshold = 0.32850691842031665 and entailment_threshold = 0.1
Precision: 0.45098039215686275 for label 0 | 0.21428571428571427 for label 1 | 0.4634146341463415 for label 2
Recall: 0.48936170212765956 for label 0 | 0.08108108108108109 for label 1 | 0.5277777777777778 for label 2
F1 micro: 0.4435146443514644
F1 macro: 0.3601804358106879
With contradiction_threshold = 0.32850691842031665 and entailment_threshold = 0.2
Precision: 0.45098039215686275 for label 0 | 0.21428571428571427 for label 1 | 0.4634146341463415 for label 2
Recall: 0.48936170212765956 for label 0 | 0.08108108108108109 for label 1 | 0.5277777777777778 for label 2
F1 micro: 0.4435146443514644
F1 macro: 0.3601804358106879
With contradiction_threshold = 0.32850691842031665 and entailment_threshold = 0.30000000000000004
Precision: 0.46 for label 0 | 0.2 for label 1 | 0.46774193548387094 for label 2
Recall: 0.48936170212765956 for label 0 | 0.08108108108108109 for label 1 | 0.5370370370370371 for label 2
F1 micro: 0.4476987447698745
F1 macro: 0.3632038065027756
With contradiction_threshold = 0.32850691842031665 and entailment_threshold = 0.4
Precision: 0.4583333333333333 for label 0 | 0.15789473684210525 for label 1 | 0.46774193548387094 for label 2
Recall: 0.46808510638297873 for label 0 | 0.08108108108108109 for label 1 | 0.5370370370370371 for label 2
F1 micro: 0.4393305439330544
F1 macro: 0.3567669172932331
With contradiction_threshold = 0.32850691842031665 and entailment_threshold = 0.5
Precision: 0.45652173913043476 for label 0 | 0.13043478260869565 for label 1 | 0.46774193548387094 for label 2
Recall: 0.44680851063829785 for label 0 | 0.08108108108108109 for label 1 | 0.5370370370370371 for label 2
F1 micro: 0.4309623430962343
F1 macro: 0.3505376344086022
With contradiction_threshold = 0.32850691842031665 and entailment_threshold = 0.6
Precision: 0.4642857142857143 for label 0 | 0.1724137931034483 for label 1 | 0.46825396825396826 for label 2
Recall: 0.4148936170212766 for label 0 | 0.13513513513513514 for label 1 | 0.5462962962962963 for label 2
F1 micro: 0.4309623430962343
F1 macro: 0.36466363432655563
With contradiction_threshold = 0.32850691842031665 and entailment_threshold = 0.7000000000000001
Precision: 0.49333333333333335 for label 0 | 0.17647058823529413 for label 1 | 0.46923076923076923 for label 2
Recall: 0.39361702127659576 for label 0 | 0.16216216216216217 for label 1 | 0.5648148148148148 for label 2
F1 micro: 0.4351464435146444
F1 macro: 0.3731629830030187
With contradiction_threshold = 0.32850691842031665 and entailment_threshold = 0.8
Precision: 0.5147058823529411 for label 0 | 0.17647058823529413 for label 1 | 0.46715328467153283 for label 2
Recall: 0.3723404255319149 for label 0 | 0.16216216216216217 for label 1 | 0.5925925925925926 for label 2
F1 micro: 0.4393305439330544
F1 macro: 0.37452060984365926
With contradiction_threshold = 0.32850691842031665 and entailment_threshold = 0.9
Precision: 0.5245901639344263 for label 0 | 0.17647058823529413 for label 1 | 0.4722222222222222 for label 2
Recall: 0.3404255319148936 for label 0 | 0.16216216216216217 for label 1 | 0.6296296296296297 for label 2
F1 micro: 0.4435146443514644
F1 macro: 0.37386661666534443
