With contradiction_threshold = 0.4515894763171673 and entailment_threshold = 0.6071990579366684 * COMPUTED THRESHOLDS
Precision: 0.4476744186046512 for label 0 | 0.20408163265306123 for label 1 | 0.5 for label 2
Recall: 0.8191489361702128 for label 0 | 0.2702702702702703 for label 1 | 0.08333333333333333 for label 2
F1 micro: 0.401673640167364
F1 macro: 0.3181208836043597
With contradiction_threshold = 0.1 and entailment_threshold = 0.6071990579366684
Precision: 0.423841059602649 for label 0 | 0.1744186046511628 for label 1 | 0.0 for label 2
Recall: 0.6808510638297872 for label 0 | 0.40540540540540543 for label 1 | 0.0 for label 2
F1 micro: 0.3305439330543933
F1 macro: 0.2554504728720757
With contradiction_threshold = 0.2 and entailment_threshold = 0.6071990579366684
Precision: 0.4339622641509434 for label 0 | 0.1794871794871795 for label 1 | 0.0 for label 2
Recall: 0.7340425531914894 for label 0 | 0.3783783783783784 for label 1 | 0.0 for label 2
F1 micro: 0.3472803347280335
F1 macro: 0.26297760210803695
With contradiction_threshold = 0.30000000000000004 and entailment_threshold = 0.6071990579366684
Precision: 0.4437869822485207 for label 0 | 0.19696969696969696 for label 1 | 0.5 for label 2
Recall: 0.7978723404255319 for label 0 | 0.35135135135135137 for label 1 | 0.018518518518518517 for label 2
F1 micro: 0.37656903765690375
F1 macro: 0.286161225167833
With contradiction_threshold = 0.4 and entailment_threshold = 0.6071990579366684
Precision: 0.4476744186046512 for label 0 | 0.2 for label 1 | 0.42857142857142855 for label 2
Recall: 0.8191489361702128 for label 0 | 0.32432432432432434 for label 1 | 0.027777777777777776 for label 2
F1 micro: 0.3849372384937239
F1 macro: 0.2928479872923007
With contradiction_threshold = 0.5 and entailment_threshold = 0.6071990579366684
Precision: 0.4476744186046512 for label 0 | 0.2 for label 1 | 0.5454545454545454 for label 2
Recall: 0.8191489361702128 for label 0 | 0.24324324324324326 for label 1 | 0.1111111111111111 for label 2
F1 micro: 0.41004184100418406
F1 macro: 0.3276916493861295
With contradiction_threshold = 0.6 and entailment_threshold = 0.6071990579366684
Precision: 0.4476744186046512 for label 0 | 0.2916666666666667 for label 1 | 0.5581395348837209 for label 2
Recall: 0.8191489361702128 for label 0 | 0.1891891891891892 for label 1 | 0.2222222222222222 for label 2
F1 micro: 0.45188284518828453
F1 macro: 0.37544545328145035
With contradiction_threshold = 0.7000000000000001 and entailment_threshold = 0.6071990579366684
Precision: 0.4476744186046512 for label 0 | 0.25 for label 1 | 0.5294117647058824 for label 2
Recall: 0.8191489361702128 for label 0 | 0.10810810810810811 for label 1 | 0.25 for label 2
F1 micro: 0.45188284518828453
F1 macro: 0.3565044687189672
With contradiction_threshold = 0.8 and entailment_threshold = 0.6071990579366684
Precision: 0.4476744186046512 for label 0 | 0.3076923076923077 for label 1 | 0.5185185185185185 for label 2
Recall: 0.8191489361702128 for label 0 | 0.10810810810810811 for label 1 | 0.25925925925925924 for label 2
F1 micro: 0.4560669456066946
F1 macro: 0.36154212692224386
With contradiction_threshold = 0.9 and entailment_threshold = 0.6071990579366684
Precision: 0.4476744186046512 for label 0 | 0.4 for label 1 | 0.543859649122807 for label 2
Recall: 0.8191489361702128 for label 0 | 0.10810810810810811 for label 1 | 0.28703703703703703 for label 2
F1 micro: 0.4686192468619247
F1 macro: 0.3749725700453584
With contradiction_threshold = 0.4515894763171673 and entailment_threshold = 0.1
Precision: 0.40540540540540543 for label 0 | 0.23529411764705882 for label 1 | 0.0 for label 2
Recall: 0.9574468085106383 for label 0 | 0.10810810810810811 for label 1 | 0.0 for label 2
F1 micro: 0.39330543933054396
F1 macro: 0.2392561337709017
With contradiction_threshold = 0.4515894763171673 and entailment_threshold = 0.2
Precision: 0.40825688073394495 for label 0 | 0.23809523809523808 for label 1 | 0.0 for label 2
Recall: 0.9468085106382979 for label 0 | 0.13513513513513514 for label 1 | 0.0 for label 2
F1 micro: 0.39330543933054396
F1 macro: 0.24764220453875627
With contradiction_threshold = 0.4515894763171673 and entailment_threshold = 0.30000000000000004
Precision: 0.40930232558139534 for label 0 | 0.2916666666666667 for label 1 | 0.0 for label 2
Recall: 0.9361702127659575 for label 0 | 0.1891891891891892 for label 1 | 0.0 for label 2
F1 micro: 0.39748953974895396
F1 macro: 0.26636249491573377
With contradiction_threshold = 0.4515894763171673 and entailment_threshold = 0.4
Precision: 0.41626794258373206 for label 0 | 0.26666666666666666 for label 1 | 0.0 for label 2
Recall: 0.925531914893617 for label 0 | 0.21621621621621623 for label 1 | 0.0 for label 2
F1 micro: 0.39748953974895396
F1 macro: 0.2710211319639427
With contradiction_threshold = 0.4515894763171673 and entailment_threshold = 0.5
Precision: 0.421875 for label 0 | 0.19148936170212766 for label 1 | 0.0 for label 2
Recall: 0.8617021276595744 for label 0 | 0.24324324324324326 for label 1 | 0.0 for label 2
F1 micro: 0.37656903765690375
F1 macro: 0.26023976023976025
With contradiction_threshold = 0.4515894763171673 and entailment_threshold = 0.6
Precision: 0.4438202247191011 for label 0 | 0.20408163265306123 for label 1 | 0.5 for label 2
Recall: 0.8404255319148937 for label 0 | 0.2702702702702703 for label 1 | 0.05555555555555555 for label 2
F1 micro: 0.39748953974895396
F1 macro: 0.3044801641586867
With contradiction_threshold = 0.4515894763171673 and entailment_threshold = 0.7000000000000001
Precision: 0.4339622641509434 for label 0 | 0.20408163265306123 for label 1 | 0.41935483870967744 for label 2
Recall: 0.7340425531914894 for label 0 | 0.2702702702702703 for label 1 | 0.12037037037037036 for label 2
F1 micro: 0.3849372384937239
F1 macro: 0.3216876815672198
With contradiction_threshold = 0.4515894763171673 and entailment_threshold = 0.8
Precision: 0.4246575342465753 for label 0 | 0.20408163265306123 for label 1 | 0.38636363636363635 for label 2
Recall: 0.6595744680851063 for label 0 | 0.2702702702702703 for label 1 | 0.1574074074074074 for label 2
F1 micro: 0.3723849372384937
F1 macro: 0.32430300557595537
With contradiction_threshold = 0.4515894763171673 and entailment_threshold = 0.9
Precision: 0.45081967213114754 for label 0 | 0.20408163265306123 for label 1 | 0.45588235294117646 for label 2
Recall: 0.5851063829787234 for label 0 | 0.2702702702702703 for label 1 | 0.28703703703703703 for label 2
F1 micro: 0.401673640167364
F1 macro: 0.3646967086889567
