With contradiction_threshold = 0.2008693292523276 and entailment_threshold = 0.2633185425260731 * COMPUTED THRESHOLDS
Precision: 0.5865384615384616 for label 0 | 0.28205128205128205 for label 1 | 0.6145833333333334 for label 2
Recall: 0.648936170212766 for label 0 | 0.2972972972972973 for label 1 | 0.5462962962962963 for label 2
F1 micro: 0.5481171548117155
F1 macro: 0.49468889097372076
With contradiction_threshold = 0.1 and entailment_threshold = 0.2633185425260731
Precision: 0.5841584158415841 for label 0 | 0.22033898305084745 for label 1 | 0.620253164556962 for label 2
Recall: 0.6276595744680851 for label 0 | 0.35135135135135137 for label 1 | 0.4537037037037037 for label 2
F1 micro: 0.5062761506276151
F1 macro: 0.4666752365281777
With contradiction_threshold = 0.2 and entailment_threshold = 0.2633185425260731
Precision: 0.5865384615384616 for label 0 | 0.2682926829268293 for label 1 | 0.6063829787234043 for label 2
Recall: 0.648936170212766 for label 0 | 0.2972972972972973 for label 1 | 0.5277777777777778 for label 2
F1 micro: 0.5397489539748954
F1 macro: 0.4875231112854876
With contradiction_threshold = 0.30000000000000004 and entailment_threshold = 0.2633185425260731
Precision: 0.5740740740740741 for label 0 | 0.3448275862068966 for label 1 | 0.5980392156862745 for label 2
Recall: 0.6595744680851063 for label 0 | 0.2702702702702703 for label 1 | 0.5648148148148148 for label 2
F1 micro: 0.5564853556485355
F1 macro: 0.4992813567070993
With contradiction_threshold = 0.4 and entailment_threshold = 0.2633185425260731
Precision: 0.5740740740740741 for label 0 | 0.36 for label 1 | 0.6037735849056604 for label 2
Recall: 0.6595744680851063 for label 0 | 0.24324324324324326 for label 1 | 0.5925925925925926 for label 2
F1 micro: 0.5648535564853556
F1 macro: 0.5007716026350902
With contradiction_threshold = 0.5 and entailment_threshold = 0.2633185425260731
Precision: 0.5636363636363636 for label 0 | 0.36363636363636365 for label 1 | 0.6074766355140186 for label 2
Recall: 0.6595744680851063 for label 0 | 0.21621621621621623 for label 1 | 0.6018518518518519 for label 2
F1 micro: 0.5648535564853556
F1 macro: 0.4945602469078552
With contradiction_threshold = 0.6 and entailment_threshold = 0.2633185425260731
Precision: 0.5636363636363636 for label 0 | 0.4 for label 1 | 0.5964912280701754 for label 2
Recall: 0.6595744680851063 for label 0 | 0.16216216216216217 for label 1 | 0.6296296296296297 for label 2
F1 micro: 0.5690376569037657
F1 macro: 0.4837416602122484
With contradiction_threshold = 0.7000000000000001 and entailment_threshold = 0.2633185425260731
Precision: 0.5636363636363636 for label 0 | 0.5 for label 1 | 0.5934959349593496 for label 2
Recall: 0.6595744680851063 for label 0 | 0.08108108108108109 for label 1 | 0.6759259259259259 for label 2
F1 micro: 0.5774058577405857
F1 macro: 0.4598042176701547
With contradiction_threshold = 0.8 and entailment_threshold = 0.2633185425260731
Precision: 0.5636363636363636 for label 0 | 0.5 for label 1 | 0.5934959349593496 for label 2
Recall: 0.6595744680851063 for label 0 | 0.08108108108108109 for label 1 | 0.6759259259259259 for label 2
F1 micro: 0.5774058577405857
F1 macro: 0.4598042176701547
With contradiction_threshold = 0.9 and entailment_threshold = 0.2633185425260731
Precision: 0.5636363636363636 for label 0 | 0.5 for label 1 | 0.5934959349593496 for label 2
Recall: 0.6595744680851063 for label 0 | 0.08108108108108109 for label 1 | 0.6759259259259259 for label 2
F1 micro: 0.5774058577405857
F1 macro: 0.4598042176701547
With contradiction_threshold = 0.2008693292523276 and entailment_threshold = 0.1
Precision: 0.5244755244755245 for label 0 | 0.3225806451612903 for label 1 | 0.6153846153846154 for label 2
Recall: 0.7978723404255319 for label 0 | 0.2702702702702703 for label 1 | 0.37037037037037035 for label 2
F1 micro: 0.5230125523012552
F1 macro: 0.4631522617095422
With contradiction_threshold = 0.2008693292523276 and entailment_threshold = 0.2
Precision: 0.5655737704918032 for label 0 | 0.3125 for label 1 | 0.611764705882353 for label 2
Recall: 0.7340425531914894 for label 0 | 0.2702702702702703 for label 1 | 0.48148148148148145 for label 2
F1 micro: 0.5481171548117155
F1 macro: 0.4892013549932
With contradiction_threshold = 0.2008693292523276 and entailment_threshold = 0.30000000000000004
Precision: 0.5841584158415841 for label 0 | 0.28205128205128205 for label 1 | 0.5959595959595959 for label 2
Recall: 0.6276595744680851 for label 0 | 0.2972972972972973 for label 1 | 0.5462962962962963 for label 2
F1 micro: 0.5397489539748954
F1 macro: 0.4882167328391585
With contradiction_threshold = 0.2008693292523276 and entailment_threshold = 0.4
Precision: 0.6133333333333333 for label 0 | 0.2857142857142857 for label 1 | 0.5573770491803278 for label 2
Recall: 0.48936170212765956 for label 0 | 0.32432432432432434 for label 1 | 0.6296296296296297 for label 2
F1 micro: 0.5271966527196653
F1 macro: 0.47982683813512317
With contradiction_threshold = 0.2008693292523276 and entailment_threshold = 0.5
Precision: 0.5625 for label 0 | 0.26666666666666666 for label 1 | 0.5230769230769231 for label 2
Recall: 0.3829787234042553 for label 0 | 0.32432432432432434 for label 1 | 0.6296296296296297 for label 2
F1 micro: 0.48535564853556484
F1 macro: 0.43993590026316176
With contradiction_threshold = 0.2008693292523276 and entailment_threshold = 0.6
Precision: 0.5277777777777778 for label 0 | 0.2608695652173913 for label 1 | 0.47770700636942676 for label 2
Recall: 0.20212765957446807 for label 0 | 0.32432432432432434 for label 1 | 0.6944444444444444 for label 2
F1 micro: 0.4435146443514644
F1 macro: 0.382500684887591
With contradiction_threshold = 0.2008693292523276 and entailment_threshold = 0.7000000000000001
Precision: 0.5357142857142857 for label 0 | 0.2608695652173913 for label 1 | 0.4727272727272727 for label 2
Recall: 0.1595744680851064 for label 0 | 0.32432432432432434 for label 1 | 0.7222222222222222 for label 2
F1 micro: 0.4393305439330544
F1 macro: 0.3688289457596192
With contradiction_threshold = 0.2008693292523276 and entailment_threshold = 0.8
Precision: 0.5384615384615384 for label 0 | 0.2765957446808511 for label 1 | 0.46987951807228917 for label 2
Recall: 0.14893617021276595 for label 0 | 0.35135135135135137 for label 1 | 0.7222222222222222 for label 2
F1 micro: 0.4393305439330544
F1 macro: 0.37073340285019124
With contradiction_threshold = 0.2008693292523276 and entailment_threshold = 0.9
Precision: 0.4782608695652174 for label 0 | 0.2765957446808511 for label 1 | 0.46153846153846156 for label 2
Recall: 0.11702127659574468 for label 0 | 0.35135135135135137 for label 1 | 0.7222222222222222 for label 2
F1 micro: 0.42677824267782427
F1 macro: 0.3535782976216189
