With contradiction_threshold = 0.47773515968224434 and entailment_threshold = 0.06088132178410888 * COMPUTED THRESHOLDS
Precision: 0.5211267605633803 for label 0 | 0.18181818181818182 for label 1 | 0.4840764331210191 for label 2
Recall: 0.39361702127659576 for label 0 | 0.05405405405405406 for label 1 | 0.7037037037037037 for label 2
F1 micro: 0.4811715481171548
F1 macro: 0.3684676958261864
With contradiction_threshold = 0.1 and entailment_threshold = 0.06088132178410888
Precision: 0.5522388059701493 for label 0 | 0.13043478260869565 for label 1 | 0.4697986577181208 for label 2
Recall: 0.39361702127659576 for label 0 | 0.08108108108108109 for label 1 | 0.6481481481481481 for label 2
F1 micro: 0.4602510460251046
F1 macro: 0.36812480363486966
With contradiction_threshold = 0.2 and entailment_threshold = 0.06088132178410888
Precision: 0.5441176470588235 for label 0 | 0.1111111111111111 for label 1 | 0.477124183006536 for label 2
Recall: 0.39361702127659576 for label 0 | 0.05405405405405406 for label 1 | 0.6759259259259259 for label 2
F1 micro: 0.4686192468619247
F1 macro: 0.36296812312137977
With contradiction_threshold = 0.30000000000000004 and entailment_threshold = 0.06088132178410888
Precision: 0.5285714285714286 for label 0 | 0.14285714285714285 for label 1 | 0.4838709677419355 for label 2
Recall: 0.39361702127659576 for label 0 | 0.05405405405405406 for label 1 | 0.6944444444444444 for label 2
F1 micro: 0.4769874476987448
F1 macro: 0.36666436335577846
With contradiction_threshold = 0.4 and entailment_threshold = 0.06088132178410888
Precision: 0.5211267605633803 for label 0 | 0.16666666666666666 for label 1 | 0.4807692307692308 for label 2
Recall: 0.39361702127659576 for label 0 | 0.05405405405405406 for label 1 | 0.6944444444444444 for label 2
F1 micro: 0.4769874476987448
F1 macro: 0.3660997732426304
With contradiction_threshold = 0.5 and entailment_threshold = 0.06088132178410888
Precision: 0.5211267605633803 for label 0 | 0.18181818181818182 for label 1 | 0.4840764331210191 for label 2
Recall: 0.39361702127659576 for label 0 | 0.05405405405405406 for label 1 | 0.7037037037037037 for label 2
F1 micro: 0.4811715481171548
F1 macro: 0.3684676958261864
With contradiction_threshold = 0.6 and entailment_threshold = 0.06088132178410888
Precision: 0.5138888888888888 for label 0 | 0.125 for label 1 | 0.49056603773584906 for label 2
Recall: 0.39361702127659576 for label 0 | 0.02702702702702703 for label 1 | 0.7222222222222222 for label 2
F1 micro: 0.48535564853556484
F1 macro: 0.35816574663197115
With contradiction_threshold = 0.7000000000000001 and entailment_threshold = 0.06088132178410888
Precision: 0.5138888888888888 for label 0 | 0.16666666666666666 for label 1 | 0.484472049689441 for label 2
Recall: 0.39361702127659576 for label 0 | 0.02702702702702703 for label 1 | 0.7222222222222222 for label 2
F1 micro: 0.48535564853556484
F1 macro: 0.35740680366490607
With contradiction_threshold = 0.8 and entailment_threshold = 0.06088132178410888
Precision: 0.5138888888888888 for label 0 | 0.16666666666666666 for label 1 | 0.484472049689441 for label 2
Recall: 0.39361702127659576 for label 0 | 0.02702702702702703 for label 1 | 0.7222222222222222 for label 2
F1 micro: 0.48535564853556484
F1 macro: 0.35740680366490607
With contradiction_threshold = 0.9 and entailment_threshold = 0.06088132178410888
Precision: 0.5138888888888888 for label 0 | 0.16666666666666666 for label 1 | 0.484472049689441 for label 2
Recall: 0.39361702127659576 for label 0 | 0.02702702702702703 for label 1 | 0.7222222222222222 for label 2
F1 micro: 0.48535564853556484
F1 macro: 0.35740680366490607
With contradiction_threshold = 0.47773515968224434 and entailment_threshold = 0.1
Precision: 0.5285714285714286 for label 0 | 0.18181818181818182 for label 1 | 0.4873417721518987 for label 2
Recall: 0.39361702127659576 for label 0 | 0.05405405405405406 for label 1 | 0.7129629629629629 for label 2
F1 micro: 0.48535564853556484
F1 macro: 0.3711667379831693
With contradiction_threshold = 0.47773515968224434 and entailment_threshold = 0.2
Precision: 0.5517241379310345 for label 0 | 0.18181818181818182 for label 1 | 0.48823529411764705 for label 2
Recall: 0.3404255319148936 for label 0 | 0.05405405405405406 for label 1 | 0.7685185185185185 for label 2
F1 micro: 0.4895397489539749
F1 macro: 0.36716942235685135
With contradiction_threshold = 0.47773515968224434 and entailment_threshold = 0.30000000000000004
Precision: 0.5652173913043478 for label 0 | 0.15384615384615385 for label 1 | 0.4777777777777778 for label 2
Recall: 0.2765957446808511 for label 0 | 0.05405405405405406 for label 1 | 0.7962962962962963 for label 2
F1 micro: 0.4769874476987448
F1 macro: 0.34955026455026456
With contradiction_threshold = 0.47773515968224434 and entailment_threshold = 0.4
Precision: 0.5348837209302325 for label 0 | 0.15384615384615385 for label 1 | 0.46994535519125685 for label 2
Recall: 0.24468085106382978 for label 0 | 0.05405405405405406 for label 1 | 0.7962962962962963 for label 2
F1 micro: 0.46443514644351463
F1 macro: 0.3356105718179614
With contradiction_threshold = 0.47773515968224434 and entailment_threshold = 0.5
Precision: 0.55 for label 0 | 0.1875 for label 1 | 0.46994535519125685 for label 2
Recall: 0.23404255319148937 for label 0 | 0.08108108108108109 for label 1 | 0.7962962962962963 for label 2
F1 micro: 0.46443514644351463
F1 macro: 0.3442103494070851
With contradiction_threshold = 0.47773515968224434 and entailment_threshold = 0.6
Precision: 0.5 for label 0 | 0.1875 for label 1 | 0.4512820512820513 for label 2
Recall: 0.14893617021276595 for label 0 | 0.08108108108108109 for label 1 | 0.8148148148148148 for label 2
F1 micro: 0.4393305439330544
F1 macro: 0.3078579432332345
With contradiction_threshold = 0.47773515968224434 and entailment_threshold = 0.7000000000000001
Precision: 0.45454545454545453 for label 0 | 0.1875 for label 1 | 0.44776119402985076 for label 2
Recall: 0.10638297872340426 for label 0 | 0.08108108108108109 for label 1 | 0.8333333333333334 for label 2
F1 micro: 0.4309623430962343
F1 macro: 0.28938187070597327
With contradiction_threshold = 0.47773515968224434 and entailment_threshold = 0.8
Precision: 0.5625 for label 0 | 0.1875 for label 1 | 0.4492753623188406 for label 2
Recall: 0.09574468085106383 for label 0 | 0.08108108108108109 for label 1 | 0.8611111111111112 for label 2
F1 micro: 0.4393305439330544
F1 macro: 0.2891067004274552
With contradiction_threshold = 0.47773515968224434 and entailment_threshold = 0.9
Precision: 0.5625 for label 0 | 0.1875 for label 1 | 0.4492753623188406 for label 2
Recall: 0.09574468085106383 for label 0 | 0.08108108108108109 for label 1 | 0.8611111111111112 for label 2
F1 micro: 0.4393305439330544
F1 macro: 0.2891067004274552
