With contradiction_threshold = 0.17172142847731475 and entailment_threshold = 0.2578373998403549 * COMPUTED THRESHOLDS
Precision: 0.5945945945945946 for label 0 | 0.2619047619047619 for label 1 | 0.6511627906976745 for label 2
Recall: 0.7021276595744681 for label 0 | 0.2972972972972973 for label 1 | 0.5185185185185185 for label 2
F1 micro: 0.5564853556485355
F1 macro: 0.499901013103828
With contradiction_threshold = 0.1 and entailment_threshold = 0.2578373998403549
Precision: 0.5925925925925926 for label 0 | 0.22413793103448276 for label 1 | 0.684931506849315 for label 2
Recall: 0.6808510638297872 for label 0 | 0.35135135135135137 for label 1 | 0.46296296296296297 for label 2
F1 micro: 0.5313807531380753
F1 macro: 0.4866112549027511
With contradiction_threshold = 0.2 and entailment_threshold = 0.2578373998403549
Precision: 0.5982142857142857 for label 0 | 0.275 for label 1 | 0.6436781609195402 for label 2
Recall: 0.7127659574468085 for label 0 | 0.2972972972972973 for label 1 | 0.5185185185185185 for label 2
F1 micro: 0.5606694560669456
F1 macro: 0.5035195656554879
With contradiction_threshold = 0.30000000000000004 and entailment_threshold = 0.2578373998403549
Precision: 0.5826086956521739 for label 0 | 0.3333333333333333 for label 1 | 0.6276595744680851 for label 2
Recall: 0.7127659574468085 for label 0 | 0.2702702702702703 for label 1 | 0.5462962962962963 for label 2
F1 micro: 0.5690376569037657
F1 macro: 0.5079380679623343
With contradiction_threshold = 0.4 and entailment_threshold = 0.2578373998403549
Precision: 0.576271186440678 for label 0 | 0.38095238095238093 for label 1 | 0.62 for label 2
Recall: 0.723404255319149 for label 0 | 0.21621621621621623 for label 1 | 0.5740740740740741 for label 2
F1 micro: 0.5774058577405857
F1 macro: 0.5045084496938759
With contradiction_threshold = 0.5 and entailment_threshold = 0.2578373998403549
Precision: 0.5666666666666667 for label 0 | 0.4117647058823529 for label 1 | 0.6176470588235294 for label 2
Recall: 0.723404255319149 for label 0 | 0.1891891891891892 for label 1 | 0.5833333333333334 for label 2
F1 micro: 0.5774058577405857
F1 macro: 0.4982577593169493
With contradiction_threshold = 0.6 and entailment_threshold = 0.2578373998403549
Precision: 0.5666666666666667 for label 0 | 0.4 for label 1 | 0.6055045871559633 for label 2
Recall: 0.723404255319149 for label 0 | 0.10810810810810811 for label 1 | 0.6111111111111112 for label 2
F1 micro: 0.5774058577405857
F1 macro: 0.47134057184153716
With contradiction_threshold = 0.7000000000000001 and entailment_threshold = 0.2578373998403549
Precision: 0.5666666666666667 for label 0 | 0.4 for label 1 | 0.6052631578947368 for label 2
Recall: 0.723404255319149 for label 0 | 0.05405405405405406 for label 1 | 0.6388888888888888 for label 2
F1 micro: 0.5815899581589958
F1 macro: 0.45079124518376856
With contradiction_threshold = 0.8 and entailment_threshold = 0.2578373998403549
Precision: 0.5666666666666667 for label 0 | 0.4 for label 1 | 0.6052631578947368 for label 2
Recall: 0.723404255319149 for label 0 | 0.05405405405405406 for label 1 | 0.6388888888888888 for label 2
F1 micro: 0.5815899581589958
F1 macro: 0.45079124518376856
With contradiction_threshold = 0.9 and entailment_threshold = 0.2578373998403549
Precision: 0.5666666666666667 for label 0 | 0.4 for label 1 | 0.6052631578947368 for label 2
Recall: 0.723404255319149 for label 0 | 0.05405405405405406 for label 1 | 0.6388888888888888 for label 2
F1 micro: 0.5815899581589958
F1 macro: 0.45079124518376856
With contradiction_threshold = 0.17172142847731475 and entailment_threshold = 0.1
Precision: 0.5263157894736842 for label 0 | 0.30303030303030304 for label 1 | 0.6481481481481481 for label 2
Recall: 0.851063829787234 for label 0 | 0.2702702702702703 for label 1 | 0.32407407407407407 for label 2
F1 micro: 0.5230125523012552
F1 macro: 0.45607318507047506
With contradiction_threshold = 0.17172142847731475 and entailment_threshold = 0.2
Precision: 0.5669291338582677 for label 0 | 0.275 for label 1 | 0.6388888888888888 for label 2
Recall: 0.7659574468085106 for label 0 | 0.2972972972972973 for label 1 | 0.42592592592592593 for label 2
F1 micro: 0.5397489539748954
F1 macro: 0.4828030357442122
With contradiction_threshold = 0.17172142847731475 and entailment_threshold = 0.30000000000000004
Precision: 0.5887850467289719 for label 0 | 0.2558139534883721 for label 1 | 0.6292134831460674 for label 2
Recall: 0.6702127659574468 for label 0 | 0.2972972972972973 for label 1 | 0.5185185185185185 for label 2
F1 micro: 0.5439330543933054
F1 macro: 0.49013119680783895
With contradiction_threshold = 0.17172142847731475 and entailment_threshold = 0.4
Precision: 0.6419753086419753 for label 0 | 0.26666666666666666 for label 1 | 0.5929203539823009 for label 2
Recall: 0.5531914893617021 for label 0 | 0.32432432432432434 for label 1 | 0.6203703703703703 for label 2
F1 micro: 0.5481171548117155
F1 macro: 0.49776782758131394
With contradiction_threshold = 0.17172142847731475 and entailment_threshold = 0.5
Precision: 0.6086956521739131 for label 0 | 0.26 for label 1 | 0.5583333333333333 for label 2
Recall: 0.44680851063829785 for label 0 | 0.35135135135135137 for label 1 | 0.6203703703703703 for label 2
F1 micro: 0.5104602510460251
F1 macro: 0.46730243209038047
With contradiction_threshold = 0.17172142847731475 and entailment_threshold = 0.6
Precision: 0.6 for label 0 | 0.25 for label 1 | 0.5034013605442177 for label 2
Recall: 0.2553191489361702 for label 0 | 0.35135135135135137 for label 1 | 0.6851851851851852 for label 2
F1 micro: 0.46443514644351463
F1 macro: 0.41024531451576657
With contradiction_threshold = 0.17172142847731475 and entailment_threshold = 0.7000000000000001
Precision: 0.59375 for label 0 | 0.24528301886792453 for label 1 | 0.5 for label 2
Recall: 0.20212765957446807 for label 0 | 0.35135135135135137 for label 1 | 0.7129629629629629 for label 2
F1 micro: 0.4560669456066946
F1 macro: 0.39275415000605846
With contradiction_threshold = 0.17172142847731475 and entailment_threshold = 0.8
Precision: 0.5714285714285714 for label 0 | 0.24074074074074073 for label 1 | 0.49044585987261147 for label 2
Recall: 0.1702127659574468 for label 0 | 0.35135135135135137 for label 1 | 0.7129629629629629 for label 2
F1 micro: 0.4435146443514644
F1 macro: 0.37638048105106564
With contradiction_threshold = 0.17172142847731475 and entailment_threshold = 0.9
Precision: 0.5384615384615384 for label 0 | 0.24074074074074073 for label 1 | 0.48427672955974843 for label 2
Recall: 0.14893617021276595 for label 0 | 0.35135135135135137 for label 1 | 0.7129629629629629 for label 2
F1 micro: 0.4351464435146444
F1 macro: 0.36527554842161586
