With contradiction_threshold = 0.13296397007798078 and entailment_threshold = 0.26344688705213315 * COMPUTED THRESHOLDS
Precision: 0.5555555555555556 for label 0 | 0.2 for label 1 | 0.47337278106508873 for label 2
Recall: 0.26595744680851063 for label 0 | 0.13513513513513514 for label 1 | 0.7407407407407407 for label 2
F1 micro: 0.4602510460251046
F1 macro: 0.3662066271054427
With contradiction_threshold = 0.1 and entailment_threshold = 0.26344688705213315
Precision: 0.5555555555555556 for label 0 | 0.20689655172413793 for label 1 | 0.4666666666666667 for label 2
Recall: 0.26595744680851063 for label 0 | 0.16216216216216217 for label 1 | 0.7129629629629629 for label 2
F1 micro: 0.45188284518828453
F1 macro: 0.3685443253788578
With contradiction_threshold = 0.2 and entailment_threshold = 0.26344688705213315
Precision: 0.5510204081632653 for label 0 | 0.19047619047619047 for label 1 | 0.47337278106508873 for label 2
Recall: 0.2872340425531915 for label 0 | 0.10810810810810811 for label 1 | 0.7407407407407407 for label 2
F1 micro: 0.46443514644351463
F1 macro: 0.36439024687499727
With contradiction_threshold = 0.30000000000000004 and entailment_threshold = 0.26344688705213315
Precision: 0.5283018867924528 for label 0 | 0.16666666666666666 for label 1 | 0.47701149425287354 for label 2
Recall: 0.2978723404255319 for label 0 | 0.05405405405405406 for label 1 | 0.7685185185185185 for label 2
F1 micro: 0.47280334728033474
F1 macro: 0.350412505427703
With contradiction_threshold = 0.4 and entailment_threshold = 0.26344688705213315
Precision: 0.5283018867924528 for label 0 | 0.2 for label 1 | 0.4772727272727273 for label 2
Recall: 0.2978723404255319 for label 0 | 0.05405405405405406 for label 1 | 0.7777777777777778 for label 2
F1 micro: 0.4769874476987448
F1 macro: 0.3525360199019174
With contradiction_threshold = 0.5 and entailment_threshold = 0.26344688705213315
Precision: 0.5185185185185185 for label 0 | 0.2222222222222222 for label 1 | 0.4772727272727273 for label 2
Recall: 0.2978723404255319 for label 0 | 0.05405405405405406 for label 1 | 0.7777777777777778 for label 2
F1 micro: 0.4769874476987448
F1 macro: 0.3522947319640522
With contradiction_threshold = 0.6 and entailment_threshold = 0.26344688705213315
Precision: 0.5185185185185185 for label 0 | 0.25 for label 1 | 0.480225988700565 for label 2
Recall: 0.2978723404255319 for label 0 | 0.05405405405405406 for label 1 | 0.7870370370370371 for label 2
F1 micro: 0.4811715481171548
F1 macro: 0.35458616511248087
With contradiction_threshold = 0.7000000000000001 and entailment_threshold = 0.26344688705213315
Precision: 0.5185185185185185 for label 0 | 0.3333333333333333 for label 1 | 0.4748603351955307 for label 2
Recall: 0.2978723404255319 for label 0 | 0.05405405405405406 for label 1 | 0.7870370370370371 for label 2
F1 micro: 0.4811715481171548
F1 macro: 0.35457870965528365
With contradiction_threshold = 0.8 and entailment_threshold = 0.26344688705213315
Precision: 0.5185185185185185 for label 0 | 0.5 for label 1 | 0.4808743169398907 for label 2
Recall: 0.2978723404255319 for label 0 | 0.02702702702702703 for label 1 | 0.8148148148148148 for label 2
F1 micro: 0.4895397489539749
F1 macro: 0.3448238087413345
With contradiction_threshold = 0.9 and entailment_threshold = 0.26344688705213315
Precision: 0.5185185185185185 for label 0 | 0.5 for label 1 | 0.4808743169398907 for label 2
Recall: 0.2978723404255319 for label 0 | 0.02702702702702703 for label 1 | 0.8148148148148148 for label 2
F1 micro: 0.4895397489539749
F1 macro: 0.3448238087413345
With contradiction_threshold = 0.13296397007798078 and entailment_threshold = 0.1
Precision: 0.5277777777777778 for label 0 | 0.13333333333333333 for label 1 | 0.48026315789473684 for label 2
Recall: 0.40425531914893614 for label 0 | 0.05405405405405406 for label 1 | 0.6759259259259259 for label 2
F1 micro: 0.47280334728033474
F1 macro: 0.3654309545875811
With contradiction_threshold = 0.13296397007798078 and entailment_threshold = 0.2
Precision: 0.5555555555555556 for label 0 | 0.18181818181818182 for label 1 | 0.4785276073619632 for label 2
Recall: 0.3191489361702128 for label 0 | 0.10810810810810811 for label 1 | 0.7222222222222222 for label 2
F1 micro: 0.4686192468619247
F1 macro: 0.3722147940673177
With contradiction_threshold = 0.13296397007798078 and entailment_threshold = 0.30000000000000004
Precision: 0.5813953488372093 for label 0 | 0.23076923076923078 for label 1 | 0.4764705882352941 for label 2
Recall: 0.26595744680851063 for label 0 | 0.16216216216216217 for label 1 | 0.75 for label 2
F1 micro: 0.4686192468619247
F1 macro: 0.37939116902515524
With contradiction_threshold = 0.13296397007798078 and entailment_threshold = 0.4
Precision: 0.6052631578947368 for label 0 | 0.20689655172413793 for label 1 | 0.47093023255813954 for label 2
Recall: 0.24468085106382978 for label 0 | 0.16216216216216217 for label 1 | 0.75 for label 2
F1 micro: 0.4602510460251046
F1 macro: 0.3696248196248197
With contradiction_threshold = 0.13296397007798078 and entailment_threshold = 0.5
Precision: 0.5714285714285714 for label 0 | 0.2 for label 1 | 0.46551724137931033 for label 2
Recall: 0.2127659574468085 for label 0 | 0.16216216216216217 for label 1 | 0.75 for label 2
F1 micro: 0.4476987447698745
F1 macro: 0.35455002736605606
With contradiction_threshold = 0.13296397007798078 and entailment_threshold = 0.6
Precision: 0.5217391304347826 for label 0 | 0.18181818181818182 for label 1 | 0.44808743169398907 for label 2
Recall: 0.1276595744680851 for label 0 | 0.16216216216216217 for label 1 | 0.7592592592592593 for label 2
F1 micro: 0.4184100418410041
F1 macro: 0.31337688657276286
With contradiction_threshold = 0.13296397007798078 and entailment_threshold = 0.7000000000000001
Precision: 0.5882352941176471 for label 0 | 0.1891891891891892 for label 1 | 0.44324324324324327 for label 2
Recall: 0.10638297872340426 for label 0 | 0.1891891891891892 for label 1 | 0.7592592592592593 for label 2
F1 micro: 0.41422594142259417
F1 macro: 0.3096987772755691
With contradiction_threshold = 0.13296397007798078 and entailment_threshold = 0.8
Precision: 0.5333333333333333 for label 0 | 0.1891891891891892 for label 1 | 0.4385026737967914 for label 2
Recall: 0.0851063829787234 for label 0 | 0.1891891891891892 for label 1 | 0.7592592592592593 for label 2
F1 micro: 0.40585774058577406
F1 macro: 0.2973034611349026
With contradiction_threshold = 0.13296397007798078 and entailment_threshold = 0.9
Precision: 0.5333333333333333 for label 0 | 0.1891891891891892 for label 1 | 0.4385026737967914 for label 2
Recall: 0.0851063829787234 for label 0 | 0.1891891891891892 for label 1 | 0.7592592592592593 for label 2
F1 micro: 0.40585774058577406
F1 macro: 0.2973034611349026
