With contradiction_threshold = 0.08577401649487593 and entailment_threshold = 0.2195263551689708 * COMPUTED THRESHOLDS
Precision: 0.20224719101123595 for label 0 | 0.38461538461538464 for label 1 | 0.8 for label 2
Recall: 0.8571428571428571 for label 0 | 0.2777777777777778 for label 1 | 0.058823529411764705 for label 2
F1 micro: 0.2523364485981308
F1 macro: 0.253147471176636
With contradiction_threshold = 0.1 and entailment_threshold = 0.2195263551689708
Precision: 0.20224719101123595 for label 0 | 0.38461538461538464 for label 1 | 0.8 for label 2
Recall: 0.8571428571428571 for label 0 | 0.2777777777777778 for label 1 | 0.058823529411764705 for label 2
F1 micro: 0.2523364485981308
F1 macro: 0.253147471176636
With contradiction_threshold = 0.2 and entailment_threshold = 0.2195263551689708
Precision: 0.20833333333333334 for label 0 | 0.4 for label 1 | 0.8333333333333334 for label 2
Recall: 0.9523809523809523 for label 0 | 0.1111111111111111 for label 1 | 0.07352941176470588 for label 2
F1 micro: 0.2523364485981308
F1 macro: 0.21697617349791262
With contradiction_threshold = 0.30000000000000004 and entailment_threshold = 0.2195263551689708
Precision: 0.20618556701030927 for label 0 | 0.5 for label 1 | 0.75 for label 2
Recall: 0.9523809523809523 for label 0 | 0.05555555555555555 for label 1 | 0.08823529411764706 for label 2
F1 micro: 0.2523364485981308
F1 macro: 0.1989592625631876
With contradiction_threshold = 0.4 and entailment_threshold = 0.2195263551689708
Precision: 0.20618556701030927 for label 0 | 1.0 for label 1 | 0.7777777777777778 for label 2
Recall: 0.9523809523809523 for label 0 | 0.05555555555555555 for label 1 | 0.10294117647058823 for label 2
F1 micro: 0.2616822429906542
F1 macro: 0.20868813018679208
With contradiction_threshold = 0.5 and entailment_threshold = 0.2195263551689708
Precision: 0.20618556701030927 for label 0 | 1.0 for label 1 | 0.7777777777777778 for label 2
Recall: 0.9523809523809523 for label 0 | 0.05555555555555555 for label 1 | 0.10294117647058823 for label 2
F1 micro: 0.2616822429906542
F1 macro: 0.20868813018679208
With contradiction_threshold = 0.6 and entailment_threshold = 0.2195263551689708
Precision: 0.20618556701030927 for label 0 | 0.0 for label 1 | 0.7 for label 2
Recall: 0.9523809523809523 for label 0 | 0.0 for label 1 | 0.10294117647058823 for label 2
F1 micro: 0.2523364485981308
F1 macro: 0.1728234101115457
With contradiction_threshold = 0.7000000000000001 and entailment_threshold = 0.2195263551689708
Precision: 0.20618556701030927 for label 0 | 0.0 for label 1 | 0.7 for label 2
Recall: 0.9523809523809523 for label 0 | 0.0 for label 1 | 0.10294117647058823 for label 2
F1 micro: 0.2523364485981308
F1 macro: 0.1728234101115457
With contradiction_threshold = 0.8 and entailment_threshold = 0.2195263551689708
Precision: 0.20618556701030927 for label 0 | 0.0 for label 1 | 0.7 for label 2
Recall: 0.9523809523809523 for label 0 | 0.0 for label 1 | 0.10294117647058823 for label 2
F1 micro: 0.2523364485981308
F1 macro: 0.1728234101115457
With contradiction_threshold = 0.9 and entailment_threshold = 0.2195263551689708
Precision: 0.20618556701030927 for label 0 | 0.0 for label 1 | 0.7 for label 2
Recall: 0.9523809523809523 for label 0 | 0.0 for label 1 | 0.10294117647058823 for label 2
F1 micro: 0.2523364485981308
F1 macro: 0.1728234101115457
With contradiction_threshold = 0.08577401649487593 and entailment_threshold = 0.1
Precision: 0.20588235294117646 for label 0 | 0.4 for label 1 | 0.0 for label 2
Recall: 1.0 for label 0 | 0.1111111111111111 for label 1 | 0.0 for label 2
F1 micro: 0.21495327102803738
F1 macro: 0.17179215270413575
With contradiction_threshold = 0.08577401649487593 and entailment_threshold = 0.2
Precision: 0.1978021978021978 for label 0 | 0.3333333333333333 for label 1 | 0.75 for label 2
Recall: 0.8571428571428571 for label 0 | 0.2222222222222222 for label 1 | 0.04411764705882353 for label 2
F1 micro: 0.23364485981308414
F1 macro: 0.2238095238095238
With contradiction_threshold = 0.08577401649487593 and entailment_threshold = 0.30000000000000004
Precision: 0.21333333333333335 for label 0 | 0.3333333333333333 for label 1 | 0.625 for label 2
Recall: 0.7619047619047619 for label 0 | 0.4444444444444444 for label 1 | 0.07352941176470588 for label 2
F1 micro: 0.27102803738317754
F1 macro: 0.2819548872180451
With contradiction_threshold = 0.08577401649487593 and entailment_threshold = 0.4
Precision: 0.26229508196721313 for label 0 | 0.3103448275862069 for label 1 | 0.7058823529411765 for label 2
Recall: 0.7619047619047619 for label 0 | 0.5 for label 1 | 0.17647058823529413 for label 2
F1 micro: 0.34579439252336447
F1 macro: 0.3518585223399168
With contradiction_threshold = 0.08577401649487593 and entailment_threshold = 0.5
Precision: 0.30434782608695654 for label 0 | 0.2631578947368421 for label 1 | 0.7391304347826086 for label 2
Recall: 0.6666666666666666 for label 0 | 0.5555555555555556 for label 1 | 0.25 for label 2
F1 micro: 0.383177570093458
F1 macro: 0.38289322617680827
With contradiction_threshold = 0.08577401649487593 and entailment_threshold = 0.6
Precision: 0.29411764705882354 for label 0 | 0.2558139534883721 for label 1 | 0.7 for label 2
Recall: 0.47619047619047616 for label 0 | 0.6111111111111112 for label 1 | 0.3088235294117647 for label 2
F1 micro: 0.39252336448598124
F1 macro: 0.38428784330423676
With contradiction_threshold = 0.08577401649487593 and entailment_threshold = 0.7000000000000001
Precision: 0.3333333333333333 for label 0 | 0.22916666666666666 for label 1 | 0.6585365853658537 for label 2
Recall: 0.2857142857142857 for label 0 | 0.6111111111111112 for label 1 | 0.39705882352941174 for label 2
F1 micro: 0.411214953271028
F1 macro: 0.37881282835411273
With contradiction_threshold = 0.08577401649487593 and entailment_threshold = 0.8
Precision: 0.3076923076923077 for label 0 | 0.22448979591836735 for label 1 | 0.6666666666666666 for label 2
Recall: 0.19047619047619047 for label 0 | 0.6111111111111112 for label 1 | 0.4411764705882353 for label 2
F1 micro: 0.4205607476635514
F1 macro: 0.36487525930990544
With contradiction_threshold = 0.08577401649487593 and entailment_threshold = 0.9
Precision: 0.8 for label 0 | 0.22448979591836735 for label 1 | 0.7169811320754716 for label 2
Recall: 0.19047619047619047 for label 0 | 0.6111111111111112 for label 1 | 0.5588235294117647 for label 2
F1 micro: 0.4953271028037383
F1 macro: 0.4213832300670835
