With contradiction_threshold = 0.17002888718935139 and entailment_threshold = 0.5144768250961751 * COMPUTED THRESHOLDS
Precision: 0.26666666666666666 for label 0 | 0.2857142857142857 for label 1 | 0.8421052631578947 for label 2
Recall: 0.7619047619047619 for label 0 | 0.4444444444444444 for label 1 | 0.23529411764705882 for label 2
F1 micro: 0.37383177570093457
F1 macro: 0.3702346357685355
With contradiction_threshold = 0.1 and entailment_threshold = 0.5144768250961751
Precision: 0.26785714285714285 for label 0 | 0.23076923076923078 for label 1 | 0.9166666666666666 for label 2
Recall: 0.7142857142857143 for label 0 | 0.5 for label 1 | 0.16176470588235295 for label 2
F1 micro: 0.32710280373831774
F1 macro: 0.32679995443153337
With contradiction_threshold = 0.2 and entailment_threshold = 0.5144768250961751
Precision: 0.24242424242424243 for label 0 | 0.3157894736842105 for label 1 | 0.8636363636363636 for label 2
Recall: 0.7619047619047619 for label 0 | 0.3333333333333333 for label 1 | 0.27941176470588236 for label 2
F1 micro: 0.383177570093458
F1 macro: 0.3714542128335232
With contradiction_threshold = 0.30000000000000004 and entailment_threshold = 0.5144768250961751
Precision: 0.25 for label 0 | 0.3333333333333333 for label 1 | 0.8333333333333334 for label 2
Recall: 0.8095238095238095 for label 0 | 0.2777777777777778 for label 1 | 0.29411764705882354 for label 2
F1 micro: 0.39252336448598124
F1 macro: 0.3732784612120225
With contradiction_threshold = 0.4 and entailment_threshold = 0.5144768250961751
Precision: 0.24285714285714285 for label 0 | 0.42857142857142855 for label 1 | 0.7666666666666667 for label 2
Recall: 0.8095238095238095 for label 0 | 0.16666666666666666 for label 1 | 0.3382352941176471 for label 2
F1 micro: 0.40186915887850466
F1 macro: 0.36100470957613817
With contradiction_threshold = 0.5 and entailment_threshold = 0.5144768250961751
Precision: 0.23943661971830985 for label 0 | 0.75 for label 1 | 0.75 for label 2
Recall: 0.8095238095238095 for label 0 | 0.16666666666666666 for label 1 | 0.35294117647058826 for label 2
F1 micro: 0.411214953271028
F1 macro: 0.37409749670619236
With contradiction_threshold = 0.6 and entailment_threshold = 0.5144768250961751
Precision: 0.23943661971830985 for label 0 | 1.0 for label 1 | 0.7352941176470589 for label 2
Recall: 0.8095238095238095 for label 0 | 0.1111111111111111 for label 1 | 0.36764705882352944 for label 2
F1 micro: 0.411214953271028
F1 macro: 0.35325376527422564
With contradiction_threshold = 0.7000000000000001 and entailment_threshold = 0.5144768250961751
Precision: 0.23943661971830985 for label 0 | 0.0 for label 1 | 0.6944444444444444 for label 2
Recall: 0.8095238095238095 for label 0 | 0.0 for label 1 | 0.36764705882352944 for label 2
F1 micro: 0.39252336448598124
F1 macro: 0.28344481605351174
With contradiction_threshold = 0.8 and entailment_threshold = 0.5144768250961751
Precision: 0.23943661971830985 for label 0 | 0.0 for label 1 | 0.6944444444444444 for label 2
Recall: 0.8095238095238095 for label 0 | 0.0 for label 1 | 0.36764705882352944 for label 2
F1 micro: 0.39252336448598124
F1 macro: 0.28344481605351174
With contradiction_threshold = 0.9 and entailment_threshold = 0.5144768250961751
Precision: 0.23943661971830985 for label 0 | 0.0 for label 1 | 0.6944444444444444 for label 2
Recall: 0.8095238095238095 for label 0 | 0.0 for label 1 | 0.36764705882352944 for label 2
F1 micro: 0.39252336448598124
F1 macro: 0.28344481605351174
With contradiction_threshold = 0.17002888718935139 and entailment_threshold = 0.1
Precision: 0.19607843137254902 for label 0 | 0.6 for label 1 | 0.0 for label 2
Recall: 0.9523809523809523 for label 0 | 0.16666666666666666 for label 1 | 0.0 for label 2
F1 micro: 0.21495327102803738
F1 macro: 0.19535760574997055
With contradiction_threshold = 0.17002888718935139 and entailment_threshold = 0.2
Precision: 0.19791666666666666 for label 0 | 0.375 for label 1 | 1.0 for label 2
Recall: 0.9047619047619048 for label 0 | 0.16666666666666666 for label 1 | 0.04411764705882353 for label 2
F1 micro: 0.23364485981308414
F1 macro: 0.21335419926969224
With contradiction_threshold = 0.17002888718935139 and entailment_threshold = 0.30000000000000004
Precision: 0.20224719101123595 for label 0 | 0.4 for label 1 | 0.875 for label 2
Recall: 0.8571428571428571 for label 0 | 0.2222222222222222 for label 1 | 0.10294117647058823 for label 2
F1 micro: 0.27102803738317754
F1 macro: 0.26573251310093415
With contradiction_threshold = 0.17002888718935139 and entailment_threshold = 0.4
Precision: 0.23684210526315788 for label 0 | 0.35294117647058826 for label 1 | 0.8571428571428571 for label 2
Recall: 0.8571428571428571 for label 0 | 0.3333333333333333 for label 1 | 0.17647058823529413 for label 2
F1 micro: 0.3364485981308411
F1 macro: 0.3355580301016559
With contradiction_threshold = 0.17002888718935139 and entailment_threshold = 0.5
Precision: 0.25 for label 0 | 0.25 for label 1 | 0.8666666666666667 for label 2
Recall: 0.8095238095238095 for label 0 | 0.3333333333333333 for label 1 | 0.19117647058823528 for label 2
F1 micro: 0.3364485981308411
F1 macro: 0.3269965898908636
With contradiction_threshold = 0.17002888718935139 and entailment_threshold = 0.6
Precision: 0.3 for label 0 | 0.25806451612903225 for label 1 | 0.8461538461538461 for label 2
Recall: 0.7142857142857143 for label 0 | 0.4444444444444444 for label 1 | 0.3235294117647059 for label 2
F1 micro: 0.4205607476635514
F1 macro: 0.40571697663182743
With contradiction_threshold = 0.17002888718935139 and entailment_threshold = 0.7000000000000001
Precision: 0.39473684210526316 for label 0 | 0.29411764705882354 for label 1 | 0.7714285714285715 for label 2
Recall: 0.7142857142857143 for label 0 | 0.5555555555555556 for label 1 | 0.39705882352941174 for label 2
F1 micro: 0.48598130841121495
F1 macro: 0.47245393518225504
With contradiction_threshold = 0.17002888718935139 and entailment_threshold = 0.8
Precision: 0.42857142857142855 for label 0 | 0.2702702702702703 for label 1 | 0.7619047619047619 for label 2
Recall: 0.5714285714285714 for label 0 | 0.5555555555555556 for label 1 | 0.47058823529411764 for label 2
F1 micro: 0.5046728971962616
F1 macro: 0.4784168212739641
With contradiction_threshold = 0.17002888718935139 and entailment_threshold = 0.9
Precision: 0.5333333333333333 for label 0 | 0.2702702702702703 for label 1 | 0.7272727272727273 for label 2
Recall: 0.38095238095238093 for label 0 | 0.5555555555555556 for label 1 | 0.5882352941176471 for label 2
F1 micro: 0.5420560747663551
F1 macro: 0.4861624373819496
