With contradiction_threshold = 0.14476478099822998 and entailment_threshold = 0.33905863887786225 * COMPUTED THRESHOLDS
Precision: 0.225 for label 0 | 0.4166666666666667 for label 1 | 0.8 for label 2
Recall: 0.8571428571428571 for label 0 | 0.2777777777777778 for label 1 | 0.17647058823529413 for label 2
F1 micro: 0.32710280373831774
F1 macro: 0.32630853446790464
With contradiction_threshold = 0.1 and entailment_threshold = 0.33905863887786225
Precision: 0.23684210526315788 for label 0 | 0.3181818181818182 for label 1 | 0.8888888888888888 for label 2
Recall: 0.8571428571428571 for label 0 | 0.3888888888888889 for label 1 | 0.11764705882352941 for label 2
F1 micro: 0.308411214953271
F1 macro: 0.3096420761369215
With contradiction_threshold = 0.2 and entailment_threshold = 0.33905863887786225
Precision: 0.21686746987951808 for label 0 | 0.625 for label 1 | 0.8125 for label 2
Recall: 0.8571428571428571 for label 0 | 0.2777777777777778 for label 1 | 0.19117647058823528 for label 2
F1 micro: 0.3364485981308411
F1 macro: 0.3467643467643468
With contradiction_threshold = 0.30000000000000004 and entailment_threshold = 0.33905863887786225
Precision: 0.20930232558139536 for label 0 | 0.5 for label 1 | 0.7368421052631579 for label 2
Recall: 0.8571428571428571 for label 0 | 0.05555555555555555 for label 1 | 0.20588235294117646 for label 2
F1 micro: 0.308411214953271
F1 macro: 0.2527625595302037
With contradiction_threshold = 0.4 and entailment_threshold = 0.33905863887786225
Precision: 0.20930232558139536 for label 0 | 1.0 for label 1 | 0.75 for label 2
Recall: 0.8571428571428571 for label 0 | 0.05555555555555555 for label 1 | 0.22058823529411764 for label 2
F1 micro: 0.3177570093457944
F1 macro: 0.26087361564488964
With contradiction_threshold = 0.5 and entailment_threshold = 0.33905863887786225
Precision: 0.20930232558139536 for label 0 | 1.0 for label 1 | 0.75 for label 2
Recall: 0.8571428571428571 for label 0 | 0.05555555555555555 for label 1 | 0.22058823529411764 for label 2
F1 micro: 0.3177570093457944
F1 macro: 0.26087361564488964
With contradiction_threshold = 0.6 and entailment_threshold = 0.33905863887786225
Precision: 0.20930232558139536 for label 0 | 0.0 for label 1 | 0.7142857142857143 for label 2
Recall: 0.8571428571428571 for label 0 | 0.0 for label 1 | 0.22058823529411764 for label 2
F1 micro: 0.308411214953271
F1 macro: 0.2245090832720781
With contradiction_threshold = 0.7000000000000001 and entailment_threshold = 0.33905863887786225
Precision: 0.20930232558139536 for label 0 | 0.0 for label 1 | 0.7142857142857143 for label 2
Recall: 0.8571428571428571 for label 0 | 0.0 for label 1 | 0.22058823529411764 for label 2
F1 micro: 0.308411214953271
F1 macro: 0.2245090832720781
With contradiction_threshold = 0.8 and entailment_threshold = 0.33905863887786225
Precision: 0.20930232558139536 for label 0 | 0.0 for label 1 | 0.7142857142857143 for label 2
Recall: 0.8571428571428571 for label 0 | 0.0 for label 1 | 0.22058823529411764 for label 2
F1 micro: 0.308411214953271
F1 macro: 0.2245090832720781
With contradiction_threshold = 0.9 and entailment_threshold = 0.33905863887786225
Precision: 0.20930232558139536 for label 0 | 0.0 for label 1 | 0.7142857142857143 for label 2
Recall: 0.8571428571428571 for label 0 | 0.0 for label 1 | 0.22058823529411764 for label 2
F1 micro: 0.308411214953271
F1 macro: 0.2245090832720781
With contradiction_threshold = 0.14476478099822998 and entailment_threshold = 0.1
Precision: 0.20192307692307693 for label 0 | 0.3333333333333333 for label 1 | 0.0 for label 2
Recall: 1.0 for label 0 | 0.05555555555555555 for label 1 | 0.0 for label 2
F1 micro: 0.205607476635514
F1 macro: 0.14374603174603176
With contradiction_threshold = 0.14476478099822998 and entailment_threshold = 0.2
Precision: 0.21 for label 0 | 0.5 for label 1 | 1.0 for label 2
Recall: 1.0 for label 0 | 0.1111111111111111 for label 1 | 0.04411764705882353 for label 2
F1 micro: 0.24299065420560748
F1 macro: 0.20447755402941062
With contradiction_threshold = 0.14476478099822998 and entailment_threshold = 0.30000000000000004
Precision: 0.20930232558139536 for label 0 | 0.5 for label 1 | 0.8181818181818182 for label 2
Recall: 0.8571428571428571 for label 0 | 0.2777777777777778 for label 1 | 0.1323529411764706 for label 2
F1 micro: 0.29906542056074764
F1 macro: 0.30714651884650707
With contradiction_threshold = 0.14476478099822998 and entailment_threshold = 0.4
Precision: 0.2463768115942029 for label 0 | 0.375 for label 1 | 0.7272727272727273 for label 2
Recall: 0.8095238095238095 for label 0 | 0.3333333333333333 for label 1 | 0.23529411764705882 for label 2
F1 micro: 0.36448598130841114
F1 macro: 0.3620915032679739
With contradiction_threshold = 0.14476478099822998 and entailment_threshold = 0.5
Precision: 0.28 for label 0 | 0.3181818181818182 for label 1 | 0.7428571428571429 for label 2
Recall: 0.6666666666666666 for label 0 | 0.3888888888888889 for label 1 | 0.38235294117647056 for label 2
F1 micro: 0.4392523364485981
F1 macro: 0.41640685537171246
With contradiction_threshold = 0.14476478099822998 and entailment_threshold = 0.6
Precision: 0.2894736842105263 for label 0 | 0.3333333333333333 for label 1 | 0.6888888888888889 for label 2
Recall: 0.5238095238095238 for label 0 | 0.4444444444444444 for label 1 | 0.45588235294117646 for label 2
F1 micro: 0.4672897196261683
F1 macro: 0.4341687677520887
With contradiction_threshold = 0.14476478099822998 and entailment_threshold = 0.7000000000000001
Precision: 0.2857142857142857 for label 0 | 0.2857142857142857 for label 1 | 0.6896551724137931 for label 2
Recall: 0.2857142857142857 for label 0 | 0.4444444444444444 for label 1 | 0.5882352941176471 for label 2
F1 micro: 0.5046728971962616
F1 macro: 0.4228203358638141
With contradiction_threshold = 0.14476478099822998 and entailment_threshold = 0.8
Precision: 0.3076923076923077 for label 0 | 0.2857142857142857 for label 1 | 0.6515151515151515 for label 2
Recall: 0.19047619047619047 for label 0 | 0.4444444444444444 for label 1 | 0.6323529411764706 for label 2
F1 micro: 0.514018691588785
F1 macro: 0.40830374979323336
With contradiction_threshold = 0.14476478099822998 and entailment_threshold = 0.9
Precision: 0.8 for label 0 | 0.2857142857142857 for label 1 | 0.6891891891891891 for label 2
Recall: 0.19047619047619047 for label 0 | 0.4444444444444444 for label 1 | 0.75 for label 2
F1 micro: 0.5887850467289719
F1 macro: 0.45794275126791967
