With contradiction_threshold = 0.16634321812392727 and entailment_threshold = 0.5315043991907 * COMPUTED THRESHOLDS
Precision: 0.25757575757575757 for label 0 | 0.2692307692307692 for label 1 | 1.0 for label 2
Recall: 0.8095238095238095 for label 0 | 0.3888888888888889 for label 1 | 0.22058823529411764 for label 2
F1 micro: 0.36448598130841114
F1 macro: 0.3568107330051659
With contradiction_threshold = 0.1 and entailment_threshold = 0.5315043991907
Precision: 0.27419354838709675 for label 0 | 0.23529411764705882 for label 1 | 1.0 for label 2
Recall: 0.8095238095238095 for label 0 | 0.4444444444444444 for label 1 | 0.16176470588235295 for label 2
F1 micro: 0.3364485981308411
F1 macro: 0.33193729152246765
With contradiction_threshold = 0.2 and entailment_threshold = 0.5315043991907
Precision: 0.25 for label 0 | 0.23529411764705882 for label 1 | 0.9444444444444444 for label 2
Recall: 0.8571428571428571 for label 0 | 0.2222222222222222 for label 1 | 0.25 for label 2
F1 micro: 0.36448598130841114
F1 macro: 0.33700567999142644
With contradiction_threshold = 0.30000000000000004 and entailment_threshold = 0.5315043991907
Precision: 0.25 for label 0 | 0.3076923076923077 for label 1 | 0.9444444444444444 for label 2
Recall: 0.9047619047619048 for label 0 | 0.2222222222222222 for label 1 | 0.25 for label 2
F1 micro: 0.37383177570093457
F1 macro: 0.3483886435526408
With contradiction_threshold = 0.4 and entailment_threshold = 0.5315043991907
Precision: 0.24358974358974358 for label 0 | 0.42857142857142855 for label 1 | 0.8636363636363636 for label 2
Recall: 0.9047619047619048 for label 0 | 0.16666666666666666 for label 1 | 0.27941176470588236 for label 2
F1 micro: 0.383177570093458
F1 macro: 0.3486868686868687
With contradiction_threshold = 0.5 and entailment_threshold = 0.5315043991907
Precision: 0.24050632911392406 for label 0 | 0.75 for label 1 | 0.8333333333333334 for label 2
Recall: 0.9047619047619048 for label 0 | 0.16666666666666666 for label 1 | 0.29411764705882354 for label 2
F1 micro: 0.39252336448598124
F1 macro: 0.36250329380764174
With contradiction_threshold = 0.6 and entailment_threshold = 0.5315043991907
Precision: 0.24050632911392406 for label 0 | 1.0 for label 1 | 0.8076923076923077 for label 2
Recall: 0.9047619047619048 for label 0 | 0.1111111111111111 for label 1 | 0.3088235294117647 for label 2
F1 micro: 0.39252336448598124
F1 macro: 0.34226950354609925
With contradiction_threshold = 0.7000000000000001 and entailment_threshold = 0.5315043991907
Precision: 0.24050632911392406 for label 0 | 0.0 for label 1 | 0.75 for label 2
Recall: 0.9047619047619048 for label 0 | 0.0 for label 1 | 0.3088235294117647 for label 2
F1 micro: 0.37383177570093457
F1 macro: 0.2725
With contradiction_threshold = 0.8 and entailment_threshold = 0.5315043991907
Precision: 0.24050632911392406 for label 0 | 0.0 for label 1 | 0.75 for label 2
Recall: 0.9047619047619048 for label 0 | 0.0 for label 1 | 0.3088235294117647 for label 2
F1 micro: 0.37383177570093457
F1 macro: 0.2725
With contradiction_threshold = 0.9 and entailment_threshold = 0.5315043991907
Precision: 0.24050632911392406 for label 0 | 0.0 for label 1 | 0.75 for label 2
Recall: 0.9047619047619048 for label 0 | 0.0 for label 1 | 0.3088235294117647 for label 2
F1 micro: 0.37383177570093457
F1 macro: 0.2725
With contradiction_threshold = 0.16634321812392727 and entailment_threshold = 0.1
Precision: 0.19607843137254902 for label 0 | 0.6 for label 1 | 0.0 for label 2
Recall: 0.9523809523809523 for label 0 | 0.16666666666666666 for label 1 | 0.0 for label 2
F1 micro: 0.21495327102803738
F1 macro: 0.19535760574997055
With contradiction_threshold = 0.16634321812392727 and entailment_threshold = 0.2
Precision: 0.19791666666666666 for label 0 | 0.375 for label 1 | 1.0 for label 2
Recall: 0.9047619047619048 for label 0 | 0.16666666666666666 for label 1 | 0.04411764705882353 for label 2
F1 micro: 0.23364485981308414
F1 macro: 0.21335419926969224
With contradiction_threshold = 0.16634321812392727 and entailment_threshold = 0.30000000000000004
Precision: 0.2087912087912088 for label 0 | 0.4 for label 1 | 1.0 for label 2
Recall: 0.9047619047619048 for label 0 | 0.2222222222222222 for label 1 | 0.08823529411764706 for label 2
F1 micro: 0.27102803738317754
F1 macro: 0.26238738738738737
With contradiction_threshold = 0.16634321812392727 and entailment_threshold = 0.4
Precision: 0.2289156626506024 for label 0 | 0.3076923076923077 for label 1 | 1.0 for label 2
Recall: 0.9047619047619048 for label 0 | 0.2222222222222222 for label 1 | 0.16176470588235295 for label 2
F1 micro: 0.3177570093457944
F1 macro: 0.30064338139062513
With contradiction_threshold = 0.16634321812392727 and entailment_threshold = 0.5
Precision: 0.2535211267605634 for label 0 | 0.2727272727272727 for label 1 | 1.0 for label 2
Recall: 0.8571428571428571 for label 0 | 0.3333333333333333 for label 1 | 0.20588235294117646 for label 2
F1 micro: 0.35514018691588783
F1 macro: 0.3442559208200778
With contradiction_threshold = 0.16634321812392727 and entailment_threshold = 0.6
Precision: 0.3090909090909091 for label 0 | 0.27586206896551724 for label 1 | 0.9565217391304348 for label 2
Recall: 0.8095238095238095 for label 0 | 0.4444444444444444 for label 1 | 0.3235294117647059 for label 2
F1 micro: 0.4392523364485981
F1 macro: 0.42377014549466957
With contradiction_threshold = 0.16634321812392727 and entailment_threshold = 0.7000000000000001
Precision: 0.3953488372093023 for label 0 | 0.3235294117647059 for label 1 | 0.9333333333333333 for label 2
Recall: 0.8095238095238095 for label 0 | 0.6111111111111112 for label 1 | 0.4117647058823529 for label 2
F1 micro: 0.5233644859813084
F1 macro: 0.5085851648351648
With contradiction_threshold = 0.16634321812392727 and entailment_threshold = 0.8
Precision: 0.45161290322580644 for label 0 | 0.2972972972972973 for label 1 | 0.8205128205128205 for label 2
Recall: 0.6666666666666666 for label 0 | 0.6111111111111112 for label 1 | 0.47058823529411764 for label 2
F1 micro: 0.5327102803738317
F1 macro: 0.5121974598610112
With contradiction_threshold = 0.16634321812392727 and entailment_threshold = 0.9
Precision: 0.5294117647058824 for label 0 | 0.2894736842105263 for label 1 | 0.7692307692307693 for label 2
Recall: 0.42857142857142855 for label 0 | 0.6111111111111112 for label 1 | 0.5882352941176471 for label 2
F1 micro: 0.5607476635514018
F1 macro: 0.5110693400167085
