With contradiction_threshold = 0.06638258326616442 and entailment_threshold = 0.0008147525817614465 * COMPUTED THRESHOLDS
Precision: 0.56 for label 0 | 0.23931623931623933 for label 1 | 0.40425531914893614 for label 2
Recall: 0.44680851063829785 for label 0 | 0.7567567567567568 for label 1 | 0.17592592592592593 for label 2
F1 micro: 0.3723849372384937
F1 macro: 0.36861302469242924
With contradiction_threshold = 0.1 and entailment_threshold = 0.0008147525817614465
Precision: 0.5365853658536586 for label 0 | 0.26666666666666666 for label 1 | 0.4423076923076923 for label 2
Recall: 0.46808510638297873 for label 0 | 0.7567567567567568 for label 1 | 0.21296296296296297 for label 2
F1 micro: 0.39748953974895396
F1 macro: 0.3939553990610329
With contradiction_threshold = 0.2 and entailment_threshold = 0.0008147525817614465
Precision: 0.4897959183673469 for label 0 | 0.3333333333333333 for label 1 | 0.5061728395061729 for label 2
Recall: 0.5106382978723404 for label 0 | 0.5405405405405406 for label 1 | 0.37962962962962965 for label 2
F1 micro: 0.4560669456066946
F1 macro: 0.4487445226276841
With contradiction_threshold = 0.30000000000000004 and entailment_threshold = 0.0008147525817614465
Precision: 0.4811320754716981 for label 0 | 0.42424242424242425 for label 1 | 0.52 for label 2
Recall: 0.5425531914893617 for label 0 | 0.3783783783783784 for label 1 | 0.48148148148148145 for label 2
F1 micro: 0.4895397489539749
F1 macro: 0.47
With contradiction_threshold = 0.4 and entailment_threshold = 0.0008147525817614465
Precision: 0.49074074074074076 for label 0 | 0.6190476190476191 for label 1 | 0.5363636363636364 for label 2
Recall: 0.5638297872340425 for label 0 | 0.35135135135135137 for label 1 | 0.5462962962962963 for label 2
F1 micro: 0.5230125523012552
F1 macro: 0.5047709136620716
With contradiction_threshold = 0.5 and entailment_threshold = 0.0008147525817614465
Precision: 0.49074074074074076 for label 0 | 0.625 for label 1 | 0.5130434782608696 for label 2
Recall: 0.5638297872340425 for label 0 | 0.2702702702702703 for label 1 | 0.5462962962962963 for label 2
F1 micro: 0.5104602510460251
F1 macro: 0.47708631595878087
With contradiction_threshold = 0.6 and entailment_threshold = 0.0008147525817614465
Precision: 0.48623853211009177 for label 0 | 0.7142857142857143 for label 1 | 0.5121951219512195 for label 2
Recall: 0.5638297872340425 for label 0 | 0.13513513513513514 for label 1 | 0.5833333333333334 for label 2
F1 micro: 0.5062761506276151
F1 macro: 0.4316315868040006
With contradiction_threshold = 0.7000000000000001 and entailment_threshold = 0.0008147525817614465
Precision: 0.48623853211009177 for label 0 | 0.6666666666666666 for label 1 | 0.5039370078740157 for label 2
Recall: 0.5638297872340425 for label 0 | 0.05405405405405406 for label 1 | 0.5925925925925926 for label 2
F1 micro: 0.497907949790795
F1 macro: 0.3889494462495196
With contradiction_threshold = 0.8 and entailment_threshold = 0.0008147525817614465
Precision: 0.48623853211009177 for label 0 | 0.5 for label 1 | 0.5 for label 2
Recall: 0.5638297872340425 for label 0 | 0.02702702702702703 for label 1 | 0.5925925925925926 for label 2
F1 micro: 0.49372384937238495
F1 macro: 0.3719408067742376
With contradiction_threshold = 0.9 and entailment_threshold = 0.0008147525817614465
Precision: 0.48623853211009177 for label 0 | 0.0 for label 1 | 0.49612403100775193 for label 2
Recall: 0.5638297872340425 for label 0 | 0.0 for label 1 | 0.5925925925925926 for label 2
F1 micro: 0.4895397489539749
F1 macro: 0.35408395862346104
With contradiction_threshold = 0.06638258326616442 and entailment_threshold = 0.1
Precision: 0.54 for label 0 | 0.2074074074074074 for label 1 | 0.35185185185185186 for label 2
Recall: 0.2872340425531915 for label 0 | 0.7567567567567568 for label 1 | 0.17592592592592593 for label 2
F1 micro: 0.30962343096234307
F1 macro: 0.3117164321944684
With contradiction_threshold = 0.06638258326616442 and entailment_threshold = 0.2
Precision: 0.5238095238095238 for label 0 | 0.2097902097902098 for label 1 | 0.3333333333333333 for label 2
Recall: 0.11702127659574468 for label 0 | 0.8108108108108109 for label 1 | 0.23148148148148148 for label 2
F1 micro: 0.27615062761506276
F1 macro: 0.26595390829175575
With contradiction_threshold = 0.06638258326616442 and entailment_threshold = 0.30000000000000004
Precision: 0.6666666666666666 for label 0 | 0.20689655172413793 for label 1 | 0.36470588235294116 for label 2
Recall: 0.06382978723404255 for label 0 | 0.8108108108108109 for label 1 | 0.28703703703703703 for label 2
F1 micro: 0.2803347280334728
F1 macro: 0.2558062357851079
With contradiction_threshold = 0.06638258326616442 and entailment_threshold = 0.4
Precision: 0.75 for label 0 | 0.2054794520547945 for label 1 | 0.36470588235294116 for label 2
Recall: 0.06382978723404255 for label 0 | 0.8108108108108109 for label 1 | 0.28703703703703703 for label 2
F1 micro: 0.2803347280334728
F1 macro: 0.255586478199536
With contradiction_threshold = 0.06638258326616442 and entailment_threshold = 0.5
Precision: 0.75 for label 0 | 0.2054794520547945 for label 1 | 0.36470588235294116 for label 2
Recall: 0.06382978723404255 for label 0 | 0.8108108108108109 for label 1 | 0.28703703703703703 for label 2
F1 micro: 0.2803347280334728
F1 macro: 0.255586478199536
With contradiction_threshold = 0.06638258326616442 and entailment_threshold = 0.6
Precision: 1.0 for label 0 | 0.20270270270270271 for label 1 | 0.35555555555555557 for label 2
Recall: 0.010638297872340425 for label 0 | 0.8108108108108109 for label 1 | 0.2962962962962963 for label 2
F1 micro: 0.26359832635983266
F1 macro: 0.22286975971186496
With contradiction_threshold = 0.06638258326616442 and entailment_threshold = 0.7000000000000001
Precision: 0.0 for label 0 | 0.20270270270270271 for label 1 | 0.3516483516483517 for label 2
Recall: 0.0 for label 0 | 0.8108108108108109 for label 1 | 0.2962962962962963 for label 2
F1 micro: 0.2594142259414226
F1 macro: 0.21531078817510982
With contradiction_threshold = 0.06638258326616442 and entailment_threshold = 0.8
Precision: 0.0 for label 0 | 0.20270270270270271 for label 1 | 0.3516483516483517 for label 2
Recall: 0.0 for label 0 | 0.8108108108108109 for label 1 | 0.2962962962962963 for label 2
F1 micro: 0.2594142259414226
F1 macro: 0.21531078817510982
With contradiction_threshold = 0.06638258326616442 and entailment_threshold = 0.9
Precision: 0.0 for label 0 | 0.20270270270270271 for label 1 | 0.3516483516483517 for label 2
Recall: 0.0 for label 0 | 0.8108108108108109 for label 1 | 0.2962962962962963 for label 2
F1 micro: 0.2594142259414226
F1 macro: 0.21531078817510982
