With contradiction_threshold = 0.06966033936604532 and entailment_threshold = 0.004142252814479441 * COMPUTED THRESHOLDS
Precision: 0.6304347826086957 for label 0 | 0.2857142857142857 for label 1 | 0.44036697247706424 for label 2
Recall: 0.30851063829787234 for label 0 | 0.6486486486486487 for label 1 | 0.4444444444444444 for label 2
F1 micro: 0.4225941422594142
F1 macro: 0.4177920808419342
With contradiction_threshold = 0.1 and entailment_threshold = 0.004142252814479441
Precision: 0.6304347826086957 for label 0 | 0.2857142857142857 for label 1 | 0.44036697247706424 for label 2
Recall: 0.30851063829787234 for label 0 | 0.6486486486486487 for label 1 | 0.4444444444444444 for label 2
F1 micro: 0.4225941422594142
F1 macro: 0.4177920808419342
With contradiction_threshold = 0.2 and entailment_threshold = 0.004142252814479441
Precision: 0.625 for label 0 | 0.3384615384615385 for label 1 | 0.47619047619047616 for label 2
Recall: 0.3191489361702128 for label 0 | 0.5945945945945946 for label 1 | 0.5555555555555556 for label 2
F1 micro: 0.4686192468619247
F1 macro: 0.4555760910359088
With contradiction_threshold = 0.30000000000000004 and entailment_threshold = 0.004142252814479441
Precision: 0.6153846153846154 for label 0 | 0.35555555555555557 for label 1 | 0.47183098591549294 for label 2
Recall: 0.3404255319148936 for label 0 | 0.43243243243243246 for label 1 | 0.6203703703703703 for label 2
F1 micro: 0.4811715481171548
F1 macro: 0.45486668894086196
With contradiction_threshold = 0.4 and entailment_threshold = 0.004142252814479441
Precision: 0.5925925925925926 for label 0 | 0.36666666666666664 for label 1 | 0.4838709677419355 for label 2
Recall: 0.3404255319148936 for label 0 | 0.2972972972972973 for label 1 | 0.6944444444444444 for label 2
F1 micro: 0.49372384937238495
F1 macro: 0.4437109489036167
With contradiction_threshold = 0.5 and entailment_threshold = 0.004142252814479441
Precision: 0.5818181818181818 for label 0 | 0.4 for label 1 | 0.49056603773584906 for label 2
Recall: 0.3404255319148936 for label 0 | 0.2702702702702703 for label 1 | 0.7222222222222222 for label 2
F1 micro: 0.502092050209205
F1 macro: 0.4454601698083069
With contradiction_threshold = 0.6 and entailment_threshold = 0.004142252814479441
Precision: 0.5714285714285714 for label 0 | 0.42105263157894735 for label 1 | 0.49390243902439024 for label 2
Recall: 0.3404255319148936 for label 0 | 0.21621621621621623 for label 1 | 0.75 for label 2
F1 micro: 0.5062761506276151
F1 macro: 0.4359897292250234
With contradiction_threshold = 0.7000000000000001 and entailment_threshold = 0.004142252814479441
Precision: 0.5714285714285714 for label 0 | 0.35714285714285715 for label 1 | 0.4911242603550296 for label 2
Recall: 0.3404255319148936 for label 0 | 0.13513513513513514 for label 1 | 0.7685185185185185 for label 2
F1 micro: 0.502092050209205
F1 macro: 0.40734102545952194
With contradiction_threshold = 0.8 and entailment_threshold = 0.004142252814479441
Precision: 0.5714285714285714 for label 0 | 0.38461538461538464 for label 1 | 0.48823529411764705 for label 2
Recall: 0.3404255319148936 for label 0 | 0.13513513513513514 for label 1 | 0.7685185185185185 for label 2
F1 micro: 0.502092050209205
F1 macro: 0.40792965627498007
With contradiction_threshold = 0.9 and entailment_threshold = 0.004142252814479441
Precision: 0.5714285714285714 for label 0 | 0.38461538461538464 for label 1 | 0.48823529411764705 for label 2
Recall: 0.3404255319148936 for label 0 | 0.13513513513513514 for label 1 | 0.7685185185185185 for label 2
F1 micro: 0.502092050209205
F1 macro: 0.40792965627498007
With contradiction_threshold = 0.06966033936604532 and entailment_threshold = 0.1
Precision: 0.6842105263157895 for label 0 | 0.28735632183908044 for label 1 | 0.4473684210526316 for label 2
Recall: 0.2765957446808511 for label 0 | 0.6756756756756757 for label 1 | 0.4722222222222222 for label 2
F1 micro: 0.42677824267782427
F1 macro: 0.4188748866168221
With contradiction_threshold = 0.06966033936604532 and entailment_threshold = 0.2
Precision: 0.7 for label 0 | 0.2840909090909091 for label 1 | 0.4380165289256198 for label 2
Recall: 0.22340425531914893 for label 0 | 0.6756756756756757 for label 1 | 0.49074074074074076 for label 2
F1 micro: 0.41422594142259417
F1 macro: 0.4005305911630746
With contradiction_threshold = 0.06966033936604532 and entailment_threshold = 0.30000000000000004
Precision: 0.6190476190476191 for label 0 | 0.2840909090909091 for label 1 | 0.4153846153846154 for label 2
Recall: 0.13829787234042554 for label 0 | 0.6756756756756757 for label 1 | 0.5 for label 2
F1 micro: 0.3849372384937239
F1 macro: 0.35995615637559375
With contradiction_threshold = 0.06966033936604532 and entailment_threshold = 0.4
Precision: 0.5625 for label 0 | 0.2808988764044944 for label 1 | 0.41044776119402987 for label 2
Recall: 0.09574468085106383 for label 0 | 0.6756756756756757 for label 1 | 0.5092592592592593 for label 2
F1 micro: 0.3723849372384937
F1 macro: 0.3383357383357384
With contradiction_threshold = 0.06966033936604532 and entailment_threshold = 0.5
Precision: 0.5714285714285714 for label 0 | 0.2857142857142857 for label 1 | 0.41044776119402987 for label 2
Recall: 0.0851063829787234 for label 0 | 0.7027027027027027 for label 1 | 0.5092592592592593 for label 2
F1 micro: 0.3723849372384937
F1 macro: 0.3363145342312009
With contradiction_threshold = 0.06966033936604532 and entailment_threshold = 0.6
Precision: 0.5454545454545454 for label 0 | 0.2857142857142857 for label 1 | 0.40875912408759124 for label 2
Recall: 0.06382978723404255 for label 0 | 0.7027027027027027 for label 1 | 0.5185185185185185 for label 2
F1 micro: 0.36820083682008364
F1 macro: 0.3258928571428571
With contradiction_threshold = 0.06966033936604532 and entailment_threshold = 0.7000000000000001
Precision: 0.5555555555555556 for label 0 | 0.2857142857142857 for label 1 | 0.41007194244604317 for label 2
Recall: 0.05319148936170213 for label 0 | 0.7027027027027027 for label 1 | 0.5277777777777778 for label 2
F1 micro: 0.36820083682008364
F1 macro: 0.32162528005974605
With contradiction_threshold = 0.06966033936604532 and entailment_threshold = 0.8
Precision: 0.5555555555555556 for label 0 | 0.2857142857142857 for label 1 | 0.41007194244604317 for label 2
Recall: 0.05319148936170213 for label 0 | 0.7027027027027027 for label 1 | 0.5277777777777778 for label 2
F1 micro: 0.36820083682008364
F1 macro: 0.32162528005974605
With contradiction_threshold = 0.06966033936604532 and entailment_threshold = 0.9
Precision: 0.5555555555555556 for label 0 | 0.2857142857142857 for label 1 | 0.41007194244604317 for label 2
Recall: 0.05319148936170213 for label 0 | 0.7027027027027027 for label 1 | 0.5277777777777778 for label 2
F1 micro: 0.36820083682008364
F1 macro: 0.32162528005974605
