With contradiction_threshold = 0.06592747630802931 and entailment_threshold = 0.0005618800303264226 * COMPUTED THRESHOLDS
Precision: 0.66 for label 0 | 0.30120481927710846 for label 1 | 0.46226415094339623 for label 2
Recall: 0.35106382978723405 for label 0 | 0.6756756756756757 for label 1 | 0.4537037037037037 for label 2
F1 micro: 0.4476987447698745
F1 macro: 0.4443146417445483
With contradiction_threshold = 0.1 and entailment_threshold = 0.0005618800303264226
Precision: 0.6666666666666666 for label 0 | 0.3048780487804878 for label 1 | 0.46226415094339623 for label 2
Recall: 0.3617021276595745 for label 0 | 0.6756756756756757 for label 1 | 0.4537037037037037 for label 2
F1 micro: 0.45188284518828453
F1 macro: 0.449025836567305
With contradiction_threshold = 0.2 and entailment_threshold = 0.0005618800303264226
Precision: 0.6296296296296297 for label 0 | 0.3333333333333333 for label 1 | 0.4918032786885246 for label 2
Recall: 0.3617021276595745 for label 0 | 0.5675675675675675 for label 1 | 0.5555555555555556 for label 2
F1 micro: 0.4811715481171548
F1 macro: 0.4670661966314141
With contradiction_threshold = 0.30000000000000004 and entailment_threshold = 0.0005618800303264226
Precision: 0.6206896551724138 for label 0 | 0.36585365853658536 for label 1 | 0.4928571428571429 for label 2
Recall: 0.3829787234042553 for label 0 | 0.40540540540540543 for label 1 | 0.6388888888888888 for label 2
F1 micro: 0.502092050209205
F1 macro: 0.47158373601497544
With contradiction_threshold = 0.4 and entailment_threshold = 0.0005618800303264226
Precision: 0.6 for label 0 | 0.39285714285714285 for label 1 | 0.5033112582781457 for label 2
Recall: 0.3829787234042553 for label 0 | 0.2972972972972973 for label 1 | 0.7037037037037037 for label 2
F1 micro: 0.5146443514644351
F1 macro: 0.4642888642888643
With contradiction_threshold = 0.5 and entailment_threshold = 0.0005618800303264226
Precision: 0.5901639344262295 for label 0 | 0.45454545454545453 for label 1 | 0.5128205128205128 for label 2
Recall: 0.3829787234042553 for label 0 | 0.2702702702702703 for label 1 | 0.7407407407407407 for label 2
F1 micro: 0.5271966527196653
F1 macro: 0.4698532619801073
With contradiction_threshold = 0.6 and entailment_threshold = 0.0005618800303264226
Precision: 0.5806451612903226 for label 0 | 0.4444444444444444 for label 1 | 0.5094339622641509 for label 2
Recall: 0.3829787234042553 for label 0 | 0.21621621621621623 for label 1 | 0.75 for label 2
F1 micro: 0.5230125523012552
F1 macro: 0.45306304182708673
With contradiction_threshold = 0.7000000000000001 and entailment_threshold = 0.0005618800303264226
Precision: 0.5806451612903226 for label 0 | 0.38461538461538464 for label 1 | 0.5060975609756098 for label 2
Recall: 0.3829787234042553 for label 0 | 0.13513513513513514 for label 1 | 0.7685185185185185 for label 2
F1 micro: 0.5188284518828452
F1 macro: 0.42394419306184017
With contradiction_threshold = 0.8 and entailment_threshold = 0.0005618800303264226
Precision: 0.5806451612903226 for label 0 | 0.4166666666666667 for label 1 | 0.503030303030303 for label 2
Recall: 0.3829787234042553 for label 0 | 0.13513513513513514 for label 1 | 0.7685185185185185 for label 2
F1 micro: 0.5188284518828452
F1 macro: 0.42455956741671025
With contradiction_threshold = 0.9 and entailment_threshold = 0.0005618800303264226
Precision: 0.5806451612903226 for label 0 | 0.4166666666666667 for label 1 | 0.503030303030303 for label 2
Recall: 0.3829787234042553 for label 0 | 0.13513513513513514 for label 1 | 0.7685185185185185 for label 2
F1 micro: 0.5188284518828452
F1 macro: 0.42455956741671025
With contradiction_threshold = 0.06592747630802931 and entailment_threshold = 0.1
Precision: 0.6842105263157895 for label 0 | 0.2840909090909091 for label 1 | 0.4690265486725664 for label 2
Recall: 0.2765957446808511 for label 0 | 0.6756756756756757 for label 1 | 0.49074074074074076 for label 2
F1 micro: 0.4351464435146444
F1 macro: 0.42452580099638926
With contradiction_threshold = 0.06592747630802931 and entailment_threshold = 0.2
Precision: 0.6774193548387096 for label 0 | 0.28888888888888886 for label 1 | 0.4576271186440678 for label 2
Recall: 0.22340425531914893 for label 0 | 0.7027027027027027 for label 1 | 0.5 for label 2
F1 micro: 0.4225941422594142
F1 macro: 0.407774975030776
With contradiction_threshold = 0.06592747630802931 and entailment_threshold = 0.30000000000000004
Precision: 0.5909090909090909 for label 0 | 0.2857142857142857 for label 1 | 0.4365079365079365 for label 2
Recall: 0.13829787234042554 for label 0 | 0.7027027027027027 for label 1 | 0.5092592592592593 for label 2
F1 micro: 0.39330543933054396
F1 macro: 0.3668244670399843
With contradiction_threshold = 0.06592747630802931 and entailment_threshold = 0.4
Precision: 0.5 for label 0 | 0.27956989247311825 for label 1 | 0.4307692307692308 for label 2
Recall: 0.0851063829787234 for label 0 | 0.7027027027027027 for label 1 | 0.5185185185185185 for label 2
F1 micro: 0.37656903765690375
F1 macro: 0.33868092691622104
With contradiction_threshold = 0.06592747630802931 and entailment_threshold = 0.5
Precision: 0.5 for label 0 | 0.27956989247311825 for label 1 | 0.4307692307692308 for label 2
Recall: 0.0851063829787234 for label 0 | 0.7027027027027027 for label 1 | 0.5185185185185185 for label 2
F1 micro: 0.37656903765690375
F1 macro: 0.33868092691622104
With contradiction_threshold = 0.06592747630802931 and entailment_threshold = 0.6
Precision: 0.5 for label 0 | 0.27956989247311825 for label 1 | 0.4253731343283582 for label 2
Recall: 0.06382978723404255 for label 0 | 0.7027027027027027 for label 1 | 0.5277777777777778 for label 2
F1 micro: 0.3723849372384937
F1 macro: 0.3280939757783669
With contradiction_threshold = 0.06592747630802931 and entailment_threshold = 0.7000000000000001
Precision: 0.5 for label 0 | 0.27956989247311825 for label 1 | 0.4264705882352941 for label 2
Recall: 0.05319148936170213 for label 0 | 0.7027027027027027 for label 1 | 0.5370370370370371 for label 2
F1 micro: 0.3723849372384937
F1 macro: 0.3238545607398067
With contradiction_threshold = 0.06592747630802931 and entailment_threshold = 0.8
Precision: 0.5 for label 0 | 0.27956989247311825 for label 1 | 0.4264705882352941 for label 2
Recall: 0.05319148936170213 for label 0 | 0.7027027027027027 for label 1 | 0.5370370370370371 for label 2
F1 micro: 0.3723849372384937
F1 macro: 0.3238545607398067
With contradiction_threshold = 0.06592747630802931 and entailment_threshold = 0.9
Precision: 0.5 for label 0 | 0.27956989247311825 for label 1 | 0.4264705882352941 for label 2
Recall: 0.05319148936170213 for label 0 | 0.7027027027027027 for label 1 | 0.5370370370370371 for label 2
F1 micro: 0.3723849372384937
F1 macro: 0.3238545607398067
