With contradiction_threshold = 0.06546054941922974 and entailment_threshold = 0.006133683784929289 * COMPUTED THRESHOLDS
Precision: 0.5609756097560976 for label 0 | 0.25 for label 1 | 0.4222222222222222 for label 2
Recall: 0.48936170212765956 for label 0 | 0.7567567567567568 for label 1 | 0.17592592592592593 for label 2
F1 micro: 0.3891213389121339
F1 macro: 0.38231073732455495
With contradiction_threshold = 0.1 and entailment_threshold = 0.006133683784929289
Precision: 0.5333333333333333 for label 0 | 0.27722772277227725 for label 1 | 0.4375 for label 2
Recall: 0.5106382978723404 for label 0 | 0.7567567567567568 for label 1 | 0.19444444444444445 for label 2
F1 micro: 0.40585774058577406
F1 macro: 0.3989223337049424
With contradiction_threshold = 0.2 and entailment_threshold = 0.006133683784929289
Precision: 0.4953271028037383 for label 0 | 0.35714285714285715 for label 1 | 0.5 for label 2
Recall: 0.5638297872340425 for label 0 | 0.5405405405405406 for label 1 | 0.35185185185185186 for label 2
F1 micro: 0.46443514644351463
F1 macro: 0.456838063074064
With contradiction_threshold = 0.30000000000000004 and entailment_threshold = 0.006133683784929289
Precision: 0.4827586206896552 for label 0 | 0.42424242424242425 for label 1 | 0.5333333333333333 for label 2
Recall: 0.5957446808510638 for label 0 | 0.3783783783783784 for label 1 | 0.4444444444444444 for label 2
F1 micro: 0.49372384937238495
F1 macro: 0.4727272727272727
With contradiction_threshold = 0.4 and entailment_threshold = 0.006133683784929289
Precision: 0.4915254237288136 for label 0 | 0.6842105263157895 for label 1 | 0.5588235294117647 for label 2
Recall: 0.6170212765957447 for label 0 | 0.35135135135135137 for label 1 | 0.5277777777777778 for label 2
F1 micro: 0.5355648535564853
F1 macro: 0.5181042228212038
With contradiction_threshold = 0.5 and entailment_threshold = 0.006133683784929289
Precision: 0.4915254237288136 for label 0 | 0.7142857142857143 for label 1 | 0.5327102803738317 for label 2
Recall: 0.6170212765957447 for label 0 | 0.2702702702702703 for label 1 | 0.5277777777777778 for label 2
F1 micro: 0.5230125523012552
F1 macro: 0.4898530774017958
With contradiction_threshold = 0.6 and entailment_threshold = 0.006133683784929289
Precision: 0.48739495798319327 for label 0 | 0.7142857142857143 for label 1 | 0.5221238938053098 for label 2
Recall: 0.6170212765957447 for label 0 | 0.13513513513513514 for label 1 | 0.5462962962962963 for label 2
F1 micro: 0.5104602510460251
F1 macro: 0.43527010594119125
With contradiction_threshold = 0.7000000000000001 and entailment_threshold = 0.006133683784929289
Precision: 0.48739495798319327 for label 0 | 0.6666666666666666 for label 1 | 0.5128205128205128 for label 2
Recall: 0.6170212765957447 for label 0 | 0.05405405405405406 for label 1 | 0.5555555555555556 for label 2
F1 micro: 0.502092050209205
F1 macro: 0.39264475743348976
With contradiction_threshold = 0.8 and entailment_threshold = 0.006133683784929289
Precision: 0.48739495798319327 for label 0 | 0.5 for label 1 | 0.5084745762711864 for label 2
Recall: 0.6170212765957447 for label 0 | 0.02702702702702703 for label 1 | 0.5555555555555556 for label 2
F1 micro: 0.497907949790795
F1 macro: 0.3756188138588737
With contradiction_threshold = 0.9 and entailment_threshold = 0.006133683784929289
Precision: 0.48739495798319327 for label 0 | 0.0 for label 1 | 0.5042016806722689 for label 2
Recall: 0.6170212765957447 for label 0 | 0.0 for label 1 | 0.5555555555555556 for label 2
F1 micro: 0.49372384937238495
F1 macro: 0.3577451000668721
With contradiction_threshold = 0.06546054941922974 and entailment_threshold = 0.1
Precision: 0.5510204081632653 for label 0 | 0.208955223880597 for label 1 | 0.375 for label 2
Recall: 0.2872340425531915 for label 0 | 0.7567567567567568 for label 1 | 0.19444444444444445 for label 2
F1 micro: 0.3179916317991632
F1 macro: 0.3204017729049821
With contradiction_threshold = 0.06546054941922974 and entailment_threshold = 0.2
Precision: 0.45454545454545453 for label 0 | 0.20714285714285716 for label 1 | 0.35064935064935066 for label 2
Recall: 0.10638297872340426 for label 0 | 0.7837837837837838 for label 1 | 0.25 for label 2
F1 micro: 0.27615062761506276
F1 macro: 0.26399643360484976
With contradiction_threshold = 0.06546054941922974 and entailment_threshold = 0.30000000000000004
Precision: 0.625 for label 0 | 0.2097902097902098 for label 1 | 0.375 for label 2
Recall: 0.05319148936170213 for label 0 | 0.8108108108108109 for label 1 | 0.3055555555555556 for label 2
F1 micro: 0.28451882845188287
F1 macro: 0.2560357476323863
With contradiction_threshold = 0.06546054941922974 and entailment_threshold = 0.4
Precision: 0.7142857142857143 for label 0 | 0.20833333333333334 for label 1 | 0.375 for label 2
Recall: 0.05319148936170213 for label 0 | 0.8108108108108109 for label 1 | 0.3055555555555556 for label 2
F1 micro: 0.28451882845188287
F1 macro: 0.25574543585827747
With contradiction_threshold = 0.06546054941922974 and entailment_threshold = 0.5
Precision: 0.7142857142857143 for label 0 | 0.20833333333333334 for label 1 | 0.375 for label 2
Recall: 0.05319148936170213 for label 0 | 0.8108108108108109 for label 1 | 0.3055555555555556 for label 2
F1 micro: 0.28451882845188287
F1 macro: 0.25574543585827747
With contradiction_threshold = 0.06546054941922974 and entailment_threshold = 0.6
Precision: 1.0 for label 0 | 0.2054794520547945 for label 1 | 0.3695652173913043 for label 2
Recall: 0.010638297872340425 for label 0 | 0.8108108108108109 for label 1 | 0.3148148148148148 for label 2
F1 micro: 0.2719665271966527
F1 macro: 0.22964049467932127
With contradiction_threshold = 0.06546054941922974 and entailment_threshold = 0.7000000000000001
Precision: 0.0 for label 0 | 0.2054794520547945 for label 1 | 0.3655913978494624 for label 2
Recall: 0.0 for label 0 | 0.8108108108108109 for label 1 | 0.3148148148148148 for label 2
F1 micro: 0.26778242677824265
F1 macro: 0.22205910339015303
With contradiction_threshold = 0.06546054941922974 and entailment_threshold = 0.8
Precision: 0.0 for label 0 | 0.2054794520547945 for label 1 | 0.3655913978494624 for label 2
Recall: 0.0 for label 0 | 0.8108108108108109 for label 1 | 0.3148148148148148 for label 2
F1 micro: 0.26778242677824265
F1 macro: 0.22205910339015303
With contradiction_threshold = 0.06546054941922974 and entailment_threshold = 0.9
Precision: 0.0 for label 0 | 0.2054794520547945 for label 1 | 0.3655913978494624 for label 2
Recall: 0.0 for label 0 | 0.8108108108108109 for label 1 | 0.3148148148148148 for label 2
F1 micro: 0.26778242677824265
F1 macro: 0.22205910339015303
