With contradiction_threshold = 0.20279838860126276 and entailment_threshold = 0.37430843850279416 * COMPUTED THRESHOLDS
Precision: 0.5285714285714286 for label 0 | 0.3333333333333333 for label 1 | 0.5202702702702703 for label 2
Recall: 0.39361702127659576 for label 0 | 0.1891891891891892 for label 1 | 0.7129629629629629 for label 2
F1 micro: 0.5062761506276151
F1 macro: 0.4313871075133165
With contradiction_threshold = 0.1 and entailment_threshold = 0.37430843850279416
Precision: 0.5217391304347826 for label 0 | 0.2 for label 1 | 0.5 for label 2
Recall: 0.3829787234042553 for label 0 | 0.21621621621621623 for label 1 | 0.6018518518518519 for label 2
F1 micro: 0.4560669456066946
F1 macro: 0.3985761621994029
With contradiction_threshold = 0.2 and entailment_threshold = 0.37430843850279416
Precision: 0.5285714285714286 for label 0 | 0.3181818181818182 for label 1 | 0.5170068027210885 for label 2
Recall: 0.39361702127659576 for label 0 | 0.1891891891891892 for label 1 | 0.7037037037037037 for label 2
F1 micro: 0.502092050209205
F1 macro: 0.42819535972029704
With contradiction_threshold = 0.30000000000000004 and entailment_threshold = 0.37430843850279416
Precision: 0.5352112676056338 for label 0 | 0.35714285714285715 for label 1 | 0.5064935064935064 for label 2
Recall: 0.40425531914893614 for label 0 | 0.13513513513513514 for label 1 | 0.7222222222222222 for label 2
F1 micro: 0.5062761506276151
F1 macro: 0.4173681131022846
With contradiction_threshold = 0.4 and entailment_threshold = 0.37430843850279416
Precision: 0.5205479452054794 for label 0 | 0.5555555555555556 for label 1 | 0.5159235668789809 for label 2
Recall: 0.40425531914893614 for label 0 | 0.13513513513513514 for label 1 | 0.75 for label 2
F1 micro: 0.5188284518828452
F1 macro: 0.42793395980802956
With contradiction_threshold = 0.5 and entailment_threshold = 0.37430843850279416
Precision: 0.5205479452054794 for label 0 | 0.5 for label 1 | 0.5126582278481012 for label 2
Recall: 0.40425531914893614 for label 0 | 0.10810810810810811 for label 1 | 0.75 for label 2
F1 micro: 0.5146443514644351
F1 macro: 0.41396338484267886
With contradiction_threshold = 0.6 and entailment_threshold = 0.37430843850279416
Precision: 0.5135135135135135 for label 0 | 1.0 for label 1 | 0.5061728395061729 for label 2
Recall: 0.40425531914893614 for label 0 | 0.08108108108108109 for label 1 | 0.7592592592592593 for label 2
F1 micro: 0.5146443514644351
F1 macro: 0.40326278659611997
With contradiction_threshold = 0.7000000000000001 and entailment_threshold = 0.37430843850279416
Precision: 0.5135135135135135 for label 0 | 1.0 for label 1 | 0.5 for label 2
Recall: 0.40425531914893614 for label 0 | 0.02702702702702703 for label 1 | 0.7592592592592593 for label 2
F1 micro: 0.5062761506276151
F1 macro: 0.3693179025996363
With contradiction_threshold = 0.8 and entailment_threshold = 0.37430843850279416
Precision: 0.5135135135135135 for label 0 | 1.0 for label 1 | 0.5 for label 2
Recall: 0.40425531914893614 for label 0 | 0.02702702702702703 for label 1 | 0.7592592592592593 for label 2
F1 micro: 0.5062761506276151
F1 macro: 0.3693179025996363
With contradiction_threshold = 0.9 and entailment_threshold = 0.37430843850279416
Precision: 0.5135135135135135 for label 0 | 0.0 for label 1 | 0.49696969696969695 for label 2
Recall: 0.40425531914893614 for label 0 | 0.0 for label 1 | 0.7592592592592593 for label 2
F1 micro: 0.502092050209205
F1 macro: 0.35103785103785107
With contradiction_threshold = 0.20279838860126276 and entailment_threshold = 0.1
Precision: 0.47183098591549294 for label 0 | 0.42857142857142855 for label 1 | 0.5180722891566265 for label 2
Recall: 0.7127659574468085 for label 0 | 0.16216216216216217 for label 1 | 0.39814814814814814 for label 2
F1 micro: 0.48535564853556484
F1 macro: 0.41778416930708745
With contradiction_threshold = 0.20279838860126276 and entailment_threshold = 0.2
Precision: 0.5042735042735043 for label 0 | 0.4666666666666667 for label 1 | 0.5420560747663551 for label 2
Recall: 0.6276595744680851 for label 0 | 0.1891891891891892 for label 1 | 0.5370370370370371 for label 2
F1 micro: 0.5188284518828452
F1 macro: 0.4560024530376123
With contradiction_threshold = 0.20279838860126276 and entailment_threshold = 0.30000000000000004
Precision: 0.5473684210526316 for label 0 | 0.3684210526315789 for label 1 | 0.552 for label 2
Recall: 0.5531914893617021 for label 0 | 0.1891891891891892 for label 1 | 0.6388888888888888 for label 2
F1 micro: 0.5355648535564853
F1 macro: 0.46417974279204605
With contradiction_threshold = 0.20279838860126276 and entailment_threshold = 0.4
Precision: 0.5223880597014925 for label 0 | 0.3333333333333333 for label 1 | 0.5099337748344371 for label 2
Recall: 0.3723404255319149 for label 0 | 0.1891891891891892 for label 1 | 0.7129629629629629 for label 2
F1 micro: 0.497907949790795
F1 macro: 0.4235855045450248
With contradiction_threshold = 0.20279838860126276 and entailment_threshold = 0.5
Precision: 0.4915254237288136 for label 0 | 0.3333333333333333 for label 1 | 0.4968553459119497 for label 2
Recall: 0.30851063829787234 for label 0 | 0.1891891891891892 for label 1 | 0.7314814814814815 for label 2
F1 micro: 0.4811715481171548
F1 macro: 0.40407485909685237
With contradiction_threshold = 0.20279838860126276 and entailment_threshold = 0.6
Precision: 0.30303030303030304 for label 0 | 0.3181818181818182 for label 1 | 0.45652173913043476 for label 2
Recall: 0.10638297872340426 for label 0 | 0.1891891891891892 for label 1 | 0.7777777777777778 for label 2
F1 micro: 0.4225941422594142
F1 macro: 0.32337030543575834
With contradiction_threshold = 0.20279838860126276 and entailment_threshold = 0.7000000000000001
Precision: 0.34615384615384615 for label 0 | 0.3333333333333333 for label 1 | 0.455026455026455 for label 2
Recall: 0.09574468085106383 for label 0 | 0.21621621621621623 for label 1 | 0.7962962962962963 for label 2
F1 micro: 0.4309623430962343
F1 macro: 0.33047322036393073
With contradiction_threshold = 0.20279838860126276 and entailment_threshold = 0.8
Precision: 0.34782608695652173 for label 0 | 0.32 for label 1 | 0.4607329842931937 for label 2
Recall: 0.0851063829787234 for label 0 | 0.21621621621621623 for label 1 | 0.8148148148148148 for label 2
F1 micro: 0.4351464435146444
F1 macro: 0.327815138474325
With contradiction_threshold = 0.20279838860126276 and entailment_threshold = 0.9
Precision: 0.3333333333333333 for label 0 | 0.32 for label 1 | 0.4642857142857143 for label 2
Recall: 0.06382978723404255 for label 0 | 0.21621621621621623 for label 1 | 0.8425925925925926 for label 2
F1 micro: 0.4393305439330544
F1 macro: 0.3212971945994017
