With contradiction_threshold = 0.31039315462112427 and entailment_threshold = 0.1700115203857422 * COMPUTED THRESHOLDS
Precision: 0.5166666666666667 for label 0 | 0.2857142857142857 for label 1 | 0.47093023255813954 for label 2
Recall: 0.32978723404255317 for label 0 | 0.05405405405405406 for label 1 | 0.75 for label 2
F1 micro: 0.4769874476987448
F1 macro: 0.3573593073593074
With contradiction_threshold = 0.1 and entailment_threshold = 0.1700115203857422
Precision: 0.5283018867924528 for label 0 | 0.25 for label 1 | 0.4691358024691358 for label 2
Recall: 0.2978723404255319 for label 0 | 0.16216216216216217 for label 1 | 0.7037037037037037 for label 2
F1 micro: 0.4602510460251046
F1 macro: 0.3802122184635846
With contradiction_threshold = 0.2 and entailment_threshold = 0.1700115203857422
Precision: 0.5166666666666667 for label 0 | 0.2727272727272727 for label 1 | 0.47619047619047616 for label 2
Recall: 0.32978723404255317 for label 0 | 0.08108108108108109 for label 1 | 0.7407407407407407 for label 2
F1 micro: 0.4769874476987448
F1 macro: 0.3691025158416463
With contradiction_threshold = 0.30000000000000004 and entailment_threshold = 0.1700115203857422
Precision: 0.5166666666666667 for label 0 | 0.2857142857142857 for label 1 | 0.47093023255813954 for label 2
Recall: 0.32978723404255317 for label 0 | 0.05405405405405406 for label 1 | 0.75 for label 2
F1 micro: 0.4769874476987448
F1 macro: 0.3573593073593074
With contradiction_threshold = 0.4 and entailment_threshold = 0.1700115203857422
Precision: 0.5081967213114754 for label 0 | 0.3333333333333333 for label 1 | 0.47093023255813954 for label 2
Recall: 0.32978723404255317 for label 0 | 0.05405405405405406 for label 1 | 0.75 for label 2
F1 micro: 0.4769874476987448
F1 macro: 0.3571982281284607
With contradiction_threshold = 0.5 and entailment_threshold = 0.1700115203857422
Precision: 0.5081967213114754 for label 0 | 0.4 for label 1 | 0.4682080924855491 for label 2
Recall: 0.32978723404255317 for label 0 | 0.05405405405405406 for label 1 | 0.75 for label 2
F1 micro: 0.4769874476987448
F1 macro: 0.3572501835847031
With contradiction_threshold = 0.6 and entailment_threshold = 0.1700115203857422
Precision: 0.5081967213114754 for label 0 | 0.6666666666666666 for label 1 | 0.4742857142857143 for label 2
Recall: 0.32978723404255317 for label 0 | 0.05405405405405406 for label 1 | 0.7685185185185185 for label 2
F1 micro: 0.48535564853556484
F1 macro: 0.362190812720848
With contradiction_threshold = 0.7000000000000001 and entailment_threshold = 0.1700115203857422
Precision: 0.5 for label 0 | 0.5 for label 1 | 0.4742857142857143 for label 2
Recall: 0.32978723404255317 for label 0 | 0.02702702702702703 for label 1 | 0.7685185185185185 for label 2
F1 micro: 0.4811715481171548
F1 macro: 0.34509679562683093
With contradiction_threshold = 0.8 and entailment_threshold = 0.1700115203857422
Precision: 0.5 for label 0 | 0.5 for label 1 | 0.4742857142857143 for label 2
Recall: 0.32978723404255317 for label 0 | 0.02702702702702703 for label 1 | 0.7685185185185185 for label 2
F1 micro: 0.4811715481171548
F1 macro: 0.34509679562683093
With contradiction_threshold = 0.9 and entailment_threshold = 0.1700115203857422
Precision: 0.5 for label 0 | 0.5 for label 1 | 0.4742857142857143 for label 2
Recall: 0.32978723404255317 for label 0 | 0.02702702702702703 for label 1 | 0.7685185185185185 for label 2
F1 micro: 0.4811715481171548
F1 macro: 0.34509679562683093
With contradiction_threshold = 0.31039315462112427 and entailment_threshold = 0.1
Precision: 0.4857142857142857 for label 0 | 0.3333333333333333 for label 1 | 0.4723926380368098 for label 2
Recall: 0.3617021276595745 for label 0 | 0.05405405405405406 for label 1 | 0.7129629629629629 for label 2
F1 micro: 0.47280334728033474
F1 macro: 0.3586410282707478
With contradiction_threshold = 0.31039315462112427 and entailment_threshold = 0.2
Precision: 0.5254237288135594 for label 0 | 0.2857142857142857 for label 1 | 0.47398843930635837 for label 2
Recall: 0.32978723404255317 for label 0 | 0.05405405405405406 for label 1 | 0.7592592592592593 for label 2
F1 micro: 0.4811715481171548
F1 macro: 0.35992258077248646
With contradiction_threshold = 0.31039315462112427 and entailment_threshold = 0.30000000000000004
Precision: 0.49019607843137253 for label 0 | 0.25 for label 1 | 0.4666666666666667 for label 2
Recall: 0.26595744680851063 for label 0 | 0.05405405405405406 for label 1 | 0.7777777777777778 for label 2
F1 micro: 0.46443514644351463
F1 macro: 0.3390166028097063
With contradiction_threshold = 0.31039315462112427 and entailment_threshold = 0.4
Precision: 0.5121951219512195 for label 0 | 0.21428571428571427 for label 1 | 0.46195652173913043 for label 2
Recall: 0.22340425531914893 for label 0 | 0.08108108108108109 for label 1 | 0.7870370370370371 for label 2
F1 micro: 0.4560669456066946
F1 macro: 0.3369833169188528
With contradiction_threshold = 0.31039315462112427 and entailment_threshold = 0.5
Precision: 0.5121951219512195 for label 0 | 0.21428571428571427 for label 1 | 0.46195652173913043 for label 2
Recall: 0.22340425531914893 for label 0 | 0.08108108108108109 for label 1 | 0.7870370370370371 for label 2
F1 micro: 0.4560669456066946
F1 macro: 0.3369833169188528
With contradiction_threshold = 0.31039315462112427 and entailment_threshold = 0.6
Precision: 0.5 for label 0 | 0.2 for label 1 | 0.45408163265306123 for label 2
Recall: 0.14893617021276595 for label 0 | 0.08108108108108109 for label 1 | 0.8240740740740741 for label 2
F1 micro: 0.4435146443514644
F1 macro: 0.31013970929846685
With contradiction_threshold = 0.31039315462112427 and entailment_threshold = 0.7000000000000001
Precision: 0.44 for label 0 | 0.1875 for label 1 | 0.4494949494949495 for label 2
Recall: 0.11702127659574468 for label 0 | 0.08108108108108109 for label 1 | 0.8240740740740741 for label 2
F1 micro: 0.4309623430962343
F1 macro: 0.293260281051624
With contradiction_threshold = 0.31039315462112427 and entailment_threshold = 0.8
Precision: 0.4583333333333333 for label 0 | 0.1875 for label 1 | 0.45226130653266333 for label 2
Recall: 0.11702127659574468 for label 0 | 0.08108108108108109 for label 1 | 0.8333333333333334 for label 2
F1 micro: 0.4351464435146444
F1 macro: 0.2953224811256518
With contradiction_threshold = 0.31039315462112427 and entailment_threshold = 0.9
Precision: 0.4090909090909091 for label 0 | 0.1875 for label 1 | 0.44776119402985076 for label 2
Recall: 0.09574468085106383 for label 0 | 0.08108108108108109 for label 1 | 0.8333333333333334 for label 2
F1 micro: 0.42677824267782427
F1 macro: 0.2836347442691916
