With contradiction_threshold = 0.20003534443253557 and entailment_threshold = 0.3742797742694677 * COMPUTED THRESHOLDS
Precision: 0.5394736842105263 for label 0 | 0.30434782608695654 for label 1 | 0.5214285714285715 for label 2
Recall: 0.43617021276595747 for label 0 | 0.1891891891891892 for label 1 | 0.6759259259259259 for label 2
F1 micro: 0.5062761506276151
F1 macro: 0.43479865064305295
With contradiction_threshold = 0.1 and entailment_threshold = 0.3742797742694677
Precision: 0.5405405405405406 for label 0 | 0.2 for label 1 | 0.528 for label 2
Recall: 0.425531914893617 for label 0 | 0.21621621621621623 for label 1 | 0.6111111111111112 for label 2
F1 micro: 0.4769874476987448
F1 macro: 0.4168354297109662
With contradiction_threshold = 0.2 and entailment_threshold = 0.3742797742694677
Precision: 0.5394736842105263 for label 0 | 0.2916666666666667 for label 1 | 0.5179856115107914 for label 2
Recall: 0.43617021276595747 for label 0 | 0.1891891891891892 for label 1 | 0.6666666666666666 for label 2
F1 micro: 0.502092050209205
F1 macro: 0.4316190297715954
With contradiction_threshold = 0.30000000000000004 and entailment_threshold = 0.3742797742694677
Precision: 0.5454545454545454 for label 0 | 0.38461538461538464 for label 1 | 0.5100671140939598 for label 2
Recall: 0.44680851063829785 for label 0 | 0.13513513513513514 for label 1 | 0.7037037037037037 for label 2
F1 micro: 0.5146443514644351
F1 macro: 0.42755591963046397
With contradiction_threshold = 0.4 and entailment_threshold = 0.3742797742694677
Precision: 0.5316455696202531 for label 0 | 0.625 for label 1 | 0.5197368421052632 for label 2
Recall: 0.44680851063829785 for label 0 | 0.13513513513513514 for label 1 | 0.7314814814814815 for label 2
F1 micro: 0.5271966527196653
F1 macro: 0.4384878876208356
With contradiction_threshold = 0.5 and entailment_threshold = 0.3742797742694677
Precision: 0.5316455696202531 for label 0 | 0.5714285714285714 for label 1 | 0.5163398692810458 for label 2
Recall: 0.44680851063829785 for label 0 | 0.10810810810810811 for label 1 | 0.7314814814814815 for label 2
F1 micro: 0.5230125523012552
F1 macro: 0.42424376648016277
With contradiction_threshold = 0.6 and entailment_threshold = 0.3742797742694677
Precision: 0.525 for label 0 | 1.0 for label 1 | 0.5128205128205128 for label 2
Recall: 0.44680851063829785 for label 0 | 0.08108108108108109 for label 1 | 0.7407407407407407 for label 2
F1 micro: 0.5230125523012552
F1 macro: 0.41293974225008706
With contradiction_threshold = 0.7000000000000001 and entailment_threshold = 0.3742797742694677
Precision: 0.525 for label 0 | 1.0 for label 1 | 0.5063291139240507 for label 2
Recall: 0.44680851063829785 for label 0 | 0.02702702702702703 for label 1 | 0.7407407407407407 for label 2
F1 micro: 0.5146443514644351
F1 macro: 0.37896465301183996
With contradiction_threshold = 0.8 and entailment_threshold = 0.3742797742694677
Precision: 0.525 for label 0 | 1.0 for label 1 | 0.5063291139240507 for label 2
Recall: 0.44680851063829785 for label 0 | 0.02702702702702703 for label 1 | 0.7407407407407407 for label 2
F1 micro: 0.5146443514644351
F1 macro: 0.37896465301183996
With contradiction_threshold = 0.9 and entailment_threshold = 0.3742797742694677
Precision: 0.525 for label 0 | 0.0 for label 1 | 0.5031446540880503 for label 2
Recall: 0.44680851063829785 for label 0 | 0.0 for label 1 | 0.7407407407407407 for label 2
F1 micro: 0.5104602510460251
F1 macro: 0.36066985233974763
With contradiction_threshold = 0.20003534443253557 and entailment_threshold = 0.1
Precision: 0.4931506849315068 for label 0 | 0.42857142857142855 for label 1 | 0.5569620253164557 for label 2
Recall: 0.7659574468085106 for label 0 | 0.16216216216216217 for label 1 | 0.4074074074074074 for label 2
F1 micro: 0.5104602510460251
F1 macro: 0.43529411764705883
With contradiction_threshold = 0.20003534443253557 and entailment_threshold = 0.2
Precision: 0.5163934426229508 for label 0 | 0.4666666666666667 for label 1 | 0.5588235294117647 for label 2
Recall: 0.6702127659574468 for label 0 | 0.1891891891891892 for label 1 | 0.5277777777777778 for label 2
F1 micro: 0.5313807531380753
F1 macro: 0.4651404151404151
With contradiction_threshold = 0.20003534443253557 and entailment_threshold = 0.30000000000000004
Precision: 0.5490196078431373 for label 0 | 0.3888888888888889 for label 1 | 0.5630252100840336 for label 2
Recall: 0.5957446808510638 for label 0 | 0.1891891891891892 for label 1 | 0.6203703703703703 for label 2
F1 micro: 0.5439330543933054
F1 macro: 0.4720941320060263
With contradiction_threshold = 0.20003534443253557 and entailment_threshold = 0.4
Precision: 0.5342465753424658 for label 0 | 0.30434782608695654 for label 1 | 0.5104895104895105 for label 2
Recall: 0.4148936170212766 for label 0 | 0.1891891891891892 for label 1 | 0.6759259259259259 for label 2
F1 micro: 0.497907949790795
F1 macro: 0.42735750278990486
With contradiction_threshold = 0.20003534443253557 and entailment_threshold = 0.5
Precision: 0.532258064516129 for label 0 | 0.2916666666666667 for label 1 | 0.5032679738562091 for label 2
Recall: 0.35106382978723405 for label 0 | 0.1891891891891892 for label 1 | 0.7129629629629629 for label 2
F1 micro: 0.4895397489539749
F1 macro: 0.41420781132482665
With contradiction_threshold = 0.20003534443253557 and entailment_threshold = 0.6
Precision: 0.40540540540540543 for label 0 | 0.28 for label 1 | 0.4632768361581921 for label 2
Recall: 0.1595744680851064 for label 0 | 0.1891891891891892 for label 1 | 0.7592592592592593 for label 2
F1 micro: 0.4351464435146444
F1 macro: 0.3434175605639725
With contradiction_threshold = 0.20003534443253557 and entailment_threshold = 0.7000000000000001
Precision: 0.4 for label 0 | 0.2962962962962963 for label 1 | 0.45604395604395603 for label 2
Recall: 0.1276595744680851 for label 0 | 0.21621621621621623 for label 1 | 0.7685185185185185 for label 2
F1 micro: 0.4309623430962343
F1 macro: 0.33865406006674076
With contradiction_threshold = 0.20003534443253557 and entailment_threshold = 0.8
Precision: 0.4230769230769231 for label 0 | 0.2857142857142857 for label 1 | 0.4594594594594595 for label 2
Recall: 0.11702127659574468 for label 0 | 0.21621621621621623 for label 1 | 0.7870370370370371 for label 2
F1 micro: 0.4351464435146444
F1 macro: 0.336563985881392
With contradiction_threshold = 0.20003534443253557 and entailment_threshold = 0.9
Precision: 0.4 for label 0 | 0.2857142857142857 for label 1 | 0.4607329842931937 for label 2
Recall: 0.0851063829787234 for label 0 | 0.21621621621621623 for label 1 | 0.8148148148148148 for label 2
F1 micro: 0.4351464435146444
F1 macro: 0.32504449529621154
