With contradiction_threshold = 0.2995668089808674 and entailment_threshold = 0.12377117104603719 * COMPUTED THRESHOLDS
Precision: 0.5 for label 0 | 0.2222222222222222 for label 1 | 0.4759036144578313 for label 2
Recall: 0.3404255319148936 for label 0 | 0.05405405405405406 for label 1 | 0.7314814814814815 for label 2
F1 micro: 0.47280334728033474
F1 macro: 0.3562207162149314
With contradiction_threshold = 0.1 and entailment_threshold = 0.12377117104603719
Precision: 0.49122807017543857 for label 0 | 0.2608695652173913 for label 1 | 0.4716981132075472 for label 2
Recall: 0.2978723404255319 for label 0 | 0.16216216216216217 for label 1 | 0.6944444444444444 for label 2
F1 micro: 0.4560669456066946
F1 macro: 0.37755289332043557
With contradiction_threshold = 0.2 and entailment_threshold = 0.12377117104603719
Precision: 0.5 for label 0 | 0.25 for label 1 | 0.4785276073619632 for label 2
Recall: 0.3404255319148936 for label 0 | 0.08108108108108109 for label 1 | 0.7222222222222222 for label 2
F1 micro: 0.47280334728033474
F1 macro: 0.36771934239621396
With contradiction_threshold = 0.30000000000000004 and entailment_threshold = 0.12377117104603719
Precision: 0.5 for label 0 | 0.2222222222222222 for label 1 | 0.4759036144578313 for label 2
Recall: 0.3404255319148936 for label 0 | 0.05405405405405406 for label 1 | 0.7314814814814815 for label 2
F1 micro: 0.47280334728033474
F1 macro: 0.3562207162149314
With contradiction_threshold = 0.4 and entailment_threshold = 0.12377117104603719
Precision: 0.49230769230769234 for label 0 | 0.25 for label 1 | 0.4759036144578313 for label 2
Recall: 0.3404255319148936 for label 0 | 0.05405405405405406 for label 1 | 0.7314814814814815 for label 2
F1 micro: 0.47280334728033474
F1 macro: 0.35601564930858415
With contradiction_threshold = 0.5 and entailment_threshold = 0.12377117104603719
Precision: 0.49230769230769234 for label 0 | 0.2857142857142857 for label 1 | 0.47305389221556887 for label 2
Recall: 0.3404255319148936 for label 0 | 0.05405405405405406 for label 1 | 0.7314814814814815 for label 2
F1 micro: 0.47280334728033474
F1 macro: 0.3559900895749952
With contradiction_threshold = 0.6 and entailment_threshold = 0.12377117104603719
Precision: 0.49230769230769234 for label 0 | 0.3333333333333333 for label 1 | 0.47619047619047616 for label 2
Recall: 0.3404255319148936 for label 0 | 0.05405405405405406 for label 1 | 0.7407407407407407 for label 2
F1 micro: 0.4769874476987448
F1 macro: 0.3584163746706433
With contradiction_threshold = 0.7000000000000001 and entailment_threshold = 0.12377117104603719
Precision: 0.49230769230769234 for label 0 | 0.3333333333333333 for label 1 | 0.47619047619047616 for label 2
Recall: 0.3404255319148936 for label 0 | 0.05405405405405406 for label 1 | 0.7407407407407407 for label 2
F1 micro: 0.4769874476987448
F1 macro: 0.3584163746706433
With contradiction_threshold = 0.8 and entailment_threshold = 0.12377117104603719
Precision: 0.48484848484848486 for label 0 | 0.2 for label 1 | 0.47619047619047616 for label 2
Recall: 0.3404255319148936 for label 0 | 0.02702702702702703 for label 1 | 0.7407407407407407 for label 2
F1 micro: 0.47280334728033474
F1 macro: 0.34244306418219467
With contradiction_threshold = 0.9 and entailment_threshold = 0.12377117104603719
Precision: 0.48484848484848486 for label 0 | 0.2 for label 1 | 0.47619047619047616 for label 2
Recall: 0.3404255319148936 for label 0 | 0.02702702702702703 for label 1 | 0.7407407407407407 for label 2
F1 micro: 0.47280334728033474
F1 macro: 0.34244306418219467
With contradiction_threshold = 0.2995668089808674 and entailment_threshold = 0.1
Precision: 0.4852941176470588 for label 0 | 0.2222222222222222 for label 1 | 0.47530864197530864 for label 2
Recall: 0.35106382978723405 for label 0 | 0.05405405405405406 for label 1 | 0.7129629629629629 for label 2
F1 micro: 0.4686192468619247
F1 macro: 0.3549114331723027
With contradiction_threshold = 0.2995668089808674 and entailment_threshold = 0.2
Precision: 0.5178571428571429 for label 0 | 0.2222222222222222 for label 1 | 0.47701149425287354 for label 2
Recall: 0.30851063829787234 for label 0 | 0.05405405405405406 for label 1 | 0.7685185185185185 for label 2
F1 micro: 0.4769874476987448
F1 macro: 0.35409189022510024
With contradiction_threshold = 0.2995668089808674 and entailment_threshold = 0.30000000000000004
Precision: 0.48936170212765956 for label 0 | 0.21428571428571427 for label 1 | 0.47191011235955055 for label 2
Recall: 0.24468085106382978 for label 0 | 0.08108108108108109 for label 1 | 0.7777777777777778 for label 2
F1 micro: 0.4602510460251046
F1 macro: 0.34376692699596334
With contradiction_threshold = 0.2995668089808674 and entailment_threshold = 0.4
Precision: 0.47619047619047616 for label 0 | 0.21428571428571427 for label 1 | 0.4644808743169399 for label 2
Recall: 0.2127659574468085 for label 0 | 0.08108108108108109 for label 1 | 0.7870370370370371 for label 2
F1 micro: 0.45188284518828453
F1 macro: 0.33198571524829873
With contradiction_threshold = 0.2995668089808674 and entailment_threshold = 0.5
Precision: 0.48717948717948717 for label 0 | 0.21428571428571427 for label 1 | 0.46774193548387094 for label 2
Recall: 0.20212765957446807 for label 0 | 0.08108108108108109 for label 1 | 0.8055555555555556 for label 2
F1 micro: 0.4560669456066946
F1 macro: 0.3317326930772309
With contradiction_threshold = 0.2995668089808674 and entailment_threshold = 0.6
Precision: 0.46153846153846156 for label 0 | 0.2 for label 1 | 0.4595959595959596 for label 2
Recall: 0.1276595744680851 for label 0 | 0.08108108108108109 for label 1 | 0.8425925925925926 for label 2
F1 micro: 0.4435146443514644
F1 macro: 0.30338528573822693
With contradiction_threshold = 0.2995668089808674 and entailment_threshold = 0.7000000000000001
Precision: 0.391304347826087 for label 0 | 0.1875 for label 1 | 0.455 for label 2
Recall: 0.09574468085106383 for label 0 | 0.08108108108108109 for label 1 | 0.8425925925925926 for label 2
F1 micro: 0.4309623430962343
F1 macro: 0.28598759730835205
With contradiction_threshold = 0.2995668089808674 and entailment_threshold = 0.8
Precision: 0.3684210526315789 for label 0 | 0.1875 for label 1 | 0.45588235294117646 for label 2
Recall: 0.07446808510638298 for label 0 | 0.08108108108108109 for label 1 | 0.8611111111111112 for label 2
F1 micro: 0.4309623430962343
F1 macro: 0.27775173287779736
With contradiction_threshold = 0.2995668089808674 and entailment_threshold = 0.9
Precision: 0.3333333333333333 for label 0 | 0.1875 for label 1 | 0.45365853658536587 for label 2
Recall: 0.06382978723404255 for label 0 | 0.08108108108108109 for label 1 | 0.8611111111111112 for label 2
F1 micro: 0.42677824267782427
F1 macro: 0.27153320186354124
