With contradiction_threshold = 0.33766185282076133 and entailment_threshold = 0.31456436147391287 * COMPUTED THRESHOLDS
Precision: 0.22666666666666666 for label 0 | 0.5 for label 1 | 0.7727272727272727 for label 2
Recall: 0.7727272727272727 for label 0 | 0.25 for label 1 | 0.26153846153846155 for label 2
F1 micro: 0.36448598130841114
F1 macro: 0.3582177983173362
With contradiction_threshold = 0.1 and entailment_threshold = 0.31456436147391287
Precision: 0.24615384615384617 for label 0 | 0.25 for label 1 | 0.7857142857142857 for label 2
Recall: 0.7272727272727273 for label 0 | 0.35 for label 1 | 0.16923076923076924 for label 2
F1 micro: 0.3177570093457944
F1 macro: 0.3126545904263059
With contradiction_threshold = 0.2 and entailment_threshold = 0.31456436147391287
Precision: 0.22857142857142856 for label 0 | 0.3157894736842105 for label 1 | 0.7777777777777778 for label 2
Recall: 0.7272727272727273 for label 0 | 0.3 for label 1 | 0.2153846153846154 for label 2
F1 micro: 0.3364485981308411
F1 macro: 0.33095593074639695
With contradiction_threshold = 0.30000000000000004 and entailment_threshold = 0.31456436147391287
Precision: 0.2222222222222222 for label 0 | 0.46153846153846156 for label 1 | 0.7727272727272727 for label 2
Recall: 0.7272727272727273 for label 0 | 0.3 for label 1 | 0.26153846153846155 for label 2
F1 micro: 0.36448598130841114
F1 macro: 0.36495549775080227
With contradiction_threshold = 0.4 and entailment_threshold = 0.31456436147391287
Precision: 0.22666666666666666 for label 0 | 0.5 for label 1 | 0.7727272727272727 for label 2
Recall: 0.7727272727272727 for label 0 | 0.25 for label 1 | 0.26153846153846155 for label 2
F1 micro: 0.36448598130841114
F1 macro: 0.3582177983173362
With contradiction_threshold = 0.5 and entailment_threshold = 0.31456436147391287
Precision: 0.21794871794871795 for label 0 | 0.8 for label 1 | 0.7916666666666666 for label 2
Recall: 0.7727272727272727 for label 0 | 0.2 for label 1 | 0.2923076923076923 for label 2
F1 micro: 0.37383177570093457
F1 macro: 0.3623220973782772
With contradiction_threshold = 0.6 and entailment_threshold = 0.31456436147391287
Precision: 0.21518987341772153 for label 0 | 0.0 for label 1 | 0.7037037037037037 for label 2
Recall: 0.7727272727272727 for label 0 | 0.0 for label 1 | 0.2923076923076923 for label 2
F1 micro: 0.3364485981308411
F1 macro: 0.24989238054240204
With contradiction_threshold = 0.7000000000000001 and entailment_threshold = 0.31456436147391287
Precision: 0.21518987341772153 for label 0 | 0.0 for label 1 | 0.7142857142857143 for label 2
Recall: 0.7727272727272727 for label 0 | 0.0 for label 1 | 0.3076923076923077 for label 2
F1 micro: 0.34579439252336447
F1 macro: 0.25558039674935235
With contradiction_threshold = 0.8 and entailment_threshold = 0.31456436147391287
Precision: 0.21518987341772153 for label 0 | 0.0 for label 1 | 0.7142857142857143 for label 2
Recall: 0.7727272727272727 for label 0 | 0.0 for label 1 | 0.3076923076923077 for label 2
F1 micro: 0.34579439252336447
F1 macro: 0.25558039674935235
With contradiction_threshold = 0.9 and entailment_threshold = 0.31456436147391287
Precision: 0.21518987341772153 for label 0 | 0.0 for label 1 | 0.7142857142857143 for label 2
Recall: 0.7727272727272727 for label 0 | 0.0 for label 1 | 0.3076923076923077 for label 2
F1 micro: 0.34579439252336447
F1 macro: 0.25558039674935235
With contradiction_threshold = 0.33766185282076133 and entailment_threshold = 0.1
Precision: 0.22448979591836735 for label 0 | 0.6 for label 1 | 1.0 for label 2
Recall: 1.0 for label 0 | 0.15 for label 1 | 0.06153846153846154 for label 2
F1 micro: 0.27102803738317754
F1 macro: 0.2408695652173913
With contradiction_threshold = 0.33766185282076133 and entailment_threshold = 0.2
Precision: 0.21839080459770116 for label 0 | 0.625 for label 1 | 0.75 for label 2
Recall: 0.8636363636363636 for label 0 | 0.25 for label 1 | 0.13846153846153847 for label 2
F1 micro: 0.308411214953271
F1 macro: 0.3131776480400334
With contradiction_threshold = 0.33766185282076133 and entailment_threshold = 0.30000000000000004
Precision: 0.22077922077922077 for label 0 | 0.5 for label 1 | 0.75 for label 2
Recall: 0.7727272727272727 for label 0 | 0.25 for label 1 | 0.23076923076923078 for label 2
F1 micro: 0.34579439252336447
F1 macro: 0.34323628441275494
With contradiction_threshold = 0.33766185282076133 and entailment_threshold = 0.4
Precision: 0.2318840579710145 for label 0 | 0.4 for label 1 | 0.782608695652174 for label 2
Recall: 0.7272727272727273 for label 0 | 0.3 for label 1 | 0.27692307692307694 for label 2
F1 micro: 0.37383177570093457
F1 macro: 0.36786546786546787
With contradiction_threshold = 0.33766185282076133 and entailment_threshold = 0.5
Precision: 0.23214285714285715 for label 0 | 0.35294117647058826 for label 1 | 0.7352941176470589 for label 2
Recall: 0.5909090909090909 for label 0 | 0.3 for label 1 | 0.38461538461538464 for label 2
F1 micro: 0.411214953271028
F1 macro: 0.3875693875693876
With contradiction_threshold = 0.33766185282076133 and entailment_threshold = 0.6
Precision: 0.3235294117647059 for label 0 | 0.35294117647058826 for label 1 | 0.6785714285714286 for label 2
Recall: 0.5 for label 0 | 0.3 for label 1 | 0.5846153846153846 for label 2
F1 micro: 0.514018691588785
F1 macro: 0.4484268802450621
With contradiction_threshold = 0.33766185282076133 and entailment_threshold = 0.7000000000000001
Precision: 0.3684210526315789 for label 0 | 0.35294117647058826 for label 1 | 0.676056338028169 for label 2
Recall: 0.3181818181818182 for label 0 | 0.3 for label 1 | 0.7384615384615385 for label 2
F1 micro: 0.5700934579439252
F1 macro: 0.457223363966549
With contradiction_threshold = 0.33766185282076133 and entailment_threshold = 0.8
Precision: 0.4166666666666667 for label 0 | 0.35294117647058826 for label 1 | 0.6666666666666666 for label 2
Recall: 0.22727272727272727 for label 0 | 0.3 for label 1 | 0.8 for label 2
F1 micro: 0.5887850467289719
F1 macro: 0.448571566218625
With contradiction_threshold = 0.33766185282076133 and entailment_threshold = 0.9
Precision: 0.2857142857142857 for label 0 | 0.35294117647058826 for label 1 | 0.6506024096385542 for label 2
Recall: 0.09090909090909091 for label 0 | 0.3 for label 1 | 0.8307692307692308 for label 2
F1 micro: 0.5794392523364486
F1 macro: 0.3973283628456043
