With contradiction_threshold = 0.26665725256718265 and entailment_threshold = 0.34900130921056416 * COMPUTED THRESHOLDS
Precision: 0.2909090909090909 for label 0 | 0.3333333333333333 for label 1 | 0.6470588235294118 for label 2
Recall: 0.7272727272727273 for label 0 | 0.3 for label 1 | 0.3384615384615385 for label 2
F1 micro: 0.411214953271028
F1 macro: 0.39193944457102353
With contradiction_threshold = 0.1 and entailment_threshold = 0.34900130921056416
Precision: 0.3076923076923077 for label 0 | 0.36 for label 1 | 0.6333333333333333 for label 2
Recall: 0.7272727272727273 for label 0 | 0.45 for label 1 | 0.2923076923076923 for label 2
F1 micro: 0.411214953271028
F1 macro: 0.4108108108108108
With contradiction_threshold = 0.2 and entailment_threshold = 0.34900130921056416
Precision: 0.2962962962962963 for label 0 | 0.3684210526315789 for label 1 | 0.6470588235294118 for label 2
Recall: 0.7272727272727273 for label 0 | 0.35 for label 1 | 0.3384615384615385 for label 2
F1 micro: 0.4205607476635514
F1 macro: 0.40815714499925027
With contradiction_threshold = 0.30000000000000004 and entailment_threshold = 0.34900130921056416
Precision: 0.2857142857142857 for label 0 | 0.375 for label 1 | 0.6571428571428571 for label 2
Recall: 0.7272727272727273 for label 0 | 0.3 for label 1 | 0.35384615384615387 for label 2
F1 micro: 0.4205607476635514
F1 macro: 0.4011965811965812
With contradiction_threshold = 0.4 and entailment_threshold = 0.34900130921056416
Precision: 0.2807017543859649 for label 0 | 0.45454545454545453 for label 1 | 0.6666666666666666 for label 2
Recall: 0.7272727272727273 for label 0 | 0.25 for label 1 | 0.4 for label 2
F1 micro: 0.4392523364485981
F1 macro: 0.4092146454335103
With contradiction_threshold = 0.5 and entailment_threshold = 0.34900130921056416
Precision: 0.2807017543859649 for label 0 | 0.5 for label 1 | 0.675 for label 2
Recall: 0.7272727272727273 for label 0 | 0.25 for label 1 | 0.4153846153846154 for label 2
F1 micro: 0.4485981308411215
F1 macro: 0.41756077958609605
With contradiction_threshold = 0.6 and entailment_threshold = 0.34900130921056416
Precision: 0.27586206896551724 for label 0 | 0.7142857142857143 for label 1 | 0.6904761904761905 for label 2
Recall: 0.7272727272727273 for label 0 | 0.25 for label 1 | 0.4461538461538462 for label 2
F1 micro: 0.4672897196261683
F1 macro: 0.4374754817122419
With contradiction_threshold = 0.7000000000000001 and entailment_threshold = 0.34900130921056416
Precision: 0.27586206896551724 for label 0 | 0.8 for label 1 | 0.6818181818181818 for label 2
Recall: 0.7272727272727273 for label 0 | 0.2 for label 1 | 0.46153846153846156 for label 2
F1 micro: 0.4672897196261683
F1 macro: 0.4234862385321101
With contradiction_threshold = 0.8 and entailment_threshold = 0.34900130921056416
Precision: 0.27586206896551724 for label 0 | 1.0 for label 1 | 0.6888888888888889 for label 2
Recall: 0.7272727272727273 for label 0 | 0.2 for label 1 | 0.47692307692307695 for label 2
F1 micro: 0.4766355140186916
F1 macro: 0.4323232323232323
With contradiction_threshold = 0.9 and entailment_threshold = 0.34900130921056416
Precision: 0.27586206896551724 for label 0 | 1.0 for label 1 | 0.6595744680851063 for label 2
Recall: 0.7272727272727273 for label 0 | 0.1 for label 1 | 0.47692307692307695 for label 2
F1 micro: 0.45794392523364486
F1 macro: 0.37846320346320345
With contradiction_threshold = 0.26665725256718265 and entailment_threshold = 0.1
Precision: 0.2318840579710145 for label 0 | 0.45454545454545453 for label 1 | 0.5925925925925926 for label 2
Recall: 0.7272727272727273 for label 0 | 0.25 for label 1 | 0.24615384615384617 for label 2
F1 micro: 0.34579439252336447
F1 macro: 0.3406850279220546
With contradiction_threshold = 0.26665725256718265 and entailment_threshold = 0.2
Precision: 0.25 for label 0 | 0.5 for label 1 | 0.6129032258064516 for label 2
Recall: 0.7272727272727273 for label 0 | 0.3 for label 1 | 0.2923076923076923 for label 2
F1 micro: 0.383177570093458
F1 macro: 0.3809754521963824
With contradiction_threshold = 0.26665725256718265 and entailment_threshold = 0.30000000000000004
Precision: 0.2857142857142857 for label 0 | 0.35294117647058826 for label 1 | 0.6470588235294118 for label 2
Recall: 0.7272727272727273 for label 0 | 0.3 for label 1 | 0.3384615384615385 for label 2
F1 micro: 0.411214953271028
F1 macro: 0.39300839300839296
With contradiction_threshold = 0.26665725256718265 and entailment_threshold = 0.4
Precision: 0.2962962962962963 for label 0 | 0.3333333333333333 for label 1 | 0.6571428571428571 for label 2
Recall: 0.7272727272727273 for label 0 | 0.3 for label 1 | 0.35384615384615387 for label 2
F1 micro: 0.4205607476635514
F1 macro: 0.39894736842105266
With contradiction_threshold = 0.26665725256718265 and entailment_threshold = 0.5
Precision: 0.32608695652173914 for label 0 | 0.38095238095238093 for label 1 | 0.675 for label 2
Recall: 0.6818181818181818 for label 0 | 0.4 for label 1 | 0.4153846153846154 for label 2
F1 micro: 0.4672897196261683
F1 macro: 0.44856869577099134
With contradiction_threshold = 0.26665725256718265 and entailment_threshold = 0.6
Precision: 0.38235294117647056 for label 0 | 0.375 for label 1 | 0.7142857142857143 for label 2
Recall: 0.5909090909090909 for label 0 | 0.45 for label 1 | 0.5384615384615384 for label 2
F1 micro: 0.5327102803738317
F1 macro: 0.4958039036986405
With contradiction_threshold = 0.26665725256718265 and entailment_threshold = 0.7000000000000001
Precision: 0.3157894736842105 for label 0 | 0.375 for label 1 | 0.671875 for label 2
Recall: 0.2727272727272727 for label 0 | 0.45 for label 1 | 0.6615384615384615 for label 2
F1 micro: 0.5420560747663551
F1 macro: 0.45614683419561475
With contradiction_threshold = 0.26665725256718265 and entailment_threshold = 0.8
Precision: 0.4 for label 0 | 0.375 for label 1 | 0.6911764705882353 for label 2
Recall: 0.2727272727272727 for label 0 | 0.45 for label 1 | 0.7230769230769231 for label 2
F1 micro: 0.5794392523364486
F1 macro: 0.4800607169028222
With contradiction_threshold = 0.26665725256718265 and entailment_threshold = 0.9
Precision: 0.45454545454545453 for label 0 | 0.375 for label 1 | 0.6944444444444444 for label 2
Recall: 0.22727272727272727 for label 0 | 0.45 for label 1 | 0.7692307692307693 for label 2
F1 micro: 0.5981308411214953
F1 macro: 0.48068273980682735
