With contradiction_threshold = 0.06546054941922974 and entailment_threshold = 0.006133683784929289 * COMPUTED THRESHOLDS
Precision: 0.4927536231884058 for label 0 | 0.2808988764044944 for label 1 | 0.4166666666666667 for label 2
Recall: 0.723404255319149 for label 0 | 0.6756756756756757 for label 1 | 0.046296296296296294 for label 2
F1 micro: 0.41004184100418406
F1 macro: 0.3554552089034848
With contradiction_threshold = 0.1 and entailment_threshold = 0.006133683784929289
Precision: 0.46835443037974683 for label 0 | 0.34328358208955223 for label 1 | 0.42857142857142855 for label 2
Recall: 0.7872340425531915 for label 0 | 0.6216216216216216 for label 1 | 0.05555555555555555 for label 2
F1 micro: 0.4309623430962343
F1 macro: 0.37598997844899484
With contradiction_threshold = 0.2 and entailment_threshold = 0.006133683784929289
Precision: 0.4148936170212766 for label 0 | 0.36363636363636365 for label 1 | 0.3793103448275862 for label 2
Recall: 0.8297872340425532 for label 0 | 0.21621621621621623 for label 1 | 0.10185185185185185 for label 2
F1 micro: 0.40585774058577406
F1 macro: 0.32832062388183586
With contradiction_threshold = 0.30000000000000004 and entailment_threshold = 0.006133683784929289
Precision: 0.40298507462686567 for label 0 | 1.0 for label 1 | 0.4411764705882353 for label 2
Recall: 0.8617021276595744 for label 0 | 0.10810810810810811 for label 1 | 0.1388888888888889 for label 2
F1 micro: 0.4184100418410041
F1 macro: 0.3185140330753988
With contradiction_threshold = 0.4 and entailment_threshold = 0.006133683784929289
Precision: 0.39901477832512317 for label 0 | 0.0 for label 1 | 0.4166666666666667 for label 2
Recall: 0.8617021276595744 for label 0 | 0.0 for label 1 | 0.1388888888888889 for label 2
F1 micro: 0.401673640167364
F1 macro: 0.25126262626262624
With contradiction_threshold = 0.5 and entailment_threshold = 0.006133683784929289
Precision: 0.39901477832512317 for label 0 | 0.0 for label 1 | 0.4166666666666667 for label 2
Recall: 0.8617021276595744 for label 0 | 0.0 for label 1 | 0.1388888888888889 for label 2
F1 micro: 0.401673640167364
F1 macro: 0.25126262626262624
With contradiction_threshold = 0.6 and entailment_threshold = 0.006133683784929289
Precision: 0.39901477832512317 for label 0 | 0.0 for label 1 | 0.4166666666666667 for label 2
Recall: 0.8617021276595744 for label 0 | 0.0 for label 1 | 0.1388888888888889 for label 2
F1 micro: 0.401673640167364
F1 macro: 0.25126262626262624
With contradiction_threshold = 0.7000000000000001 and entailment_threshold = 0.006133683784929289
Precision: 0.39901477832512317 for label 0 | 0.0 for label 1 | 0.4166666666666667 for label 2
Recall: 0.8617021276595744 for label 0 | 0.0 for label 1 | 0.1388888888888889 for label 2
F1 micro: 0.401673640167364
F1 macro: 0.25126262626262624
With contradiction_threshold = 0.8 and entailment_threshold = 0.006133683784929289
Precision: 0.39901477832512317 for label 0 | 0.0 for label 1 | 0.4166666666666667 for label 2
Recall: 0.8617021276595744 for label 0 | 0.0 for label 1 | 0.1388888888888889 for label 2
F1 micro: 0.401673640167364
F1 macro: 0.25126262626262624
With contradiction_threshold = 0.9 and entailment_threshold = 0.006133683784929289
Precision: 0.39901477832512317 for label 0 | 0.0 for label 1 | 0.4166666666666667 for label 2
Recall: 0.8617021276595744 for label 0 | 0.0 for label 1 | 0.1388888888888889 for label 2
F1 micro: 0.401673640167364
F1 macro: 0.25126262626262624
With contradiction_threshold = 0.06546054941922974 and entailment_threshold = 0.1
Precision: 0.576271186440678 for label 0 | 0.23770491803278687 for label 1 | 0.3275862068965517 for label 2
Recall: 0.3617021276595745 for label 0 | 0.7837837837837838 for label 1 | 0.17592592592592593 for label 2
F1 micro: 0.34309623430962344
F1 macro: 0.34604666043629445
With contradiction_threshold = 0.06546054941922974 and entailment_threshold = 0.2
Precision: 0.7142857142857143 for label 0 | 0.22142857142857142 for label 1 | 0.35294117647058826 for label 2
Recall: 0.10638297872340426 for label 0 | 0.8378378378378378 for label 1 | 0.2777777777777778 for label 2
F1 micro: 0.29707112970711297
F1 macro: 0.2821161666921452
With contradiction_threshold = 0.06546054941922974 and entailment_threshold = 0.30000000000000004
Precision: 0.75 for label 0 | 0.21379310344827587 for label 1 | 0.34444444444444444 for label 2
Recall: 0.031914893617021274 for label 0 | 0.8378378378378378 for label 1 | 0.28703703703703703 for label 2
F1 micro: 0.2719665271966527
F1 macro: 0.23833838119552406
With contradiction_threshold = 0.06546054941922974 and entailment_threshold = 0.4
Precision: 0.0 for label 0 | 0.21232876712328766 for label 1 | 0.3333333333333333 for label 2
Recall: 0.0 for label 0 | 0.8378378378378378 for label 1 | 0.28703703703703703 for label 2
F1 micro: 0.2594142259414226
F1 macro: 0.21575184188347876
With contradiction_threshold = 0.06546054941922974 and entailment_threshold = 0.5
Precision: 0.0 for label 0 | 0.21232876712328766 for label 1 | 0.3333333333333333 for label 2
Recall: 0.0 for label 0 | 0.8378378378378378 for label 1 | 0.28703703703703703 for label 2
F1 micro: 0.2594142259414226
F1 macro: 0.21575184188347876
With contradiction_threshold = 0.06546054941922974 and entailment_threshold = 0.6
Precision: 0.0 for label 0 | 0.21232876712328766 for label 1 | 0.3333333333333333 for label 2
Recall: 0.0 for label 0 | 0.8378378378378378 for label 1 | 0.28703703703703703 for label 2
F1 micro: 0.2594142259414226
F1 macro: 0.21575184188347876
With contradiction_threshold = 0.06546054941922974 and entailment_threshold = 0.7000000000000001
Precision: 0.0 for label 0 | 0.21232876712328766 for label 1 | 0.3333333333333333 for label 2
Recall: 0.0 for label 0 | 0.8378378378378378 for label 1 | 0.28703703703703703 for label 2
F1 micro: 0.2594142259414226
F1 macro: 0.21575184188347876
With contradiction_threshold = 0.06546054941922974 and entailment_threshold = 0.8
Precision: 0.0 for label 0 | 0.21232876712328766 for label 1 | 0.3333333333333333 for label 2
Recall: 0.0 for label 0 | 0.8378378378378378 for label 1 | 0.28703703703703703 for label 2
F1 micro: 0.2594142259414226
F1 macro: 0.21575184188347876
With contradiction_threshold = 0.06546054941922974 and entailment_threshold = 0.9
Precision: 0.0 for label 0 | 0.21232876712328766 for label 1 | 0.3333333333333333 for label 2
Recall: 0.0 for label 0 | 0.8378378378378378 for label 1 | 0.28703703703703703 for label 2
F1 micro: 0.2594142259414226
F1 macro: 0.21575184188347876
