With contradiction_threshold = 0.06592747630802931 and entailment_threshold = 0.0005618800303264226 * COMPUTED THRESHOLDS
Precision: 0.5196078431372549 for label 0 | 0.25252525252525254 for label 1 | 0.4473684210526316 for label 2
Recall: 0.5638297872340425 for label 0 | 0.6756756756756757 for label 1 | 0.1574074074074074 for label 2
F1 micro: 0.39748953974895396
F1 macro: 0.3804466992276363
With contradiction_threshold = 0.1 and entailment_threshold = 0.0005618800303264226
Precision: 0.5045871559633027 for label 0 | 0.2839506172839506 for label 1 | 0.46938775510204084 for label 2
Recall: 0.5851063829787234 for label 0 | 0.6216216216216216 for label 1 | 0.21296296296296297 for label 2
F1 micro: 0.4225941422594142
F1 macro: 0.4082320200766969
With contradiction_threshold = 0.2 and entailment_threshold = 0.0005618800303264226
Precision: 0.48 for label 0 | 0.2916666666666667 for label 1 | 0.48484848484848486 for label 2
Recall: 0.6382978723404256 for label 0 | 0.3783783783783784 for label 1 | 0.2962962962962963 for label 2
F1 micro: 0.4435146443514644
F1 macro: 0.41505768737978577
With contradiction_threshold = 0.30000000000000004 and entailment_threshold = 0.0005618800303264226
Precision: 0.45652173913043476 for label 0 | 0.38095238095238093 for label 1 | 0.5125 for label 2
Recall: 0.6702127659574468 for label 0 | 0.21621621621621623 for label 1 | 0.37962962962962965 for label 2
F1 micro: 0.4686192468619247
F1 macro: 0.4183785766691122
With contradiction_threshold = 0.4 and entailment_threshold = 0.0005618800303264226
Precision: 0.45714285714285713 for label 0 | 0.5 for label 1 | 0.5172413793103449 for label 2
Recall: 0.6808510638297872 for label 0 | 0.16216216216216217 for label 1 | 0.4166666666666667 for label 2
F1 micro: 0.4811715481171548
F1 macro: 0.4178149892435607
With contradiction_threshold = 0.5 and entailment_threshold = 0.0005618800303264226
Precision: 0.4507042253521127 for label 0 | 0.8333333333333334 for label 1 | 0.5164835164835165 for label 2
Recall: 0.6808510638297872 for label 0 | 0.13513513513513514 for label 1 | 0.4351851851851852 for label 2
F1 micro: 0.48535564853556484
F1 macro: 0.4157642766453474
With contradiction_threshold = 0.6 and entailment_threshold = 0.0005618800303264226
Precision: 0.4507042253521127 for label 0 | 1.0 for label 1 | 0.5106382978723404 for label 2
Recall: 0.6808510638297872 for label 0 | 0.08108108108108109 for label 1 | 0.4444444444444444 for label 2
F1 micro: 0.4811715481171548
F1 macro: 0.3892068020361359
With contradiction_threshold = 0.7000000000000001 and entailment_threshold = 0.0005618800303264226
Precision: 0.4507042253521127 for label 0 | 0.0 for label 1 | 0.4948453608247423 for label 2
Recall: 0.6808510638297872 for label 0 | 0.0 for label 1 | 0.4444444444444444 for label 2
F1 micro: 0.4686192468619247
F1 macro: 0.3368885214275872
With contradiction_threshold = 0.8 and entailment_threshold = 0.0005618800303264226
Precision: 0.4507042253521127 for label 0 | 0.0 for label 1 | 0.4948453608247423 for label 2
Recall: 0.6808510638297872 for label 0 | 0.0 for label 1 | 0.4444444444444444 for label 2
F1 micro: 0.4686192468619247
F1 macro: 0.3368885214275872
With contradiction_threshold = 0.9 and entailment_threshold = 0.0005618800303264226
Precision: 0.4507042253521127 for label 0 | 0.0 for label 1 | 0.4948453608247423 for label 2
Recall: 0.6808510638297872 for label 0 | 0.0 for label 1 | 0.4444444444444444 for label 2
F1 micro: 0.4686192468619247
F1 macro: 0.3368885214275872
With contradiction_threshold = 0.06592747630802931 and entailment_threshold = 0.1
Precision: 0.5625 for label 0 | 0.23893805309734514 for label 1 | 0.4032258064516129 for label 2
Recall: 0.3829787234042553 for label 0 | 0.7297297297297297 for label 1 | 0.23148148148148148 for label 2
F1 micro: 0.36820083682008364
F1 macro: 0.36993794986348966
With contradiction_threshold = 0.06592747630802931 and entailment_threshold = 0.2
Precision: 0.6 for label 0 | 0.225 for label 1 | 0.4148936170212766 for label 2
Recall: 0.1595744680851064 for label 0 | 0.7297297297297297 for label 1 | 0.3611111111111111 for label 2
F1 micro: 0.3389121338912134
F1 macro: 0.32739616626116924
With contradiction_threshold = 0.06592747630802931 and entailment_threshold = 0.30000000000000004
Precision: 0.8571428571428571 for label 0 | 0.23387096774193547 for label 1 | 0.42592592592592593 for label 2
Recall: 0.06382978723404255 for label 0 | 0.7837837837837838 for label 1 | 0.42592592592592593 for label 2
F1 micro: 0.3389121338912134
F1 macro: 0.30166208477300455
With contradiction_threshold = 0.06592747630802931 and entailment_threshold = 0.4
Precision: 1.0 for label 0 | 0.232 for label 1 | 0.4144144144144144 for label 2
Recall: 0.031914893617021274 for label 0 | 0.7837837837837838 for label 1 | 0.42592592592592593 for label 2
F1 micro: 0.3263598326359833
F1 macro: 0.27999056188734356
With contradiction_threshold = 0.06592747630802931 and entailment_threshold = 0.5
Precision: 1.0 for label 0 | 0.23015873015873015 for label 1 | 0.4107142857142857 for label 2
Recall: 0.010638297872340425 for label 0 | 0.7837837837837838 for label 1 | 0.42592592592592593 for label 2
F1 micro: 0.3179916317991632
F1 macro: 0.2650208902065538
With contradiction_threshold = 0.06592747630802931 and entailment_threshold = 0.6
Precision: 0.0 for label 0 | 0.23015873015873015 for label 1 | 0.40707964601769914 for label 2
Recall: 0.0 for label 0 | 0.7837837837837838 for label 1 | 0.42592592592592593 for label 2
F1 micro: 0.3138075313807531
F1 macro: 0.25737260453969224
With contradiction_threshold = 0.06592747630802931 and entailment_threshold = 0.7000000000000001
Precision: 0.0 for label 0 | 0.23015873015873015 for label 1 | 0.40707964601769914 for label 2
Recall: 0.0 for label 0 | 0.7837837837837838 for label 1 | 0.42592592592592593 for label 2
F1 micro: 0.3138075313807531
F1 macro: 0.25737260453969224
With contradiction_threshold = 0.06592747630802931 and entailment_threshold = 0.8
Precision: 0.0 for label 0 | 0.23015873015873015 for label 1 | 0.40707964601769914 for label 2
Recall: 0.0 for label 0 | 0.7837837837837838 for label 1 | 0.42592592592592593 for label 2
F1 micro: 0.3138075313807531
F1 macro: 0.25737260453969224
With contradiction_threshold = 0.06592747630802931 and entailment_threshold = 0.9
Precision: 0.0 for label 0 | 0.23015873015873015 for label 1 | 0.40707964601769914 for label 2
Recall: 0.0 for label 0 | 0.7837837837837838 for label 1 | 0.42592592592592593 for label 2
F1 micro: 0.3138075313807531
F1 macro: 0.25737260453969224
