With contradiction_threshold = 0.2833975355702867 and entailment_threshold = 0.41311271939577243 * COMPUTED THRESHOLDS
Precision: 0.21518987341772153 for label 0 | 1.0 for label 1 | 0.7307692307692307 for label 2
Recall: 0.7727272727272727 for label 0 | 0.1 for label 1 | 0.2923076923076923 for label 2
F1 micro: 0.35514018691588783
F1 macro: 0.312011420922312
With contradiction_threshold = 0.1 and entailment_threshold = 0.41311271939577243
Precision: 0.24285714285714285 for label 0 | 0.23809523809523808 for label 1 | 0.75 for label 2
Recall: 0.7727272727272727 for label 0 | 0.25 for label 1 | 0.18461538461538463 for label 2
F1 micro: 0.3177570093457944
F1 macro: 0.303254650903997
With contradiction_threshold = 0.2 and entailment_threshold = 0.41311271939577243
Precision: 0.22666666666666666 for label 0 | 0.36363636363636365 for label 1 | 0.8095238095238095 for label 2
Recall: 0.7727272727272727 for label 0 | 0.2 for label 1 | 0.26153846153846155 for label 2
F1 micro: 0.35514018691588783
F1 macro: 0.3346429390852868
With contradiction_threshold = 0.30000000000000004 and entailment_threshold = 0.41311271939577243
Precision: 0.21518987341772153 for label 0 | 1.0 for label 1 | 0.7307692307692307 for label 2
Recall: 0.7727272727272727 for label 0 | 0.1 for label 1 | 0.2923076923076923 for label 2
F1 micro: 0.35514018691588783
F1 macro: 0.312011420922312
With contradiction_threshold = 0.4 and entailment_threshold = 0.41311271939577243
Precision: 0.21518987341772153 for label 0 | 1.0 for label 1 | 0.7307692307692307 for label 2
Recall: 0.7727272727272727 for label 0 | 0.1 for label 1 | 0.2923076923076923 for label 2
F1 micro: 0.35514018691588783
F1 macro: 0.312011420922312
With contradiction_threshold = 0.5 and entailment_threshold = 0.41311271939577243
Precision: 0.21518987341772153 for label 0 | 1.0 for label 1 | 0.7307692307692307 for label 2
Recall: 0.7727272727272727 for label 0 | 0.1 for label 1 | 0.2923076923076923 for label 2
F1 micro: 0.35514018691588783
F1 macro: 0.312011420922312
With contradiction_threshold = 0.6 and entailment_threshold = 0.41311271939577243
Precision: 0.21518987341772153 for label 0 | 0.0 for label 1 | 0.6785714285714286 for label 2
Recall: 0.7727272727272727 for label 0 | 0.0 for label 1 | 0.2923076923076923 for label 2
F1 micro: 0.3364485981308411
F1 macro: 0.24841193796799033
With contradiction_threshold = 0.7000000000000001 and entailment_threshold = 0.41311271939577243
Precision: 0.21518987341772153 for label 0 | 0.0 for label 1 | 0.6785714285714286 for label 2
Recall: 0.7727272727272727 for label 0 | 0.0 for label 1 | 0.2923076923076923 for label 2
F1 micro: 0.3364485981308411
F1 macro: 0.24841193796799033
With contradiction_threshold = 0.8 and entailment_threshold = 0.41311271939577243
Precision: 0.21518987341772153 for label 0 | 0.0 for label 1 | 0.6785714285714286 for label 2
Recall: 0.7727272727272727 for label 0 | 0.0 for label 1 | 0.2923076923076923 for label 2
F1 micro: 0.3364485981308411
F1 macro: 0.24841193796799033
With contradiction_threshold = 0.9 and entailment_threshold = 0.41311271939577243
Precision: 0.21518987341772153 for label 0 | 0.0 for label 1 | 0.6785714285714286 for label 2
Recall: 0.7727272727272727 for label 0 | 0.0 for label 1 | 0.2923076923076923 for label 2
F1 micro: 0.3364485981308411
F1 macro: 0.24841193796799033
With contradiction_threshold = 0.2833975355702867 and entailment_threshold = 0.1
Precision: 0.20588235294117646 for label 0 | 1.0 for label 1 | 0.6666666666666666 for label 2
Recall: 0.9545454545454546 for label 0 | 0.1 for label 1 | 0.03076923076923077 for label 2
F1 micro: 0.23364485981308414
F1 macro: 0.19311712954976712
With contradiction_threshold = 0.2833975355702867 and entailment_threshold = 0.2
Precision: 0.21428571428571427 for label 0 | 1.0 for label 1 | 0.8571428571428571 for label 2
Recall: 0.9545454545454546 for label 0 | 0.1 for label 1 | 0.09230769230769231 for label 2
F1 micro: 0.27102803738317754
F1 macro: 0.2328282828282828
With contradiction_threshold = 0.2833975355702867 and entailment_threshold = 0.30000000000000004
Precision: 0.20430107526881722 for label 0 | 1.0 for label 1 | 0.75 for label 2
Recall: 0.8636363636363636 for label 0 | 0.1 for label 1 | 0.13846153846153847 for label 2
F1 micro: 0.2803738317757009
F1 macro: 0.24867306606437042
With contradiction_threshold = 0.2833975355702867 and entailment_threshold = 0.4
Precision: 0.20481927710843373 for label 0 | 1.0 for label 1 | 0.7272727272727273 for label 2
Recall: 0.7727272727272727 for label 0 | 0.1 for label 1 | 0.24615384615384617 for label 2
F1 micro: 0.32710280373831774
F1 macro: 0.29114793252724286
With contradiction_threshold = 0.2833975355702867 and entailment_threshold = 0.5
Precision: 0.22388059701492538 for label 0 | 0.75 for label 1 | 0.6944444444444444 for label 2
Recall: 0.6818181818181818 for label 0 | 0.15 for label 1 | 0.38461538461538464 for label 2
F1 micro: 0.40186915887850466
F1 macro: 0.3607093855452961
With contradiction_threshold = 0.2833975355702867 and entailment_threshold = 0.6
Precision: 0.2641509433962264 for label 0 | 0.6 for label 1 | 0.7142857142857143 for label 2
Recall: 0.6363636363636364 for label 0 | 0.15 for label 1 | 0.5384615384615384 for label 2
F1 micro: 0.48598130841121495
F1 macro: 0.40912280701754383
With contradiction_threshold = 0.2833975355702867 and entailment_threshold = 0.7000000000000001
Precision: 0.30303030303030304 for label 0 | 0.42857142857142855 for label 1 | 0.6865671641791045 for label 2
Recall: 0.45454545454545453 for label 0 | 0.15 for label 1 | 0.7076923076923077 for label 2
F1 micro: 0.5514018691588785
F1 macro: 0.4276094276094276
With contradiction_threshold = 0.2833975355702867 and entailment_threshold = 0.8
Precision: 0.4090909090909091 for label 0 | 0.42857142857142855 for label 1 | 0.6794871794871795 for label 2
Recall: 0.4090909090909091 for label 0 | 0.15 for label 1 | 0.8153846153846154 for label 2
F1 micro: 0.6074766355140186
F1 macro: 0.4575239575239575
With contradiction_threshold = 0.2833975355702867 and entailment_threshold = 0.9
Precision: 0.3333333333333333 for label 0 | 0.42857142857142855 for label 1 | 0.648936170212766 for label 2
Recall: 0.09090909090909091 for label 0 | 0.15 for label 1 | 0.9384615384615385 for label 2
F1 micro: 0.616822429906542
F1 macro: 0.3774583208545473
