With contradiction_threshold = 0.22500317399747516 and entailment_threshold = 0.3682061619275736 * COMPUTED THRESHOLDS
Precision: 0.24242424242424243 for label 0 | 0.4 for label 1 | 0.6944444444444444 for label 2
Recall: 0.7272727272727273 for label 0 | 0.1 for label 1 | 0.38461538461538464 for label 2
F1 micro: 0.40186915887850466
F1 macro: 0.3395619561956196
With contradiction_threshold = 0.1 and entailment_threshold = 0.3682061619275736
Precision: 0.25806451612903225 for label 0 | 0.2727272727272727 for label 1 | 0.6764705882352942 for label 2
Recall: 0.7272727272727273 for label 0 | 0.15 for label 1 | 0.35384615384615387 for label 2
F1 micro: 0.39252336448598124
F1 macro: 0.3463824108985399
With contradiction_threshold = 0.2 and entailment_threshold = 0.3682061619275736
Precision: 0.24242424242424243 for label 0 | 0.3333333333333333 for label 1 | 0.6857142857142857 for label 2
Recall: 0.7272727272727273 for label 0 | 0.1 for label 1 | 0.36923076923076925 for label 2
F1 micro: 0.39252336448598124
F1 macro: 0.3324941724941725
With contradiction_threshold = 0.30000000000000004 and entailment_threshold = 0.3682061619275736
Precision: 0.24242424242424243 for label 0 | 0.4 for label 1 | 0.6944444444444444 for label 2
Recall: 0.7272727272727273 for label 0 | 0.1 for label 1 | 0.38461538461538464 for label 2
F1 micro: 0.40186915887850466
F1 macro: 0.3395619561956196
With contradiction_threshold = 0.4 and entailment_threshold = 0.3682061619275736
Precision: 0.23529411764705882 for label 0 | 0.3333333333333333 for label 1 | 0.6944444444444444 for label 2
Recall: 0.7272727272727273 for label 0 | 0.05 for label 1 | 0.38461538461538464 for label 2
F1 micro: 0.39252336448598124
F1 macro: 0.31252052741506037
With contradiction_threshold = 0.5 and entailment_threshold = 0.3682061619275736
Precision: 0.22857142857142856 for label 0 | 1.0 for label 1 | 0.6944444444444444 for label 2
Recall: 0.7272727272727273 for label 0 | 0.05 for label 1 | 0.38461538461538464 for label 2
F1 micro: 0.39252336448598124
F1 macro: 0.312704562381704
With contradiction_threshold = 0.6 and entailment_threshold = 0.3682061619275736
Precision: 0.22857142857142856 for label 0 | 1.0 for label 1 | 0.6944444444444444 for label 2
Recall: 0.7272727272727273 for label 0 | 0.05 for label 1 | 0.38461538461538464 for label 2
F1 micro: 0.39252336448598124
F1 macro: 0.312704562381704
With contradiction_threshold = 0.7000000000000001 and entailment_threshold = 0.3682061619275736
Precision: 0.22857142857142856 for label 0 | 1.0 for label 1 | 0.6944444444444444 for label 2
Recall: 0.7272727272727273 for label 0 | 0.05 for label 1 | 0.38461538461538464 for label 2
F1 micro: 0.39252336448598124
F1 macro: 0.312704562381704
With contradiction_threshold = 0.8 and entailment_threshold = 0.3682061619275736
Precision: 0.22857142857142856 for label 0 | 1.0 for label 1 | 0.6944444444444444 for label 2
Recall: 0.7272727272727273 for label 0 | 0.05 for label 1 | 0.38461538461538464 for label 2
F1 micro: 0.39252336448598124
F1 macro: 0.312704562381704
With contradiction_threshold = 0.9 and entailment_threshold = 0.3682061619275736
Precision: 0.22857142857142856 for label 0 | 1.0 for label 1 | 0.6944444444444444 for label 2
Recall: 0.7272727272727273 for label 0 | 0.05 for label 1 | 0.38461538461538464 for label 2
F1 micro: 0.39252336448598124
F1 macro: 0.312704562381704
With contradiction_threshold = 0.22500317399747516 and entailment_threshold = 0.1
Precision: 0.1927710843373494 for label 0 | 1.0 for label 1 | 0.5217391304347826 for label 2
Recall: 0.7272727272727273 for label 0 | 0.05 for label 1 | 0.18461538461538463 for label 2
F1 micro: 0.27102803738317754
F1 macro: 0.22424242424242427
With contradiction_threshold = 0.22500317399747516 and entailment_threshold = 0.2
Precision: 0.20512820512820512 for label 0 | 0.3333333333333333 for label 1 | 0.5769230769230769 for label 2
Recall: 0.7272727272727273 for label 0 | 0.05 for label 1 | 0.23076923076923078 for label 2
F1 micro: 0.29906542056074764
F1 macro: 0.24554228380315335
With contradiction_threshold = 0.22500317399747516 and entailment_threshold = 0.30000000000000004
Precision: 0.23529411764705882 for label 0 | 0.4 for label 1 | 0.6764705882352942 for label 2
Recall: 0.7272727272727273 for label 0 | 0.1 for label 1 | 0.35384615384615387 for label 2
F1 micro: 0.383177570093458
F1 macro: 0.3267340067340067
With contradiction_threshold = 0.22500317399747516 and entailment_threshold = 0.4
Precision: 0.24242424242424243 for label 0 | 0.4 for label 1 | 0.6944444444444444 for label 2
Recall: 0.7272727272727273 for label 0 | 0.1 for label 1 | 0.38461538461538464 for label 2
F1 micro: 0.40186915887850466
F1 macro: 0.3395619561956196
With contradiction_threshold = 0.22500317399747516 and entailment_threshold = 0.5
Precision: 0.2807017543859649 for label 0 | 0.25 for label 1 | 0.6904761904761905 for label 2
Recall: 0.7272727272727273 for label 0 | 0.1 for label 1 | 0.4461538461538462 for label 2
F1 micro: 0.4392523364485981
F1 macro: 0.36332550292091287
With contradiction_threshold = 0.22500317399747516 and entailment_threshold = 0.6
Precision: 0.3191489361702128 for label 0 | 0.3 for label 1 | 0.72 for label 2
Recall: 0.6818181818181818 for label 0 | 0.15 for label 1 | 0.5538461538461539 for label 2
F1 micro: 0.5046728971962616
F1 macro: 0.4202898550724637
With contradiction_threshold = 0.22500317399747516 and entailment_threshold = 0.7000000000000001
Precision: 0.38235294117647056 for label 0 | 0.21428571428571427 for label 1 | 0.7288135593220338 for label 2
Recall: 0.5909090909090909 for label 0 | 0.15 for label 1 | 0.6615384615384615 for label 2
F1 micro: 0.5514018691588785
F1 macro: 0.4447682298725941
With contradiction_threshold = 0.22500317399747516 and entailment_threshold = 0.8
Precision: 0.4482758620689655 for label 0 | 0.26666666666666666 for label 1 | 0.746031746031746 for label 2
Recall: 0.5909090909090909 for label 0 | 0.2 for label 1 | 0.7230769230769231 for label 2
F1 micro: 0.5981308411214953
F1 macro: 0.4909167833800187
With contradiction_threshold = 0.22500317399747516 and entailment_threshold = 0.9
Precision: 0.42105263157894735 for label 0 | 0.26666666666666666 for label 1 | 0.6986301369863014 for label 2
Recall: 0.36363636363636365 for label 0 | 0.2 for label 1 | 0.7846153846153846 for label 2
F1 micro: 0.5887850467289719
F1 macro: 0.45264858859768725
