With contradiction_threshold = 0.25101283360549376 and entailment_threshold = 0.44388625348203314 * COMPUTED THRESHOLDS
Precision: 0.2236842105263158 for label 0 | 0.5 for label 1 | 0.72 for label 2
Recall: 0.7727272727272727 for label 0 | 0.15 for label 1 | 0.27692307692307694 for label 2
F1 micro: 0.35514018691588783
F1 macro: 0.3259026687598116
With contradiction_threshold = 0.1 and entailment_threshold = 0.44388625348203314
Precision: 0.23529411764705882 for label 0 | 0.25925925925925924 for label 1 | 0.8333333333333334 for label 2
Recall: 0.7272727272727273 for label 0 | 0.35 for label 1 | 0.15384615384615385 for label 2
F1 micro: 0.308411214953271
F1 macro: 0.3043893852404491
With contradiction_threshold = 0.2 and entailment_threshold = 0.44388625348203314
Precision: 0.2236842105263158 for label 0 | 0.3333333333333333 for label 1 | 0.8421052631578947 for label 2
Recall: 0.7727272727272727 for label 0 | 0.2 for label 1 | 0.24615384615384617 for label 2
F1 micro: 0.34579439252336447
F1 macro: 0.32596371882086167
With contradiction_threshold = 0.30000000000000004 and entailment_threshold = 0.44388625348203314
Precision: 0.21518987341772153 for label 0 | 0.6666666666666666 for label 1 | 0.72 for label 2
Recall: 0.7727272727272727 for label 0 | 0.1 for label 1 | 0.27692307692307694 for label 2
F1 micro: 0.34579439252336447
F1 macro: 0.30351556894819914
With contradiction_threshold = 0.4 and entailment_threshold = 0.44388625348203314
Precision: 0.2125 for label 0 | 1.0 for label 1 | 0.72 for label 2
Recall: 0.7727272727272727 for label 0 | 0.1 for label 1 | 0.27692307692307694 for label 2
F1 micro: 0.34579439252336447
F1 macro: 0.30505050505050507
With contradiction_threshold = 0.5 and entailment_threshold = 0.44388625348203314
Precision: 0.2125 for label 0 | 1.0 for label 1 | 0.72 for label 2
Recall: 0.7727272727272727 for label 0 | 0.1 for label 1 | 0.27692307692307694 for label 2
F1 micro: 0.34579439252336447
F1 macro: 0.30505050505050507
With contradiction_threshold = 0.6 and entailment_threshold = 0.44388625348203314
Precision: 0.2125 for label 0 | 0.0 for label 1 | 0.6666666666666666 for label 2
Recall: 0.7727272727272727 for label 0 | 0.0 for label 1 | 0.27692307692307694 for label 2
F1 micro: 0.32710280373831774
F1 macro: 0.24154589371980675
With contradiction_threshold = 0.7000000000000001 and entailment_threshold = 0.44388625348203314
Precision: 0.2125 for label 0 | 0.0 for label 1 | 0.6666666666666666 for label 2
Recall: 0.7727272727272727 for label 0 | 0.0 for label 1 | 0.27692307692307694 for label 2
F1 micro: 0.32710280373831774
F1 macro: 0.24154589371980675
With contradiction_threshold = 0.8 and entailment_threshold = 0.44388625348203314
Precision: 0.2125 for label 0 | 0.0 for label 1 | 0.6666666666666666 for label 2
Recall: 0.7727272727272727 for label 0 | 0.0 for label 1 | 0.27692307692307694 for label 2
F1 micro: 0.32710280373831774
F1 macro: 0.24154589371980675
With contradiction_threshold = 0.9 and entailment_threshold = 0.44388625348203314
Precision: 0.2125 for label 0 | 0.0 for label 1 | 0.6666666666666666 for label 2
Recall: 0.7727272727272727 for label 0 | 0.0 for label 1 | 0.27692307692307694 for label 2
F1 micro: 0.32710280373831774
F1 macro: 0.24154589371980675
With contradiction_threshold = 0.25101283360549376 and entailment_threshold = 0.1
Precision: 0.20952380952380953 for label 0 | 1.0 for label 1 | 0.0 for label 2
Recall: 1.0 for label 0 | 0.1 for label 1 | 0.0 for label 2
F1 micro: 0.22429906542056074
F1 macro: 0.17609162491052258
With contradiction_threshold = 0.25101283360549376 and entailment_threshold = 0.2
Precision: 0.21568627450980393 for label 0 | 1.0 for label 1 | 1.0 for label 2
Recall: 1.0 for label 0 | 0.1 for label 1 | 0.046153846153846156 for label 2
F1 micro: 0.2523364485981308
F1 macro: 0.20829739520441606
With contradiction_threshold = 0.25101283360549376 and entailment_threshold = 0.30000000000000004
Precision: 0.20833333333333334 for label 0 | 1.0 for label 1 | 0.7777777777777778 for label 2
Recall: 0.9090909090909091 for label 0 | 0.1 for label 1 | 0.1076923076923077 for label 2
F1 micro: 0.27102803738317754
F1 macro: 0.23666347395160958
With contradiction_threshold = 0.25101283360549376 and entailment_threshold = 0.4
Precision: 0.21428571428571427 for label 0 | 0.6666666666666666 for label 1 | 0.75 for label 2
Recall: 0.8181818181818182 for label 0 | 0.1 for label 1 | 0.23076923076923078 for label 2
F1 micro: 0.32710280373831774
F1 macro: 0.28882562048609434
With contradiction_threshold = 0.25101283360549376 and entailment_threshold = 0.5
Precision: 0.21739130434782608 for label 0 | 0.5 for label 1 | 0.65625 for label 2
Recall: 0.6818181818181818 for label 0 | 0.15 for label 1 | 0.3230769230769231 for label 2
F1 micro: 0.36448598130841114
F1 macro: 0.3311430837204033
With contradiction_threshold = 0.25101283360549376 and entailment_threshold = 0.6
Precision: 0.25 for label 0 | 0.4 for label 1 | 0.6888888888888889 for label 2
Recall: 0.5909090909090909 for label 0 | 0.2 for label 1 | 0.47692307692307695 for label 2
F1 micro: 0.4485981308411215
F1 macro: 0.39388479388479386
With contradiction_threshold = 0.25101283360549376 and entailment_threshold = 0.7000000000000001
Precision: 0.2857142857142857 for label 0 | 0.36363636363636365 for label 1 | 0.6885245901639344 for label 2
Recall: 0.45454545454545453 for label 0 | 0.2 for label 1 | 0.6461538461538462 for label 2
F1 micro: 0.5233644859813084
F1 macro: 0.42520279192605165
With contradiction_threshold = 0.25101283360549376 and entailment_threshold = 0.8
Precision: 0.42857142857142855 for label 0 | 0.36363636363636365 for label 1 | 0.68 for label 2
Recall: 0.4090909090909091 for label 0 | 0.2 for label 1 | 0.7846153846153846 for label 2
F1 micro: 0.5981308411214953
F1 macro: 0.4684135319544172
With contradiction_threshold = 0.25101283360549376 and entailment_threshold = 0.9
Precision: 0.3333333333333333 for label 0 | 0.36363636363636365 for label 1 | 0.6444444444444445 for label 2
Recall: 0.09090909090909091 for label 0 | 0.2 for label 1 | 0.8923076923076924 for label 2
F1 micro: 0.5981308411214953
F1 macro: 0.3831029185867896
