With contradiction_threshold = 0.25506230601768265 and entailment_threshold = 0.3998138366952033 * COMPUTED THRESHOLDS
Precision: 0.2535211267605634 for label 0 | 0.5 for label 1 | 0.71875 for label 2
Recall: 0.8181818181818182 for label 0 | 0.1 for label 1 | 0.35384615384615387 for label 2
F1 micro: 0.40186915887850466
F1 macro: 0.34266341499464215
With contradiction_threshold = 0.1 and entailment_threshold = 0.3998138366952033
Precision: 0.2727272727272727 for label 0 | 0.36363636363636365 for label 1 | 0.7 for label 2
Recall: 0.8181818181818182 for label 0 | 0.2 for label 1 | 0.3230769230769231 for label 2
F1 micro: 0.40186915887850466
F1 macro: 0.36975356279261207
With contradiction_threshold = 0.2 and entailment_threshold = 0.3998138366952033
Precision: 0.2608695652173913 for label 0 | 0.2857142857142857 for label 1 | 0.7096774193548387 for label 2
Recall: 0.8181818181818182 for label 0 | 0.1 for label 1 | 0.3384615384615385 for label 2
F1 micro: 0.39252336448598124
F1 macro: 0.3340286256952924
With contradiction_threshold = 0.30000000000000004 and entailment_threshold = 0.3998138366952033
Precision: 0.2535211267605634 for label 0 | 0.5 for label 1 | 0.71875 for label 2
Recall: 0.8181818181818182 for label 0 | 0.1 for label 1 | 0.35384615384615387 for label 2
F1 micro: 0.40186915887850466
F1 macro: 0.34266341499464215
With contradiction_threshold = 0.4 and entailment_threshold = 0.3998138366952033
Precision: 0.2465753424657534 for label 0 | 0.5 for label 1 | 0.71875 for label 2
Recall: 0.8181818181818182 for label 0 | 0.05 for label 1 | 0.35384615384615387 for label 2
F1 micro: 0.39252336448598124
F1 macro: 0.314694421151285
With contradiction_threshold = 0.5 and entailment_threshold = 0.3998138366952033
Precision: 0.24324324324324326 for label 0 | 1.0 for label 1 | 0.71875 for label 2
Recall: 0.8181818181818182 for label 0 | 0.05 for label 1 | 0.35384615384615387 for label 2
F1 micro: 0.39252336448598124
F1 macro: 0.3148216331206022
With contradiction_threshold = 0.6 and entailment_threshold = 0.3998138366952033
Precision: 0.24324324324324326 for label 0 | 1.0 for label 1 | 0.71875 for label 2
Recall: 0.8181818181818182 for label 0 | 0.05 for label 1 | 0.35384615384615387 for label 2
F1 micro: 0.39252336448598124
F1 macro: 0.3148216331206022
With contradiction_threshold = 0.7000000000000001 and entailment_threshold = 0.3998138366952033
Precision: 0.24324324324324326 for label 0 | 1.0 for label 1 | 0.71875 for label 2
Recall: 0.8181818181818182 for label 0 | 0.05 for label 1 | 0.35384615384615387 for label 2
F1 micro: 0.39252336448598124
F1 macro: 0.3148216331206022
With contradiction_threshold = 0.8 and entailment_threshold = 0.3998138366952033
Precision: 0.24324324324324326 for label 0 | 1.0 for label 1 | 0.71875 for label 2
Recall: 0.8181818181818182 for label 0 | 0.05 for label 1 | 0.35384615384615387 for label 2
F1 micro: 0.39252336448598124
F1 macro: 0.3148216331206022
With contradiction_threshold = 0.9 and entailment_threshold = 0.3998138366952033
Precision: 0.24324324324324326 for label 0 | 1.0 for label 1 | 0.71875 for label 2
Recall: 0.8181818181818182 for label 0 | 0.05 for label 1 | 0.35384615384615387 for label 2
F1 micro: 0.39252336448598124
F1 macro: 0.3148216331206022
With contradiction_threshold = 0.25506230601768265 and entailment_threshold = 0.1
Precision: 0.20454545454545456 for label 0 | 1.0 for label 1 | 0.5 for label 2
Recall: 0.8181818181818182 for label 0 | 0.05 for label 1 | 0.13846153846153847 for label 2
F1 micro: 0.2616822429906542
F1 macro: 0.21312609746344688
With contradiction_threshold = 0.25506230601768265 and entailment_threshold = 0.2
Precision: 0.21428571428571427 for label 0 | 0.5 for label 1 | 0.5714285714285714 for label 2
Recall: 0.8181818181818182 for label 0 | 0.05 for label 1 | 0.18461538461538463 for label 2
F1 micro: 0.2897196261682243
F1 macro: 0.2365338332867951
With contradiction_threshold = 0.25506230601768265 and entailment_threshold = 0.30000000000000004
Precision: 0.24324324324324326 for label 0 | 0.3333333333333333 for label 1 | 0.7 for label 2
Recall: 0.8181818181818182 for label 0 | 0.05 for label 1 | 0.3230769230769231 for label 2
F1 micro: 0.37383177570093457
F1 macro: 0.30135392829900837
With contradiction_threshold = 0.25506230601768265 and entailment_threshold = 0.4
Precision: 0.2535211267605634 for label 0 | 0.5 for label 1 | 0.71875 for label 2
Recall: 0.8181818181818182 for label 0 | 0.1 for label 1 | 0.35384615384615387 for label 2
F1 micro: 0.40186915887850466
F1 macro: 0.34266341499464215
With contradiction_threshold = 0.25506230601768265 and entailment_threshold = 0.5
Precision: 0.2857142857142857 for label 0 | 0.2857142857142857 for label 1 | 0.7027027027027027 for label 2
Recall: 0.8181818181818182 for label 0 | 0.1 for label 1 | 0.4 for label 2
F1 micro: 0.42990654205607476
F1 macro: 0.36049382716049383
With contradiction_threshold = 0.25506230601768265 and entailment_threshold = 0.6
Precision: 0.32075471698113206 for label 0 | 0.375 for label 1 | 0.7391304347826086 for label 2
Recall: 0.7727272727272727 for label 0 | 0.15 for label 1 | 0.5230769230769231 for label 2
F1 micro: 0.5046728971962616
F1 macro: 0.4267438867438867
With contradiction_threshold = 0.25506230601768265 and entailment_threshold = 0.7000000000000001
Precision: 0.3684210526315789 for label 0 | 0.25 for label 1 | 0.7368421052631579 for label 2
Recall: 0.6363636363636364 for label 0 | 0.15 for label 1 | 0.6461538461538462 for label 2
F1 micro: 0.5514018691588785
F1 macro: 0.447563752276867
With contradiction_threshold = 0.25506230601768265 and entailment_threshold = 0.8
Precision: 0.4375 for label 0 | 0.25 for label 1 | 0.746031746031746 for label 2
Recall: 0.6363636363636364 for label 0 | 0.15 for label 1 | 0.7230769230769231 for label 2
F1 micro: 0.5981308411214953
F1 macro: 0.4801311728395061
With contradiction_threshold = 0.25506230601768265 and entailment_threshold = 0.9
Precision: 0.42857142857142855 for label 0 | 0.25 for label 1 | 0.7027027027027027 for label 2
Recall: 0.4090909090909091 for label 0 | 0.15 for label 1 | 0.8 for label 2
F1 micro: 0.5981308411214953
F1 macro: 0.45143536333723716
