With contradiction_threshold = 0.06638258326616442 and entailment_threshold = 0.0008147525817614465 * COMPUTED THRESHOLDS
Precision: 0.5476190476190477 for label 0 | 0.3291139240506329 for label 1 | 0.4745762711864407 for label 2
Recall: 0.24468085106382978 for label 0 | 0.7027027027027027 for label 1 | 0.5185185185185185 for label 2
F1 micro: 0.4393305439330544
F1 macro: 0.42736212580851696
With contradiction_threshold = 0.1 and entailment_threshold = 0.0008147525817614465
Precision: 0.5217391304347826 for label 0 | 0.36231884057971014 for label 1 | 0.46774193548387094 for label 2
Recall: 0.2553191489361702 for label 0 | 0.6756756756756757 for label 1 | 0.5370370370370371 for label 2
F1 micro: 0.4476987447698745
F1 macro: 0.4381850853548967
With contradiction_threshold = 0.2 and entailment_threshold = 0.0008147525817614465
Precision: 0.52 for label 0 | 0.4375 for label 1 | 0.5106382978723404 for label 2
Recall: 0.2765957446808511 for label 0 | 0.5675675675675675 for label 1 | 0.6666666666666666 for label 2
F1 micro: 0.497907949790795
F1 macro: 0.47784733706066085
With contradiction_threshold = 0.30000000000000004 and entailment_threshold = 0.0008147525817614465
Precision: 0.5 for label 0 | 0.5172413793103449 for label 1 | 0.5126582278481012 for label 2
Recall: 0.2765957446808511 for label 0 | 0.40540540540540543 for label 1 | 0.75 for label 2
F1 micro: 0.5104602510460251
F1 macro: 0.47324413149935857
With contradiction_threshold = 0.4 and entailment_threshold = 0.0008147525817614465
Precision: 0.5 for label 0 | 0.5454545454545454 for label 1 | 0.503030303030303 for label 2
Recall: 0.2765957446808511 for label 0 | 0.32432432432432434 for label 1 | 0.7685185185185185 for label 2
F1 micro: 0.5062761506276151
F1 macro: 0.4570008842124003
With contradiction_threshold = 0.5 and entailment_threshold = 0.0008147525817614465
Precision: 0.5 for label 0 | 0.5238095238095238 for label 1 | 0.5 for label 2
Recall: 0.2765957446808511 for label 0 | 0.2972972972972973 for label 1 | 0.7685185185185185 for label 2
F1 micro: 0.502092050209205
F1 macro: 0.4471047148158747
With contradiction_threshold = 0.6 and entailment_threshold = 0.0008147525817614465
Precision: 0.5 for label 0 | 0.7 for label 1 | 0.4915254237288136 for label 2
Recall: 0.2765957446808511 for label 0 | 0.1891891891891892 for label 1 | 0.8055555555555556 for label 2
F1 micro: 0.502092050209205
F1 macro: 0.42152101325888314
With contradiction_threshold = 0.7000000000000001 and entailment_threshold = 0.0008147525817614465
Precision: 0.5 for label 0 | 0.5714285714285714 for label 1 | 0.48333333333333334 for label 2
Recall: 0.2765957446808511 for label 0 | 0.10810810810810811 for label 1 | 0.8055555555555556 for label 2
F1 micro: 0.4895397489539749
F1 macro: 0.3807164106821641
With contradiction_threshold = 0.8 and entailment_threshold = 0.0008147525817614465
Precision: 0.5 for label 0 | 0.5 for label 1 | 0.48066298342541436 for label 2
Recall: 0.2765957446808511 for label 0 | 0.08108108108108109 for label 1 | 0.8055555555555556 for label 2
F1 micro: 0.48535564853556484
F1 macro: 0.3659251306166827
With contradiction_threshold = 0.9 and entailment_threshold = 0.0008147525817614465
Precision: 0.5 for label 0 | 0.5 for label 1 | 0.48066298342541436 for label 2
Recall: 0.2765957446808511 for label 0 | 0.08108108108108109 for label 1 | 0.8055555555555556 for label 2
F1 micro: 0.48535564853556484
F1 macro: 0.3659251306166827
With contradiction_threshold = 0.06638258326616442 and entailment_threshold = 0.1
Precision: 0.5483870967741935 for label 0 | 0.313953488372093 for label 1 | 0.47540983606557374 for label 2
Recall: 0.18085106382978725 for label 0 | 0.7297297297297297 for label 1 | 0.5370370370370371 for label 2
F1 micro: 0.42677824267782427
F1 macro: 0.4051240721102863
With contradiction_threshold = 0.06638258326616442 and entailment_threshold = 0.2
Precision: 0.4782608695652174 for label 0 | 0.3068181818181818 for label 1 | 0.453125 for label 2
Recall: 0.11702127659574468 for label 0 | 0.7297297297297297 for label 1 | 0.5370370370370371 for label 2
F1 micro: 0.401673640167364
F1 macro: 0.3705198705876673
With contradiction_threshold = 0.06638258326616442 and entailment_threshold = 0.30000000000000004
Precision: 0.3333333333333333 for label 0 | 0.3 for label 1 | 0.44029850746268656 for label 2
Recall: 0.05319148936170213 for label 0 | 0.7297297297297297 for label 1 | 0.5462962962962963 for label 2
F1 micro: 0.3807531380753138
F1 macro: 0.33484775848162657
With contradiction_threshold = 0.06638258326616442 and entailment_threshold = 0.4
Precision: 0.5714285714285714 for label 0 | 0.3 for label 1 | 0.4507042253521127 for label 2
Recall: 0.0425531914893617 for label 0 | 0.7297297297297297 for label 1 | 0.5925925925925926 for label 2
F1 micro: 0.39748953974895396
F1 macro: 0.33880159039526
With contradiction_threshold = 0.06638258326616442 and entailment_threshold = 0.5
Precision: 0.5714285714285714 for label 0 | 0.3 for label 1 | 0.4507042253521127 for label 2
Recall: 0.0425531914893617 for label 0 | 0.7297297297297297 for label 1 | 0.5925925925925926 for label 2
F1 micro: 0.39748953974895396
F1 macro: 0.33880159039526
With contradiction_threshold = 0.06638258326616442 and entailment_threshold = 0.6
Precision: 0.8 for label 0 | 0.3 for label 1 | 0.4583333333333333 for label 2
Recall: 0.0425531914893617 for label 0 | 0.7297297297297297 for label 1 | 0.6111111111111112 for label 2
F1 micro: 0.40585774058577406
F1 macro: 0.34327148500376853
With contradiction_threshold = 0.06638258326616442 and entailment_threshold = 0.7000000000000001
Precision: 0.8 for label 0 | 0.3 for label 1 | 0.4583333333333333 for label 2
Recall: 0.0425531914893617 for label 0 | 0.7297297297297297 for label 1 | 0.6111111111111112 for label 2
F1 micro: 0.40585774058577406
F1 macro: 0.34327148500376853
With contradiction_threshold = 0.06638258326616442 and entailment_threshold = 0.8
Precision: 0.8 for label 0 | 0.3 for label 1 | 0.4583333333333333 for label 2
Recall: 0.0425531914893617 for label 0 | 0.7297297297297297 for label 1 | 0.6111111111111112 for label 2
F1 micro: 0.40585774058577406
F1 macro: 0.34327148500376853
With contradiction_threshold = 0.06638258326616442 and entailment_threshold = 0.9
Precision: 0.8 for label 0 | 0.3 for label 1 | 0.4583333333333333 for label 2
Recall: 0.0425531914893617 for label 0 | 0.7297297297297297 for label 1 | 0.6111111111111112 for label 2
F1 micro: 0.40585774058577406
F1 macro: 0.34327148500376853
