With contradiction_threshold = 0.06592747630802931 and entailment_threshold = 0.0005618800303264226 * COMPUTED THRESHOLDS
Precision: 0.7619047619047619 for label 0 | 0.2702702702702703 for label 1 | 0.4696132596685083 for label 2
Recall: 0.1702127659574468 for label 0 | 0.2702702702702703 for label 1 | 0.7870370370370371 for label 2
F1 micro: 0.46443514644351463
F1 macro: 0.3789221446510449
With contradiction_threshold = 0.1 and entailment_threshold = 0.0005618800303264226
Precision: 0.7619047619047619 for label 0 | 0.29411764705882354 for label 1 | 0.4782608695652174 for label 2
Recall: 0.1702127659574468 for label 0 | 0.2702702702702703 for label 1 | 0.8148148148148148 for label 2
F1 micro: 0.4769874476987448
F1 macro: 0.3875635788125617
With contradiction_threshold = 0.2 and entailment_threshold = 0.0005618800303264226
Precision: 0.7727272727272727 for label 0 | 0.34615384615384615 for label 1 | 0.47643979057591623 for label 2
Recall: 0.18085106382978725 for label 0 | 0.24324324324324326 for label 1 | 0.8425925925925926 for label 2
F1 micro: 0.4895397489539749
F1 macro: 0.3958377953880203
With contradiction_threshold = 0.30000000000000004 and entailment_threshold = 0.0005618800303264226
Precision: 0.7391304347826086 for label 0 | 0.5 for label 1 | 0.48514851485148514 for label 2
Recall: 0.18085106382978725 for label 0 | 0.1891891891891892 for label 1 | 0.9074074074074074 for label 2
F1 micro: 0.5104602510460251
F1 macro: 0.3991220530119961
With contradiction_threshold = 0.4 and entailment_threshold = 0.0005618800303264226
Precision: 0.7391304347826086 for label 0 | 0.5 for label 1 | 0.47572815533980584 for label 2
Recall: 0.18085106382978725 for label 0 | 0.13513513513513514 for label 1 | 0.9074074074074074 for label 2
F1 micro: 0.502092050209205
F1 macro: 0.3758560232337167
With contradiction_threshold = 0.5 and entailment_threshold = 0.0005618800303264226
Precision: 0.7391304347826086 for label 0 | 0.5555555555555556 for label 1 | 0.4782608695652174 for label 2
Recall: 0.18085106382978725 for label 0 | 0.13513513513513514 for label 1 | 0.9166666666666666 for label 2
F1 micro: 0.5062761506276151
F1 macro: 0.3788536745058484
With contradiction_threshold = 0.6 and entailment_threshold = 0.0005618800303264226
Precision: 0.7391304347826086 for label 0 | 1.0 for label 1 | 0.48130841121495327 for label 2
Recall: 0.18085106382978725 for label 0 | 0.05405405405405406 for label 1 | 0.9537037037037037 for label 2
F1 micro: 0.5104602510460251
F1 macro: 0.34430464865247473
With contradiction_threshold = 0.7000000000000001 and entailment_threshold = 0.0005618800303264226
Precision: 0.7391304347826086 for label 0 | 1.0 for label 1 | 0.48130841121495327 for label 2
Recall: 0.18085106382978725 for label 0 | 0.05405405405405406 for label 1 | 0.9537037037037037 for label 2
F1 micro: 0.5104602510460251
F1 macro: 0.34430464865247473
With contradiction_threshold = 0.8 and entailment_threshold = 0.0005618800303264226
Precision: 0.7391304347826086 for label 0 | 1.0 for label 1 | 0.4790697674418605 for label 2
Recall: 0.18085106382978725 for label 0 | 0.02702702702702703 for label 1 | 0.9537037037037037 for label 2
F1 micro: 0.5062761506276151
F1 macro: 0.3270002557928255
With contradiction_threshold = 0.9 and entailment_threshold = 0.0005618800303264226
Precision: 0.7391304347826086 for label 0 | 0.0 for label 1 | 0.47685185185185186 for label 2
Recall: 0.18085106382978725 for label 0 | 0.0 for label 1 | 0.9537037037037037 for label 2
F1 micro: 0.502092050209205
F1 macro: 0.3088002532446977
With contradiction_threshold = 0.06592747630802931 and entailment_threshold = 0.1
Precision: 0.8571428571428571 for label 0 | 0.2682926829268293 for label 1 | 0.4673913043478261 for label 2
Recall: 0.1276595744680851 for label 0 | 0.2972972972972973 for label 1 | 0.7962962962962963 for label 2
F1 micro: 0.4560669456066946
F1 macro: 0.3644382000546384
With contradiction_threshold = 0.06592747630802931 and entailment_threshold = 0.2
Precision: 0.8 for label 0 | 0.2682926829268293 for label 1 | 0.4574468085106383 for label 2
Recall: 0.0851063829787234 for label 0 | 0.2972972972972973 for label 1 | 0.7962962962962963 for label 2
F1 micro: 0.4393305439330544
F1 macro: 0.338992838992839
With contradiction_threshold = 0.06592747630802931 and entailment_threshold = 0.30000000000000004
Precision: 0.7142857142857143 for label 0 | 0.2619047619047619 for label 1 | 0.45263157894736844 for label 2
Recall: 0.05319148936170213 for label 0 | 0.2972972972972973 for label 1 | 0.7962962962962963 for label 2
F1 micro: 0.42677824267782427
F1 macro: 0.31822404056733933
With contradiction_threshold = 0.06592747630802931 and entailment_threshold = 0.4
Precision: 0.8333333333333334 for label 0 | 0.2619047619047619 for label 1 | 0.45549738219895286 for label 2
Recall: 0.05319148936170213 for label 0 | 0.2972972972972973 for label 1 | 0.8055555555555556 for label 2
F1 micro: 0.4309623430962343
F1 macro: 0.32014027066311046
With contradiction_threshold = 0.06592747630802931 and entailment_threshold = 0.5
Precision: 0.8 for label 0 | 0.2619047619047619 for label 1 | 0.453125 for label 2
Recall: 0.0425531914893617 for label 0 | 0.2972972972972973 for label 1 | 0.8055555555555556 for label 2
F1 micro: 0.42677824267782427
F1 macro: 0.31309636448876954
With contradiction_threshold = 0.06592747630802931 and entailment_threshold = 0.6
Precision: 0.0 for label 0 | 0.2619047619047619 for label 1 | 0.4467005076142132 for label 2
Recall: 0.0 for label 0 | 0.2972972972972973 for label 1 | 0.8148148148148148 for label 2
F1 micro: 0.41422594142259417
F1 macro: 0.2851767309953655
With contradiction_threshold = 0.06592747630802931 and entailment_threshold = 0.7000000000000001
Precision: 0.0 for label 0 | 0.2619047619047619 for label 1 | 0.4467005076142132 for label 2
Recall: 0.0 for label 0 | 0.2972972972972973 for label 1 | 0.8148148148148148 for label 2
F1 micro: 0.41422594142259417
F1 macro: 0.2851767309953655
With contradiction_threshold = 0.06592747630802931 and entailment_threshold = 0.8
Precision: 0.0 for label 0 | 0.2619047619047619 for label 1 | 0.4467005076142132 for label 2
Recall: 0.0 for label 0 | 0.2972972972972973 for label 1 | 0.8148148148148148 for label 2
F1 micro: 0.41422594142259417
F1 macro: 0.2851767309953655
With contradiction_threshold = 0.06592747630802931 and entailment_threshold = 0.9
Precision: 0.0 for label 0 | 0.2619047619047619 for label 1 | 0.4467005076142132 for label 2
Recall: 0.0 for label 0 | 0.2972972972972973 for label 1 | 0.8148148148148148 for label 2
F1 micro: 0.41422594142259417
F1 macro: 0.2851767309953655
