With contradiction_threshold = 0.06546054941922974 and entailment_threshold = 0.006133683784929289 * COMPUTED THRESHOLDS
Precision: 0.5833333333333334 for label 0 | 0.3291139240506329 for label 1 | 0.5 for label 2
Recall: 0.2978723404255319 for label 0 | 0.7027027027027027 for label 1 | 0.5185185185185185 for label 2
F1 micro: 0.4602510460251046
F1 macro: 0.4505776561143244
With contradiction_threshold = 0.1 and entailment_threshold = 0.006133683784929289
Precision: 0.5490196078431373 for label 0 | 0.35714285714285715 for label 1 | 0.4915254237288136 for label 2
Recall: 0.2978723404255319 for label 0 | 0.6756756756756757 for label 1 | 0.5370370370370371 for label 2
F1 micro: 0.46443514644351463
F1 macro: 0.4555903174870261
With contradiction_threshold = 0.2 and entailment_threshold = 0.006133683784929289
Precision: 0.5535714285714286 for label 0 | 0.4375 for label 1 | 0.5333333333333333 for label 2
Recall: 0.32978723404255317 for label 0 | 0.5675675675675675 for label 1 | 0.6666666666666666 for label 2
F1 micro: 0.5188284518828452
F1 macro: 0.5000145243282498
With contradiction_threshold = 0.30000000000000004 and entailment_threshold = 0.006133683784929289
Precision: 0.5344827586206896 for label 0 | 0.5357142857142857 for label 1 | 0.5294117647058824 for label 2
Recall: 0.32978723404255317 for label 0 | 0.40540540540540543 for label 1 | 0.75 for label 2
F1 micro: 0.5313807531380753
F1 macro: 0.49670761785099354
With contradiction_threshold = 0.4 and entailment_threshold = 0.006133683784929289
Precision: 0.5344827586206896 for label 0 | 0.6 for label 1 | 0.5279503105590062 for label 2
Recall: 0.32978723404255317 for label 0 | 0.32432432432432434 for label 1 | 0.7870370370370371 for label 2
F1 micro: 0.5355648535564853
F1 macro: 0.486972542881367
With contradiction_threshold = 0.5 and entailment_threshold = 0.006133683784929289
Precision: 0.5344827586206896 for label 0 | 0.5789473684210527 for label 1 | 0.5246913580246914 for label 2
Recall: 0.32978723404255317 for label 0 | 0.2972972972972973 for label 1 | 0.7870370370370371 for label 2
F1 micro: 0.5313807531380753
F1 macro: 0.4767938364429593
With contradiction_threshold = 0.6 and entailment_threshold = 0.006133683784929289
Precision: 0.5344827586206896 for label 0 | 0.7 for label 1 | 0.5087719298245614 for label 2
Recall: 0.32978723404255317 for label 0 | 0.1891891891891892 for label 1 | 0.8055555555555556 for label 2
F1 micro: 0.5230125523012552
F1 macro: 0.4431409970820439
With contradiction_threshold = 0.7000000000000001 and entailment_threshold = 0.006133683784929289
Precision: 0.5344827586206896 for label 0 | 0.5714285714285714 for label 1 | 0.5 for label 2
Recall: 0.32978723404255317 for label 0 | 0.10810810810810811 for label 1 | 0.8055555555555556 for label 2
F1 micro: 0.5104602510460251
F1 macro: 0.4022447317520106
With contradiction_threshold = 0.8 and entailment_threshold = 0.006133683784929289
Precision: 0.5344827586206896 for label 0 | 0.5 for label 1 | 0.49714285714285716 for label 2
Recall: 0.32978723404255317 for label 0 | 0.08108108108108109 for label 1 | 0.8055555555555556 for label 2
F1 micro: 0.5062761506276151
F1 macro: 0.3874235366541096
With contradiction_threshold = 0.9 and entailment_threshold = 0.006133683784929289
Precision: 0.5344827586206896 for label 0 | 0.5 for label 1 | 0.49714285714285716 for label 2
Recall: 0.32978723404255317 for label 0 | 0.08108108108108109 for label 1 | 0.8055555555555556 for label 2
F1 micro: 0.5062761506276151
F1 macro: 0.3874235366541096
With contradiction_threshold = 0.06546054941922974 and entailment_threshold = 0.1
Precision: 0.5454545454545454 for label 0 | 0.30337078651685395 for label 1 | 0.49572649572649574 for label 2
Recall: 0.19148936170212766 for label 0 | 0.7297297297297297 for label 1 | 0.5370370370370371 for label 2
F1 micro: 0.4309623430962343
F1 macro: 0.40919718368537267
With contradiction_threshold = 0.06546054941922974 and entailment_threshold = 0.2
Precision: 0.4782608695652174 for label 0 | 0.2967032967032967 for label 1 | 0.464 for label 2
Recall: 0.11702127659574468 for label 0 | 0.7297297297297297 for label 1 | 0.5370370370370371 for label 2
F1 micro: 0.401673640167364
F1 macro: 0.369254421762469
With contradiction_threshold = 0.06546054941922974 and entailment_threshold = 0.30000000000000004
Precision: 0.3333333333333333 for label 0 | 0.2872340425531915 for label 1 | 0.45384615384615384 for label 2
Recall: 0.05319148936170213 for label 0 | 0.7297297297297297 for label 1 | 0.5462962962962963 for label 2
F1 micro: 0.3807531380753138
F1 macro: 0.33325172635060046
With contradiction_threshold = 0.06546054941922974 and entailment_threshold = 0.4
Precision: 0.4444444444444444 for label 0 | 0.2872340425531915 for label 1 | 0.47058823529411764 for label 2
Recall: 0.0425531914893617 for label 0 | 0.7297297297297297 for label 1 | 0.5925925925925926 for label 2
F1 micro: 0.39748953974895396
F1 macro: 0.33815793576835423
With contradiction_threshold = 0.06546054941922974 and entailment_threshold = 0.5
Precision: 0.4444444444444444 for label 0 | 0.2872340425531915 for label 1 | 0.47058823529411764 for label 2
Recall: 0.0425531914893617 for label 0 | 0.7297297297297297 for label 1 | 0.5925925925925926 for label 2
F1 micro: 0.39748953974895396
F1 macro: 0.33815793576835423
With contradiction_threshold = 0.06546054941922974 and entailment_threshold = 0.6
Precision: 0.8 for label 0 | 0.2872340425531915 for label 1 | 0.4714285714285714 for label 2
Recall: 0.0425531914893617 for label 0 | 0.7297297297297297 for label 1 | 0.6111111111111112 for label 2
F1 micro: 0.40585774058577406
F1 macro: 0.3417599619274084
With contradiction_threshold = 0.06546054941922974 and entailment_threshold = 0.7000000000000001
Precision: 0.8 for label 0 | 0.2872340425531915 for label 1 | 0.4714285714285714 for label 2
Recall: 0.0425531914893617 for label 0 | 0.7297297297297297 for label 1 | 0.6111111111111112 for label 2
F1 micro: 0.40585774058577406
F1 macro: 0.3417599619274084
With contradiction_threshold = 0.06546054941922974 and entailment_threshold = 0.8
Precision: 0.8 for label 0 | 0.2872340425531915 for label 1 | 0.4714285714285714 for label 2
Recall: 0.0425531914893617 for label 0 | 0.7297297297297297 for label 1 | 0.6111111111111112 for label 2
F1 micro: 0.40585774058577406
F1 macro: 0.3417599619274084
With contradiction_threshold = 0.06546054941922974 and entailment_threshold = 0.9
Precision: 0.8 for label 0 | 0.2872340425531915 for label 1 | 0.4714285714285714 for label 2
Recall: 0.0425531914893617 for label 0 | 0.7297297297297297 for label 1 | 0.6111111111111112 for label 2
F1 micro: 0.40585774058577406
F1 macro: 0.3417599619274084
