With contradiction_threshold = 0.3066000507824356 and entailment_threshold = 0.5892463317140937 * COMPUTED THRESHOLDS
Precision: 0.4213197969543147 for label 0 | 0.23809523809523808 for label 1 | 0.0 for label 2
Recall: 0.8829787234042553 for label 0 | 0.2702702702702703 for label 1 | 0.0 for label 2
F1 micro: 0.3891213389121339
F1 macro: 0.2745370974524048
With contradiction_threshold = 0.1 and entailment_threshold = 0.5892463317140937
Precision: 0.42857142857142855 for label 0 | 0.22807017543859648 for label 1 | 0.0 for label 2
Recall: 0.8297872340425532 for label 0 | 0.35135135135135137 for label 1 | 0.0 for label 2
F1 micro: 0.3807531380753138
F1 macro: 0.28060437866173293
With contradiction_threshold = 0.2 and entailment_threshold = 0.5892463317140937
Precision: 0.43617021276595747 for label 0 | 0.2549019607843137 for label 1 | 0.0 for label 2
Recall: 0.8723404255319149 for label 0 | 0.35135135135135137 for label 1 | 0.0 for label 2
F1 micro: 0.39748953974895396
F1 macro: 0.2923382763808296
With contradiction_threshold = 0.30000000000000004 and entailment_threshold = 0.5892463317140937
Precision: 0.42346938775510207 for label 0 | 0.23255813953488372 for label 1 | 0.0 for label 2
Recall: 0.8829787234042553 for label 0 | 0.2702702702702703 for label 1 | 0.0 for label 2
F1 micro: 0.3891213389121339
F1 macro: 0.27413793103448275
With contradiction_threshold = 0.4 and entailment_threshold = 0.5892463317140937
Precision: 0.4117647058823529 for label 0 | 0.23529411764705882 for label 1 | 1.0 for label 2
Recall: 0.8936170212765957 for label 0 | 0.21621621621621623 for label 1 | 0.009259259259259259 for label 2
F1 micro: 0.3891213389121339
F1 macro: 0.26915304193033746
With contradiction_threshold = 0.5 and entailment_threshold = 0.5892463317140937
Precision: 0.4146341463414634 for label 0 | 0.25925925925925924 for label 1 | 0.5714285714285714 for label 2
Recall: 0.9042553191489362 for label 0 | 0.1891891891891892 for label 1 | 0.037037037037037035 for label 2
F1 micro: 0.401673640167364
F1 macro: 0.28562569676700117
With contradiction_threshold = 0.6 and entailment_threshold = 0.5892463317140937
Precision: 0.4146341463414634 for label 0 | 0.2857142857142857 for label 1 | 0.6 for label 2
Recall: 0.9042553191489362 for label 0 | 0.10810810810810811 for label 1 | 0.1111111111111111 for label 2
F1 micro: 0.4225941422594142
F1 macro: 0.3043082060025794
With contradiction_threshold = 0.7000000000000001 and entailment_threshold = 0.5892463317140937
Precision: 0.4146341463414634 for label 0 | 0.125 for label 1 | 0.5769230769230769 for label 2
Recall: 0.9042553191489362 for label 0 | 0.02702702702702703 for label 1 | 0.1388888888888889 for label 2
F1 micro: 0.4225941422594142
F1 macro: 0.2789623047896896
With contradiction_threshold = 0.8 and entailment_threshold = 0.5892463317140937
Precision: 0.4146341463414634 for label 0 | 0.0 for label 1 | 0.5483870967741935 for label 2
Recall: 0.9042553191489362 for label 0 | 0.0 for label 1 | 0.1574074074074074 for label 2
F1 micro: 0.42677824267782427
F1 macro: 0.2710553964854872
With contradiction_threshold = 0.9 and entailment_threshold = 0.5892463317140937
Precision: 0.4146341463414634 for label 0 | 0.0 for label 1 | 0.53125 for label 2
Recall: 0.9042553191489362 for label 0 | 0.0 for label 1 | 0.1574074074074074 for label 2
F1 micro: 0.42677824267782427
F1 macro: 0.27047300525561396
With contradiction_threshold = 0.3066000507824356 and entailment_threshold = 0.1
Precision: 0.39555555555555555 for label 0 | 0.2857142857142857 for label 1 | 0.0 for label 2
Recall: 0.9468085106382979 for label 0 | 0.10810810810810811 for label 1 | 0.0 for label 2
F1 micro: 0.3891213389121339
F1 macro: 0.23828549183518755
With contradiction_threshold = 0.3066000507824356 and entailment_threshold = 0.2
Precision: 0.4055299539170507 for label 0 | 0.22727272727272727 for label 1 | 0.0 for label 2
Recall: 0.9361702127659575 for label 0 | 0.13513513513513514 for label 1 | 0.0 for label 2
F1 micro: 0.3891213389121339
F1 macro: 0.24513597471251838
With contradiction_threshold = 0.3066000507824356 and entailment_threshold = 0.30000000000000004
Precision: 0.40930232558139534 for label 0 | 0.25 for label 1 | 0.0 for label 2
Recall: 0.9361702127659575 for label 0 | 0.16216216216216217 for label 1 | 0.0 for label 2
F1 micro: 0.39330543933054396
F1 macro: 0.2554335331670999
With contradiction_threshold = 0.3066000507824356 and entailment_threshold = 0.4
Precision: 0.41626794258373206 for label 0 | 0.23333333333333334 for label 1 | 0.0 for label 2
Recall: 0.925531914893617 for label 0 | 0.1891891891891892 for label 1 | 0.0 for label 2
F1 micro: 0.39330543933054396
F1 macro: 0.26107088320772376
With contradiction_threshold = 0.3066000507824356 and entailment_threshold = 0.5
Precision: 0.4117647058823529 for label 0 | 0.22857142857142856 for label 1 | 0.0 for label 2
Recall: 0.8936170212765957 for label 0 | 0.21621621621621623 for label 1 | 0.0 for label 2
F1 micro: 0.3849372384937239
F1 macro: 0.2619935371613224
With contradiction_threshold = 0.3066000507824356 and entailment_threshold = 0.6
Precision: 0.42346938775510207 for label 0 | 0.23255813953488372 for label 1 | 0.0 for label 2
Recall: 0.8829787234042553 for label 0 | 0.2702702702702703 for label 1 | 0.0 for label 2
F1 micro: 0.3891213389121339
F1 macro: 0.27413793103448275
With contradiction_threshold = 0.3066000507824356 and entailment_threshold = 0.7000000000000001
Precision: 0.43478260869565216 for label 0 | 0.24 for label 1 | 0.4 for label 2
Recall: 0.851063829787234 for label 0 | 0.32432432432432434 for label 1 | 0.018518518518518517 for label 2
F1 micro: 0.39330543933054396
F1 macro: 0.2955999557997788
With contradiction_threshold = 0.3066000507824356 and entailment_threshold = 0.8
Precision: 0.4378698224852071 for label 0 | 0.24 for label 1 | 0.45 for label 2
Recall: 0.7872340425531915 for label 0 | 0.32432432432432434 for label 1 | 0.08333333333333333 for label 2
F1 micro: 0.39748953974895396
F1 macro: 0.32640823718368955
With contradiction_threshold = 0.3066000507824356 and entailment_threshold = 0.9
Precision: 0.45454545454545453 for label 0 | 0.24 for label 1 | 0.45652173913043476 for label 2
Recall: 0.6914893617021277 for label 0 | 0.32432432432432434 for label 1 | 0.19444444444444445 for label 2
F1 micro: 0.41004184100418406
F1 macro: 0.365704182814615
