With contradiction_threshold = 0.4515894763171673 and entailment_threshold = 0.6071990579366684 * COMPUTED THRESHOLDS
Precision: 0.4146341463414634 for label 0 | 0.29411764705882354 for label 1 | 0.5882352941176471 for label 2
Recall: 0.9042553191489362 for label 0 | 0.13513513513513514 for label 1 | 0.09259259259259259 for label 2
F1 micro: 0.4184100418410041
F1 macro: 0.30458235269829476
With contradiction_threshold = 0.1 and entailment_threshold = 0.6071990579366684
Precision: 0.42857142857142855 for label 0 | 0.24358974358974358 for label 1 | 0.0 for label 2
Recall: 0.7340425531914894 for label 0 | 0.5135135135135135 for label 1 | 0.0 for label 2
F1 micro: 0.36820083682008364
F1 macro: 0.29053708439897696
With contradiction_threshold = 0.2 and entailment_threshold = 0.6071990579366684
Precision: 0.4444444444444444 for label 0 | 0.288135593220339 for label 1 | 0.0 for label 2
Recall: 0.851063829787234 for label 0 | 0.4594594594594595 for label 1 | 0.0 for label 2
F1 micro: 0.40585774058577406
F1 macro: 0.31270275750202753
With contradiction_threshold = 0.30000000000000004 and entailment_threshold = 0.6071990579366684
Precision: 0.4270833333333333 for label 0 | 0.2765957446808511 for label 1 | 0.0 for label 2
Recall: 0.8723404255319149 for label 0 | 0.35135135135135137 for label 1 | 0.0 for label 2
F1 micro: 0.39748953974895396
F1 macro: 0.2943167943167943
With contradiction_threshold = 0.4 and entailment_threshold = 0.6071990579366684
Precision: 0.4146341463414634 for label 0 | 0.22580645161290322 for label 1 | 0.3333333333333333 for label 2
Recall: 0.9042553191489362 for label 0 | 0.1891891891891892 for label 1 | 0.009259259259259259 for label 2
F1 micro: 0.3891213389121339
F1 macro: 0.2641540812896312
With contradiction_threshold = 0.5 and entailment_threshold = 0.6071990579366684
Precision: 0.4146341463414634 for label 0 | 0.29411764705882354 for label 1 | 0.5882352941176471 for label 2
Recall: 0.9042553191489362 for label 0 | 0.13513513513513514 for label 1 | 0.09259259259259259 for label 2
F1 micro: 0.4184100418410041
F1 macro: 0.30458235269829476
With contradiction_threshold = 0.6 and entailment_threshold = 0.6071990579366684
Precision: 0.4146341463414634 for label 0 | 0.25 for label 1 | 0.5333333333333333 for label 2
Recall: 0.9042553191489362 for label 0 | 0.02702702702702703 for label 1 | 0.14814814814814814 for label 2
F1 micro: 0.42677824267782427
F1 macro: 0.28307547289519724
With contradiction_threshold = 0.7000000000000001 and entailment_threshold = 0.6071990579366684
Precision: 0.4146341463414634 for label 0 | 0.0 for label 1 | 0.5151515151515151 for label 2
Recall: 0.9042553191489362 for label 0 | 0.0 for label 1 | 0.1574074074074074 for label 2
F1 micro: 0.42677824267782427
F1 macro: 0.2698988748942496
With contradiction_threshold = 0.8 and entailment_threshold = 0.6071990579366684
Precision: 0.4146341463414634 for label 0 | 0.0 for label 1 | 0.5151515151515151 for label 2
Recall: 0.9042553191489362 for label 0 | 0.0 for label 1 | 0.1574074074074074 for label 2
F1 micro: 0.42677824267782427
F1 macro: 0.2698988748942496
With contradiction_threshold = 0.9 and entailment_threshold = 0.6071990579366684
Precision: 0.4146341463414634 for label 0 | 0.0 for label 1 | 0.5 for label 2
Recall: 0.9042553191489362 for label 0 | 0.0 for label 1 | 0.1574074074074074 for label 2
F1 micro: 0.42677824267782427
F1 macro: 0.26933283087600296
With contradiction_threshold = 0.4515894763171673 and entailment_threshold = 0.1
Precision: 0.3907563025210084 for label 0 | 0.0 for label 1 | 0.0 for label 2
Recall: 0.9893617021276596 for label 0 | 0.0 for label 1 | 0.0 for label 2
F1 micro: 0.3891213389121339
F1 macro: 0.18674698795180722
With contradiction_threshold = 0.4515894763171673 and entailment_threshold = 0.2
Precision: 0.3881856540084388 for label 0 | 0.0 for label 1 | 0.0 for label 2
Recall: 0.9787234042553191 for label 0 | 0.0 for label 1 | 0.0 for label 2
F1 micro: 0.3849372384937239
F1 macro: 0.18529707955689825
With contradiction_threshold = 0.4515894763171673 and entailment_threshold = 0.30000000000000004
Precision: 0.3922413793103448 for label 0 | 0.42857142857142855 for label 1 | 0.0 for label 2
Recall: 0.9680851063829787 for label 0 | 0.08108108108108109 for label 1 | 0.0 for label 2
F1 micro: 0.39330543933054396
F1 macro: 0.2315486149841978
With contradiction_threshold = 0.4515894763171673 and entailment_threshold = 0.4
Precision: 0.3930131004366812 for label 0 | 0.3 for label 1 | 0.0 for label 2
Recall: 0.9574468085106383 for label 0 | 0.08108108108108109 for label 1 | 0.0 for label 2
F1 micro: 0.3891213389121339
F1 macro: 0.22831170542125023
With contradiction_threshold = 0.4515894763171673 and entailment_threshold = 0.5
Precision: 0.4009009009009009 for label 0 | 0.29411764705882354 for label 1 | 0.0 for label 2
Recall: 0.9468085106382979 for label 0 | 0.13513513513513514 for label 1 | 0.0 for label 2
F1 micro: 0.39330543933054396
F1 macro: 0.24949210814189718
With contradiction_threshold = 0.4515894763171673 and entailment_threshold = 0.6
Precision: 0.4095238095238095 for label 0 | 0.29411764705882354 for label 1 | 0.5833333333333334 for label 2
Recall: 0.9148936170212766 for label 0 | 0.13513513513513514 for label 1 | 0.06481481481481481 for label 2
F1 micro: 0.41004184100418406
F1 macro: 0.28921377517868746
With contradiction_threshold = 0.4515894763171673 and entailment_threshold = 0.7000000000000001
Precision: 0.4444444444444444 for label 0 | 0.29411764705882354 for label 1 | 0.5 for label 2
Recall: 0.851063829787234 for label 0 | 0.13513513513513514 for label 1 | 0.19444444444444445 for label 2
F1 micro: 0.4435146443514644
F1 macro: 0.3497089303415337
With contradiction_threshold = 0.4515894763171673 and entailment_threshold = 0.8
Precision: 0.42207792207792205 for label 0 | 0.29411764705882354 for label 1 | 0.4264705882352941 for label 2
Recall: 0.6914893617021277 for label 0 | 0.13513513513513514 for label 1 | 0.26851851851851855 for label 2
F1 micro: 0.41422594142259417
F1 macro: 0.34630806270591213
With contradiction_threshold = 0.4515894763171673 and entailment_threshold = 0.9
Precision: 0.46296296296296297 for label 0 | 0.29411764705882354 for label 1 | 0.47368421052631576 for label 2
Recall: 0.5319148936170213 for label 0 | 0.13513513513513514 for label 1 | 0.5 for label 2
F1 micro: 0.4560669456066946
F1 macro: 0.3889070588740555
