With contradiction_threshold = 0.3066000507824356 and entailment_threshold = 0.5892463317140937 * COMPUTED THRESHOLDS
Precision: 0.4105263157894737 for label 0 | 0.19047619047619047 for label 1 | 0.14285714285714285 for label 2
Recall: 0.8297872340425532 for label 0 | 0.21621621621621623 for label 1 | 0.009259259259259259 for label 2
F1 micro: 0.36401673640167365
F1 macro: 0.2564062415217779
With contradiction_threshold = 0.1 and entailment_threshold = 0.5892463317140937
Precision: 0.4147727272727273 for label 0 | 0.19642857142857142 for label 1 | 0.14285714285714285 for label 2
Recall: 0.776595744680851 for label 0 | 0.2972972972972973 for label 1 | 0.009259259259259259 for label 2
F1 micro: 0.35564853556485354
F1 macro: 0.2648970616245044
With contradiction_threshold = 0.2 and entailment_threshold = 0.5892463317140937
Precision: 0.4166666666666667 for label 0 | 0.19230769230769232 for label 1 | 0.14285714285714285 for label 2
Recall: 0.7978723404255319 for label 0 | 0.2702702702702703 for label 1 | 0.009259259259259259 for label 2
F1 micro: 0.3598326359832636
F1 macro: 0.2631852203152914
With contradiction_threshold = 0.30000000000000004 and entailment_threshold = 0.5892463317140937
Precision: 0.4105263157894737 for label 0 | 0.19047619047619047 for label 1 | 0.14285714285714285 for label 2
Recall: 0.8297872340425532 for label 0 | 0.21621621621621623 for label 1 | 0.009259259259259259 for label 2
F1 micro: 0.36401673640167365
F1 macro: 0.2564062415217779
With contradiction_threshold = 0.4 and entailment_threshold = 0.5892463317140937
Precision: 0.4114583333333333 for label 0 | 0.175 for label 1 | 0.14285714285714285 for label 2
Recall: 0.8404255319148937 for label 0 | 0.1891891891891892 for label 1 | 0.009259259259259259 for label 2
F1 micro: 0.36401673640167365
F1 macro: 0.25055234620452016
With contradiction_threshold = 0.5 and entailment_threshold = 0.5892463317140937
Precision: 0.4114583333333333 for label 0 | 0.20588235294117646 for label 1 | 0.5384615384615384 for label 2
Recall: 0.8404255319148937 for label 0 | 0.1891891891891892 for label 1 | 0.06481481481481481 for label 2
F1 micro: 0.3891213389121339
F1 macro: 0.2884443767926483
With contradiction_threshold = 0.6 and entailment_threshold = 0.5892463317140937
Precision: 0.4114583333333333 for label 0 | 0.19230769230769232 for label 1 | 0.47619047619047616 for label 2
Recall: 0.8404255319148937 for label 0 | 0.13513513513513514 for label 1 | 0.09259259259259259 for label 2
F1 micro: 0.39330543933054396
F1 macro: 0.28873882362254455
With contradiction_threshold = 0.7000000000000001 and entailment_threshold = 0.5892463317140937
Precision: 0.4114583333333333 for label 0 | 0.21739130434782608 for label 1 | 0.5 for label 2
Recall: 0.8404255319148937 for label 0 | 0.13513513513513514 for label 1 | 0.1111111111111111 for label 2
F1 micro: 0.401673640167364
F1 macro: 0.3003108003108003
With contradiction_threshold = 0.8 and entailment_threshold = 0.5892463317140937
Precision: 0.4114583333333333 for label 0 | 0.19047619047619047 for label 1 | 0.5 for label 2
Recall: 0.8404255319148937 for label 0 | 0.10810810810810811 for label 1 | 0.12037037037037036 for label 2
F1 micro: 0.401673640167364
F1 macro: 0.29480281255885993
With contradiction_threshold = 0.9 and entailment_threshold = 0.5892463317140937
Precision: 0.4114583333333333 for label 0 | 0.23076923076923078 for label 1 | 0.5588235294117647 for label 2
Recall: 0.8404255319148937 for label 0 | 0.08108108108108109 for label 1 | 0.17592592592592593 for label 2
F1 micro: 0.4225941422594142
F1 macro: 0.3133510620834565
With contradiction_threshold = 0.3066000507824356 and entailment_threshold = 0.1
Precision: 0.4 for label 0 | 0.18518518518518517 for label 1 | 0.14285714285714285 for label 2
Recall: 0.8723404255319149 for label 0 | 0.13513513513513514 for label 1 | 0.009259259259259259 for label 2
F1 micro: 0.36820083682008364
F1 macro: 0.2407120958751394
With contradiction_threshold = 0.3066000507824356 and entailment_threshold = 0.2
Precision: 0.39901477832512317 for label 0 | 0.1724137931034483 for label 1 | 0.14285714285714285 for label 2
Recall: 0.8617021276595744 for label 0 | 0.13513513513513514 for label 1 | 0.009259259259259259 for label 2
F1 micro: 0.36401673640167365
F1 macro: 0.23812033377250766
With contradiction_threshold = 0.3066000507824356 and entailment_threshold = 0.30000000000000004
Precision: 0.4 for label 0 | 0.21875 for label 1 | 0.14285714285714285 for label 2
Recall: 0.851063829787234 for label 0 | 0.1891891891891892 for label 1 | 0.009259259259259259 for label 2
F1 micro: 0.36820083682008364
F1 macro: 0.25483584738243126
With contradiction_threshold = 0.3066000507824356 and entailment_threshold = 0.4
Precision: 0.40512820512820513 for label 0 | 0.1891891891891892 for label 1 | 0.14285714285714285 for label 2
Recall: 0.8404255319148937 for label 0 | 0.1891891891891892 for label 1 | 0.009259259259259259 for label 2
F1 micro: 0.36401673640167365
F1 macro: 0.25109776543506046
With contradiction_threshold = 0.3066000507824356 and entailment_threshold = 0.5
Precision: 0.4114583333333333 for label 0 | 0.175 for label 1 | 0.14285714285714285 for label 2
Recall: 0.8404255319148937 for label 0 | 0.1891891891891892 for label 1 | 0.009259259259259259 for label 2
F1 micro: 0.36401673640167365
F1 macro: 0.25055234620452016
With contradiction_threshold = 0.3066000507824356 and entailment_threshold = 0.6
Precision: 0.4074074074074074 for label 0 | 0.19047619047619047 for label 1 | 0.125 for label 2
Recall: 0.8191489361702128 for label 0 | 0.21621621621621623 for label 1 | 0.009259259259259259 for label 2
F1 micro: 0.3598326359832636
F1 macro: 0.2546475453957952
With contradiction_threshold = 0.3066000507824356 and entailment_threshold = 0.7000000000000001
Precision: 0.4147727272727273 for label 0 | 0.19607843137254902 for label 1 | 0.25 for label 2
Recall: 0.776595744680851 for label 0 | 0.2702702702702703 for label 1 | 0.027777777777777776 for label 2
F1 micro: 0.3598326359832636
F1 macro: 0.2726711560044894
With contradiction_threshold = 0.3066000507824356 and entailment_threshold = 0.8
Precision: 0.42857142857142855 for label 0 | 0.19607843137254902 for label 1 | 0.4074074074074074 for label 2
Recall: 0.7340425531914894 for label 0 | 0.2702702702702703 for label 1 | 0.10185185185185185 for label 2
F1 micro: 0.37656903765690375
F1 macro: 0.31047072027464184
With contradiction_threshold = 0.3066000507824356 and entailment_threshold = 0.9
Precision: 0.42857142857142855 for label 0 | 0.19607843137254902 for label 1 | 0.4146341463414634 for label 2
Recall: 0.6702127659574468 for label 0 | 0.2702702702702703 for label 1 | 0.1574074074074074 for label 2
F1 micro: 0.37656903765690375
F1 macro: 0.32609407449976663
