With contradiction_threshold = 0.32850691842031665 and entailment_threshold = 0.6920100945835839 * COMPUTED THRESHOLDS
Precision: 0.4101123595505618 for label 0 | 0.16666666666666666 for label 1 | 0.42857142857142855 for label 2
Recall: 0.776595744680851 for label 0 | 0.24324324324324326 for label 1 | 0.027777777777777776 for label 2
F1 micro: 0.35564853556485354
F1 macro: 0.26224693890934303
With contradiction_threshold = 0.1 and entailment_threshold = 0.6920100945835839
Precision: 0.4235294117647059 for label 0 | 0.18840579710144928 for label 1 | 0.0 for label 2
Recall: 0.7659574468085106 for label 0 | 0.35135135135135137 for label 1 | 0.0 for label 2
F1 micro: 0.35564853556485354
F1 macro: 0.26357918810749
With contradiction_threshold = 0.2 and entailment_threshold = 0.6920100945835839
Precision: 0.4147727272727273 for label 0 | 0.18032786885245902 for label 1 | 0.5 for label 2
Recall: 0.776595744680851 for label 0 | 0.2972972972972973 for label 1 | 0.009259259259259259 for label 2
F1 micro: 0.35564853556485354
F1 macro: 0.2611374516136421
With contradiction_threshold = 0.30000000000000004 and entailment_threshold = 0.6920100945835839
Precision: 0.4101123595505618 for label 0 | 0.17543859649122806 for label 1 | 0.25 for label 2
Recall: 0.776595744680851 for label 0 | 0.2702702702702703 for label 1 | 0.009259259259259259 for label 2
F1 micro: 0.3514644351464435
F1 macro: 0.2557959353954348
With contradiction_threshold = 0.4 and entailment_threshold = 0.6920100945835839
Precision: 0.4101123595505618 for label 0 | 0.16279069767441862 for label 1 | 0.4444444444444444 for label 2
Recall: 0.776595744680851 for label 0 | 0.1891891891891892 for label 1 | 0.07407407407407407 for label 2
F1 micro: 0.36820083682008364
F1 macro: 0.2795829442888267
With contradiction_threshold = 0.5 and entailment_threshold = 0.6920100945835839
Precision: 0.4101123595505618 for label 0 | 0.2 for label 1 | 0.5 for label 2
Recall: 0.776595744680851 for label 0 | 0.1891891891891892 for label 1 | 0.12037037037037036 for label 2
F1 micro: 0.3891213389121339
F1 macro: 0.3084130003576887
With contradiction_threshold = 0.6 and entailment_threshold = 0.6920100945835839
Precision: 0.4101123595505618 for label 0 | 0.19230769230769232 for label 1 | 0.45714285714285713 for label 2
Recall: 0.776595744680851 for label 0 | 0.13513513513513514 for label 1 | 0.14814814814814814 for label 2
F1 micro: 0.39330543933054396
F1 macro: 0.3064236961295785
With contradiction_threshold = 0.7000000000000001 and entailment_threshold = 0.6920100945835839
Precision: 0.4101123595505618 for label 0 | 0.23809523809523808 for label 1 | 0.45 for label 2
Recall: 0.776595744680851 for label 0 | 0.13513513513513514 for label 1 | 0.16666666666666666 for label 2
F1 micro: 0.401673640167364
F1 macro: 0.3174739140763482
With contradiction_threshold = 0.8 and entailment_threshold = 0.6920100945835839
Precision: 0.4101123595505618 for label 0 | 0.2222222222222222 for label 1 | 0.46511627906976744 for label 2
Recall: 0.776595744680851 for label 0 | 0.10810810810810811 for label 1 | 0.18518518518518517 for label 2
F1 micro: 0.40585774058577406
F1 macro: 0.3157066378628514
With contradiction_threshold = 0.9 and entailment_threshold = 0.6920100945835839
Precision: 0.4101123595505618 for label 0 | 0.25 for label 1 | 0.5102040816326531 for label 2
Recall: 0.776595744680851 for label 0 | 0.08108108108108109 for label 1 | 0.23148148148148148 for label 2
F1 micro: 0.4225941422594142
F1 macro: 0.32589500768460256
With contradiction_threshold = 0.32850691842031665 and entailment_threshold = 0.1
Precision: 0.4186046511627907 for label 0 | 0.20833333333333334 for label 1 | 0.0 for label 2
Recall: 0.9574468085106383 for label 0 | 0.13513513513513514 for label 1 | 0.0 for label 2
F1 micro: 0.39748953974895396
F1 macro: 0.24881956602472285
With contradiction_threshold = 0.32850691842031665 and entailment_threshold = 0.2
Precision: 0.4075829383886256 for label 0 | 0.17857142857142858 for label 1 | 0.0 for label 2
Recall: 0.9148936170212766 for label 0 | 0.13513513513513514 for label 1 | 0.0 for label 2
F1 micro: 0.3807531380753138
F1 macro: 0.23926019335855406
With contradiction_threshold = 0.32850691842031665 and entailment_threshold = 0.30000000000000004
Precision: 0.4106280193236715 for label 0 | 0.21875 for label 1 | 0.0 for label 2
Recall: 0.9042553191489362 for label 0 | 0.1891891891891892 for label 1 | 0.0 for label 2
F1 micro: 0.3849372384937239
F1 macro: 0.2558942012935946
With contradiction_threshold = 0.32850691842031665 and entailment_threshold = 0.4
Precision: 0.41089108910891087 for label 0 | 0.1891891891891892 for label 1 | 0.0 for label 2
Recall: 0.8829787234042553 for label 0 | 0.1891891891891892 for label 1 | 0.0 for label 2
F1 micro: 0.37656903765690375
F1 macro: 0.25
With contradiction_threshold = 0.32850691842031665 and entailment_threshold = 0.5
Precision: 0.41414141414141414 for label 0 | 0.17073170731707318 for label 1 | 0.0 for label 2
Recall: 0.8723404255319149 for label 0 | 0.1891891891891892 for label 1 | 0.0 for label 2
F1 micro: 0.3723849372384937
F1 macro: 0.24704367170120597
With contradiction_threshold = 0.32850691842031665 and entailment_threshold = 0.6
Precision: 0.40414507772020725 for label 0 | 0.15555555555555556 for label 1 | 0.0 for label 2
Recall: 0.8297872340425532 for label 0 | 0.1891891891891892 for label 1 | 0.0 for label 2
F1 micro: 0.35564853556485354
F1 macro: 0.23809523809523814
With contradiction_threshold = 0.32850691842031665 and entailment_threshold = 0.7000000000000001
Precision: 0.4124293785310734 for label 0 | 0.16666666666666666 for label 1 | 0.5 for label 2
Recall: 0.776595744680851 for label 0 | 0.24324324324324326 for label 1 | 0.037037037037037035 for label 2
F1 micro: 0.3598326359832636
F1 macro: 0.2685043674991505
With contradiction_threshold = 0.32850691842031665 and entailment_threshold = 0.8
Precision: 0.4233128834355828 for label 0 | 0.16666666666666666 for label 1 | 0.5 for label 2
Recall: 0.7340425531914894 for label 0 | 0.24324324324324326 for label 1 | 0.10185185185185185 for label 2
F1 micro: 0.3723849372384937
F1 macro: 0.30133264919257136
With contradiction_threshold = 0.32850691842031665 and entailment_threshold = 0.9
Precision: 0.423841059602649 for label 0 | 0.16666666666666666 for label 1 | 0.47058823529411764 for label 2
Recall: 0.6808510638297872 for label 0 | 0.24324324324324326 for label 1 | 0.14814814814814814 for label 2
F1 micro: 0.3723849372384937
F1 macro: 0.31520109669003027
