With contradiction_threshold = 0.4515894763171673 and entailment_threshold = 0.6071990579366684 * COMPUTED THRESHOLDS
Precision: 0.4368421052631579 for label 0 | 0.2571428571428571 for label 1 | 0.6428571428571429 for label 2
Recall: 0.8829787234042553 for label 0 | 0.24324324324324326 for label 1 | 0.08333333333333333 for label 2
F1 micro: 0.4225941422594142
F1 macro: 0.3273493419533595
With contradiction_threshold = 0.1 and entailment_threshold = 0.6071990579366684
Precision: 0.4382716049382716 for label 0 | 0.19480519480519481 for label 1 | 0.0 for label 2
Recall: 0.7553191489361702 for label 0 | 0.40540540540540543 for label 1 | 0.0 for label 2
F1 micro: 0.3598326359832636
F1 macro: 0.27261513157894735
With contradiction_threshold = 0.2 and entailment_threshold = 0.6071990579366684
Precision: 0.4431818181818182 for label 0 | 0.19047619047619047 for label 1 | 0.0 for label 2
Recall: 0.8297872340425532 for label 0 | 0.32432432432432434 for label 1 | 0.0 for label 2
F1 micro: 0.37656903765690375
F1 macro: 0.2725925925925926
With contradiction_threshold = 0.30000000000000004 and entailment_threshold = 0.6071990579366684
Precision: 0.4385026737967914 for label 0 | 0.19230769230769232 for label 1 | 0.0 for label 2
Recall: 0.8723404255319149 for label 0 | 0.2702702702702703 for label 1 | 0.0 for label 2
F1 micro: 0.3849372384937239
F1 macro: 0.2694496647873432
With contradiction_threshold = 0.4 and entailment_threshold = 0.6071990579366684
Precision: 0.4368421052631579 for label 0 | 0.20833333333333334 for label 1 | 1.0 for label 2
Recall: 0.8829787234042553 for label 0 | 0.2702702702702703 for label 1 | 0.009259259259259259 for label 2
F1 micro: 0.39330543933054396
F1 macro: 0.2793832612512636
With contradiction_threshold = 0.5 and entailment_threshold = 0.6071990579366684
Precision: 0.4368421052631579 for label 0 | 0.25806451612903225 for label 1 | 0.6111111111111112 for label 2
Recall: 0.8829787234042553 for label 0 | 0.21621621621621623 for label 1 | 0.10185185185185185 for label 2
F1 micro: 0.42677824267782427
F1 macro: 0.3314681115012515
With contradiction_threshold = 0.6 and entailment_threshold = 0.6071990579366684
Precision: 0.4368421052631579 for label 0 | 0.23529411764705882 for label 1 | 0.5625 for label 2
Recall: 0.8829787234042553 for label 0 | 0.10810810810810811 for label 1 | 0.16666666666666666 for label 2
F1 micro: 0.4393305439330544
F1 macro: 0.32993268251484215
With contradiction_threshold = 0.7000000000000001 and entailment_threshold = 0.6071990579366684
Precision: 0.4368421052631579 for label 0 | 0.3 for label 1 | 0.5897435897435898 for label 2
Recall: 0.8829787234042553 for label 0 | 0.08108108108108109 for label 1 | 0.21296296296296297 for label 2
F1 micro: 0.4560669456066946
F1 macro: 0.34169726226321123
With contradiction_threshold = 0.8 and entailment_threshold = 0.6071990579366684
Precision: 0.4368421052631579 for label 0 | 0.2 for label 1 | 0.5681818181818182 for label 2
Recall: 0.8829787234042553 for label 0 | 0.02702702702702703 for label 1 | 0.23148148148148148 for label 2
F1 micro: 0.4560669456066946
F1 macro: 0.3203578194312071
With contradiction_threshold = 0.9 and entailment_threshold = 0.6071990579366684
Precision: 0.4368421052631579 for label 0 | 0.5 for label 1 | 0.574468085106383 for label 2
Recall: 0.8829787234042553 for label 0 | 0.02702702702702703 for label 1 | 0.25 for label 2
F1 micro: 0.46443514644351463
F1 macro: 0.3280587301032553
With contradiction_threshold = 0.4515894763171673 and entailment_threshold = 0.1
Precision: 0.4017467248908297 for label 0 | 0.3 for label 1 | 0.0 for label 2
Recall: 0.9787234042553191 for label 0 | 0.08108108108108109 for label 1 | 0.0 for label 2
F1 micro: 0.39748953974895396
F1 macro: 0.23243967239751448
With contradiction_threshold = 0.4515894763171673 and entailment_threshold = 0.2
Precision: 0.40625 for label 0 | 0.2 for label 1 | 0.0 for label 2
Recall: 0.9680851063829787 for label 0 | 0.08108108108108109 for label 1 | 0.0 for label 2
F1 micro: 0.39330543933054396
F1 macro: 0.22923721980325754
With contradiction_threshold = 0.4515894763171673 and entailment_threshold = 0.30000000000000004
Precision: 0.41363636363636364 for label 0 | 0.21052631578947367 for label 1 | 0.0 for label 2
Recall: 0.9680851063829787 for label 0 | 0.10810810810810811 for label 1 | 0.0 for label 2
F1 micro: 0.39748953974895396
F1 macro: 0.24082499241734914
With contradiction_threshold = 0.4515894763171673 and entailment_threshold = 0.4
Precision: 0.41784037558685444 for label 0 | 0.2692307692307692 for label 1 | 0.0 for label 2
Recall: 0.9468085106382979 for label 0 | 0.1891891891891892 for label 1 | 0.0 for label 2
F1 micro: 0.401673640167364
F1 macro: 0.2673422608276029
With contradiction_threshold = 0.4515894763171673 and entailment_threshold = 0.5
Precision: 0.4251207729468599 for label 0 | 0.25 for label 1 | 0.0 for label 2
Recall: 0.9361702127659575 for label 0 | 0.21621621621621623 for label 1 | 0.0 for label 2
F1 micro: 0.401673640167364
F1 macro: 0.27220055531481213
With contradiction_threshold = 0.4515894763171673 and entailment_threshold = 0.6
Precision: 0.4329896907216495 for label 0 | 0.2571428571428571 for label 1 | 0.6 for label 2
Recall: 0.8936170212765957 for label 0 | 0.24324324324324326 for label 1 | 0.05555555555555555 for label 2
F1 micro: 0.41422594142259417
F1 macro: 0.3116760828625235
With contradiction_threshold = 0.4515894763171673 and entailment_threshold = 0.7000000000000001
Precision: 0.4431818181818182 for label 0 | 0.2571428571428571 for label 1 | 0.5714285714285714 for label 2
Recall: 0.8297872340425532 for label 0 | 0.24324324324324326 for label 1 | 0.14814814814814814 for label 2
F1 micro: 0.4309623430962343
F1 macro: 0.3543572984749455
With contradiction_threshold = 0.4515894763171673 and entailment_threshold = 0.8
Precision: 0.43790849673202614 for label 0 | 0.2571428571428571 for label 1 | 0.49019607843137253 for label 2
Recall: 0.7127659574468085 for label 0 | 0.24324324324324326 for label 1 | 0.23148148148148148 for label 2
F1 micro: 0.4225941422594142
F1 macro: 0.3689918434208404
With contradiction_threshold = 0.4515894763171673 and entailment_threshold = 0.9
Precision: 0.4732142857142857 for label 0 | 0.2571428571428571 for label 1 | 0.4673913043478261 for label 2
Recall: 0.5638297872340425 for label 0 | 0.24324324324324326 for label 1 | 0.39814814814814814 for label 2
F1 micro: 0.4393305439330544
F1 macro: 0.39818770226537215
