With contradiction_threshold = 0.1139116442484891 and entailment_threshold = 0.35857256002541504 * COMPUTED THRESHOLDS
Precision: 0.5714285714285714 for label 0 | 0.27586206896551724 for label 1 | 0.48214285714285715 for label 2
Recall: 0.2553191489361702 for label 0 | 0.21621621621621623 for label 1 | 0.75 for label 2
F1 micro: 0.47280334728033474
F1 macro: 0.3941073135446537
With contradiction_threshold = 0.1 and entailment_threshold = 0.35857256002541504
Precision: 0.5714285714285714 for label 0 | 0.25806451612903225 for label 1 | 0.4819277108433735 for label 2
Recall: 0.2553191489361702 for label 0 | 0.21621621621621623 for label 1 | 0.7407407407407407 for label 2
F1 micro: 0.4686192468619247
F1 macro: 0.390725633319021
With contradiction_threshold = 0.2 and entailment_threshold = 0.35857256002541504
Precision: 0.5813953488372093 for label 0 | 0.38095238095238093 for label 1 | 0.4857142857142857 for label 2
Recall: 0.26595744680851063 for label 0 | 0.21621621621621623 for label 1 | 0.7870370370370371 for label 2
F1 micro: 0.49372384937238495
F1 macro: 0.41384409546535705
With contradiction_threshold = 0.30000000000000004 and entailment_threshold = 0.35857256002541504
Precision: 0.5813953488372093 for label 0 | 0.42105263157894735 for label 1 | 0.480225988700565 for label 2
Recall: 0.26595744680851063 for label 0 | 0.21621621621621623 for label 1 | 0.7870370370370371 for label 2
F1 micro: 0.49372384937238495
F1 macro: 0.41572300581136545
With contradiction_threshold = 0.4 and entailment_threshold = 0.35857256002541504
Precision: 0.5306122448979592 for label 0 | 0.5555555555555556 for label 1 | 0.47513812154696133 for label 2
Recall: 0.2765957446808511 for label 0 | 0.13513513513513514 for label 1 | 0.7962962962962963 for label 2
F1 micro: 0.4895397489539749
F1 macro: 0.3920611257755835
With contradiction_threshold = 0.5 and entailment_threshold = 0.35857256002541504
Precision: 0.5306122448979592 for label 0 | 0.625 for label 1 | 0.47802197802197804 for label 2
Recall: 0.2765957446808511 for label 0 | 0.13513513513513514 for label 1 | 0.8055555555555556 for label 2
F1 micro: 0.49372384937238495
F1 macro: 0.3952861952861953
With contradiction_threshold = 0.6 and entailment_threshold = 0.35857256002541504
Precision: 0.5306122448979592 for label 0 | 0.4 for label 1 | 0.4702702702702703 for label 2
Recall: 0.2765957446808511 for label 0 | 0.05405405405405406 for label 1 | 0.8055555555555556 for label 2
F1 micro: 0.4811715481171548
F1 macro: 0.3509103713881871
With contradiction_threshold = 0.7000000000000001 and entailment_threshold = 0.35857256002541504
Precision: 0.52 for label 0 | 0.25 for label 1 | 0.4702702702702703 for label 2
Recall: 0.2765957446808511 for label 0 | 0.02702702702702703 for label 1 | 0.8055555555555556 for label 2
F1 micro: 0.4769874476987448
F1 macro: 0.3345827514020305
With contradiction_threshold = 0.8 and entailment_threshold = 0.35857256002541504
Precision: 0.52 for label 0 | 0.3333333333333333 for label 1 | 0.4731182795698925 for label 2
Recall: 0.2765957446808511 for label 0 | 0.02702702702702703 for label 1 | 0.8148148148148148 for label 2
F1 micro: 0.4811715481171548
F1 macro: 0.33658352229780797
With contradiction_threshold = 0.9 and entailment_threshold = 0.35857256002541504
Precision: 0.52 for label 0 | 0.3333333333333333 for label 1 | 0.4731182795698925 for label 2
Recall: 0.2765957446808511 for label 0 | 0.02702702702702703 for label 1 | 0.8148148148148148 for label 2
F1 micro: 0.4811715481171548
F1 macro: 0.33658352229780797
With contradiction_threshold = 0.1139116442484891 and entailment_threshold = 0.1
Precision: 0.5135135135135135 for label 0 | 0.3684210526315789 for label 1 | 0.4863013698630137 for label 2
Recall: 0.40425531914893614 for label 0 | 0.1891891891891892 for label 1 | 0.6574074074074074 for label 2
F1 micro: 0.48535564853556484
F1 macro: 0.4204786901637296
With contradiction_threshold = 0.1139116442484891 and entailment_threshold = 0.2
Precision: 0.5614035087719298 for label 0 | 0.3076923076923077 for label 1 | 0.4807692307692308 for label 2
Recall: 0.3404255319148936 for label 0 | 0.21621621621621623 for label 1 | 0.6944444444444444 for label 2
F1 micro: 0.4811715481171548
F1 macro: 0.415330377250907
With contradiction_threshold = 0.1139116442484891 and entailment_threshold = 0.30000000000000004
Precision: 0.5681818181818182 for label 0 | 0.2857142857142857 for label 1 | 0.47904191616766467 for label 2
Recall: 0.26595744680851063 for label 0 | 0.21621621621621623 for label 1 | 0.7407407407407407 for label 2
F1 micro: 0.47280334728033474
F1 macro: 0.39676362285057937
With contradiction_threshold = 0.1139116442484891 and entailment_threshold = 0.4
Precision: 0.5714285714285714 for label 0 | 0.27586206896551724 for label 1 | 0.48214285714285715 for label 2
Recall: 0.2553191489361702 for label 0 | 0.21621621621621623 for label 1 | 0.75 for label 2
F1 micro: 0.47280334728033474
F1 macro: 0.3941073135446537
With contradiction_threshold = 0.1139116442484891 and entailment_threshold = 0.5
Precision: 0.5625 for label 0 | 0.2571428571428571 for label 1 | 0.47674418604651164 for label 2
Recall: 0.19148936170212766 for label 0 | 0.24324324324324326 for label 1 | 0.7592592592592593 for label 2
F1 micro: 0.4560669456066946
F1 macro: 0.3738095238095238
With contradiction_threshold = 0.1139116442484891 and entailment_threshold = 0.6
Precision: 0.5384615384615384 for label 0 | 0.2571428571428571 for label 1 | 0.47191011235955055 for label 2
Recall: 0.14893617021276595 for label 0 | 0.24324324324324326 for label 1 | 0.7777777777777778 for label 2
F1 micro: 0.4476987447698745
F1 macro: 0.356915306915307
With contradiction_threshold = 0.1139116442484891 and entailment_threshold = 0.7000000000000001
Precision: 0.5789473684210527 for label 0 | 0.275 for label 1 | 0.4666666666666667 for label 2
Recall: 0.11702127659574468 for label 0 | 0.2972972972972973 for label 1 | 0.7777777777777778 for label 2
F1 micro: 0.4435146443514644
F1 macro: 0.3545792948447816
With contradiction_threshold = 0.1139116442484891 and entailment_threshold = 0.8
Precision: 0.5789473684210527 for label 0 | 0.275 for label 1 | 0.4666666666666667 for label 2
Recall: 0.11702127659574468 for label 0 | 0.2972972972972973 for label 1 | 0.7777777777777778 for label 2
F1 micro: 0.4435146443514644
F1 macro: 0.3545792948447816
With contradiction_threshold = 0.1139116442484891 and entailment_threshold = 0.9
Precision: 0.5555555555555556 for label 0 | 0.275 for label 1 | 0.46408839779005523 for label 2
Recall: 0.10638297872340426 for label 0 | 0.2972972972972973 for label 1 | 0.7777777777777778 for label 2
F1 micro: 0.4393305439330544
F1 macro: 0.3485335310594826
