With contradiction_threshold = 0.17028704351323798 and entailment_threshold = 0.17234665093055268 * COMPUTED THRESHOLDS
Precision: 0.5932203389830508 for label 0 | 0.42424242424242425 for label 1 | 0.6477272727272727 for label 2
Recall: 0.7446808510638298 for label 0 | 0.3783783783783784 for label 1 | 0.5277777777777778 for label 2
F1 micro: 0.5899581589958159
F1 macro: 0.5473366705172635
With contradiction_threshold = 0.1 and entailment_threshold = 0.17234665093055268
Precision: 0.6 for label 0 | 0.3488372093023256 for label 1 | 0.6419753086419753 for label 2
Recall: 0.7340425531914894 for label 0 | 0.40540540540540543 for label 1 | 0.48148148148148145 for label 2
F1 micro: 0.5690376569037657
F1 macro: 0.5285172105347544
With contradiction_threshold = 0.2 and entailment_threshold = 0.17234665093055268
Precision: 0.5590551181102362 for label 0 | 0.391304347826087 for label 1 | 0.6404494382022472 for label 2
Recall: 0.7553191489361702 for label 0 | 0.24324324324324326 for label 1 | 0.5277777777777778 for label 2
F1 micro: 0.5732217573221757
F1 macro: 0.5070713798990897
With contradiction_threshold = 0.30000000000000004 and entailment_threshold = 0.17234665093055268
Precision: 0.5546875 for label 0 | 0.4 for label 1 | 0.6263736263736264 for label 2
Recall: 0.7553191489361702 for label 0 | 0.21621621621621623 for label 1 | 0.5277777777777778 for label 2
F1 micro: 0.5690376569037657
F1 macro: 0.4977352385445483
With contradiction_threshold = 0.4 and entailment_threshold = 0.17234665093055268
Precision: 0.5546875 for label 0 | 0.5384615384615384 for label 1 | 0.6428571428571429 for label 2
Recall: 0.7553191489361702 for label 0 | 0.1891891891891892 for label 1 | 0.5833333333333334 for label 2
F1 micro: 0.5899581589958159
F1 macro: 0.5104300416921776
With contradiction_threshold = 0.5 and entailment_threshold = 0.17234665093055268
Precision: 0.5546875 for label 0 | 0.5 for label 1 | 0.6237623762376238 for label 2
Recall: 0.7553191489361702 for label 0 | 0.13513513513513514 for label 1 | 0.5833333333333334 for label 2
F1 micro: 0.5815899581589958
F1 macro: 0.4850921368278592
With contradiction_threshold = 0.6 and entailment_threshold = 0.17234665093055268
Precision: 0.5546875 for label 0 | 0.6 for label 1 | 0.6132075471698113 for label 2
Recall: 0.7553191489361702 for label 0 | 0.08108108108108109 for label 1 | 0.6018518518518519 for label 2
F1 micro: 0.5815899581589958
F1 macro: 0.46332447267026716
With contradiction_threshold = 0.7000000000000001 and entailment_threshold = 0.17234665093055268
Precision: 0.5546875 for label 0 | 0.6 for label 1 | 0.6132075471698113 for label 2
Recall: 0.7553191489361702 for label 0 | 0.08108108108108109 for label 1 | 0.6018518518518519 for label 2
F1 micro: 0.5815899581589958
F1 macro: 0.46332447267026716
With contradiction_threshold = 0.8 and entailment_threshold = 0.17234665093055268
Precision: 0.5546875 for label 0 | 0.75 for label 1 | 0.6074766355140186 for label 2
Recall: 0.7553191489361702 for label 0 | 0.08108108108108109 for label 1 | 0.6018518518518519 for label 2
F1 micro: 0.5815899581589958
F1 macro: 0.46354408861499047
With contradiction_threshold = 0.9 and entailment_threshold = 0.17234665093055268
Precision: 0.5546875 for label 0 | 0.75 for label 1 | 0.6074766355140186 for label 2
Recall: 0.7553191489361702 for label 0 | 0.08108108108108109 for label 1 | 0.6018518518518519 for label 2
F1 micro: 0.5815899581589958
F1 macro: 0.46354408861499047
With contradiction_threshold = 0.17028704351323798 and entailment_threshold = 0.1
Precision: 0.5133333333333333 for label 0 | 0.4166666666666667 for label 1 | 0.6615384615384615 for label 2
Recall: 0.8191489361702128 for label 0 | 0.2702702702702703 for label 1 | 0.39814814814814814 for label 2
F1 micro: 0.5439330543933054
F1 macro: 0.4853754066774061
With contradiction_threshold = 0.17028704351323798 and entailment_threshold = 0.2
Precision: 0.6017699115044248 for label 0 | 0.4117647058823529 for label 1 | 0.6521739130434783 for label 2
Recall: 0.723404255319149 for label 0 | 0.3783783783783784 for label 1 | 0.5555555555555556 for label 2
F1 micro: 0.5941422594142259
F1 macro: 0.550457009366991
With contradiction_threshold = 0.17028704351323798 and entailment_threshold = 0.30000000000000004
Precision: 0.6021505376344086 for label 0 | 0.4166666666666667 for label 1 | 0.5909090909090909 for label 2
Recall: 0.5957446808510638 for label 0 | 0.40540540540540543 for label 1 | 0.6018518518518519 for label 2
F1 micro: 0.5690376569037657
F1 macro: 0.5354065535407898
With contradiction_threshold = 0.17028704351323798 and entailment_threshold = 0.4
Precision: 0.6233766233766234 for label 0 | 0.40540540540540543 for label 1 | 0.56 for label 2
Recall: 0.5106382978723404 for label 0 | 0.40540540540540543 for label 1 | 0.6481481481481481 for label 2
F1 micro: 0.5564853556485355
F1 macro: 0.5225557610920158
With contradiction_threshold = 0.17028704351323798 and entailment_threshold = 0.5
Precision: 0.6086956521739131 for label 0 | 0.39473684210526316 for label 1 | 0.5454545454545454 for label 2
Recall: 0.44680851063829785 for label 0 | 0.40540540540540543 for label 1 | 0.6666666666666666 for label 2
F1 micro: 0.5397489539748954
F1 macro: 0.5051124744376279
With contradiction_threshold = 0.17028704351323798 and entailment_threshold = 0.6
Precision: 0.6052631578947368 for label 0 | 0.39473684210526316 for label 1 | 0.49693251533742333 for label 2
Recall: 0.24468085106382978 for label 0 | 0.40540540540540543 for label 1 | 0.75 for label 2
F1 micro: 0.497907949790795
F1 macro: 0.44875694211487566
With contradiction_threshold = 0.17028704351323798 and entailment_threshold = 0.7000000000000001
Precision: 0.5806451612903226 for label 0 | 0.39473684210526316 for label 1 | 0.4823529411764706 for label 2
Recall: 0.19148936170212766 for label 0 | 0.40540540540540543 for label 1 | 0.7592592592592593 for label 2
F1 micro: 0.4811715481171548
F1 macro: 0.4259760191846523
With contradiction_threshold = 0.17028704351323798 and entailment_threshold = 0.8
Precision: 0.5384615384615384 for label 0 | 0.375 for label 1 | 0.4797687861271676 for label 2
Recall: 0.14893617021276595 for label 0 | 0.40540540540540543 for label 1 | 0.7685185185185185 for label 2
F1 micro: 0.4686192468619247
F1 macro: 0.40456368463485903
With contradiction_threshold = 0.17028704351323798 and entailment_threshold = 0.9
Precision: 0.5454545454545454 for label 0 | 0.375 for label 1 | 0.480225988700565 for label 2
Recall: 0.1276595744680851 for label 0 | 0.40540540540540543 for label 1 | 0.7870370370370371 for label 2
F1 micro: 0.4686192468619247
F1 macro: 0.39766605646823433
