With contradiction_threshold = 0.1747111273333828 and entailment_threshold = 0.1747256485116968 * COMPUTED THRESHOLDS
Precision: 0.5934959349593496 for label 0 | 0.3939393939393939 for label 1 | 0.6867469879518072 for label 2
Recall: 0.776595744680851 for label 0 | 0.35135135135135137 for label 1 | 0.5277777777777778 for label 2
F1 micro: 0.5983263598326359
F1 macro: 0.547032756693287
With contradiction_threshold = 0.1 and entailment_threshold = 0.1747256485116968
Precision: 0.6 for label 0 | 0.3488372093023256 for label 1 | 0.6973684210526315 for label 2
Recall: 0.7659574468085106 for label 0 | 0.40540540540540543 for label 1 | 0.49074074074074076 for label 2
F1 micro: 0.5857740585774058
F1 macro: 0.5413280509278071
With contradiction_threshold = 0.2 and entailment_threshold = 0.1747256485116968
Precision: 0.5648854961832062 for label 0 | 0.3333333333333333 for label 1 | 0.6785714285714286 for label 2
Recall: 0.7872340425531915 for label 0 | 0.21621621621621623 for label 1 | 0.5277777777777778 for label 2
F1 micro: 0.5815899581589958
F1 macro: 0.504607619914997
With contradiction_threshold = 0.30000000000000004 and entailment_threshold = 0.1747256485116968
Precision: 0.5606060606060606 for label 0 | 0.3684210526315789 for label 1 | 0.6704545454545454 for label 2
Recall: 0.7872340425531915 for label 0 | 0.1891891891891892 for label 1 | 0.5462962962962963 for label 2
F1 micro: 0.5857740585774058
F1 macro: 0.5023026909878996
With contradiction_threshold = 0.4 and entailment_threshold = 0.1747256485116968
Precision: 0.5606060606060606 for label 0 | 0.5 for label 1 | 0.6666666666666666 for label 2
Recall: 0.7872340425531915 for label 0 | 0.1891891891891892 for label 1 | 0.5740740740740741 for label 2
F1 micro: 0.5983263598326359
F1 macro: 0.5154308278147696
With contradiction_threshold = 0.5 and entailment_threshold = 0.1747256485116968
Precision: 0.5606060606060606 for label 0 | 0.5555555555555556 for label 1 | 0.6530612244897959 for label 2
Recall: 0.7872340425531915 for label 0 | 0.13513513513513514 for label 1 | 0.5925925925925926 for label 2
F1 micro: 0.5983263598326359
F1 macro: 0.49787259476198836
With contradiction_threshold = 0.6 and entailment_threshold = 0.1747256485116968
Precision: 0.5606060606060606 for label 0 | 0.4 for label 1 | 0.6274509803921569 for label 2
Recall: 0.7872340425531915 for label 0 | 0.05405405405405406 for label 1 | 0.5925925925925926 for label 2
F1 micro: 0.5857740585774058
F1 macro: 0.45320972046635766
With contradiction_threshold = 0.7000000000000001 and entailment_threshold = 0.1747256485116968
Precision: 0.5606060606060606 for label 0 | 0.4 for label 1 | 0.6274509803921569 for label 2
Recall: 0.7872340425531915 for label 0 | 0.05405405405405406 for label 1 | 0.5925925925925926 for label 2
F1 micro: 0.5857740585774058
F1 macro: 0.45320972046635766
With contradiction_threshold = 0.8 and entailment_threshold = 0.1747256485116968
Precision: 0.5606060606060606 for label 0 | 0.5 for label 1 | 0.6213592233009708 for label 2
Recall: 0.7872340425531915 for label 0 | 0.05405405405405406 for label 1 | 0.5925925925925926 for label 2
F1 micro: 0.5857740585774058
F1 macro: 0.4530211011123238
With contradiction_threshold = 0.9 and entailment_threshold = 0.1747256485116968
Precision: 0.5606060606060606 for label 0 | 0.5 for label 1 | 0.6213592233009708 for label 2
Recall: 0.7872340425531915 for label 0 | 0.05405405405405406 for label 1 | 0.5925925925925926 for label 2
F1 micro: 0.5857740585774058
F1 macro: 0.4530211011123238
With contradiction_threshold = 0.1747111273333828 and entailment_threshold = 0.1
Precision: 0.5094339622641509 for label 0 | 0.375 for label 1 | 0.7142857142857143 for label 2
Recall: 0.8617021276595744 for label 0 | 0.24324324324324326 for label 1 | 0.37037037037037035 for label 2
F1 micro: 0.5439330543933054
F1 macro: 0.47440101693183073
With contradiction_threshold = 0.1747111273333828 and entailment_threshold = 0.2
Precision: 0.6 for label 0 | 0.38235294117647056 for label 1 | 0.6941176470588235 for label 2
Recall: 0.7659574468085106 for label 0 | 0.35135135135135137 for label 1 | 0.5462962962962963 for label 2
F1 micro: 0.602510460251046
F1 macro: 0.550164447696948
With contradiction_threshold = 0.1747111273333828 and entailment_threshold = 0.30000000000000004
Precision: 0.61 for label 0 | 0.3783783783783784 for label 1 | 0.6274509803921569 for label 2
Recall: 0.648936170212766 for label 0 | 0.3783783783783784 for label 1 | 0.5925925925925926 for label 2
F1 micro: 0.5815899581589958
F1 macro: 0.5389227224278771
With contradiction_threshold = 0.1747111273333828 and entailment_threshold = 0.4
Precision: 0.6172839506172839 for label 0 | 0.375 for label 1 | 0.5847457627118644 for label 2
Recall: 0.5319148936170213 for label 0 | 0.40540540540540543 for label 1 | 0.6388888888888888 for label 2
F1 micro: 0.5606694560669456
F1 macro: 0.5238861433551699
With contradiction_threshold = 0.1747111273333828 and entailment_threshold = 0.5
Precision: 0.618421052631579 for label 0 | 0.36585365853658536 for label 1 | 0.5819672131147541 for label 2
Recall: 0.5 for label 0 | 0.40540540540540543 for label 1 | 0.6574074074074074 for label 2
F1 micro: 0.5564853556485355
F1 macro: 0.5183159551445997
With contradiction_threshold = 0.1747111273333828 and entailment_threshold = 0.6
Precision: 0.625 for label 0 | 0.3333333333333333 for label 1 | 0.5194805194805194 for label 2
Recall: 0.26595744680851063 for label 0 | 0.40540540540540543 for label 1 | 0.7407407407407407 for label 2
F1 micro: 0.502092050209205
F1 macro: 0.44989166993185253
With contradiction_threshold = 0.1747111273333828 and entailment_threshold = 0.7000000000000001
Precision: 0.59375 for label 0 | 0.32608695652173914 for label 1 | 0.5031055900621118 for label 2
Recall: 0.20212765957446807 for label 0 | 0.40540540540540543 for label 1 | 0.75 for label 2
F1 micro: 0.4811715481171548
F1 macro: 0.42175452266373575
With contradiction_threshold = 0.1747111273333828 and entailment_threshold = 0.8
Precision: 0.5714285714285714 for label 0 | 0.3191489361702128 for label 1 | 0.5 for label 2
Recall: 0.1702127659574468 for label 0 | 0.40540540540540543 for label 1 | 0.7592592592592593 for label 2
F1 micro: 0.47280334728033474
F1 macro: 0.40745970519355285
With contradiction_threshold = 0.1747111273333828 and entailment_threshold = 0.9
Precision: 0.5652173913043478 for label 0 | 0.3191489361702128 for label 1 | 0.4970414201183432 for label 2
Recall: 0.13829787234042554 for label 0 | 0.40540540540540543 for label 1 | 0.7777777777777778 for label 2
F1 micro: 0.4686192468619247
F1 macro: 0.39528775810364253
