With contradiction_threshold = 0.005675304756232791 and entailment_threshold = 0.0038067213883152817 * COMPUTED THRESHOLDS
Precision: 0.34615384615384615 for label 0 | 0.23255813953488372 for label 1 | 0.6052631578947368 for label 2
Recall: 0.42857142857142855 for label 0 | 0.5555555555555556 for label 1 | 0.3382352941176471 for label 2
F1 micro: 0.39252336448598124
F1 macro: 0.38160328000473837
With contradiction_threshold = 0.1 and entailment_threshold = 0.0038067213883152817
Precision: 0.25 for label 0 | 0.2857142857142857 for label 1 | 0.6 for label 2
Recall: 0.42857142857142855 for label 0 | 0.3333333333333333 for label 1 | 0.4411764705882353 for label 2
F1 micro: 0.4205607476635514
F1 macro: 0.3773187858825682
With contradiction_threshold = 0.2 and entailment_threshold = 0.0038067213883152817
Precision: 0.23684210526315788 for label 0 | 0.6 for label 1 | 0.6271186440677966 for label 2
Recall: 0.42857142857142855 for label 0 | 0.3333333333333333 for label 1 | 0.5441176470588235 for label 2
F1 micro: 0.48598130841121495
F1 macro: 0.43877777989615696
With contradiction_threshold = 0.30000000000000004 and entailment_threshold = 0.0038067213883152817
Precision: 0.23076923076923078 for label 0 | 1.0 for label 1 | 0.6153846153846154 for label 2
Recall: 0.42857142857142855 for label 0 | 0.16666666666666666 for label 1 | 0.5882352941176471 for label 2
F1 micro: 0.48598130841121495
F1 macro: 0.3957393483709273
With contradiction_threshold = 0.4 and entailment_threshold = 0.0038067213883152817
Precision: 0.23076923076923078 for label 0 | 0.0 for label 1 | 0.5882352941176471 for label 2
Recall: 0.42857142857142855 for label 0 | 0.0 for label 1 | 0.5882352941176471 for label 2
F1 micro: 0.45794392523364486
F1 macro: 0.296078431372549
With contradiction_threshold = 0.5 and entailment_threshold = 0.0038067213883152817
Precision: 0.23076923076923078 for label 0 | 0.0 for label 1 | 0.5882352941176471 for label 2
Recall: 0.42857142857142855 for label 0 | 0.0 for label 1 | 0.5882352941176471 for label 2
F1 micro: 0.45794392523364486
F1 macro: 0.296078431372549
With contradiction_threshold = 0.6 and entailment_threshold = 0.0038067213883152817
Precision: 0.23076923076923078 for label 0 | 0.0 for label 1 | 0.5882352941176471 for label 2
Recall: 0.42857142857142855 for label 0 | 0.0 for label 1 | 0.5882352941176471 for label 2
F1 micro: 0.45794392523364486
F1 macro: 0.296078431372549
With contradiction_threshold = 0.7000000000000001 and entailment_threshold = 0.0038067213883152817
Precision: 0.23076923076923078 for label 0 | 0.0 for label 1 | 0.5882352941176471 for label 2
Recall: 0.42857142857142855 for label 0 | 0.0 for label 1 | 0.5882352941176471 for label 2
F1 micro: 0.45794392523364486
F1 macro: 0.296078431372549
With contradiction_threshold = 0.8 and entailment_threshold = 0.0038067213883152817
Precision: 0.23076923076923078 for label 0 | 0.0 for label 1 | 0.5882352941176471 for label 2
Recall: 0.42857142857142855 for label 0 | 0.0 for label 1 | 0.5882352941176471 for label 2
F1 micro: 0.45794392523364486
F1 macro: 0.296078431372549
With contradiction_threshold = 0.9 and entailment_threshold = 0.0038067213883152817
Precision: 0.23076923076923078 for label 0 | 0.0 for label 1 | 0.5882352941176471 for label 2
Recall: 0.42857142857142855 for label 0 | 0.0 for label 1 | 0.5882352941176471 for label 2
F1 micro: 0.45794392523364486
F1 macro: 0.296078431372549
With contradiction_threshold = 0.005675304756232791 and entailment_threshold = 0.1
Precision: 0.38461538461538464 for label 0 | 0.19607843137254902 for label 1 | 0.6511627906976745 for label 2
Recall: 0.23809523809523808 for label 0 | 0.5555555555555556 for label 1 | 0.4117647058823529 for label 2
F1 micro: 0.40186915887850466
F1 macro: 0.3628257413423654
With contradiction_threshold = 0.005675304756232791 and entailment_threshold = 0.2
Precision: 0.375 for label 0 | 0.19230769230769232 for label 1 | 0.6382978723404256 for label 2
Recall: 0.14285714285714285 for label 0 | 0.5555555555555556 for label 1 | 0.4411764705882353 for label 2
F1 micro: 0.40186915887850466
F1 macro: 0.3381166559577354
With contradiction_threshold = 0.005675304756232791 and entailment_threshold = 0.30000000000000004
Precision: 0.5 for label 0 | 0.18518518518518517 for label 1 | 0.6382978723404256 for label 2
Recall: 0.14285714285714285 for label 0 | 0.5555555555555556 for label 1 | 0.4411764705882353 for label 2
F1 micro: 0.40186915887850466
F1 macro: 0.34057971014492755
With contradiction_threshold = 0.005675304756232791 and entailment_threshold = 0.4
Precision: 0.6666666666666666 for label 0 | 0.18181818181818182 for label 1 | 0.6326530612244898 for label 2
Recall: 0.09523809523809523 for label 0 | 0.5555555555555556 for label 1 | 0.45588235294117646 for label 2
F1 micro: 0.40186915887850466
F1 macro: 0.3235179331069742
With contradiction_threshold = 0.005675304756232791 and entailment_threshold = 0.5
Precision: 0.6666666666666666 for label 0 | 0.18181818181818182 for label 1 | 0.6326530612244898 for label 2
Recall: 0.09523809523809523 for label 0 | 0.5555555555555556 for label 1 | 0.45588235294117646 for label 2
F1 micro: 0.40186915887850466
F1 macro: 0.3235179331069742
With contradiction_threshold = 0.005675304756232791 and entailment_threshold = 0.6
Precision: 0.6666666666666666 for label 0 | 0.18181818181818182 for label 1 | 0.6326530612244898 for label 2
Recall: 0.09523809523809523 for label 0 | 0.5555555555555556 for label 1 | 0.45588235294117646 for label 2
F1 micro: 0.40186915887850466
F1 macro: 0.3235179331069742
With contradiction_threshold = 0.005675304756232791 and entailment_threshold = 0.7000000000000001
Precision: 1.0 for label 0 | 0.18181818181818182 for label 1 | 0.6274509803921569 for label 2
Recall: 0.047619047619047616 for label 0 | 0.5555555555555556 for label 1 | 0.47058823529411764 for label 2
F1 micro: 0.40186915887850466
F1 macro: 0.3008989398997457
With contradiction_threshold = 0.005675304756232791 and entailment_threshold = 0.8
Precision: 1.0 for label 0 | 0.18181818181818182 for label 1 | 0.6274509803921569 for label 2
Recall: 0.047619047619047616 for label 0 | 0.5555555555555556 for label 1 | 0.47058823529411764 for label 2
F1 micro: 0.40186915887850466
F1 macro: 0.3008989398997457
With contradiction_threshold = 0.005675304756232791 and entailment_threshold = 0.9
Precision: 1.0 for label 0 | 0.18181818181818182 for label 1 | 0.6274509803921569 for label 2
Recall: 0.047619047619047616 for label 0 | 0.5555555555555556 for label 1 | 0.47058823529411764 for label 2
F1 micro: 0.40186915887850466
F1 macro: 0.3008989398997457
