With contradiction_threshold = 0.004116300498935743 and entailment_threshold = 0.0019834190920455796 * COMPUTED THRESHOLDS
Precision: 0.32142857142857145 for label 0 | 0.23809523809523808 for label 1 | 0.6216216216216216 for label 2
Recall: 0.42857142857142855 for label 0 | 0.5555555555555556 for label 1 | 0.3382352941176471 for label 2
F1 micro: 0.39252336448598124
F1 macro: 0.3795918367346938
With contradiction_threshold = 0.1 and entailment_threshold = 0.0019834190920455796
Precision: 0.23076923076923078 for label 0 | 0.3 for label 1 | 0.6041666666666666 for label 2
Recall: 0.42857142857142855 for label 0 | 0.3333333333333333 for label 1 | 0.4264705882352941 for label 2
F1 micro: 0.411214953271028
F1 macro: 0.3719298245614035
With contradiction_threshold = 0.2 and entailment_threshold = 0.0019834190920455796
Precision: 0.21428571428571427 for label 0 | 0.6 for label 1 | 0.6363636363636364 for label 2
Recall: 0.42857142857142855 for label 0 | 0.3333333333333333 for label 1 | 0.5147058823529411 for label 2
F1 micro: 0.4672897196261683
F1 macro: 0.42779713511420825
With contradiction_threshold = 0.30000000000000004 and entailment_threshold = 0.0019834190920455796
Precision: 0.20930232558139536 for label 0 | 1.0 for label 1 | 0.6129032258064516 for label 2
Recall: 0.42857142857142855 for label 0 | 0.1111111111111111 for label 1 | 0.5588235294117647 for label 2
F1 micro: 0.45794392523364486
F1 macro: 0.3552884615384615
With contradiction_threshold = 0.4 and entailment_threshold = 0.0019834190920455796
Precision: 0.20930232558139536 for label 0 | 0.0 for label 1 | 0.59375 for label 2
Recall: 0.42857142857142855 for label 0 | 0.0 for label 1 | 0.5588235294117647 for label 2
F1 micro: 0.4392523364485981
F1 macro: 0.2856691919191919
With contradiction_threshold = 0.5 and entailment_threshold = 0.0019834190920455796
Precision: 0.20930232558139536 for label 0 | 0.0 for label 1 | 0.59375 for label 2
Recall: 0.42857142857142855 for label 0 | 0.0 for label 1 | 0.5588235294117647 for label 2
F1 micro: 0.4392523364485981
F1 macro: 0.2856691919191919
With contradiction_threshold = 0.6 and entailment_threshold = 0.0019834190920455796
Precision: 0.20930232558139536 for label 0 | 0.0 for label 1 | 0.59375 for label 2
Recall: 0.42857142857142855 for label 0 | 0.0 for label 1 | 0.5588235294117647 for label 2
F1 micro: 0.4392523364485981
F1 macro: 0.2856691919191919
With contradiction_threshold = 0.7000000000000001 and entailment_threshold = 0.0019834190920455796
Precision: 0.20930232558139536 for label 0 | 0.0 for label 1 | 0.59375 for label 2
Recall: 0.42857142857142855 for label 0 | 0.0 for label 1 | 0.5588235294117647 for label 2
F1 micro: 0.4392523364485981
F1 macro: 0.2856691919191919
With contradiction_threshold = 0.8 and entailment_threshold = 0.0019834190920455796
Precision: 0.20930232558139536 for label 0 | 0.0 for label 1 | 0.59375 for label 2
Recall: 0.42857142857142855 for label 0 | 0.0 for label 1 | 0.5588235294117647 for label 2
F1 micro: 0.4392523364485981
F1 macro: 0.2856691919191919
With contradiction_threshold = 0.9 and entailment_threshold = 0.0019834190920455796
Precision: 0.20930232558139536 for label 0 | 0.0 for label 1 | 0.59375 for label 2
Recall: 0.42857142857142855 for label 0 | 0.0 for label 1 | 0.5588235294117647 for label 2
F1 micro: 0.4392523364485981
F1 macro: 0.2856691919191919
With contradiction_threshold = 0.004116300498935743 and entailment_threshold = 0.1
Precision: 0.3333333333333333 for label 0 | 0.2 for label 1 | 0.6666666666666666 for label 2
Recall: 0.23809523809523808 for label 0 | 0.5555555555555556 for label 1 | 0.4117647058823529 for label 2
F1 micro: 0.40186915887850466
F1 macro: 0.3603287779758368
With contradiction_threshold = 0.004116300498935743 and entailment_threshold = 0.2
Precision: 0.3333333333333333 for label 0 | 0.19607843137254902 for label 1 | 0.6170212765957447 for label 2
Recall: 0.14285714285714285 for label 0 | 0.5555555555555556 for label 1 | 0.4264705882352941 for label 2
F1 micro: 0.39252336448598124
F1 macro: 0.3314009661835749
With contradiction_threshold = 0.004116300498935743 and entailment_threshold = 0.30000000000000004
Precision: 0.5 for label 0 | 0.18867924528301888 for label 1 | 0.625 for label 2
Recall: 0.14285714285714285 for label 0 | 0.5555555555555556 for label 1 | 0.4411764705882353 for label 2
F1 micro: 0.40186915887850466
F1 macro: 0.34038458079254585
With contradiction_threshold = 0.004116300498935743 and entailment_threshold = 0.4
Precision: 0.6666666666666666 for label 0 | 0.18518518518518517 for label 1 | 0.62 for label 2
Recall: 0.09523809523809523 for label 0 | 0.5555555555555556 for label 1 | 0.45588235294117646 for label 2
F1 micro: 0.40186915887850466
F1 macro: 0.32328939108600124
With contradiction_threshold = 0.004116300498935743 and entailment_threshold = 0.5
Precision: 0.6666666666666666 for label 0 | 0.18518518518518517 for label 1 | 0.62 for label 2
Recall: 0.09523809523809523 for label 0 | 0.5555555555555556 for label 1 | 0.45588235294117646 for label 2
F1 micro: 0.40186915887850466
F1 macro: 0.32328939108600124
With contradiction_threshold = 0.004116300498935743 and entailment_threshold = 0.6
Precision: 0.6666666666666666 for label 0 | 0.18518518518518517 for label 1 | 0.62 for label 2
Recall: 0.09523809523809523 for label 0 | 0.5555555555555556 for label 1 | 0.45588235294117646 for label 2
F1 micro: 0.40186915887850466
F1 macro: 0.32328939108600124
With contradiction_threshold = 0.004116300498935743 and entailment_threshold = 0.7000000000000001
Precision: 1.0 for label 0 | 0.18518518518518517 for label 1 | 0.6153846153846154 for label 2
Recall: 0.047619047619047616 for label 0 | 0.5555555555555556 for label 1 | 0.47058823529411764 for label 2
F1 micro: 0.40186915887850466
F1 macro: 0.30067340067340065
With contradiction_threshold = 0.004116300498935743 and entailment_threshold = 0.8
Precision: 1.0 for label 0 | 0.18518518518518517 for label 1 | 0.6153846153846154 for label 2
Recall: 0.047619047619047616 for label 0 | 0.5555555555555556 for label 1 | 0.47058823529411764 for label 2
F1 micro: 0.40186915887850466
F1 macro: 0.30067340067340065
With contradiction_threshold = 0.004116300498935743 and entailment_threshold = 0.9
Precision: 1.0 for label 0 | 0.18518518518518517 for label 1 | 0.6153846153846154 for label 2
Recall: 0.047619047619047616 for label 0 | 0.5555555555555556 for label 1 | 0.47058823529411764 for label 2
F1 micro: 0.40186915887850466
F1 macro: 0.30067340067340065
