With contradiction_threshold = 0.08853802664205102 and entailment_threshold = 0.0001779086580451228 * COMPUTED THRESHOLDS
Precision: 0.2037037037037037 for label 0 | 0.18181818181818182 for label 1 | 0.5483870967741935 for label 2
Recall: 0.5238095238095238 for label 0 | 0.2222222222222222 for label 1 | 0.25 for label 2
F1 micro: 0.29906542056074764
F1 macro: 0.2789225589225589
With contradiction_threshold = 0.1 and entailment_threshold = 0.0001779086580451228
Precision: 0.2 for label 0 | 0.21052631578947367 for label 1 | 0.5454545454545454 for label 2
Recall: 0.5238095238095238 for label 0 | 0.2222222222222222 for label 1 | 0.2647058823529412 for label 2
F1 micro: 0.308411214953271
F1 macro: 0.2873751813303664
With contradiction_threshold = 0.2 and entailment_threshold = 0.0001779086580451228
Precision: 0.1864406779661017 for label 0 | 0.2857142857142857 for label 1 | 0.5609756097560976 for label 2
Recall: 0.5238095238095238 for label 0 | 0.1111111111111111 for label 1 | 0.3382352941176471 for label 2
F1 micro: 0.3364485981308411
F1 macro: 0.2856727828746177
With contradiction_threshold = 0.30000000000000004 and entailment_threshold = 0.0001779086580451228
Precision: 0.18032786885245902 for label 0 | 0.5 for label 1 | 0.5681818181818182 for label 2
Recall: 0.5238095238095238 for label 0 | 0.05555555555555555 for label 1 | 0.36764705882352944 for label 2
F1 micro: 0.34579439252336447
F1 macro: 0.27157375145180024
With contradiction_threshold = 0.4 and entailment_threshold = 0.0001779086580451228
Precision: 0.1774193548387097 for label 0 | 1.0 for label 1 | 0.5681818181818182 for label 2
Recall: 0.5238095238095238 for label 0 | 0.05555555555555555 for label 1 | 0.36764705882352944 for label 2
F1 micro: 0.34579439252336447
F1 macro: 0.2722506567623879
With contradiction_threshold = 0.5 and entailment_threshold = 0.0001779086580451228
Precision: 0.1774193548387097 for label 0 | 1.0 for label 1 | 0.5681818181818182 for label 2
Recall: 0.5238095238095238 for label 0 | 0.05555555555555555 for label 1 | 0.36764705882352944 for label 2
F1 micro: 0.34579439252336447
F1 macro: 0.2722506567623879
With contradiction_threshold = 0.6 and entailment_threshold = 0.0001779086580451228
Precision: 0.1774193548387097 for label 0 | 0.0 for label 1 | 0.5555555555555556 for label 2
Recall: 0.5238095238095238 for label 0 | 0.0 for label 1 | 0.36764705882352944 for label 2
F1 micro: 0.3364485981308411
F1 macro: 0.23584603902335002
With contradiction_threshold = 0.7000000000000001 and entailment_threshold = 0.0001779086580451228
Precision: 0.1774193548387097 for label 0 | 0.0 for label 1 | 0.5555555555555556 for label 2
Recall: 0.5238095238095238 for label 0 | 0.0 for label 1 | 0.36764705882352944 for label 2
F1 micro: 0.3364485981308411
F1 macro: 0.23584603902335002
With contradiction_threshold = 0.8 and entailment_threshold = 0.0001779086580451228
Precision: 0.1774193548387097 for label 0 | 0.0 for label 1 | 0.5555555555555556 for label 2
Recall: 0.5238095238095238 for label 0 | 0.0 for label 1 | 0.36764705882352944 for label 2
F1 micro: 0.3364485981308411
F1 macro: 0.23584603902335002
With contradiction_threshold = 0.9 and entailment_threshold = 0.0001779086580451228
Precision: 0.1774193548387097 for label 0 | 0.0 for label 1 | 0.5555555555555556 for label 2
Recall: 0.5238095238095238 for label 0 | 0.0 for label 1 | 0.36764705882352944 for label 2
F1 micro: 0.3364485981308411
F1 macro: 0.23584603902335002
With contradiction_threshold = 0.08853802664205102 and entailment_threshold = 0.1
Precision: 0.16666666666666666 for label 0 | 0.23529411764705882 for label 1 | 0.639344262295082 for label 2
Recall: 0.09523809523809523 for label 0 | 0.4444444444444444 for label 1 | 0.5735294117647058 for label 2
F1 micro: 0.45794392523364486
F1 macro: 0.34451853056504217
With contradiction_threshold = 0.08853802664205102 and entailment_threshold = 0.2
Precision: 0.5 for label 0 | 0.22857142857142856 for label 1 | 0.6285714285714286 for label 2
Recall: 0.047619047619047616 for label 0 | 0.4444444444444444 for label 1 | 0.6470588235294118 for label 2
F1 micro: 0.4953271028037383
F1 macro: 0.3421748245374168
With contradiction_threshold = 0.08853802664205102 and entailment_threshold = 0.30000000000000004
Precision: 0.0 for label 0 | 0.22857142857142856 for label 1 | 0.6197183098591549 for label 2
Recall: 0.0 for label 0 | 0.4444444444444444 for label 1 | 0.6470588235294118 for label 2
F1 micro: 0.48598130841121495
F1 macro: 0.3116601058775621
With contradiction_threshold = 0.08853802664205102 and entailment_threshold = 0.4
Precision: 0.0 for label 0 | 0.22857142857142856 for label 1 | 0.6197183098591549 for label 2
Recall: 0.0 for label 0 | 0.4444444444444444 for label 1 | 0.6470588235294118 for label 2
F1 micro: 0.48598130841121495
F1 macro: 0.3116601058775621
With contradiction_threshold = 0.08853802664205102 and entailment_threshold = 0.5
Precision: 0.0 for label 0 | 0.22857142857142856 for label 1 | 0.6197183098591549 for label 2
Recall: 0.0 for label 0 | 0.4444444444444444 for label 1 | 0.6470588235294118 for label 2
F1 micro: 0.48598130841121495
F1 macro: 0.3116601058775621
With contradiction_threshold = 0.08853802664205102 and entailment_threshold = 0.6
Precision: 0.0 for label 0 | 0.22857142857142856 for label 1 | 0.625 for label 2
Recall: 0.0 for label 0 | 0.4444444444444444 for label 1 | 0.6617647058823529 for label 2
F1 micro: 0.4953271028037383
F1 macro: 0.3149146451033244
With contradiction_threshold = 0.08853802664205102 and entailment_threshold = 0.7000000000000001
Precision: 0.0 for label 0 | 0.22857142857142856 for label 1 | 0.625 for label 2
Recall: 0.0 for label 0 | 0.4444444444444444 for label 1 | 0.6617647058823529 for label 2
F1 micro: 0.4953271028037383
F1 macro: 0.3149146451033244
With contradiction_threshold = 0.08853802664205102 and entailment_threshold = 0.8
Precision: 0.0 for label 0 | 0.22857142857142856 for label 1 | 0.625 for label 2
Recall: 0.0 for label 0 | 0.4444444444444444 for label 1 | 0.6617647058823529 for label 2
F1 micro: 0.4953271028037383
F1 macro: 0.3149146451033244
With contradiction_threshold = 0.08853802664205102 and entailment_threshold = 0.9
Precision: 0.0 for label 0 | 0.22857142857142856 for label 1 | 0.625 for label 2
Recall: 0.0 for label 0 | 0.4444444444444444 for label 1 | 0.6617647058823529 for label 2
F1 micro: 0.4953271028037383
F1 macro: 0.3149146451033244
