With contradiction_threshold = 0.18230060067078258 and entailment_threshold = 0.26131597097723613 * COMPUTED THRESHOLDS
Precision: 0.225 for label 0 | 0.5 for label 1 | 0.7619047619047619 for label 2
Recall: 0.8181818181818182 for label 0 | 0.15 for label 1 | 0.24615384615384617 for label 2
F1 micro: 0.34579439252336447
F1 macro: 0.31860114349854435
With contradiction_threshold = 0.1 and entailment_threshold = 0.26131597097723613
Precision: 0.22972972972972974 for label 0 | 0.25 for label 1 | 0.7692307692307693 for label 2
Recall: 0.7727272727272727 for label 0 | 0.25 for label 1 | 0.15384615384615385 for label 2
F1 micro: 0.29906542056074764
F1 macro: 0.2868589743589744
With contradiction_threshold = 0.2 and entailment_threshold = 0.26131597097723613
Precision: 0.2222222222222222 for label 0 | 0.6 for label 1 | 0.7619047619047619 for label 2
Recall: 0.8181818181818182 for label 0 | 0.15 for label 1 | 0.24615384615384617 for label 2
F1 micro: 0.34579439252336447
F1 macro: 0.32053586212087004
With contradiction_threshold = 0.30000000000000004 and entailment_threshold = 0.26131597097723613
Precision: 0.21686746987951808 for label 0 | 0.6666666666666666 for label 1 | 0.7619047619047619 for label 2
Recall: 0.8181818181818182 for label 0 | 0.1 for label 1 | 0.24615384615384617 for label 2
F1 micro: 0.3364485981308411
F1 macro: 0.2962877365304059
With contradiction_threshold = 0.4 and entailment_threshold = 0.26131597097723613
Precision: 0.21428571428571427 for label 0 | 1.0 for label 1 | 0.7619047619047619 for label 2
Recall: 0.8181818181818182 for label 0 | 0.1 for label 1 | 0.24615384615384617 for label 2
F1 micro: 0.3364485981308411
F1 macro: 0.2978446155278099
With contradiction_threshold = 0.5 and entailment_threshold = 0.26131597097723613
Precision: 0.21428571428571427 for label 0 | 1.0 for label 1 | 0.7619047619047619 for label 2
Recall: 0.8181818181818182 for label 0 | 0.1 for label 1 | 0.24615384615384617 for label 2
F1 micro: 0.3364485981308411
F1 macro: 0.2978446155278099
With contradiction_threshold = 0.6 and entailment_threshold = 0.26131597097723613
Precision: 0.21428571428571427 for label 0 | 1.0 for label 1 | 0.7272727272727273 for label 2
Recall: 0.8181818181818182 for label 0 | 0.05 for label 1 | 0.24615384615384617 for label 2
F1 micro: 0.32710280373831774
F1 macro: 0.2675589429005174
With contradiction_threshold = 0.7000000000000001 and entailment_threshold = 0.26131597097723613
Precision: 0.21428571428571427 for label 0 | 0.0 for label 1 | 0.6956521739130435 for label 2
Recall: 0.8181818181818182 for label 0 | 0.0 for label 1 | 0.24615384615384617 for label 2
F1 micro: 0.3177570093457944
F1 macro: 0.23441966838193254
With contradiction_threshold = 0.8 and entailment_threshold = 0.26131597097723613
Precision: 0.21428571428571427 for label 0 | 0.0 for label 1 | 0.6956521739130435 for label 2
Recall: 0.8181818181818182 for label 0 | 0.0 for label 1 | 0.24615384615384617 for label 2
F1 micro: 0.3177570093457944
F1 macro: 0.23441966838193254
With contradiction_threshold = 0.9 and entailment_threshold = 0.26131597097723613
Precision: 0.21428571428571427 for label 0 | 0.0 for label 1 | 0.6956521739130435 for label 2
Recall: 0.8181818181818182 for label 0 | 0.0 for label 1 | 0.24615384615384617 for label 2
F1 micro: 0.3177570093457944
F1 macro: 0.23441966838193254
With contradiction_threshold = 0.18230060067078258 and entailment_threshold = 0.1
Precision: 0.20618556701030927 for label 0 | 1.0 for label 1 | 0.75 for label 2
Recall: 0.9090909090909091 for label 0 | 0.1 for label 1 | 0.09230769230769231 for label 2
F1 micro: 0.2616822429906542
F1 macro: 0.22744539908117667
With contradiction_threshold = 0.18230060067078258 and entailment_threshold = 0.2
Precision: 0.21839080459770116 for label 0 | 0.6 for label 1 | 0.8 for label 2
Recall: 0.8636363636363636 for label 0 | 0.15 for label 1 | 0.18461538461538463 for label 2
F1 micro: 0.3177570093457944
F1 macro: 0.29620795107033643
With contradiction_threshold = 0.18230060067078258 and entailment_threshold = 0.30000000000000004
Precision: 0.2077922077922078 for label 0 | 0.375 for label 1 | 0.7272727272727273 for label 2
Recall: 0.7272727272727273 for label 0 | 0.15 for label 1 | 0.24615384615384617 for label 2
F1 micro: 0.32710280373831774
F1 macro: 0.3017780431573535
With contradiction_threshold = 0.18230060067078258 and entailment_threshold = 0.4
Precision: 0.2727272727272727 for label 0 | 0.3333333333333333 for label 1 | 0.6756756756756757 for label 2
Recall: 0.6818181818181818 for label 0 | 0.25 for label 1 | 0.38461538461538464 for label 2
F1 micro: 0.4205607476635514
F1 macro: 0.38850691791868264
With contradiction_threshold = 0.18230060067078258 and entailment_threshold = 0.5
Precision: 0.3023255813953488 for label 0 | 0.3333333333333333 for label 1 | 0.6739130434782609 for label 2
Recall: 0.5909090909090909 for label 0 | 0.3 for label 1 | 0.47692307692307695 for label 2
F1 micro: 0.4672897196261683
F1 macro: 0.4247826774142564
With contradiction_threshold = 0.18230060067078258 and entailment_threshold = 0.6
Precision: 0.2903225806451613 for label 0 | 0.3333333333333333 for label 1 | 0.6727272727272727 for label 2
Recall: 0.4090909090909091 for label 0 | 0.35 for label 1 | 0.5692307692307692 for label 2
F1 micro: 0.4953271028037383
F1 macro: 0.432584240936749
With contradiction_threshold = 0.18230060067078258 and entailment_threshold = 0.7000000000000001
Precision: 0.42105263157894735 for label 0 | 0.3181818181818182 for label 1 | 0.6818181818181818 for label 2
Recall: 0.36363636363636365 for label 0 | 0.35 for label 1 | 0.6923076923076923 for label 2
F1 micro: 0.5607476635514018
F1 macro: 0.47020004551190553
With contradiction_threshold = 0.18230060067078258 and entailment_threshold = 0.8
Precision: 0.3333333333333333 for label 0 | 0.2916666666666667 for label 1 | 0.6621621621621622 for label 2
Recall: 0.13636363636363635 for label 0 | 0.35 for label 1 | 0.7538461538461538 for label 2
F1 micro: 0.5514018691588785
F1 macro: 0.405588725500538
With contradiction_threshold = 0.18230060067078258 and entailment_threshold = 0.9
Precision: 0.25 for label 0 | 0.2916666666666667 for label 1 | 0.6329113924050633 for label 2
Recall: 0.045454545454545456 for label 0 | 0.35 for label 1 | 0.7692307692307693 for label 2
F1 micro: 0.5420560747663551
F1 macro: 0.3631831131831132
