With contradiction_threshold = 0.3167123031446679 and entailment_threshold = 0.26446089314595156 * COMPUTED THRESHOLDS
Precision: 0.25396825396825395 for label 0 | 0.5 for label 1 | 0.6764705882352942 for label 2
Recall: 0.7272727272727273 for label 0 | 0.25 for label 1 | 0.35384615384615387 for label 2
F1 micro: 0.411214953271028
F1 macro: 0.3914834620716974
With contradiction_threshold = 0.1 and entailment_threshold = 0.26446089314595156
Precision: 0.2830188679245283 for label 0 | 0.28 for label 1 | 0.6551724137931034 for label 2
Recall: 0.6818181818181818 for label 0 | 0.35 for label 1 | 0.2923076923076923 for label 2
F1 micro: 0.383177570093458
F1 macro: 0.3717888100866824
With contradiction_threshold = 0.2 and entailment_threshold = 0.26446089314595156
Precision: 0.26666666666666666 for label 0 | 0.4666666666666667 for label 1 | 0.6875 for label 2
Recall: 0.7272727272727273 for label 0 | 0.35 for label 1 | 0.3384615384615385 for label 2
F1 micro: 0.4205607476635514
F1 macro: 0.4146173832872349
With contradiction_threshold = 0.30000000000000004 and entailment_threshold = 0.26446089314595156
Precision: 0.25806451612903225 for label 0 | 0.45454545454545453 for label 1 | 0.6764705882352942 for label 2
Recall: 0.7272727272727273 for label 0 | 0.25 for label 1 | 0.35384615384615387 for label 2
F1 micro: 0.411214953271028
F1 macro: 0.389393163586712
With contradiction_threshold = 0.4 and entailment_threshold = 0.26446089314595156
Precision: 0.24615384615384617 for label 0 | 0.7142857142857143 for label 1 | 0.6857142857142857 for label 2
Recall: 0.7272727272727273 for label 0 | 0.25 for label 1 | 0.36923076923076925 for label 2
F1 micro: 0.4205607476635514
F1 macro: 0.4060621541081311
With contradiction_threshold = 0.5 and entailment_threshold = 0.26446089314595156
Precision: 0.23880597014925373 for label 0 | 0.75 for label 1 | 0.6944444444444444 for label 2
Recall: 0.7272727272727273 for label 0 | 0.15 for label 1 | 0.38461538461538464 for label 2
F1 micro: 0.411214953271028
F1 macro: 0.36820002224941595
With contradiction_threshold = 0.6 and entailment_threshold = 0.26446089314595156
Precision: 0.23529411764705882 for label 0 | 1.0 for label 1 | 0.6756756756756757 for label 2
Recall: 0.7272727272727273 for label 0 | 0.1 for label 1 | 0.38461538461538464 for label 2
F1 micro: 0.40186915887850466
F1 macro: 0.3425232719350366
With contradiction_threshold = 0.7000000000000001 and entailment_threshold = 0.26446089314595156
Precision: 0.23529411764705882 for label 0 | 1.0 for label 1 | 0.6756756756756757 for label 2
Recall: 0.7272727272727273 for label 0 | 0.1 for label 1 | 0.38461538461538464 for label 2
F1 micro: 0.40186915887850466
F1 macro: 0.3425232719350366
With contradiction_threshold = 0.8 and entailment_threshold = 0.26446089314595156
Precision: 0.23529411764705882 for label 0 | 1.0 for label 1 | 0.6756756756756757 for label 2
Recall: 0.7272727272727273 for label 0 | 0.1 for label 1 | 0.38461538461538464 for label 2
F1 micro: 0.40186915887850466
F1 macro: 0.3425232719350366
With contradiction_threshold = 0.9 and entailment_threshold = 0.26446089314595156
Precision: 0.23529411764705882 for label 0 | 1.0 for label 1 | 0.6756756756756757 for label 2
Recall: 0.7272727272727273 for label 0 | 0.1 for label 1 | 0.38461538461538464 for label 2
F1 micro: 0.40186915887850466
F1 macro: 0.3425232719350366
With contradiction_threshold = 0.3167123031446679 and entailment_threshold = 0.1
Precision: 0.2077922077922078 for label 0 | 0.6 for label 1 | 0.6 for label 2
Recall: 0.7272727272727273 for label 0 | 0.15 for label 1 | 0.23076923076923078 for label 2
F1 micro: 0.3177570093457944
F1 macro: 0.2988552188552189
With contradiction_threshold = 0.3167123031446679 and entailment_threshold = 0.2
Precision: 0.22857142857142856 for label 0 | 0.5555555555555556 for label 1 | 0.6428571428571429 for label 2
Recall: 0.7272727272727273 for label 0 | 0.25 for label 1 | 0.27692307692307694 for label 2
F1 micro: 0.36448598130841114
F1 macro: 0.3599168157856556
With contradiction_threshold = 0.3167123031446679 and entailment_threshold = 0.30000000000000004
Precision: 0.2711864406779661 for label 0 | 0.45454545454545453 for label 1 | 0.7027027027027027 for label 2
Recall: 0.7272727272727273 for label 0 | 0.25 for label 1 | 0.4 for label 2
F1 micro: 0.4392523364485981
F1 macro: 0.40914876504165987
With contradiction_threshold = 0.3167123031446679 and entailment_threshold = 0.4
Precision: 0.3137254901960784 for label 0 | 0.42857142857142855 for label 1 | 0.7380952380952381 for label 2
Recall: 0.7272727272727273 for label 0 | 0.3 for label 1 | 0.47692307692307695 for label 2
F1 micro: 0.4953271028037383
F1 macro: 0.4569121977301995
With contradiction_threshold = 0.3167123031446679 and entailment_threshold = 0.5
Precision: 0.325 for label 0 | 0.375 for label 1 | 0.7058823529411765 for label 2
Recall: 0.5909090909090909 for label 0 | 0.3 for label 1 | 0.5538461538461539 for label 2
F1 micro: 0.514018691588785
F1 macro: 0.45779260907180824
With contradiction_threshold = 0.3167123031446679 and entailment_threshold = 0.6
Precision: 0.3448275862068966 for label 0 | 0.3888888888888889 for label 1 | 0.7 for label 2
Recall: 0.45454545454545453 for label 0 | 0.35 for label 1 | 0.6461538461538462 for label 2
F1 micro: 0.5514018691588785
F1 macro: 0.4775259717922256
With contradiction_threshold = 0.3167123031446679 and entailment_threshold = 0.7000000000000001
Precision: 0.47368421052631576 for label 0 | 0.4 for label 1 | 0.7205882352941176 for label 2
Recall: 0.4090909090909091 for label 0 | 0.4 for label 1 | 0.7538461538461538 for label 2
F1 micro: 0.616822429906542
F1 macro: 0.5252888318356868
With contradiction_threshold = 0.3167123031446679 and entailment_threshold = 0.8
Precision: 0.5 for label 0 | 0.4 for label 1 | 0.7123287671232876 for label 2
Recall: 0.3181818181818182 for label 0 | 0.4 for label 1 | 0.8 for label 2
F1 micro: 0.6261682242990654
F1 macro: 0.514170692431562
With contradiction_threshold = 0.3167123031446679 and entailment_threshold = 0.9
Precision: 0.5 for label 0 | 0.4 for label 1 | 0.7012987012987013 for label 2
Recall: 0.22727272727272727 for label 0 | 0.4 for label 1 | 0.8307692307692308 for label 2
F1 micro: 0.6261682242990654
F1 macro: 0.49102112676056336
