With contradiction_threshold = 0.3165372058549991 and entailment_threshold = 0.15480576636764454 * COMPUTED THRESHOLDS
Precision: 0.23076923076923078 for label 0 | 0.5 for label 1 | 0.6521739130434783 for label 2
Recall: 0.8181818181818182 for label 0 | 0.15 for label 1 | 0.23076923076923078 for label 2
F1 micro: 0.3364485981308411
F1 macro: 0.31055944055944057
With contradiction_threshold = 0.1 and entailment_threshold = 0.15480576636764454
Precision: 0.2571428571428571 for label 0 | 0.4375 for label 1 | 0.6190476190476191 for label 2
Recall: 0.8181818181818182 for label 0 | 0.35 for label 1 | 0.2 for label 2
F1 micro: 0.35514018691588783
F1 macro: 0.3608396060367749
With contradiction_threshold = 0.2 and entailment_threshold = 0.15480576636764454
Precision: 0.24324324324324326 for label 0 | 0.5 for label 1 | 0.6521739130434783 for label 2
Recall: 0.8181818181818182 for label 0 | 0.25 for label 1 | 0.23076923076923078 for label 2
F1 micro: 0.35514018691588783
F1 macro: 0.3497474747474747
With contradiction_threshold = 0.30000000000000004 and entailment_threshold = 0.15480576636764454
Precision: 0.23076923076923078 for label 0 | 0.5 for label 1 | 0.6521739130434783 for label 2
Recall: 0.8181818181818182 for label 0 | 0.15 for label 1 | 0.23076923076923078 for label 2
F1 micro: 0.3364485981308411
F1 macro: 0.31055944055944057
With contradiction_threshold = 0.4 and entailment_threshold = 0.15480576636764454
Precision: 0.22784810126582278 for label 0 | 0.75 for label 1 | 0.6666666666666666 for label 2
Recall: 0.8181818181818182 for label 0 | 0.15 for label 1 | 0.24615384615384617 for label 2
F1 micro: 0.34579439252336447
F1 macro: 0.32199540178736974
With contradiction_threshold = 0.5 and entailment_threshold = 0.15480576636764454
Precision: 0.225 for label 0 | 0.6666666666666666 for label 1 | 0.6666666666666666 for label 2
Recall: 0.8181818181818182 for label 0 | 0.1 for label 1 | 0.24615384615384617 for label 2
F1 micro: 0.3364485981308411
F1 macro: 0.29546826058220066
With contradiction_threshold = 0.6 and entailment_threshold = 0.15480576636764454
Precision: 0.225 for label 0 | 1.0 for label 1 | 0.64 for label 2
Recall: 0.8181818181818182 for label 0 | 0.1 for label 1 | 0.24615384615384617 for label 2
F1 micro: 0.3364485981308411
F1 macro: 0.2967716379481085
With contradiction_threshold = 0.7000000000000001 and entailment_threshold = 0.15480576636764454
Precision: 0.225 for label 0 | 1.0 for label 1 | 0.64 for label 2
Recall: 0.8181818181818182 for label 0 | 0.1 for label 1 | 0.24615384615384617 for label 2
F1 micro: 0.3364485981308411
F1 macro: 0.2967716379481085
With contradiction_threshold = 0.8 and entailment_threshold = 0.15480576636764454
Precision: 0.225 for label 0 | 1.0 for label 1 | 0.64 for label 2
Recall: 0.8181818181818182 for label 0 | 0.1 for label 1 | 0.24615384615384617 for label 2
F1 micro: 0.3364485981308411
F1 macro: 0.2967716379481085
With contradiction_threshold = 0.9 and entailment_threshold = 0.15480576636764454
Precision: 0.225 for label 0 | 1.0 for label 1 | 0.64 for label 2
Recall: 0.8181818181818182 for label 0 | 0.1 for label 1 | 0.24615384615384617 for label 2
F1 micro: 0.3364485981308411
F1 macro: 0.2967716379481085
With contradiction_threshold = 0.3165372058549991 and entailment_threshold = 0.1
Precision: 0.21951219512195122 for label 0 | 0.6 for label 1 | 0.6 for label 2
Recall: 0.8181818181818182 for label 0 | 0.15 for label 1 | 0.18461538461538463 for label 2
F1 micro: 0.308411214953271
F1 macro: 0.2895022624434389
With contradiction_threshold = 0.3165372058549991 and entailment_threshold = 0.2
Precision: 0.24 for label 0 | 0.5555555555555556 for label 1 | 0.6521739130434783 for label 2
Recall: 0.8181818181818182 for label 0 | 0.25 for label 1 | 0.23076923076923078 for label 2
F1 micro: 0.35514018691588783
F1 macro: 0.3522902325781814
With contradiction_threshold = 0.3165372058549991 and entailment_threshold = 0.30000000000000004
Precision: 0.28125 for label 0 | 0.45454545454545453 for label 1 | 0.71875 for label 2
Recall: 0.8181818181818182 for label 0 | 0.25 for label 1 | 0.35384615384615387 for label 2
F1 micro: 0.42990654205607476
F1 macro: 0.4051373668159308
With contradiction_threshold = 0.3165372058549991 and entailment_threshold = 0.4
Precision: 0.32727272727272727 for label 0 | 0.42857142857142855 for label 1 | 0.7631578947368421 for label 2
Recall: 0.8181818181818182 for label 0 | 0.3 for label 1 | 0.4461538461538462 for label 2
F1 micro: 0.4953271028037383
F1 macro: 0.46119348003985355
With contradiction_threshold = 0.3165372058549991 and entailment_threshold = 0.5
Precision: 0.32608695652173914 for label 0 | 0.4 for label 1 | 0.7391304347826086 for label 2
Recall: 0.6818181818181818 for label 0 | 0.3 for label 1 | 0.5230769230769231 for label 2
F1 micro: 0.514018691588785
F1 macro: 0.4655487420193302
With contradiction_threshold = 0.3165372058549991 and entailment_threshold = 0.6
Precision: 0.36363636363636365 for label 0 | 0.375 for label 1 | 0.7241379310344828 for label 2
Recall: 0.5454545454545454 for label 0 | 0.3 for label 1 | 0.6461538461538462 for label 2
F1 micro: 0.5607476635514018
F1 macro: 0.4842079329884208
With contradiction_threshold = 0.3165372058549991 and entailment_threshold = 0.7000000000000001
Precision: 0.5238095238095238 for label 0 | 0.42105263157894735 for label 1 | 0.746268656716418 for label 2
Recall: 0.5 for label 0 | 0.4 for label 1 | 0.7692307692307693 for label 2
F1 micro: 0.6448598130841121
F1 macro: 0.559820024936304
With contradiction_threshold = 0.3165372058549991 and entailment_threshold = 0.8
Precision: 0.5714285714285714 for label 0 | 0.42105263157894735 for label 1 | 0.7162162162162162 for label 2
Recall: 0.36363636363636365 for label 0 | 0.4 for label 1 | 0.8153846153846154 for label 2
F1 micro: 0.6448598130841121
F1 macro: 0.5390969275861363
With contradiction_threshold = 0.3165372058549991 and entailment_threshold = 0.9
Precision: 0.5 for label 0 | 0.42105263157894735 for label 1 | 0.6923076923076923 for label 2
Recall: 0.22727272727272727 for label 0 | 0.4 for label 1 | 0.8307692307692308 for label 2
F1 micro: 0.6261682242990654
F1 macro: 0.49266705516705517
