With contradiction_threshold = 0.1849548763109179 and entailment_threshold = 0.21267388735309645 * COMPUTED THRESHOLDS
Precision: 0.21739130434782608 for label 0 | 0.4 for label 1 | 0.9 for label 2
Recall: 0.9090909090909091 for label 0 | 0.1 for label 1 | 0.13846153846153847 for label 2
F1 micro: 0.2897196261682243
F1 macro: 0.25029239766081873
With contradiction_threshold = 0.1 and entailment_threshold = 0.21267388735309645
Precision: 0.22093023255813954 for label 0 | 0.25 for label 1 | 1.0 for label 2
Recall: 0.8636363636363636 for label 0 | 0.2 for label 1 | 0.07692307692307693 for label 2
F1 micro: 0.2616822429906542
F1 macro: 0.23897707231040566
With contradiction_threshold = 0.2 and entailment_threshold = 0.21267388735309645
Precision: 0.21739130434782608 for label 0 | 0.4 for label 1 | 0.9 for label 2
Recall: 0.9090909090909091 for label 0 | 0.1 for label 1 | 0.13846153846153847 for label 2
F1 micro: 0.2897196261682243
F1 macro: 0.25029239766081873
With contradiction_threshold = 0.30000000000000004 and entailment_threshold = 0.21267388735309645
Precision: 0.22105263157894736 for label 0 | 1.0 for label 1 | 0.9 for label 2
Recall: 0.9545454545454546 for label 0 | 0.1 for label 1 | 0.13846153846153847 for label 2
F1 micro: 0.29906542056074764
F1 macro: 0.26026418026418024
With contradiction_threshold = 0.4 and entailment_threshold = 0.21267388735309645
Precision: 0.22105263157894736 for label 0 | 1.0 for label 1 | 0.9 for label 2
Recall: 0.9545454545454546 for label 0 | 0.1 for label 1 | 0.13846153846153847 for label 2
F1 micro: 0.29906542056074764
F1 macro: 0.26026418026418024
With contradiction_threshold = 0.5 and entailment_threshold = 0.21267388735309645
Precision: 0.22105263157894736 for label 0 | 1.0 for label 1 | 0.9 for label 2
Recall: 0.9545454545454546 for label 0 | 0.1 for label 1 | 0.13846153846153847 for label 2
F1 micro: 0.29906542056074764
F1 macro: 0.26026418026418024
With contradiction_threshold = 0.6 and entailment_threshold = 0.21267388735309645
Precision: 0.22105263157894736 for label 0 | 1.0 for label 1 | 0.8181818181818182 for label 2
Recall: 0.9545454545454546 for label 0 | 0.05 for label 1 | 0.13846153846153847 for label 2
F1 micro: 0.2897196261682243
F1 macro: 0.23035151982520405
With contradiction_threshold = 0.7000000000000001 and entailment_threshold = 0.21267388735309645
Precision: 0.22105263157894736 for label 0 | 0.0 for label 1 | 0.75 for label 2
Recall: 0.9545454545454546 for label 0 | 0.0 for label 1 | 0.13846153846153847 for label 2
F1 micro: 0.2803738317757009
F1 macro: 0.1975801975801976
With contradiction_threshold = 0.8 and entailment_threshold = 0.21267388735309645
Precision: 0.22105263157894736 for label 0 | 0.0 for label 1 | 0.75 for label 2
Recall: 0.9545454545454546 for label 0 | 0.0 for label 1 | 0.13846153846153847 for label 2
F1 micro: 0.2803738317757009
F1 macro: 0.1975801975801976
With contradiction_threshold = 0.9 and entailment_threshold = 0.21267388735309645
Precision: 0.22105263157894736 for label 0 | 0.0 for label 1 | 0.75 for label 2
Recall: 0.9545454545454546 for label 0 | 0.0 for label 1 | 0.13846153846153847 for label 2
F1 micro: 0.2803738317757009
F1 macro: 0.1975801975801976
With contradiction_threshold = 0.1849548763109179 and entailment_threshold = 0.1
Precision: 0.21568627450980393 for label 0 | 1.0 for label 1 | 1.0 for label 2
Recall: 1.0 for label 0 | 0.1 for label 1 | 0.046153846153846156 for label 2
F1 micro: 0.2523364485981308
F1 macro: 0.20829739520441606
With contradiction_threshold = 0.1849548763109179 and entailment_threshold = 0.2
Precision: 0.21739130434782608 for label 0 | 0.4 for label 1 | 0.9 for label 2
Recall: 0.9090909090909091 for label 0 | 0.1 for label 1 | 0.13846153846153847 for label 2
F1 micro: 0.2897196261682243
F1 macro: 0.25029239766081873
With contradiction_threshold = 0.1849548763109179 and entailment_threshold = 0.30000000000000004
Precision: 0.2125 for label 0 | 0.375 for label 1 | 0.7894736842105263 for label 2
Recall: 0.7727272727272727 for label 0 | 0.15 for label 1 | 0.23076923076923078 for label 2
F1 micro: 0.32710280373831774
F1 macro: 0.30158730158730157
With contradiction_threshold = 0.1849548763109179 and entailment_threshold = 0.4
Precision: 0.2542372881355932 for label 0 | 0.29411764705882354 for label 1 | 0.7419354838709677 for label 2
Recall: 0.6818181818181818 for label 0 | 0.25 for label 1 | 0.35384615384615387 for label 2
F1 micro: 0.40186915887850466
F1 macro: 0.3732691024357691
With contradiction_threshold = 0.1849548763109179 and entailment_threshold = 0.5
Precision: 0.2826086956521739 for label 0 | 0.3157894736842105 for label 1 | 0.7142857142857143 for label 2
Recall: 0.5909090909090909 for label 0 | 0.3 for label 1 | 0.46153846153846156 for label 2
F1 micro: 0.45794392523364486
F1 macro: 0.41693097080672675
With contradiction_threshold = 0.1849548763109179 and entailment_threshold = 0.6
Precision: 0.2903225806451613 for label 0 | 0.3333333333333333 for label 1 | 0.7115384615384616 for label 2
Recall: 0.4090909090909091 for label 0 | 0.4 for label 1 | 0.5692307692307692 for label 2
F1 micro: 0.5046728971962616
F1 macro: 0.44524587920814335
With contradiction_threshold = 0.1849548763109179 and entailment_threshold = 0.7000000000000001
Precision: 0.42105263157894735 for label 0 | 0.3333333333333333 for label 1 | 0.7213114754098361 for label 2
Recall: 0.36363636363636365 for label 0 | 0.45 for label 1 | 0.676923076923077 for label 2
F1 micro: 0.5700934579439252
F1 macro: 0.49054510808532603
With contradiction_threshold = 0.1849548763109179 and entailment_threshold = 0.8
Precision: 0.3333333333333333 for label 0 | 0.3103448275862069 for label 1 | 0.6956521739130435 for label 2
Recall: 0.13636363636363635 for label 0 | 0.45 for label 1 | 0.7384615384615385 for label 2
F1 micro: 0.5607476635514018
F1 macro: 0.4257710787733486
With contradiction_threshold = 0.1849548763109179 and entailment_threshold = 0.9
Precision: 0.25 for label 0 | 0.3103448275862069 for label 1 | 0.6621621621621622 for label 2
Recall: 0.045454545454545456 for label 0 | 0.45 for label 1 | 0.7538461538461538 for label 2
F1 micro: 0.5514018691588785
F1 macro: 0.3831019956405362
