With contradiction_threshold = 0.31039315462112427 and entailment_threshold = 0.1700115203857422 * COMPUTED THRESHOLDS
Precision: 0.5229357798165137 for label 0 | 0.24 for label 1 | 0.5523809523809524 for label 2
Recall: 0.6063829787234043 for label 0 | 0.16216216216216217 for label 1 | 0.5370370370370371 for label 2
F1 micro: 0.5062761506276151
F1 macro: 0.4332418935812378
With contradiction_threshold = 0.1 and entailment_threshold = 0.1700115203857422
Precision: 0.5294117647058824 for label 0 | 0.21951219512195122 for label 1 | 0.5520833333333334 for label 2
Recall: 0.574468085106383 for label 0 | 0.24324324324324326 for label 1 | 0.49074074074074076 for label 2
F1 micro: 0.48535564853556484
F1 macro: 0.433799160689917
With contradiction_threshold = 0.2 and entailment_threshold = 0.1700115203857422
Precision: 0.5229357798165137 for label 0 | 0.23076923076923078 for label 1 | 0.5480769230769231 for label 2
Recall: 0.6063829787234043 for label 0 | 0.16216216216216217 for label 1 | 0.5277777777777778 for label 2
F1 micro: 0.502092050209205
F1 macro: 0.4299294647375324
With contradiction_threshold = 0.30000000000000004 and entailment_threshold = 0.1700115203857422
Precision: 0.5229357798165137 for label 0 | 0.24 for label 1 | 0.5523809523809524 for label 2
Recall: 0.6063829787234043 for label 0 | 0.16216216216216217 for label 1 | 0.5370370370370371 for label 2
F1 micro: 0.5062761506276151
F1 macro: 0.4332418935812378
With contradiction_threshold = 0.4 and entailment_threshold = 0.1700115203857422
Precision: 0.5181818181818182 for label 0 | 0.21739130434782608 for label 1 | 0.5471698113207547 for label 2
Recall: 0.6063829787234043 for label 0 | 0.13513513513513514 for label 1 | 0.5370370370370371 for label 2
F1 micro: 0.502092050209205
F1 macro: 0.42251542361492883
With contradiction_threshold = 0.5 and entailment_threshold = 0.1700115203857422
Precision: 0.5181818181818182 for label 0 | 0.21739130434782608 for label 1 | 0.5471698113207547 for label 2
Recall: 0.6063829787234043 for label 0 | 0.13513513513513514 for label 1 | 0.5370370370370371 for label 2
F1 micro: 0.502092050209205
F1 macro: 0.42251542361492883
With contradiction_threshold = 0.6 and entailment_threshold = 0.1700115203857422
Precision: 0.5 for label 0 | 0.35714285714285715 for label 1 | 0.5405405405405406 for label 2
Recall: 0.6063829787234043 for label 0 | 0.13513513513513514 for label 1 | 0.5555555555555556 for label 2
F1 micro: 0.5104602510460251
F1 macro: 0.4307001866429747
With contradiction_threshold = 0.7000000000000001 and entailment_threshold = 0.1700115203857422
Precision: 0.4956521739130435 for label 0 | 0.375 for label 1 | 0.5431034482758621 for label 2
Recall: 0.6063829787234043 for label 0 | 0.08108108108108109 for label 1 | 0.5833333333333334 for label 2
F1 micro: 0.5146443514644351
F1 macro: 0.4137626262626262
With contradiction_threshold = 0.8 and entailment_threshold = 0.1700115203857422
Precision: 0.4956521739130435 for label 0 | 0.375 for label 1 | 0.5431034482758621 for label 2
Recall: 0.6063829787234043 for label 0 | 0.08108108108108109 for label 1 | 0.5833333333333334 for label 2
F1 micro: 0.5146443514644351
F1 macro: 0.4137626262626262
With contradiction_threshold = 0.9 and entailment_threshold = 0.1700115203857422
Precision: 0.4956521739130435 for label 0 | 0.5 for label 1 | 0.5508474576271186 for label 2
Recall: 0.6063829787234043 for label 0 | 0.08108108108108109 for label 1 | 0.6018518518518519 for label 2
F1 micro: 0.5230125523012552
F1 macro: 0.4200702227045096
With contradiction_threshold = 0.31039315462112427 and entailment_threshold = 0.1
Precision: 0.4961832061068702 for label 0 | 0.20833333333333334 for label 1 | 0.5476190476190477 for label 2
Recall: 0.6914893617021277 for label 0 | 0.13513513513513514 for label 1 | 0.42592592592592593 for label 2
F1 micro: 0.48535564853556484
F1 macro: 0.40695962355798426
With contradiction_threshold = 0.31039315462112427 and entailment_threshold = 0.2
Precision: 0.5327102803738317 for label 0 | 0.24 for label 1 | 0.5607476635514018 for label 2
Recall: 0.6063829787234043 for label 0 | 0.16216216216216217 for label 1 | 0.5555555555555556 for label 2
F1 micro: 0.5146443514644351
F1 macro: 0.43961736702832416
With contradiction_threshold = 0.31039315462112427 and entailment_threshold = 0.30000000000000004
Precision: 0.5208333333333334 for label 0 | 0.24 for label 1 | 0.5254237288135594 for label 2
Recall: 0.5319148936170213 for label 0 | 0.16216216216216217 for label 1 | 0.5740740740740741 for label 2
F1 micro: 0.49372384937238495
F1 macro: 0.4228455809807133
With contradiction_threshold = 0.31039315462112427 and entailment_threshold = 0.4
Precision: 0.5443037974683544 for label 0 | 0.2413793103448276 for label 1 | 0.5343511450381679 for label 2
Recall: 0.4574468085106383 for label 0 | 0.1891891891891892 for label 1 | 0.6481481481481481 for label 2
F1 micro: 0.502092050209205
F1 macro: 0.43166836576273776
With contradiction_threshold = 0.31039315462112427 and entailment_threshold = 0.5
Precision: 0.5342465753424658 for label 0 | 0.2413793103448276 for label 1 | 0.5182481751824818 for label 2
Recall: 0.4148936170212766 for label 0 | 0.1891891891891892 for label 1 | 0.6574074074074074 for label 2
F1 micro: 0.4895397489539749
F1 macro: 0.41959297237312637
With contradiction_threshold = 0.31039315462112427 and entailment_threshold = 0.6
Precision: 0.5892857142857143 for label 0 | 0.2413793103448276 for label 1 | 0.512987012987013 for label 2
Recall: 0.35106382978723405 for label 0 | 0.1891891891891892 for label 1 | 0.7314814814814815 for label 2
F1 micro: 0.497907949790795
F1 macro: 0.41839154907857196
With contradiction_threshold = 0.31039315462112427 and entailment_threshold = 0.7000000000000001
Precision: 0.5238095238095238 for label 0 | 0.23333333333333334 for label 1 | 0.47904191616766467 for label 2
Recall: 0.23404255319148937 for label 0 | 0.1891891891891892 for label 1 | 0.7407407407407407 for label 2
F1 micro: 0.4560669456066946
F1 macro: 0.3714342724878283
With contradiction_threshold = 0.31039315462112427 and entailment_threshold = 0.8
Precision: 0.5151515151515151 for label 0 | 0.23333333333333334 for label 1 | 0.4715909090909091 for label 2
Recall: 0.18085106382978725 for label 0 | 0.1891891891891892 for label 1 | 0.7685185185185185 for label 2
F1 micro: 0.4476987447698745
F1 macro: 0.353726267189063
With contradiction_threshold = 0.31039315462112427 and entailment_threshold = 0.9
Precision: 0.5 for label 0 | 0.23333333333333334 for label 1 | 0.46408839779005523 for label 2
Recall: 0.14893617021276595 for label 0 | 0.1891891891891892 for label 1 | 0.7777777777777778 for label 2
F1 micro: 0.4393305439330544
F1 macro: 0.33992609983154737
