With contradiction_threshold = 0.20279838860126276 and entailment_threshold = 0.37430843850279416 * COMPUTED THRESHOLDS
Precision: 0.4444444444444444 for label 0 | 0.4375 for label 1 | 0.47928994082840237 for label 2
Recall: 0.2553191489361702 for label 0 | 0.1891891891891892 for label 1 | 0.75 for label 2
F1 micro: 0.4686192468619247
F1 macro: 0.3911042709489682
With contradiction_threshold = 0.1 and entailment_threshold = 0.37430843850279416
Precision: 0.45098039215686275 for label 0 | 0.19230769230769232 for label 1 | 0.4632352941176471 for label 2
Recall: 0.24468085106382978 for label 0 | 0.2702702702702703 for label 1 | 0.5833333333333334 for label 2
F1 micro: 0.401673640167364
F1 macro: 0.35278464101896373
With contradiction_threshold = 0.2 and entailment_threshold = 0.37430843850279416
Precision: 0.4444444444444444 for label 0 | 0.4117647058823529 for label 1 | 0.47619047619047616 for label 2
Recall: 0.2553191489361702 for label 0 | 0.1891891891891892 for label 1 | 0.7407407407407407 for label 2
F1 micro: 0.46443514644351463
F1 macro: 0.38776457617037324
With contradiction_threshold = 0.30000000000000004 and entailment_threshold = 0.37430843850279416
Precision: 0.43636363636363634 for label 0 | 0.8333333333333334 for label 1 | 0.47752808988764045 for label 2
Recall: 0.2553191489361702 for label 0 | 0.13513513513513514 for label 1 | 0.7870370370370371 for label 2
F1 micro: 0.4769874476987448
F1 macro: 0.38303712831572984
With contradiction_threshold = 0.4 and entailment_threshold = 0.37430843850279416
Precision: 0.43636363636363634 for label 0 | 1.0 for label 1 | 0.4777777777777778 for label 2
Recall: 0.2553191489361702 for label 0 | 0.10810810810810811 for label 1 | 0.7962962962962963 for label 2
F1 micro: 0.4769874476987448
F1 macro: 0.3714972748161485
With contradiction_threshold = 0.5 and entailment_threshold = 0.37430843850279416
Precision: 0.43636363636363634 for label 0 | 1.0 for label 1 | 0.4777777777777778 for label 2
Recall: 0.2553191489361702 for label 0 | 0.10810810810810811 for label 1 | 0.7962962962962963 for label 2
F1 micro: 0.4769874476987448
F1 macro: 0.3714972748161485
With contradiction_threshold = 0.6 and entailment_threshold = 0.37430843850279416
Precision: 0.43636363636363634 for label 0 | 1.0 for label 1 | 0.4725274725274725 for label 2
Recall: 0.2553191489361702 for label 0 | 0.05405405405405406 for label 1 | 0.7962962962962963 for label 2
F1 micro: 0.4686192468619247
F1 macro: 0.339271733948892
With contradiction_threshold = 0.7000000000000001 and entailment_threshold = 0.37430843850279416
Precision: 0.43636363636363634 for label 0 | 1.0 for label 1 | 0.46994535519125685 for label 2
Recall: 0.2553191489361702 for label 0 | 0.02702702702702703 for label 1 | 0.7962962962962963 for label 2
F1 micro: 0.46443514644351463
F1 macro: 0.3219481740167666
With contradiction_threshold = 0.8 and entailment_threshold = 0.37430843850279416
Precision: 0.43636363636363634 for label 0 | 0.0 for label 1 | 0.4673913043478261 for label 2
Recall: 0.2553191489361702 for label 0 | 0.0 for label 1 | 0.7962962962962963 for label 2
F1 micro: 0.4602510460251046
F1 macro: 0.30372958229904073
With contradiction_threshold = 0.9 and entailment_threshold = 0.37430843850279416
Precision: 0.43636363636363634 for label 0 | 0.0 for label 1 | 0.4673913043478261 for label 2
Recall: 0.2553191489361702 for label 0 | 0.0 for label 1 | 0.7962962962962963 for label 2
F1 micro: 0.4602510460251046
F1 macro: 0.30372958229904073
With contradiction_threshold = 0.20279838860126276 and entailment_threshold = 0.1
Precision: 0.4578313253012048 for label 0 | 0.5 for label 1 | 0.5238095238095238 for label 2
Recall: 0.8085106382978723 for label 0 | 0.13513513513513514 for label 1 | 0.3055555555555556 for label 2
F1 micro: 0.4769874476987448
F1 macro: 0.39444875144763164
With contradiction_threshold = 0.20279838860126276 and entailment_threshold = 0.2
Precision: 0.4462809917355372 for label 0 | 0.5 for label 1 | 0.48148148148148145 for label 2
Recall: 0.574468085106383 for label 0 | 0.13513513513513514 for label 1 | 0.48148148148148145 for label 2
F1 micro: 0.46443514644351463
F1 macro: 0.39885767344121287
With contradiction_threshold = 0.20279838860126276 and entailment_threshold = 0.30000000000000004
Precision: 0.4594594594594595 for label 0 | 0.5 for label 1 | 0.4768211920529801 for label 2
Recall: 0.3617021276595745 for label 0 | 0.1891891891891892 for label 1 | 0.6666666666666666 for label 2
F1 micro: 0.47280334728033474
F1 macro: 0.41175208822267645
With contradiction_threshold = 0.20279838860126276 and entailment_threshold = 0.4
Precision: 0.43137254901960786 for label 0 | 0.4375 for label 1 | 0.47093023255813954 for label 2
Recall: 0.23404255319148937 for label 0 | 0.1891891891891892 for label 1 | 0.75 for label 2
F1 micro: 0.4602510460251046
F1 macro: 0.382056882609908
With contradiction_threshold = 0.20279838860126276 and entailment_threshold = 0.5
Precision: 0.39473684210526316 for label 0 | 0.3888888888888889 for label 1 | 0.453551912568306 for label 2
Recall: 0.1595744680851064 for label 0 | 0.1891891891891892 for label 1 | 0.7685185185185185 for label 2
F1 micro: 0.4393305439330544
F1 macro: 0.35075497240445697
With contradiction_threshold = 0.20279838860126276 and entailment_threshold = 0.6
Precision: 0.4 for label 0 | 0.3684210526315789 for label 1 | 0.455 for label 2
Recall: 0.0851063829787234 for label 0 | 0.1891891891891892 for label 1 | 0.8425925925925926 for label 2
F1 micro: 0.4435146443514644
F1 macro: 0.3270866560340245
With contradiction_threshold = 0.20279838860126276 and entailment_threshold = 0.7000000000000001
Precision: 0.2857142857142857 for label 0 | 0.3684210526315789 for label 1 | 0.45145631067961167 for label 2
Recall: 0.0425531914893617 for label 0 | 0.1891891891891892 for label 1 | 0.8611111111111112 for label 2
F1 micro: 0.4351464435146444
F1 macro: 0.30547692065738774
With contradiction_threshold = 0.20279838860126276 and entailment_threshold = 0.8
Precision: 0.5 for label 0 | 0.3684210526315789 for label 1 | 0.4528301886792453 for label 2
Recall: 0.0425531914893617 for label 0 | 0.1891891891891892 for label 1 | 0.8888888888888888 for label 2
F1 micro: 0.4476987447698745
F1 macro: 0.30947712418300655
With contradiction_threshold = 0.20279838860126276 and entailment_threshold = 0.9
Precision: 0.3333333333333333 for label 0 | 0.3684210526315789 for label 1 | 0.45161290322580644 for label 2
Recall: 0.010638297872340425 for label 0 | 0.1891891891891892 for label 1 | 0.9074074074074074 for label 2
F1 micro: 0.4435146443514644
F1 macro: 0.2912318265926513
