With contradiction_threshold = 0.20003534443253557 and entailment_threshold = 0.3742797742694677 * COMPUTED THRESHOLDS
Precision: 0.45 for label 0 | 0.5 for label 1 | 0.47878787878787876 for label 2
Recall: 0.2872340425531915 for label 0 | 0.1891891891891892 for label 1 | 0.7314814814814815 for label 2
F1 micro: 0.47280334728033474
F1 macro: 0.401304577775166
With contradiction_threshold = 0.1 and entailment_threshold = 0.3742797742694677
Precision: 0.4642857142857143 for label 0 | 0.20408163265306123 for label 1 | 0.47761194029850745 for label 2
Recall: 0.2765957446808511 for label 0 | 0.2702702702702703 for label 1 | 0.5925925925925926 for label 2
F1 micro: 0.4184100418410041
F1 macro: 0.3693834753454204
With contradiction_threshold = 0.2 and entailment_threshold = 0.3742797742694677
Precision: 0.45 for label 0 | 0.4375 for label 1 | 0.4723926380368098 for label 2
Recall: 0.2872340425531915 for label 0 | 0.1891891891891892 for label 1 | 0.7129629629629629 for label 2
F1 micro: 0.46443514644351463
F1 macro: 0.39435532556746783
With contradiction_threshold = 0.30000000000000004 and entailment_threshold = 0.3742797742694677
Precision: 0.4426229508196721 for label 0 | 0.8333333333333334 for label 1 | 0.47674418604651164 for label 2
Recall: 0.2872340425531915 for label 0 | 0.13513513513513514 for label 1 | 0.7592592592592593 for label 2
F1 micro: 0.4769874476987448
F1 macro: 0.3888865073411211
With contradiction_threshold = 0.4 and entailment_threshold = 0.3742797742694677
Precision: 0.4426229508196721 for label 0 | 1.0 for label 1 | 0.47701149425287354 for label 2
Recall: 0.2872340425531915 for label 0 | 0.10810810810810811 for label 1 | 0.7685185185185185 for label 2
F1 micro: 0.4769874476987448
F1 macro: 0.3773871767544031
With contradiction_threshold = 0.5 and entailment_threshold = 0.3742797742694677
Precision: 0.4426229508196721 for label 0 | 1.0 for label 1 | 0.47701149425287354 for label 2
Recall: 0.2872340425531915 for label 0 | 0.10810810810810811 for label 1 | 0.7685185185185185 for label 2
F1 micro: 0.4769874476987448
F1 macro: 0.3773871767544031
With contradiction_threshold = 0.6 and entailment_threshold = 0.3742797742694677
Precision: 0.4426229508196721 for label 0 | 1.0 for label 1 | 0.4715909090909091 for label 2
Recall: 0.2872340425531915 for label 0 | 0.05405405405405406 for label 1 | 0.7685185185185185 for label 2
F1 micro: 0.4686192468619247
F1 macro: 0.34515274719727246
With contradiction_threshold = 0.7000000000000001 and entailment_threshold = 0.3742797742694677
Precision: 0.4426229508196721 for label 0 | 1.0 for label 1 | 0.4689265536723164 for label 2
Recall: 0.2872340425531915 for label 0 | 0.02702702702702703 for label 1 | 0.7685185185185185 for label 2
F1 micro: 0.46443514644351463
F1 macro: 0.3278249386908131
With contradiction_threshold = 0.8 and entailment_threshold = 0.3742797742694677
Precision: 0.4426229508196721 for label 0 | 0.0 for label 1 | 0.46629213483146065 for label 2
Recall: 0.2872340425531915 for label 0 | 0.0 for label 1 | 0.7685185185185185 for label 2
F1 micro: 0.4602510460251046
F1 macro: 0.309602225731258
With contradiction_threshold = 0.9 and entailment_threshold = 0.3742797742694677
Precision: 0.4426229508196721 for label 0 | 0.0 for label 1 | 0.46629213483146065 for label 2
Recall: 0.2872340425531915 for label 0 | 0.0 for label 1 | 0.7685185185185185 for label 2
F1 micro: 0.4602510460251046
F1 macro: 0.309602225731258
With contradiction_threshold = 0.20003534443253557 and entailment_threshold = 0.1
Precision: 0.4678362573099415 for label 0 | 0.625 for label 1 | 0.55 for label 2
Recall: 0.851063829787234 for label 0 | 0.13513513513513514 for label 1 | 0.3055555555555556 for label 2
F1 micro: 0.49372384937238495
F1 macro: 0.4062843166616752
With contradiction_threshold = 0.20003534443253557 and entailment_threshold = 0.2
Precision: 0.46774193548387094 for label 0 | 0.625 for label 1 | 0.4953271028037383 for label 2
Recall: 0.6170212765957447 for label 0 | 0.13513513513513514 for label 1 | 0.49074074074074076 for label 2
F1 micro: 0.48535564853556484
F1 macro: 0.4157851899264317
With contradiction_threshold = 0.20003534443253557 and entailment_threshold = 0.30000000000000004
Precision: 0.45569620253164556 for label 0 | 0.5384615384615384 for label 1 | 0.47619047619047616 for label 2
Recall: 0.3829787234042553 for label 0 | 0.1891891891891892 for label 1 | 0.6481481481481481 for label 2
F1 micro: 0.47280334728033474
F1 macro: 0.41506819298046777
With contradiction_threshold = 0.20003534443253557 and entailment_threshold = 0.4
Precision: 0.4444444444444444 for label 0 | 0.5 for label 1 | 0.47368421052631576 for label 2
Recall: 0.2553191489361702 for label 0 | 0.1891891891891892 for label 1 | 0.75 for label 2
F1 micro: 0.4686192468619247
F1 macro: 0.3931597631787385
With contradiction_threshold = 0.20003534443253557 and entailment_threshold = 0.5
Precision: 0.425 for label 0 | 0.4375 for label 1 | 0.45901639344262296 for label 2
Recall: 0.18085106382978725 for label 0 | 0.1891891891891892 for label 1 | 0.7777777777777778 for label 2
F1 micro: 0.45188284518828453
F1 macro: 0.3650672914362248
With contradiction_threshold = 0.20003534443253557 and entailment_threshold = 0.6
Precision: 0.4 for label 0 | 0.4117647058823529 for label 1 | 0.45544554455445546 for label 2
Recall: 0.0851063829787234 for label 0 | 0.1891891891891892 for label 1 | 0.8518518518518519 for label 2
F1 micro: 0.4476987447698745
F1 macro: 0.3310528411830053
With contradiction_threshold = 0.20003534443253557 and entailment_threshold = 0.7000000000000001
Precision: 0.2857142857142857 for label 0 | 0.4117647058823529 for label 1 | 0.4519230769230769 for label 2
Recall: 0.0425531914893617 for label 0 | 0.1891891891891892 for label 1 | 0.8703703703703703 for label 2
F1 micro: 0.4393305439330544
F1 macro: 0.30942334739803096
With contradiction_threshold = 0.20003534443253557 and entailment_threshold = 0.8
Precision: 0.5 for label 0 | 0.4117647058823529 for label 1 | 0.4532710280373832 for label 2
Recall: 0.0425531914893617 for label 0 | 0.1891891891891892 for label 1 | 0.8981481481481481 for label 2
F1 micro: 0.45188284518828453
F1 macro: 0.3133917012859894
With contradiction_threshold = 0.20003534443253557 and entailment_threshold = 0.9
Precision: 0.3333333333333333 for label 0 | 0.4117647058823529 for label 1 | 0.4520547945205479 for label 2
Recall: 0.010638297872340425 for label 0 | 0.1891891891891892 for label 1 | 0.9166666666666666 for label 2
F1 micro: 0.4476987447698745
F1 macro: 0.2951274677054178
