For part 1. Les conditions à remplir pour bénéficier du Revenu universel d'activité (1 connected components) with modularity 0.13329757306214005, clusters are:
Cluster 0: 48 proposals
Cluster 1: 41 proposals
Cluster 2: 26 proposals
Cluster 3: 26 proposals
Cluster 4: 24 proposals
Cluster 5: 20 proposals
Cluster 6: 19 proposals
Cluster 7: 16 proposals
Cluster 8: 13 proposals
Cluster 9: 12 proposals
Cluster 10: 12 proposals
Cluster 11: 9 proposals
Cluster 12: 7 proposals
Cluster 13: 5 proposals
Cluster 14: 5 proposals
For part 1. Offrir un système plus lisible (1 connected components) with modularity 0.08173724554678524, clusters are:
Cluster 0: 48 proposals
Cluster 1: 42 proposals
Cluster 2: 39 proposals
Cluster 3: 38 proposals
Cluster 4: 36 proposals
Cluster 5: 29 proposals
Cluster 6: 28 proposals
Cluster 7: 25 proposals
Cluster 8: 22 proposals
Cluster 9: 20 proposals
Cluster 10: 16 proposals
Cluster 11: 16 proposals
Cluster 12: 13 proposals
Cluster 13: 13 proposals
Cluster 14: 12 proposals
Cluster 15: 11 proposals
Cluster 16: 10 proposals
Cluster 17: 8 proposals
Cluster 18: 8 proposals
Cluster 19: 7 proposals
Cluster 20: 7 proposals
Cluster 21: 5 proposals
Cluster 22: 4 proposals
For part 2. Assurer une existence digne aux allocataires (1 connected components) with modularity 0.0781628069846281, clusters are:
Cluster 0: 15 proposals
Cluster 1: 12 proposals
Cluster 2: 12 proposals
Cluster 3: 11 proposals
Cluster 4: 10 proposals
Cluster 5: 10 proposals
Cluster 6: 9 proposals
Cluster 7: 8 proposals
Cluster 8: 8 proposals
Cluster 9: 7 proposals
Cluster 10: 6 proposals
Cluster 11: 6 proposals
Cluster 12: 4 proposals
Cluster 13: 4 proposals
Cluster 14: 3 proposals
For part 2. Les modalités de demande du Revenu universel d'activité (1 connected components) with modularity 0.18391927083333326, clusters are:
Cluster 0: 8 proposals
Cluster 1: 7 proposals
Cluster 2: 5 proposals
Cluster 3: 5 proposals
Cluster 4: 5 proposals
Cluster 5: 4 proposals
Cluster 6: 4 proposals
Cluster 7: 3 proposals
Cluster 8: 2 proposals
Cluster 9: 2 proposals
For part 3. Encourager la reprise d'activité (1 connected components) with modularity 0.11843214668767496, clusters are:
Cluster 0: 19 proposals
Cluster 1: 19 proposals
Cluster 2: 18 proposals
Cluster 3: 18 proposals
Cluster 4: 14 proposals
Cluster 5: 10 proposals
Cluster 6: 10 proposals
Cluster 7: 9 proposals
Cluster 8: 9 proposals
Cluster 9: 8 proposals
Cluster 10: 7 proposals
Cluster 11: 4 proposals
For part 3. Le financement du Revenu universel d'activité (1 connected components) with modularity 0.13860119047619046, clusters are:
Cluster 0: 19 proposals
Cluster 1: 10 proposals
Cluster 2: 10 proposals
Cluster 3: 9 proposals
Cluster 4: 9 proposals
Cluster 5: 8 proposals
Cluster 6: 6 proposals
Cluster 7: 5 proposals
Cluster 8: 5 proposals
Cluster 9: 4 proposals
Cluster 10: 4 proposals
Cluster 11: 3 proposals
For part 4. Répondre à un principe d'équité (1 connected components) with modularity 0.14448063271126546, clusters are:
Cluster 0: 13 proposals
Cluster 1: 13 proposals
Cluster 2: 13 proposals
Cluster 3: 12 proposals
Cluster 4: 11 proposals
Cluster 5: 9 proposals
Cluster 6: 7 proposals
Cluster 7: 7 proposals
Cluster 8: 6 proposals
Cluster 9: 6 proposals
Cluster 10: 5 proposals
For part À quels publics le revenu universel d'activité doit-il s'adresser ? (1 connected components) with modularity 0.08498884010507213, clusters are:
Cluster 0: 66 proposals
Cluster 1: 60 proposals
Cluster 2: 50 proposals
Cluster 3: 38 proposals
Cluster 4: 37 proposals
Cluster 5: 34 proposals
Cluster 6: 31 proposals
Cluster 7: 26 proposals
Cluster 8: 24 proposals
Cluster 9: 23 proposals
Cluster 10: 18 proposals
Cluster 11: 16 proposals
Cluster 12: 15 proposals
Cluster 13: 12 proposals
Cluster 14: 8 proposals
Cluster 15: 8 proposals
Cluster 16: 6 proposals
Cluster 17: 6 proposals
Cluster 18: 5 proposals
