With contradiction_threshold = 0.08577401649487593 and entailment_threshold = 0.2195263551689708 * COMPUTED THRESHOLDS
Precision: 0.20238095238095238 for label 0 | 0.3125 for label 1 | 0.7142857142857143 for label 2
Recall: 0.7727272727272727 for label 0 | 0.25 for label 1 | 0.07692307692307693 for label 2
F1 micro: 0.2523364485981308
F1 macro: 0.2458071278825996
With contradiction_threshold = 0.1 and entailment_threshold = 0.2195263551689708
Precision: 0.2 for label 0 | 0.3333333333333333 for label 1 | 0.7142857142857143 for label 2
Recall: 0.7727272727272727 for label 0 | 0.25 for label 1 | 0.07692307692307693 for label 2
F1 micro: 0.2523364485981308
F1 macro: 0.24745339464965635
With contradiction_threshold = 0.2 and entailment_threshold = 0.2195263551689708
Precision: 0.2 for label 0 | 0.8 for label 1 | 0.6666666666666666 for label 2
Recall: 0.8181818181818182 for label 0 | 0.2 for label 1 | 0.12307692307692308 for label 2
F1 micro: 0.2803738317757009
F1 macro: 0.2830735930735931
With contradiction_threshold = 0.30000000000000004 and entailment_threshold = 0.2195263551689708
Precision: 0.1956521739130435 for label 0 | 1.0 for label 1 | 0.5714285714285714 for label 2
Recall: 0.8181818181818182 for label 0 | 0.05 for label 1 | 0.12307692307692308 for label 2
F1 micro: 0.2523364485981308
F1 macro: 0.2045197381639753
With contradiction_threshold = 0.4 and entailment_threshold = 0.2195263551689708
Precision: 0.1956521739130435 for label 0 | 1.0 for label 1 | 0.5714285714285714 for label 2
Recall: 0.8181818181818182 for label 0 | 0.05 for label 1 | 0.12307692307692308 for label 2
F1 micro: 0.2523364485981308
F1 macro: 0.2045197381639753
With contradiction_threshold = 0.5 and entailment_threshold = 0.2195263551689708
Precision: 0.1956521739130435 for label 0 | 1.0 for label 1 | 0.5714285714285714 for label 2
Recall: 0.8181818181818182 for label 0 | 0.05 for label 1 | 0.12307692307692308 for label 2
F1 micro: 0.2523364485981308
F1 macro: 0.2045197381639753
With contradiction_threshold = 0.6 and entailment_threshold = 0.2195263551689708
Precision: 0.1956521739130435 for label 0 | 1.0 for label 1 | 0.5714285714285714 for label 2
Recall: 0.8181818181818182 for label 0 | 0.05 for label 1 | 0.12307692307692308 for label 2
F1 micro: 0.2523364485981308
F1 macro: 0.2045197381639753
With contradiction_threshold = 0.7000000000000001 and entailment_threshold = 0.2195263551689708
Precision: 0.1956521739130435 for label 0 | 1.0 for label 1 | 0.5714285714285714 for label 2
Recall: 0.8181818181818182 for label 0 | 0.05 for label 1 | 0.12307692307692308 for label 2
F1 micro: 0.2523364485981308
F1 macro: 0.2045197381639753
With contradiction_threshold = 0.8 and entailment_threshold = 0.2195263551689708
Precision: 0.1956521739130435 for label 0 | 1.0 for label 1 | 0.5714285714285714 for label 2
Recall: 0.8181818181818182 for label 0 | 0.05 for label 1 | 0.12307692307692308 for label 2
F1 micro: 0.2523364485981308
F1 macro: 0.2045197381639753
With contradiction_threshold = 0.9 and entailment_threshold = 0.2195263551689708
Precision: 0.1956521739130435 for label 0 | 0.0 for label 1 | 0.5333333333333333 for label 2
Recall: 0.8181818181818182 for label 0 | 0.0 for label 1 | 0.12307692307692308 for label 2
F1 micro: 0.24299065420560748
F1 macro: 0.17192982456140352
With contradiction_threshold = 0.08577401649487593 and entailment_threshold = 0.1
Precision: 0.2 for label 0 | 0.625 for label 1 | 0.75 for label 2
Recall: 0.8636363636363636 for label 0 | 0.25 for label 1 | 0.046153846153846156 for label 2
F1 micro: 0.2523364485981308
F1 macro: 0.2562952345561041
With contradiction_threshold = 0.08577401649487593 and entailment_threshold = 0.2
Precision: 0.19767441860465115 for label 0 | 0.3333333333333333 for label 1 | 0.6666666666666666 for label 2
Recall: 0.7727272727272727 for label 0 | 0.25 for label 1 | 0.06153846153846154 for label 2
F1 micro: 0.24299065420560748
F1 macro: 0.23773505228904288
With contradiction_threshold = 0.08577401649487593 and entailment_threshold = 0.30000000000000004
Precision: 0.21333333333333335 for label 0 | 0.2727272727272727 for label 1 | 0.7 for label 2
Recall: 0.7272727272727273 for label 0 | 0.3 for label 1 | 0.1076923076923077 for label 2
F1 micro: 0.27102803738317754
F1 macro: 0.2674259531991491
With contradiction_threshold = 0.08577401649487593 and entailment_threshold = 0.4
Precision: 0.24193548387096775 for label 0 | 0.2903225806451613 for label 1 | 0.7857142857142857 for label 2
Recall: 0.6818181818181818 for label 0 | 0.45 for label 1 | 0.16923076923076924 for label 2
F1 micro: 0.32710280373831774
F1 macro: 0.3295216820905577
With contradiction_threshold = 0.08577401649487593 and entailment_threshold = 0.5
Precision: 0.25 for label 0 | 0.28205128205128205 for label 1 | 0.8 for label 2
Recall: 0.5454545454545454 for label 0 | 0.55 for label 1 | 0.24615384615384617 for label 2
F1 micro: 0.36448598130841114
F1 macro: 0.3640696956748801
With contradiction_threshold = 0.08577401649487593 and entailment_threshold = 0.6
Precision: 0.21875 for label 0 | 0.2765957446808511 for label 1 | 0.7142857142857143 for label 2
Recall: 0.3181818181818182 for label 0 | 0.65 for label 1 | 0.3076923076923077 for label 2
F1 micro: 0.37383177570093457
F1 macro: 0.3591421625445057
With contradiction_threshold = 0.08577401649487593 and entailment_threshold = 0.7000000000000001
Precision: 0.24 for label 0 | 0.26 for label 1 | 0.6875 for label 2
Recall: 0.2727272727272727 for label 0 | 0.65 for label 1 | 0.3384615384615385 for label 2
F1 micro: 0.383177570093458
F1 macro: 0.36011865592914066
With contradiction_threshold = 0.08577401649487593 and entailment_threshold = 0.8
Precision: 0.25 for label 0 | 0.25 for label 1 | 0.6923076923076923 for label 2
Recall: 0.18181818181818182 for label 0 | 0.65 for label 1 | 0.4153846153846154 for label 2
F1 micro: 0.411214953271028
F1 macro: 0.36362273204378465
With contradiction_threshold = 0.08577401649487593 and entailment_threshold = 0.9
Precision: 0.375 for label 0 | 0.25 for label 1 | 0.6808510638297872 for label 2
Recall: 0.13636363636363635 for label 0 | 0.65 for label 1 | 0.49230769230769234 for label 2
F1 micro: 0.4485981308411215
F1 macro: 0.3775132275132275
