With contradiction_threshold = 0.17002888718935139 and entailment_threshold = 0.5144768250961751 * COMPUTED THRESHOLDS
Precision: 0.23636363636363636 for label 0 | 0.25 for label 1 | 0.65625 for label 2
Recall: 0.5909090909090909 for label 0 | 0.25 for label 1 | 0.3230769230769231 for label 2
F1 micro: 0.36448598130841114
F1 macro: 0.3402173427946624
With contradiction_threshold = 0.1 and entailment_threshold = 0.5144768250961751
Precision: 0.26 for label 0 | 0.2857142857142857 for label 1 | 0.6206896551724138 for label 2
Recall: 0.5909090909090909 for label 0 | 0.4 for label 1 | 0.27692307692307694 for label 2
F1 micro: 0.36448598130841114
F1 macro: 0.35914105594956663
With contradiction_threshold = 0.2 and entailment_threshold = 0.5144768250961751
Precision: 0.23636363636363636 for label 0 | 0.2631578947368421 for label 1 | 0.6666666666666666 for label 2
Recall: 0.5909090909090909 for label 0 | 0.25 for label 1 | 0.3384615384615385 for label 2
F1 micro: 0.37383177570093457
F1 macro: 0.3476840619697763
With contradiction_threshold = 0.30000000000000004 and entailment_threshold = 0.5144768250961751
Precision: 0.22413793103448276 for label 0 | 0.4166666666666667 for label 1 | 0.6756756756756757 for label 2
Recall: 0.5909090909090909 for label 0 | 0.25 for label 1 | 0.38461538461538464 for label 2
F1 micro: 0.40186915887850466
F1 macro: 0.3758986928104575
With contradiction_threshold = 0.4 and entailment_threshold = 0.5144768250961751
Precision: 0.23333333333333334 for label 0 | 0.5714285714285714 for label 1 | 0.65 for label 2
Recall: 0.6363636363636364 for label 0 | 0.2 for label 1 | 0.4 for label 2
F1 micro: 0.411214953271028
F1 macro: 0.37766593538951265
With contradiction_threshold = 0.5 and entailment_threshold = 0.5144768250961751
Precision: 0.22950819672131148 for label 0 | 0.75 for label 1 | 0.6428571428571429 for label 2
Recall: 0.6363636363636364 for label 0 | 0.15 for label 1 | 0.4153846153846154 for label 2
F1 micro: 0.411214953271028
F1 macro: 0.36400743159554105
With contradiction_threshold = 0.6 and entailment_threshold = 0.5144768250961751
Precision: 0.22950819672131148 for label 0 | 0.5 for label 1 | 0.6136363636363636 for label 2
Recall: 0.6363636363636364 for label 0 | 0.05 for label 1 | 0.4153846153846154 for label 2
F1 micro: 0.39252336448598124
F1 macro: 0.3078904441787165
With contradiction_threshold = 0.7000000000000001 and entailment_threshold = 0.5144768250961751
Precision: 0.22950819672131148 for label 0 | 0.5 for label 1 | 0.6136363636363636 for label 2
Recall: 0.6363636363636364 for label 0 | 0.05 for label 1 | 0.4153846153846154 for label 2
F1 micro: 0.39252336448598124
F1 macro: 0.3078904441787165
With contradiction_threshold = 0.8 and entailment_threshold = 0.5144768250961751
Precision: 0.22950819672131148 for label 0 | 0.5 for label 1 | 0.6136363636363636 for label 2
Recall: 0.6363636363636364 for label 0 | 0.05 for label 1 | 0.4153846153846154 for label 2
F1 micro: 0.39252336448598124
F1 macro: 0.3078904441787165
With contradiction_threshold = 0.9 and entailment_threshold = 0.5144768250961751
Precision: 0.22950819672131148 for label 0 | 0.5 for label 1 | 0.6136363636363636 for label 2
Recall: 0.6363636363636364 for label 0 | 0.05 for label 1 | 0.4153846153846154 for label 2
F1 micro: 0.39252336448598124
F1 macro: 0.3078904441787165
With contradiction_threshold = 0.17002888718935139 and entailment_threshold = 0.1
Precision: 0.18823529411764706 for label 0 | 0.5 for label 1 | 0.4444444444444444 for label 2
Recall: 0.7272727272727273 for label 0 | 0.1 for label 1 | 0.12307692307692308 for label 2
F1 micro: 0.24299065420560748
F1 macro: 0.2195010571882546
With contradiction_threshold = 0.17002888718935139 and entailment_threshold = 0.2
Precision: 0.19753086419753085 for label 0 | 0.625 for label 1 | 0.4444444444444444 for label 2
Recall: 0.7272727272727273 for label 0 | 0.25 for label 1 | 0.12307692307692308 for label 2
F1 micro: 0.27102803738317754
F1 macro: 0.28686451771023064
With contradiction_threshold = 0.17002888718935139 and entailment_threshold = 0.30000000000000004
Precision: 0.2112676056338028 for label 0 | 0.45454545454545453 for label 1 | 0.56 for label 2
Recall: 0.6818181818181818 for label 0 | 0.25 for label 1 | 0.2153846153846154 for label 2
F1 micro: 0.3177570093457944
F1 macro: 0.31875746714456393
With contradiction_threshold = 0.17002888718935139 and entailment_threshold = 0.4
Precision: 0.21875 for label 0 | 0.3333333333333333 for label 1 | 0.6071428571428571 for label 2
Recall: 0.6363636363636364 for label 0 | 0.25 for label 1 | 0.26153846153846155 for label 2
F1 micro: 0.3364485981308411
F1 macro: 0.32562902630419505
With contradiction_threshold = 0.17002888718935139 and entailment_threshold = 0.5
Precision: 0.22807017543859648 for label 0 | 0.25 for label 1 | 0.6333333333333333 for label 2
Recall: 0.5909090909090909 for label 0 | 0.25 for label 1 | 0.2923076923076923 for label 2
F1 micro: 0.34579439252336447
F1 macro: 0.3263713080168776
With contradiction_threshold = 0.17002888718935139 and entailment_threshold = 0.6
Precision: 0.2765957446808511 for label 0 | 0.32 for label 1 | 0.6857142857142857 for label 2
Recall: 0.5909090909090909 for label 0 | 0.4 for label 1 | 0.36923076923076925 for label 2
F1 micro: 0.4205607476635514
F1 macro: 0.404122383252818
With contradiction_threshold = 0.17002888718935139 and entailment_threshold = 0.7000000000000001
Precision: 0.36363636363636365 for label 0 | 0.26666666666666666 for label 1 | 0.7272727272727273 for label 2
Recall: 0.5454545454545454 for label 0 | 0.4 for label 1 | 0.49230769230769234 for label 2
F1 micro: 0.48598130841121495
F1 macro: 0.4478398665554629
With contradiction_threshold = 0.17002888718935139 and entailment_threshold = 0.8
Precision: 0.34782608695652173 for label 0 | 0.2727272727272727 for label 1 | 0.7058823529411765 for label 2
Recall: 0.36363636363636365 for label 0 | 0.45 for label 1 | 0.5538461538461539 for label 2
F1 micro: 0.4953271028037383
F1 macro: 0.43862261741246783
With contradiction_threshold = 0.17002888718935139 and entailment_threshold = 0.9
Precision: 0.4117647058823529 for label 0 | 0.2727272727272727 for label 1 | 0.7192982456140351 for label 2
Recall: 0.3181818181818182 for label 0 | 0.45 for label 1 | 0.6307692307692307 for label 2
F1 micro: 0.5327102803738317
F1 macro: 0.45690938267492553
