With contradiction_threshold = 0.14476478099822998 and entailment_threshold = 0.33905863887786225 * COMPUTED THRESHOLDS
Precision: 0.22784810126582278 for label 0 | 0.3076923076923077 for label 1 | 0.8 for label 2
Recall: 0.8181818181818182 for label 0 | 0.2 for label 1 | 0.18461538461538463 for label 2
F1 micro: 0.3177570093457944
F1 macro: 0.2996199619961996
With contradiction_threshold = 0.1 and entailment_threshold = 0.33905863887786225
Precision: 0.2236842105263158 for label 0 | 0.2608695652173913 for label 1 | 0.875 for label 2
Recall: 0.7727272727272727 for label 0 | 0.3 for label 1 | 0.1076923076923077 for label 2
F1 micro: 0.2803738317757009
F1 macro: 0.27259645495662427
With contradiction_threshold = 0.2 and entailment_threshold = 0.33905863887786225
Precision: 0.2222222222222222 for label 0 | 0.5 for label 1 | 0.7777777777777778 for label 2
Recall: 0.8181818181818182 for label 0 | 0.2 for label 1 | 0.2153846153846154 for label 2
F1 micro: 0.3364485981308411
F1 macro: 0.3241927488038145
With contradiction_threshold = 0.30000000000000004 and entailment_threshold = 0.33905863887786225
Precision: 0.21951219512195122 for label 0 | 1.0 for label 1 | 0.6521739130434783 for label 2
Recall: 0.8181818181818182 for label 0 | 0.1 for label 1 | 0.23076923076923078 for label 2
F1 micro: 0.32710280373831774
F1 macro: 0.28962703962703956
With contradiction_threshold = 0.4 and entailment_threshold = 0.33905863887786225
Precision: 0.21951219512195122 for label 0 | 1.0 for label 1 | 0.625 for label 2
Recall: 0.8181818181818182 for label 0 | 0.05 for label 1 | 0.23076923076923078 for label 2
F1 micro: 0.3177570093457944
F1 macro: 0.25949019769244486
With contradiction_threshold = 0.5 and entailment_threshold = 0.33905863887786225
Precision: 0.21951219512195122 for label 0 | 1.0 for label 1 | 0.625 for label 2
Recall: 0.8181818181818182 for label 0 | 0.05 for label 1 | 0.23076923076923078 for label 2
F1 micro: 0.3177570093457944
F1 macro: 0.25949019769244486
With contradiction_threshold = 0.6 and entailment_threshold = 0.33905863887786225
Precision: 0.21951219512195122 for label 0 | 1.0 for label 1 | 0.625 for label 2
Recall: 0.8181818181818182 for label 0 | 0.05 for label 1 | 0.23076923076923078 for label 2
F1 micro: 0.3177570093457944
F1 macro: 0.25949019769244486
With contradiction_threshold = 0.7000000000000001 and entailment_threshold = 0.33905863887786225
Precision: 0.21951219512195122 for label 0 | 1.0 for label 1 | 0.625 for label 2
Recall: 0.8181818181818182 for label 0 | 0.05 for label 1 | 0.23076923076923078 for label 2
F1 micro: 0.3177570093457944
F1 macro: 0.25949019769244486
With contradiction_threshold = 0.8 and entailment_threshold = 0.33905863887786225
Precision: 0.21951219512195122 for label 0 | 1.0 for label 1 | 0.625 for label 2
Recall: 0.8181818181818182 for label 0 | 0.05 for label 1 | 0.23076923076923078 for label 2
F1 micro: 0.3177570093457944
F1 macro: 0.25949019769244486
With contradiction_threshold = 0.9 and entailment_threshold = 0.33905863887786225
Precision: 0.21951219512195122 for label 0 | 0.0 for label 1 | 0.6 for label 2
Recall: 0.8181818181818182 for label 0 | 0.0 for label 1 | 0.23076923076923078 for label 2
F1 micro: 0.308411214953271
F1 macro: 0.2264957264957265
With contradiction_threshold = 0.14476478099822998 and entailment_threshold = 0.1
Precision: 0.20192307692307693 for label 0 | 0.6666666666666666 for label 1 | 0.0 for label 2
Recall: 0.9545454545454546 for label 0 | 0.1 for label 1 | 0.0 for label 2
F1 micro: 0.21495327102803738
F1 macro: 0.16908212560386474
With contradiction_threshold = 0.14476478099822998 and entailment_threshold = 0.2
Precision: 0.20833333333333334 for label 0 | 0.5714285714285714 for label 1 | 0.75 for label 2
Recall: 0.9090909090909091 for label 0 | 0.2 for label 1 | 0.046153846153846156 for label 2
F1 micro: 0.2523364485981308
F1 macro: 0.2407452896276281
With contradiction_threshold = 0.14476478099822998 and entailment_threshold = 0.30000000000000004
Precision: 0.21176470588235294 for label 0 | 0.36363636363636365 for label 1 | 0.7272727272727273 for label 2
Recall: 0.8181818181818182 for label 0 | 0.2 for label 1 | 0.12307692307692308 for label 2
F1 micro: 0.2803738317757009
F1 macro: 0.2683464766831157
With contradiction_threshold = 0.14476478099822998 and entailment_threshold = 0.4
Precision: 0.24285714285714285 for label 0 | 0.21052631578947367 for label 1 | 0.8333333333333334 for label 2
Recall: 0.7727272727272727 for label 0 | 0.2 for label 1 | 0.23076923076923078 for label 2
F1 micro: 0.3364485981308411
F1 macro: 0.3120464018840132
With contradiction_threshold = 0.14476478099822998 and entailment_threshold = 0.5
Precision: 0.25 for label 0 | 0.2608695652173913 for label 1 | 0.8214285714285714 for label 2
Recall: 0.6363636363636364 for label 0 | 0.3 for label 1 | 0.35384615384615387 for label 2
F1 micro: 0.40186915887850466
F1 macro: 0.37755592744339933
With contradiction_threshold = 0.14476478099822998 and entailment_threshold = 0.6
Precision: 0.2222222222222222 for label 0 | 0.2903225806451613 for label 1 | 0.75 for label 2
Recall: 0.36363636363636365 for label 0 | 0.45 for label 1 | 0.46153846153846156 for label 2
F1 micro: 0.4392523364485981
F1 macro: 0.4000772722882256
With contradiction_threshold = 0.14476478099822998 and entailment_threshold = 0.7000000000000001
Precision: 0.24 for label 0 | 0.29411764705882354 for label 1 | 0.7083333333333334 for label 2
Recall: 0.2727272727272727 for label 0 | 0.5 for label 1 | 0.5230769230769231 for label 2
F1 micro: 0.4672897196261683
F1 macro: 0.4091531436036551
With contradiction_threshold = 0.14476478099822998 and entailment_threshold = 0.8
Precision: 0.25 for label 0 | 0.2857142857142857 for label 1 | 0.6964285714285714 for label 2
Recall: 0.18181818181818182 for label 0 | 0.5 for label 1 | 0.6 for label 2
F1 micro: 0.4953271028037383
F1 macro: 0.4062635928664637
With contradiction_threshold = 0.14476478099822998 and entailment_threshold = 0.9
Precision: 0.3333333333333333 for label 0 | 0.2857142857142857 for label 1 | 0.6825396825396826 for label 2
Recall: 0.13636363636363635 for label 0 | 0.5 for label 1 | 0.6615384615384615 for label 2
F1 micro: 0.5233644859813084
F1 macro: 0.4096865835777126
