With contradiction_threshold = 0.16634321812392727 and entailment_threshold = 0.5315043991907 * COMPUTED THRESHOLDS
Precision: 0.26785714285714285 for label 0 | 0.2608695652173913 for label 1 | 0.6785714285714286 for label 2
Recall: 0.6818181818181818 for label 0 | 0.3 for label 1 | 0.2923076923076923 for label 2
F1 micro: 0.37383177570093457
F1 macro: 0.3574291008649599
With contradiction_threshold = 0.1 and entailment_threshold = 0.5315043991907
Precision: 0.28846153846153844 for label 0 | 0.26666666666666666 for label 1 | 0.64 for label 2
Recall: 0.6818181818181818 for label 0 | 0.4 for label 1 | 0.24615384615384617 for label 2
F1 micro: 0.36448598130841114
F1 macro: 0.3603203203203203
With contradiction_threshold = 0.2 and entailment_threshold = 0.5315043991907
Precision: 0.25862068965517243 for label 0 | 0.2631578947368421 for label 1 | 0.7 for label 2
Recall: 0.6818181818181818 for label 0 | 0.25 for label 1 | 0.3230769230769231 for label 2
F1 micro: 0.383177570093458
F1 macro: 0.35783850652271704
With contradiction_threshold = 0.30000000000000004 and entailment_threshold = 0.5315043991907
Precision: 0.2459016393442623 for label 0 | 0.36363636363636365 for label 1 | 0.7142857142857143 for label 2
Recall: 0.6818181818181818 for label 0 | 0.2 for label 1 | 0.38461538461538464 for label 2
F1 micro: 0.411214953271028
F1 macro: 0.3731700997538541
With contradiction_threshold = 0.4 and entailment_threshold = 0.5315043991907
Precision: 0.25806451612903225 for label 0 | 0.42857142857142855 for label 1 | 0.6842105263157895 for label 2
Recall: 0.7272727272727273 for label 0 | 0.15 for label 1 | 0.4 for label 2
F1 micro: 0.4205607476635514
F1 macro: 0.36934299070221394
With contradiction_threshold = 0.5 and entailment_threshold = 0.5315043991907
Precision: 0.25396825396825395 for label 0 | 0.6666666666666666 for label 1 | 0.6829268292682927 for label 2
Recall: 0.7272727272727273 for label 0 | 0.1 for label 1 | 0.4307692307692308 for label 2
F1 micro: 0.42990654205607476
F1 macro: 0.3595618395020026
With contradiction_threshold = 0.6 and entailment_threshold = 0.5315043991907
Precision: 0.25396825396825395 for label 0 | 0.5 for label 1 | 0.6666666666666666 for label 2
Recall: 0.7272727272727273 for label 0 | 0.05 for label 1 | 0.4307692307692308 for label 2
F1 micro: 0.4205607476635514
F1 macro: 0.3302480550418978
With contradiction_threshold = 0.7000000000000001 and entailment_threshold = 0.5315043991907
Precision: 0.25396825396825395 for label 0 | 0.5 for label 1 | 0.6666666666666666 for label 2
Recall: 0.7272727272727273 for label 0 | 0.05 for label 1 | 0.4307692307692308 for label 2
F1 micro: 0.4205607476635514
F1 macro: 0.3302480550418978
With contradiction_threshold = 0.8 and entailment_threshold = 0.5315043991907
Precision: 0.25396825396825395 for label 0 | 0.5 for label 1 | 0.6666666666666666 for label 2
Recall: 0.7272727272727273 for label 0 | 0.05 for label 1 | 0.4307692307692308 for label 2
F1 micro: 0.4205607476635514
F1 macro: 0.3302480550418978
With contradiction_threshold = 0.9 and entailment_threshold = 0.5315043991907
Precision: 0.25396825396825395 for label 0 | 0.5 for label 1 | 0.6666666666666666 for label 2
Recall: 0.7272727272727273 for label 0 | 0.05 for label 1 | 0.4307692307692308 for label 2
F1 micro: 0.4205607476635514
F1 macro: 0.3302480550418978
With contradiction_threshold = 0.16634321812392727 and entailment_threshold = 0.1
Precision: 0.2 for label 0 | 0.5 for label 1 | 0.38461538461538464 for label 2
Recall: 0.8181818181818182 for label 0 | 0.1 for label 1 | 0.07692307692307693 for label 2
F1 micro: 0.23364485981308414
F1 macro: 0.20543345543345545
With contradiction_threshold = 0.16634321812392727 and entailment_threshold = 0.2
Precision: 0.20689655172413793 for label 0 | 0.5714285714285714 for label 1 | 0.38461538461538464 for label 2
Recall: 0.8181818181818182 for label 0 | 0.2 for label 1 | 0.07692307692307693 for label 2
F1 micro: 0.2523364485981308
F1 macro: 0.25159221795307424
With contradiction_threshold = 0.16634321812392727 and entailment_threshold = 0.30000000000000004
Precision: 0.22077922077922077 for label 0 | 0.36363636363636365 for label 1 | 0.5263157894736842 for label 2
Recall: 0.7727272727272727 for label 0 | 0.2 for label 1 | 0.15384615384615385 for label 2
F1 micro: 0.2897196261682243
F1 macro: 0.27986469921953794
With contradiction_threshold = 0.16634321812392727 and entailment_threshold = 0.4
Precision: 0.2222222222222222 for label 0 | 0.2857142857142857 for label 1 | 0.5714285714285714 for label 2
Recall: 0.7272727272727273 for label 0 | 0.2 for label 1 | 0.18461538461538463 for label 2
F1 micro: 0.29906542056074764
F1 macro: 0.28492980566793763
With contradiction_threshold = 0.16634321812392727 and entailment_threshold = 0.5
Precision: 0.2459016393442623 for label 0 | 0.22727272727272727 for label 1 | 0.625 for label 2
Recall: 0.6818181818181818 for label 0 | 0.25 for label 1 | 0.23076923076923078 for label 2
F1 micro: 0.32710280373831774
F1 macro: 0.3122065576377205
With contradiction_threshold = 0.16634321812392727 and entailment_threshold = 0.6
Precision: 0.30612244897959184 for label 0 | 0.2962962962962963 for label 1 | 0.7096774193548387 for label 2
Recall: 0.6818181818181818 for label 0 | 0.4 for label 1 | 0.3384615384615385 for label 2
F1 micro: 0.4205607476635514
F1 macro: 0.40709802550527757
With contradiction_threshold = 0.16634321812392727 and entailment_threshold = 0.7000000000000001
Precision: 0.3783783783783784 for label 0 | 0.26666666666666666 for label 1 | 0.75 for label 2
Recall: 0.6363636363636364 for label 0 | 0.4 for label 1 | 0.46153846153846156 for label 2
F1 micro: 0.48598130841121495
F1 macro: 0.4553349475383374
With contradiction_threshold = 0.16634321812392727 and entailment_threshold = 0.8
Precision: 0.3333333333333333 for label 0 | 0.23529411764705882 for label 1 | 0.717391304347826 for label 2
Recall: 0.4090909090909091 for label 0 | 0.4 for label 1 | 0.5076923076923077 for label 2
F1 micro: 0.4672897196261683
F1 macro: 0.4194126098888003
With contradiction_threshold = 0.16634321812392727 and entailment_threshold = 0.9
Precision: 0.42105263157894735 for label 0 | 0.2571428571428571 for label 1 | 0.7358490566037735 for label 2
Recall: 0.36363636363636365 for label 0 | 0.45 for label 1 | 0.6 for label 2
F1 micro: 0.5233644859813084
F1 macro: 0.45951119295476467
