With contradiction_threshold = 0.2132844221094059 and entailment_threshold = 0.14937057119211872 * COMPUTED THRESHOLDS
Precision: 0.5517241379310345 for label 0 | 0.3888888888888889 for label 1 | 0.4785276073619632 for label 2
Recall: 0.3404255319148936 for label 0 | 0.1891891891891892 for label 1 | 0.7222222222222222 for label 2
F1 micro: 0.4895397489539749
F1 macro: 0.4170812808606555
With contradiction_threshold = 0.1 and entailment_threshold = 0.14937057119211872
Precision: 0.5849056603773585 for label 0 | 0.26666666666666666 for label 1 | 0.46794871794871795 for label 2
Recall: 0.32978723404255317 for label 0 | 0.21621621621621623 for label 1 | 0.6759259259259259 for label 2
F1 micro: 0.4686192468619247
F1 macro: 0.4045349935541833
With contradiction_threshold = 0.2 and entailment_threshold = 0.14937057119211872
Precision: 0.5517241379310345 for label 0 | 0.3888888888888889 for label 1 | 0.4785276073619632 for label 2
Recall: 0.3404255319148936 for label 0 | 0.1891891891891892 for label 1 | 0.7222222222222222 for label 2
F1 micro: 0.4895397489539749
F1 macro: 0.4170812808606555
With contradiction_threshold = 0.30000000000000004 and entailment_threshold = 0.14937057119211872
Precision: 0.5333333333333333 for label 0 | 0.35714285714285715 for label 1 | 0.48484848484848486 for label 2
Recall: 0.3404255319148936 for label 0 | 0.13513513513513514 for label 1 | 0.7407407407407407 for label 2
F1 micro: 0.4895397489539749
F1 macro: 0.3992478110125169
With contradiction_threshold = 0.4 and entailment_threshold = 0.14937057119211872
Precision: 0.5333333333333333 for label 0 | 0.4166666666666667 for label 1 | 0.48502994011976047 for label 2
Recall: 0.3404255319148936 for label 0 | 0.13513513513513514 for label 1 | 0.75 for label 2
F1 micro: 0.49372384937238495
F1 macro: 0.40291898577612867
With contradiction_threshold = 0.5 and entailment_threshold = 0.14937057119211872
Precision: 0.5409836065573771 for label 0 | 0.4444444444444444 for label 1 | 0.47928994082840237 for label 2
Recall: 0.35106382978723405 for label 0 | 0.10810810810810811 for label 1 | 0.75 for label 2
F1 micro: 0.49372384937238495
F1 macro: 0.39485234673917263
With contradiction_threshold = 0.6 and entailment_threshold = 0.14937057119211872
Precision: 0.5409836065573771 for label 0 | 0.42857142857142855 for label 1 | 0.47953216374269003 for label 2
Recall: 0.35106382978723405 for label 0 | 0.08108108108108109 for label 1 | 0.7592592592592593 for label 2
F1 micro: 0.49372384937238495
F1 macro: 0.3833279026827414
With contradiction_threshold = 0.7000000000000001 and entailment_threshold = 0.14937057119211872
Precision: 0.532258064516129 for label 0 | 0.3333333333333333 for label 1 | 0.47953216374269003 for label 2
Recall: 0.35106382978723405 for label 0 | 0.05405405405405406 for label 1 | 0.7592592592592593 for label 2
F1 micro: 0.4895397489539749
F1 macro: 0.3679712663208537
With contradiction_threshold = 0.8 and entailment_threshold = 0.14937057119211872
Precision: 0.532258064516129 for label 0 | 0.3333333333333333 for label 1 | 0.47953216374269003 for label 2
Recall: 0.35106382978723405 for label 0 | 0.05405405405405406 for label 1 | 0.7592592592592593 for label 2
F1 micro: 0.4895397489539749
F1 macro: 0.3679712663208537
With contradiction_threshold = 0.9 and entailment_threshold = 0.14937057119211872
Precision: 0.532258064516129 for label 0 | 0.3333333333333333 for label 1 | 0.47953216374269003 for label 2
Recall: 0.35106382978723405 for label 0 | 0.05405405405405406 for label 1 | 0.7592592592592593 for label 2
F1 micro: 0.4895397489539749
F1 macro: 0.3679712663208537
With contradiction_threshold = 0.2132844221094059 and entailment_threshold = 0.1
Precision: 0.5483870967741935 for label 0 | 0.3888888888888889 for label 1 | 0.48427672955974843 for label 2
Recall: 0.3617021276595745 for label 0 | 0.1891891891891892 for label 1 | 0.7129629629629629 for label 2
F1 micro: 0.49372384937238495
F1 macro: 0.422407305553373
With contradiction_threshold = 0.2132844221094059 and entailment_threshold = 0.2
Precision: 0.5471698113207547 for label 0 | 0.3684210526315789 for label 1 | 0.47904191616766467 for label 2
Recall: 0.30851063829787234 for label 0 | 0.1891891891891892 for label 1 | 0.7407407407407407 for label 2
F1 micro: 0.48535564853556484
F1 macro: 0.4087920016491445
With contradiction_threshold = 0.2132844221094059 and entailment_threshold = 0.30000000000000004
Precision: 0.5609756097560976 for label 0 | 0.30434782608695654 for label 1 | 0.48 for label 2
Recall: 0.24468085106382978 for label 0 | 0.1891891891891892 for label 1 | 0.7777777777777778 for label 2
F1 micro: 0.4769874476987448
F1 macro: 0.3892378833486019
With contradiction_threshold = 0.2132844221094059 and entailment_threshold = 0.4
Precision: 0.5384615384615384 for label 0 | 0.30434782608695654 for label 1 | 0.4745762711864407 for label 2
Recall: 0.22340425531914893 for label 0 | 0.1891891891891892 for label 1 | 0.7777777777777778 for label 2
F1 micro: 0.4686192468619247
F1 macro: 0.37953216374269005
With contradiction_threshold = 0.2132844221094059 and entailment_threshold = 0.5
Precision: 0.5714285714285714 for label 0 | 0.28 for label 1 | 0.4748603351955307 for label 2
Recall: 0.2127659574468085 for label 0 | 0.1891891891891892 for label 1 | 0.7870370370370371 for label 2
F1 micro: 0.4686192468619247
F1 macro: 0.3760728219220891
With contradiction_threshold = 0.2132844221094059 and entailment_threshold = 0.6
Precision: 0.5384615384615384 for label 0 | 0.28 for label 1 | 0.4627659574468085 for label 2
Recall: 0.14893617021276595 for label 0 | 0.1891891891891892 for label 1 | 0.8055555555555556 for label 2
F1 micro: 0.45188284518828453
F1 macro: 0.3489925409280248
With contradiction_threshold = 0.2132844221094059 and entailment_threshold = 0.7000000000000001
Precision: 0.5454545454545454 for label 0 | 0.3076923076923077 for label 1 | 0.4607329842931937 for label 2
Recall: 0.1276595744680851 for label 0 | 0.21621621621621623 for label 1 | 0.8148148148148148 for label 2
F1 micro: 0.45188284518828453
F1 macro: 0.3498311894113993
With contradiction_threshold = 0.2132844221094059 and entailment_threshold = 0.8
Precision: 0.5789473684210527 for label 0 | 0.27586206896551724 for label 1 | 0.4607329842931937 for label 2
Recall: 0.11702127659574468 for label 0 | 0.21621621621621623 for label 1 | 0.8148148148148148 for label 2
F1 micro: 0.4476987447698745
F1 macro: 0.341914423484258
With contradiction_threshold = 0.2132844221094059 and entailment_threshold = 0.9
Precision: 0.5555555555555556 for label 0 | 0.27586206896551724 for label 1 | 0.4583333333333333 for label 2
Recall: 0.10638297872340426 for label 0 | 0.21621621621621623 for label 1 | 0.8148148148148148 for label 2
F1 micro: 0.4435146443514644
F1 macro: 0.33588744588744585
