With contradiction_threshold = 0.16756323961453745 and entailment_threshold = 0.2969563340302557 * COMPUTED THRESHOLDS
Precision: 0.5909090909090909 for label 0 | 0.28888888888888886 for label 1 | 0.5849056603773585 for label 2
Recall: 0.5531914893617021 for label 0 | 0.35135135135135137 for label 1 | 0.5740740740740741 for label 2
F1 micro: 0.5313807531380753
F1 macro: 0.4893136648322424
With contradiction_threshold = 0.1 and entailment_threshold = 0.2969563340302557
Precision: 0.6071428571428571 for label 0 | 0.25 for label 1 | 0.5578947368421052 for label 2
Recall: 0.5425531914893617 for label 0 | 0.40540540540540543 for label 1 | 0.49074074074074076 for label 2
F1 micro: 0.497907949790795
F1 macro: 0.4681598486884538
With contradiction_threshold = 0.2 and entailment_threshold = 0.2969563340302557
Precision: 0.5955056179775281 for label 0 | 0.30952380952380953 for label 1 | 0.5833333333333334 for label 2
Recall: 0.5638297872340425 for label 0 | 0.35135135135135137 for label 1 | 0.5833333333333334 for label 2
F1 micro: 0.5397489539748954
F1 macro: 0.49722741002052073
With contradiction_threshold = 0.30000000000000004 and entailment_threshold = 0.2969563340302557
Precision: 0.5869565217391305 for label 0 | 0.3448275862068966 for label 1 | 0.559322033898305 for label 2
Recall: 0.574468085106383 for label 0 | 0.2702702702702703 for label 1 | 0.6111111111111112 for label 2
F1 micro: 0.5439330543933054
F1 macro: 0.4892487535936009
With contradiction_threshold = 0.4 and entailment_threshold = 0.2969563340302557
Precision: 0.5806451612903226 for label 0 | 0.42105263157894735 for label 1 | 0.5590551181102362 for label 2
Recall: 0.574468085106383 for label 0 | 0.21621621621621623 for label 1 | 0.6574074074074074 for label 2
F1 micro: 0.5564853556485355
F1 macro: 0.48916990393836457
With contradiction_threshold = 0.5 and entailment_threshold = 0.2969563340302557
Precision: 0.574468085106383 for label 0 | 0.4375 for label 1 | 0.5581395348837209 for label 2
Recall: 0.574468085106383 for label 0 | 0.1891891891891892 for label 1 | 0.6666666666666666 for label 2
F1 micro: 0.5564853556485355
F1 macro: 0.48207132173715667
With contradiction_threshold = 0.6 and entailment_threshold = 0.2969563340302557
Precision: 0.5684210526315789 for label 0 | 0.5555555555555556 for label 1 | 0.5555555555555556 for label 2
Recall: 0.574468085106383 for label 0 | 0.13513513513513514 for label 1 | 0.6944444444444444 for label 2
F1 micro: 0.5606694560669456
F1 macro: 0.4687012754645605
With contradiction_threshold = 0.7000000000000001 and entailment_threshold = 0.2969563340302557
Precision: 0.5625 for label 0 | 0.5 for label 1 | 0.5467625899280576 for label 2
Recall: 0.574468085106383 for label 0 | 0.05405405405405406 for label 1 | 0.7037037037037037 for label 2
F1 micro: 0.5523012552301255
F1 macro: 0.4271222145419835
With contradiction_threshold = 0.8 and entailment_threshold = 0.2969563340302557
Precision: 0.5625 for label 0 | 0.5 for label 1 | 0.5467625899280576 for label 2
Recall: 0.574468085106383 for label 0 | 0.05405405405405406 for label 1 | 0.7037037037037037 for label 2
F1 micro: 0.5523012552301255
F1 macro: 0.4271222145419835
With contradiction_threshold = 0.9 and entailment_threshold = 0.2969563340302557
Precision: 0.5625 for label 0 | 0.5 for label 1 | 0.5467625899280576 for label 2
Recall: 0.574468085106383 for label 0 | 0.05405405405405406 for label 1 | 0.7037037037037037 for label 2
F1 micro: 0.5523012552301255
F1 macro: 0.4271222145419835
With contradiction_threshold = 0.16756323961453745 and entailment_threshold = 0.1
Precision: 0.5067567567567568 for label 0 | 0.34375 for label 1 | 0.5932203389830508 for label 2
Recall: 0.7978723404255319 for label 0 | 0.2972972972972973 for label 1 | 0.32407407407407407 for label 2
F1 micro: 0.5062761506276151
F1 macro: 0.45261232236688437
With contradiction_threshold = 0.16756323961453745 and entailment_threshold = 0.2
Precision: 0.5596330275229358 for label 0 | 0.2857142857142857 for label 1 | 0.6136363636363636 for label 2
Recall: 0.648936170212766 for label 0 | 0.32432432432432434 for label 1 | 0.5 for label 2
F1 micro: 0.5313807531380753
F1 macro: 0.4852676993975242
With contradiction_threshold = 0.16756323961453745 and entailment_threshold = 0.30000000000000004
Precision: 0.5813953488372093 for label 0 | 0.28888888888888886 for label 1 | 0.5740740740740741 for label 2
Recall: 0.5319148936170213 for label 0 | 0.35135135135135137 for label 1 | 0.5740740740740741 for label 2
F1 micro: 0.5230125523012552
F1 macro: 0.4822342667871123
With contradiction_threshold = 0.16756323961453745 and entailment_threshold = 0.4
Precision: 0.5915492957746479 for label 0 | 0.2978723404255319 for label 1 | 0.5371900826446281 for label 2
Recall: 0.44680851063829785 for label 0 | 0.3783783783783784 for label 1 | 0.6018518518518519 for label 2
F1 micro: 0.5062761506276151
F1 macro: 0.4700366106479643
With contradiction_threshold = 0.16756323961453745 and entailment_threshold = 0.5
Precision: 0.5846153846153846 for label 0 | 0.3125 for label 1 | 0.5238095238095238 for label 2
Recall: 0.40425531914893614 for label 0 | 0.40540540540540543 for label 1 | 0.6111111111111112 for label 2
F1 micro: 0.497907949790795
F1 macro: 0.46501038731893346
With contradiction_threshold = 0.16756323961453745 and entailment_threshold = 0.6
Precision: 0.6333333333333333 for label 0 | 0.3 for label 1 | 0.49056603773584906 for label 2
Recall: 0.20212765957446807 for label 0 | 0.40540540540540543 for label 1 | 0.7222222222222222 for label 2
F1 micro: 0.4686192468619247
F1 macro: 0.4118496206771569
With contradiction_threshold = 0.16756323961453745 and entailment_threshold = 0.7000000000000001
Precision: 0.5454545454545454 for label 0 | 0.3 for label 1 | 0.46706586826347307 for label 2
Recall: 0.1276595744680851 for label 0 | 0.40540540540540543 for label 1 | 0.7222222222222222 for label 2
F1 micro: 0.4393305439330544
F1 macro: 0.37299895506792063
With contradiction_threshold = 0.16756323961453745 and entailment_threshold = 0.8
Precision: 0.5454545454545454 for label 0 | 0.3 for label 1 | 0.46706586826347307 for label 2
Recall: 0.1276595744680851 for label 0 | 0.40540540540540543 for label 1 | 0.7222222222222222 for label 2
F1 micro: 0.4393305439330544
F1 macro: 0.37299895506792063
With contradiction_threshold = 0.16756323961453745 and entailment_threshold = 0.9
Precision: 0.5714285714285714 for label 0 | 0.3 for label 1 | 0.47023809523809523 for label 2
Recall: 0.1276595744680851 for label 0 | 0.40540540540540543 for label 1 | 0.7314814814814815 for label 2
F1 micro: 0.4435146443514644
F1 macro: 0.3753290021655839
