With contradiction_threshold = 0.2862195601813371 and entailment_threshold = 0.15316510254323523 * COMPUTED THRESHOLDS
Precision: 0.55 for label 0 | 0.35714285714285715 for label 1 | 0.4909090909090909 for label 2
Recall: 0.35106382978723405 for label 0 | 0.13513513513513514 for label 1 | 0.75 for label 2
F1 micro: 0.497907949790795
F1 macro: 0.4060188177835237
With contradiction_threshold = 0.1 and entailment_threshold = 0.15316510254323523
Precision: 0.58 for label 0 | 0.22857142857142856 for label 1 | 0.474025974025974 for label 2
Recall: 0.30851063829787234 for label 0 | 0.21621621621621623 for label 1 | 0.6759259259259259 for label 2
F1 micro: 0.4602510460251046
F1 macro: 0.39408396946564883
With contradiction_threshold = 0.2 and entailment_threshold = 0.15316510254323523
Precision: 0.5614035087719298 for label 0 | 0.35 for label 1 | 0.4876543209876543 for label 2
Recall: 0.3404255319148936 for label 0 | 0.1891891891891892 for label 1 | 0.7314814814814815 for label 2
F1 micro: 0.49372384937238495
F1 macro: 0.4182134266251845
With contradiction_threshold = 0.30000000000000004 and entailment_threshold = 0.15316510254323523
Precision: 0.55 for label 0 | 0.38461538461538464 for label 1 | 0.4939759036144578 for label 2
Recall: 0.35106382978723405 for label 0 | 0.13513513513513514 for label 1 | 0.7592592592592593 for label 2
F1 micro: 0.502092050209205
F1 macro: 0.4090371915189433
With contradiction_threshold = 0.4 and entailment_threshold = 0.15316510254323523
Precision: 0.5573770491803278 for label 0 | 0.45454545454545453 for label 1 | 0.49101796407185627 for label 2
Recall: 0.3617021276595745 for label 0 | 0.13513513513513514 for label 1 | 0.7592592592592593 for label 2
F1 micro: 0.5062761506276151
F1 macro: 0.41446888237210827
With contradiction_threshold = 0.5 and entailment_threshold = 0.15316510254323523
Precision: 0.5573770491803278 for label 0 | 0.4 for label 1 | 0.4880952380952381 for label 2
Recall: 0.3617021276595745 for label 0 | 0.10810810810810811 for label 1 | 0.7592592592592593 for label 2
F1 micro: 0.502092050209205
F1 macro: 0.4010417806425088
With contradiction_threshold = 0.6 and entailment_threshold = 0.15316510254323523
Precision: 0.5573770491803278 for label 0 | 0.375 for label 1 | 0.4823529411764706 for label 2
Recall: 0.3617021276595745 for label 0 | 0.08108108108108109 for label 1 | 0.7592592592592593 for label 2
F1 micro: 0.497907949790795
F1 macro: 0.38732368943554835
With contradiction_threshold = 0.7000000000000001 and entailment_threshold = 0.15316510254323523
Precision: 0.5483870967741935 for label 0 | 0.3333333333333333 for label 1 | 0.4853801169590643 for label 2
Recall: 0.3617021276595745 for label 0 | 0.05405405405405406 for label 1 | 0.7685185185185185 for label 2
F1 micro: 0.497907949790795
F1 macro: 0.374634256854812
With contradiction_threshold = 0.8 and entailment_threshold = 0.15316510254323523
Precision: 0.5483870967741935 for label 0 | 0.3333333333333333 for label 1 | 0.4853801169590643 for label 2
Recall: 0.3617021276595745 for label 0 | 0.05405405405405406 for label 1 | 0.7685185185185185 for label 2
F1 micro: 0.497907949790795
F1 macro: 0.374634256854812
With contradiction_threshold = 0.9 and entailment_threshold = 0.15316510254323523
Precision: 0.5483870967741935 for label 0 | 0.4 for label 1 | 0.4883720930232558 for label 2
Recall: 0.3617021276595745 for label 0 | 0.05405405405405406 for label 1 | 0.7777777777777778 for label 2
F1 micro: 0.502092050209205
F1 macro: 0.3770451770451771
With contradiction_threshold = 0.2862195601813371 and entailment_threshold = 0.1
Precision: 0.5217391304347826 for label 0 | 0.35714285714285715 for label 1 | 0.48717948717948717 for label 2
Recall: 0.3829787234042553 for label 0 | 0.13513513513513514 for label 1 | 0.7037037037037037 for label 2
F1 micro: 0.4895397489539749
F1 macro: 0.4045179328470559
With contradiction_threshold = 0.2862195601813371 and entailment_threshold = 0.2
Precision: 0.5535714285714286 for label 0 | 0.4375 for label 1 | 0.48502994011976047 for label 2
Recall: 0.32978723404255317 for label 0 | 0.1891891891891892 for label 1 | 0.75 for label 2
F1 micro: 0.497907949790795
F1 macro: 0.4221917286068229
With contradiction_threshold = 0.2862195601813371 and entailment_threshold = 0.30000000000000004
Precision: 0.5714285714285714 for label 0 | 0.3333333333333333 for label 1 | 0.48863636363636365 for label 2
Recall: 0.2553191489361702 for label 0 | 0.1891891891891892 for label 1 | 0.7962962962962963 for label 2
F1 micro: 0.4895397489539749
F1 macro: 0.3999847632107724
With contradiction_threshold = 0.2862195601813371 and entailment_threshold = 0.4
Precision: 0.5142857142857142 for label 0 | 0.3333333333333333 for label 1 | 0.4777777777777778 for label 2
Recall: 0.19148936170212766 for label 0 | 0.21621621621621623 for label 1 | 0.7962962962962963 for label 2
F1 micro: 0.4686192468619247
F1 macro: 0.3795290238770986
With contradiction_threshold = 0.2862195601813371 and entailment_threshold = 0.5
Precision: 0.5151515151515151 for label 0 | 0.3333333333333333 for label 1 | 0.47802197802197804 for label 2
Recall: 0.18085106382978725 for label 0 | 0.21621621621621623 for label 1 | 0.8055555555555556 for label 2
F1 micro: 0.4686192468619247
F1 macro: 0.37667053913342796
With contradiction_threshold = 0.2862195601813371 and entailment_threshold = 0.6
Precision: 0.5 for label 0 | 0.3333333333333333 for label 1 | 0.47150259067357514 for label 2
Recall: 0.11702127659574468 for label 0 | 0.21621621621621623 for label 1 | 0.8425925925925926 for label 2
F1 micro: 0.4602510460251046
F1 macro: 0.352200472390568
With contradiction_threshold = 0.2862195601813371 and entailment_threshold = 0.7000000000000001
Precision: 0.47368421052631576 for label 0 | 0.3333333333333333 for label 1 | 0.46938775510204084 for label 2
Recall: 0.09574468085106383 for label 0 | 0.21621621621621623 for label 1 | 0.8518518518518519 for label 2
F1 micro: 0.4560669456066946
F1 macro: 0.34228342508672666
With contradiction_threshold = 0.2862195601813371 and entailment_threshold = 0.8
Precision: 0.5 for label 0 | 0.3333333333333333 for label 1 | 0.4723618090452261 for label 2
Recall: 0.0851063829787234 for label 0 | 0.21621621621621623 for label 1 | 0.8703703703703703 for label 2
F1 micro: 0.4602510460251046
F1 macro: 0.3400424925282084
With contradiction_threshold = 0.2862195601813371 and entailment_threshold = 0.9
Precision: 0.5 for label 0 | 0.3333333333333333 for label 1 | 0.4723618090452261 for label 2
Recall: 0.0851063829787234 for label 0 | 0.21621621621621623 for label 1 | 0.8703703703703703 for label 2
F1 micro: 0.4602510460251046
F1 macro: 0.3400424925282084
