With contradiction_threshold = 0.3970795792147328 and entailment_threshold = 0.6020054374890975 * COMPUTED THRESHOLDS
Precision: 0.4520547945205479 for label 0 | 0.2564102564102564 for label 1 | 0.5555555555555556 for label 2
Recall: 0.7021276595744681 for label 0 | 0.2702702702702703 for label 1 | 0.2777777777777778 for label 2
F1 micro: 0.4435146443514644
F1 macro: 0.39450942170240416
With contradiction_threshold = 0.1 and entailment_threshold = 0.6020054374890975
Precision: 0.4918032786885246 for label 0 | 0.23333333333333334 for label 1 | 0.5185185185185185 for label 2
Recall: 0.6382978723404256 for label 0 | 0.5675675675675675 for label 1 | 0.12962962962962962 for label 2
F1 micro: 0.39748953974895396
F1 macro: 0.3645572081267619
With contradiction_threshold = 0.2 and entailment_threshold = 0.6020054374890975
Precision: 0.48507462686567165 for label 0 | 0.2647058823529412 for label 1 | 0.5405405405405406 for label 2
Recall: 0.6914893617021277 for label 0 | 0.4864864864864865 for label 1 | 0.18518518518518517 for label 2
F1 micro: 0.4309623430962343
F1 macro: 0.3962982168063838
With contradiction_threshold = 0.30000000000000004 and entailment_threshold = 0.6020054374890975
Precision: 0.4520547945205479 for label 0 | 0.2653061224489796 for label 1 | 0.5454545454545454 for label 2
Recall: 0.7021276595744681 for label 0 | 0.35135135135135137 for label 1 | 0.2222222222222222 for label 2
F1 micro: 0.4309623430962343
F1 macro: 0.3893716850265198
With contradiction_threshold = 0.4 and entailment_threshold = 0.6020054374890975
Precision: 0.4520547945205479 for label 0 | 0.2564102564102564 for label 1 | 0.5555555555555556 for label 2
Recall: 0.7021276595744681 for label 0 | 0.2702702702702703 for label 1 | 0.2777777777777778 for label 2
F1 micro: 0.4435146443514644
F1 macro: 0.39450942170240416
With contradiction_threshold = 0.5 and entailment_threshold = 0.6020054374890975
Precision: 0.4520547945205479 for label 0 | 0.25806451612903225 for label 1 | 0.532258064516129 for label 2
Recall: 0.7021276595744681 for label 0 | 0.21621621621621623 for label 1 | 0.3055555555555556 for label 2
F1 micro: 0.4476987447698745
F1 macro: 0.39117647058823524
With contradiction_threshold = 0.6 and entailment_threshold = 0.6020054374890975
Precision: 0.4520547945205479 for label 0 | 0.29411764705882354 for label 1 | 0.5657894736842105 for label 2
Recall: 0.7021276595744681 for label 0 | 0.13513513513513514 for label 1 | 0.39814814814814814 for label 2
F1 micro: 0.4769874476987448
F1 macro: 0.400858829844337
With contradiction_threshold = 0.7000000000000001 and entailment_threshold = 0.6020054374890975
Precision: 0.4520547945205479 for label 0 | 0.3076923076923077 for label 1 | 0.5625 for label 2
Recall: 0.7021276595744681 for label 0 | 0.10810810810810811 for label 1 | 0.4166666666666667 for label 2
F1 micro: 0.4811715481171548
F1 macro: 0.39624113475177297
With contradiction_threshold = 0.8 and entailment_threshold = 0.6020054374890975
Precision: 0.4520547945205479 for label 0 | 0.3333333333333333 for label 1 | 0.5555555555555556 for label 2
Recall: 0.7021276595744681 for label 0 | 0.10810810810810811 for label 1 | 0.4166666666666667 for label 2
F1 micro: 0.4811715481171548
F1 macro: 0.39648526077097507
With contradiction_threshold = 0.9 and entailment_threshold = 0.6020054374890975
Precision: 0.4520547945205479 for label 0 | 0.2222222222222222 for label 1 | 0.5357142857142857 for label 2
Recall: 0.7021276595744681 for label 0 | 0.05405405405405406 for label 1 | 0.4166666666666667 for label 2
F1 micro: 0.47280334728033474
F1 macro: 0.3685688405797101
With contradiction_threshold = 0.3970795792147328 and entailment_threshold = 0.1
Precision: 0.3923444976076555 for label 0 | 0.4444444444444444 for label 1 | 0.4166666666666667 for label 2
Recall: 0.8723404255319149 for label 0 | 0.21621621621621623 for label 1 | 0.046296296296296294 for label 2
F1 micro: 0.39748953974895396
F1 macro: 0.3051655165516552
With contradiction_threshold = 0.3970795792147328 and entailment_threshold = 0.2
Precision: 0.4019607843137255 for label 0 | 0.36363636363636365 for label 1 | 0.46153846153846156 for label 2
Recall: 0.8723404255319149 for label 0 | 0.21621621621621623 for label 1 | 0.05555555555555555 for label 2
F1 micro: 0.401673640167364
F1 macro: 0.3068985216222577
With contradiction_threshold = 0.3970795792147328 and entailment_threshold = 0.30000000000000004
Precision: 0.40816326530612246 for label 0 | 0.32 for label 1 | 0.5555555555555556 for label 2
Recall: 0.851063829787234 for label 0 | 0.21621621621621623 for label 1 | 0.09259259259259259 for label 2
F1 micro: 0.41004184100418406
F1 macro: 0.32283960426340846
With contradiction_threshold = 0.3970795792147328 and entailment_threshold = 0.4
Precision: 0.42245989304812837 for label 0 | 0.2647058823529412 for label 1 | 0.5555555555555556 for label 2
Recall: 0.8404255319148937 for label 0 | 0.24324324324324326 for label 1 | 0.09259259259259259 for label 2
F1 micro: 0.41004184100418406
F1 macro: 0.32484295518729883
With contradiction_threshold = 0.3970795792147328 and entailment_threshold = 0.5
Precision: 0.4301675977653631 for label 0 | 0.25 for label 1 | 0.5833333333333334 for label 2
Recall: 0.8191489361702128 for label 0 | 0.24324324324324326 for label 1 | 0.12962962962962962 for label 2
F1 micro: 0.4184100418410041
F1 macro: 0.3409330395631765
With contradiction_threshold = 0.3970795792147328 and entailment_threshold = 0.6
Precision: 0.44966442953020136 for label 0 | 0.2564102564102564 for label 1 | 0.5490196078431373 for label 2
Recall: 0.7127659574468085 for label 0 | 0.2702702702702703 for label 1 | 0.25925925925925924 for label 2
F1 micro: 0.4393305439330544
F1 macro: 0.3889331606055281
With contradiction_threshold = 0.3970795792147328 and entailment_threshold = 0.7000000000000001
Precision: 0.5178571428571429 for label 0 | 0.2564102564102564 for label 1 | 0.5340909090909091 for label 2
Recall: 0.6170212765957447 for label 0 | 0.2702702702702703 for label 1 | 0.4351851851851852 for label 2
F1 micro: 0.4811715481171548
F1 macro: 0.43528550919601355
With contradiction_threshold = 0.3970795792147328 and entailment_threshold = 0.8
Precision: 0.5263157894736842 for label 0 | 0.2564102564102564 for label 1 | 0.5238095238095238 for label 2
Recall: 0.5319148936170213 for label 0 | 0.2702702702702703 for label 1 | 0.5092592592592593 for label 2
F1 micro: 0.4811715481171548
F1 macro: 0.43623011624000013
With contradiction_threshold = 0.3970795792147328 and entailment_threshold = 0.9
Precision: 0.4861111111111111 for label 0 | 0.2564102564102564 for label 1 | 0.4765625 for label 2
Recall: 0.3723404255319149 for label 0 | 0.2702702702702703 for label 1 | 0.5648148148148148 for label 2
F1 micro: 0.4435146443514644
F1 macro: 0.40059793142238886
