With contradiction_threshold = 0.3474386263193998 and entailment_threshold = 0.42972966097924137 * COMPUTED THRESHOLDS
Precision: 0.4777777777777778 for label 0 | 0.3181818181818182 for label 1 | 0.4566929133858268 for label 2
Recall: 0.4574468085106383 for label 0 | 0.1891891891891892 for label 1 | 0.5370370370370371 for label 2
F1 micro: 0.45188284518828453
F1 macro: 0.3994321537392141
With contradiction_threshold = 0.1 and entailment_threshold = 0.42972966097924137
Precision: 0.46987951807228917 for label 0 | 0.27586206896551724 for label 1 | 0.4566929133858268 for label 2
Recall: 0.4148936170212766 for label 0 | 0.21621621621621623 for label 1 | 0.5370370370370371 for label 2
F1 micro: 0.4393305439330544
F1 macro: 0.39223974326751104
With contradiction_threshold = 0.2 and entailment_threshold = 0.42972966097924137
Precision: 0.48863636363636365 for label 0 | 0.3333333333333333 for label 1 | 0.4566929133858268 for label 2
Recall: 0.4574468085106383 for label 0 | 0.21621621621621623 for label 1 | 0.5370370370370371 for label 2
F1 micro: 0.4560669456066946
F1 macro: 0.4094798585904271
With contradiction_threshold = 0.30000000000000004 and entailment_threshold = 0.42972966097924137
Precision: 0.4777777777777778 for label 0 | 0.3181818181818182 for label 1 | 0.4566929133858268 for label 2
Recall: 0.4574468085106383 for label 0 | 0.1891891891891892 for label 1 | 0.5370370370370371 for label 2
F1 micro: 0.45188284518828453
F1 macro: 0.3994321537392141
With contradiction_threshold = 0.4 and entailment_threshold = 0.42972966097924137
Precision: 0.4777777777777778 for label 0 | 0.3181818181818182 for label 1 | 0.4566929133858268 for label 2
Recall: 0.4574468085106383 for label 0 | 0.1891891891891892 for label 1 | 0.5370370370370371 for label 2
F1 micro: 0.45188284518828453
F1 macro: 0.3994321537392141
With contradiction_threshold = 0.5 and entailment_threshold = 0.42972966097924137
Precision: 0.4631578947368421 for label 0 | 0.35294117647058826 for label 1 | 0.4566929133858268 for label 2
Recall: 0.46808510638297873 for label 0 | 0.16216216216216217 for label 1 | 0.5370370370370371 for label 2
F1 micro: 0.45188284518828453
F1 macro: 0.39381590303576125
With contradiction_threshold = 0.6 and entailment_threshold = 0.42972966097924137
Precision: 0.4639175257731959 for label 0 | 0.18181818181818182 for label 1 | 0.45038167938931295 for label 2
Recall: 0.4787234042553192 for label 0 | 0.05405405405405406 for label 1 | 0.5462962962962963 for label 2
F1 micro: 0.4435146443514644
F1 macro: 0.3494204570624646
With contradiction_threshold = 0.7000000000000001 and entailment_threshold = 0.42972966097924137
Precision: 0.4639175257731959 for label 0 | 0.2222222222222222 for label 1 | 0.45864661654135336 for label 2
Recall: 0.4787234042553192 for label 0 | 0.05405405405405406 for label 1 | 0.5648148148148148 for label 2
F1 micro: 0.45188284518828453
F1 macro: 0.35479492553694914
With contradiction_threshold = 0.8 and entailment_threshold = 0.42972966097924137
Precision: 0.4639175257731959 for label 0 | 0.16666666666666666 for label 1 | 0.4632352941176471 for label 2
Recall: 0.4787234042553192 for label 0 | 0.02702702702702703 for label 1 | 0.5833333333333334 for label 2
F1 micro: 0.4560669456066946
F1 macro: 0.344703086337201
With contradiction_threshold = 0.9 and entailment_threshold = 0.42972966097924137
Precision: 0.4639175257731959 for label 0 | 0.2 for label 1 | 0.45985401459854014 for label 2
Recall: 0.4787234042553192 for label 0 | 0.02702702702702703 for label 1 | 0.5833333333333334 for label 2
F1 micro: 0.4560669456066946
F1 macro: 0.34436965012881243
With contradiction_threshold = 0.3474386263193998 and entailment_threshold = 0.1
Precision: 0.45 for label 0 | 0.23076923076923078 for label 1 | 0.4523809523809524 for label 2
Recall: 0.4787234042553192 for label 0 | 0.08108108108108109 for label 1 | 0.5277777777777778 for label 2
F1 micro: 0.4393305439330544
F1 macro: 0.3570323376508943
With contradiction_threshold = 0.3474386263193998 and entailment_threshold = 0.2
Precision: 0.45918367346938777 for label 0 | 0.3333333333333333 for label 1 | 0.4523809523809524 for label 2
Recall: 0.4787234042553192 for label 0 | 0.13513513513513514 for label 1 | 0.5277777777777778 for label 2
F1 micro: 0.4476987447698745
F1 macro: 0.3827457264957264
With contradiction_threshold = 0.3474386263193998 and entailment_threshold = 0.30000000000000004
Precision: 0.4631578947368421 for label 0 | 0.35294117647058826 for label 1 | 0.4566929133858268 for label 2
Recall: 0.46808510638297873 for label 0 | 0.16216216216216217 for label 1 | 0.5370370370370371 for label 2
F1 micro: 0.45188284518828453
F1 macro: 0.39381590303576125
With contradiction_threshold = 0.3474386263193998 and entailment_threshold = 0.4
Precision: 0.4777777777777778 for label 0 | 0.3181818181818182 for label 1 | 0.4566929133858268 for label 2
Recall: 0.4574468085106383 for label 0 | 0.1891891891891892 for label 1 | 0.5370370370370371 for label 2
F1 micro: 0.45188284518828453
F1 macro: 0.3994321537392141
With contradiction_threshold = 0.3474386263193998 and entailment_threshold = 0.5
Precision: 0.5 for label 0 | 0.3181818181818182 for label 1 | 0.4732824427480916 for label 2
Recall: 0.4574468085106383 for label 0 | 0.1891891891891892 for label 1 | 0.5740740740740741 for label 2
F1 micro: 0.4686192468619247
F1 macro: 0.41129812175128116
With contradiction_threshold = 0.3474386263193998 and entailment_threshold = 0.6
Precision: 0.5063291139240507 for label 0 | 0.34782608695652173 for label 1 | 0.4744525547445255 for label 2
Recall: 0.425531914893617 for label 0 | 0.21621621621621623 for label 1 | 0.6018518518518519 for label 2
F1 micro: 0.47280334728033474
F1 macro: 0.41990221907645525
With contradiction_threshold = 0.3474386263193998 and entailment_threshold = 0.7000000000000001
Precision: 0.5217391304347826 for label 0 | 0.34782608695652173 for label 1 | 0.47619047619047616 for label 2
Recall: 0.3829787234042553 for label 0 | 0.21621621621621623 for label 1 | 0.6481481481481481 for label 2
F1 micro: 0.4769874476987448
F1 macro: 0.4191346886402823
With contradiction_threshold = 0.3474386263193998 and entailment_threshold = 0.8
Precision: 0.5357142857142857 for label 0 | 0.34782608695652173 for label 1 | 0.46875 for label 2
Recall: 0.3191489361702128 for label 0 | 0.21621621621621623 for label 1 | 0.6944444444444444 for label 2
F1 micro: 0.47280334728033474
F1 macro: 0.4087893864013267
With contradiction_threshold = 0.3474386263193998 and entailment_threshold = 0.9
Precision: 0.5714285714285714 for label 0 | 0.34782608695652173 for label 1 | 0.47305389221556887 for label 2
Recall: 0.2978723404255319 for label 0 | 0.21621621621621623 for label 1 | 0.7314814814814815 for label 2
F1 micro: 0.4811715481171548
F1 macro: 0.410940170940171
