With contradiction_threshold = 0.39823158251601853 and entailment_threshold = 0.5683066755388362 * COMPUTED THRESHOLDS
Precision: 0.4691358024691358 for label 0 | 0.23684210526315788 for label 1 | 0.6410256410256411 for label 2
Recall: 0.8085106382978723 for label 0 | 0.24324324324324326 for label 1 | 0.23148148148148148 for label 2
F1 micro: 0.4602510460251046
F1 macro: 0.39129535147392297
With contradiction_threshold = 0.1 and entailment_threshold = 0.5683066755388362
Precision: 0.5070422535211268 for label 0 | 0.24691358024691357 for label 1 | 0.75 for label 2
Recall: 0.7659574468085106 for label 0 | 0.5405405405405406 for label 1 | 0.1111111111111111 for label 2
F1 micro: 0.4351464435146444
F1 macro: 0.3809003098232185
With contradiction_threshold = 0.2 and entailment_threshold = 0.5683066755388362
Precision: 0.49324324324324326 for label 0 | 0.24242424242424243 for label 1 | 0.68 for label 2
Recall: 0.776595744680851 for label 0 | 0.43243243243243246 for label 1 | 0.1574074074074074 for label 2
F1 micro: 0.4435146443514644
F1 macro: 0.38987483150627106
With contradiction_threshold = 0.30000000000000004 and entailment_threshold = 0.5683066755388362
Precision: 0.475 for label 0 | 0.2708333333333333 for label 1 | 0.6774193548387096 for label 2
Recall: 0.8085106382978723 for label 0 | 0.35135135135135137 for label 1 | 0.19444444444444445 for label 2
F1 micro: 0.4602510460251046
F1 macro: 0.40215527439095505
With contradiction_threshold = 0.4 and entailment_threshold = 0.5683066755388362
Precision: 0.4691358024691358 for label 0 | 0.23684210526315788 for label 1 | 0.6410256410256411 for label 2
Recall: 0.8085106382978723 for label 0 | 0.24324324324324326 for label 1 | 0.23148148148148148 for label 2
F1 micro: 0.4602510460251046
F1 macro: 0.39129535147392297
With contradiction_threshold = 0.5 and entailment_threshold = 0.5683066755388362
Precision: 0.4662576687116564 for label 0 | 0.2857142857142857 for label 1 | 0.625 for label 2
Recall: 0.8085106382978723 for label 0 | 0.21621621621621623 for label 1 | 0.2777777777777778 for label 2
F1 micro: 0.4769874476987448
F1 macro: 0.40740297316172797
With contradiction_threshold = 0.6 and entailment_threshold = 0.5683066755388362
Precision: 0.4662576687116564 for label 0 | 0.29411764705882354 for label 1 | 0.6271186440677966 for label 2
Recall: 0.8085106382978723 for label 0 | 0.13513513513513514 for label 1 | 0.3425925925925926 for label 2
F1 micro: 0.49372384937238495
F1 macro: 0.40657954878540936
With contradiction_threshold = 0.7000000000000001 and entailment_threshold = 0.5683066755388362
Precision: 0.4662576687116564 for label 0 | 0.3076923076923077 for label 1 | 0.6190476190476191 for label 2
Recall: 0.8085106382978723 for label 0 | 0.10810810810810811 for label 1 | 0.3611111111111111 for label 2
F1 micro: 0.497907949790795
F1 macro: 0.40252667986438206
With contradiction_threshold = 0.8 and entailment_threshold = 0.5683066755388362
Precision: 0.4662576687116564 for label 0 | 0.3333333333333333 for label 1 | 0.609375 for label 2
Recall: 0.8085106382978723 for label 0 | 0.10810810810810811 for label 1 | 0.3611111111111111 for label 2
F1 micro: 0.497907949790795
F1 macro: 0.4027311223104751
With contradiction_threshold = 0.9 and entailment_threshold = 0.5683066755388362
Precision: 0.4662576687116564 for label 0 | 0.2222222222222222 for label 1 | 0.582089552238806 for label 2
Recall: 0.8085106382978723 for label 0 | 0.05405405405405406 for label 1 | 0.3611111111111111 for label 2
F1 micro: 0.4895397489539749
F1 macro: 0.3747034987231231
With contradiction_threshold = 0.39823158251601853 and entailment_threshold = 0.1
Precision: 0.4074074074074074 for label 0 | 0.4444444444444444 for label 1 | 0.8 for label 2
Recall: 0.9361702127659575 for label 0 | 0.21621621621621623 for label 1 | 0.037037037037037035 for label 2
F1 micro: 0.4184100418410041
F1 macro: 0.309815828856651
With contradiction_threshold = 0.39823158251601853 and entailment_threshold = 0.2
Precision: 0.41509433962264153 for label 0 | 0.38095238095238093 for label 1 | 0.8333333333333334 for label 2
Recall: 0.9361702127659575 for label 0 | 0.21621621621621623 for label 1 | 0.046296296296296294 for label 2
F1 micro: 0.4225941422594142
F1 macro: 0.3129149219679806
With contradiction_threshold = 0.39823158251601853 and entailment_threshold = 0.30000000000000004
Precision: 0.4174757281553398 for label 0 | 0.34782608695652173 for label 1 | 0.8 for label 2
Recall: 0.9148936170212766 for label 0 | 0.21621621621621623 for label 1 | 0.07407407407407407 for label 2
F1 micro: 0.42677824267782427
F1 macro: 0.32519774011299435
With contradiction_threshold = 0.39823158251601853 and entailment_threshold = 0.4
Precision: 0.4381443298969072 for label 0 | 0.2647058823529412 for label 1 | 0.8181818181818182 for label 2
Recall: 0.9042553191489362 for label 0 | 0.24324324324324326 for label 1 | 0.08333333333333333 for label 2
F1 micro: 0.4309623430962343
F1 macro: 0.33168646958000725
With contradiction_threshold = 0.39823158251601853 and entailment_threshold = 0.5
Precision: 0.4486486486486487 for label 0 | 0.25 for label 1 | 0.7777777777777778 for label 2
Recall: 0.8829787234042553 for label 0 | 0.24324324324324326 for label 1 | 0.12962962962962962 for label 2
F1 micro: 0.4435146443514644
F1 macro: 0.3545932145136741
With contradiction_threshold = 0.39823158251601853 and entailment_threshold = 0.6
Precision: 0.4713375796178344 for label 0 | 0.2564102564102564 for label 1 | 0.627906976744186 for label 2
Recall: 0.7872340425531915 for label 0 | 0.2702702702702703 for label 1 | 0.25 for label 2
F1 micro: 0.46443514644351463
F1 macro: 0.4034717410131752
With contradiction_threshold = 0.39823158251601853 and entailment_threshold = 0.7000000000000001
Precision: 0.5289256198347108 for label 0 | 0.2564102564102564 for label 1 | 0.569620253164557 for label 2
Recall: 0.6808510638297872 for label 0 | 0.2702702702702703 for label 1 | 0.4166666666666667 for label 2
F1 micro: 0.497907949790795
F1 macro: 0.44659671813534585
With contradiction_threshold = 0.39823158251601853 and entailment_threshold = 0.8
Precision: 0.5436893203883495 for label 0 | 0.2564102564102564 for label 1 | 0.5567010309278351 for label 2
Recall: 0.5957446808510638 for label 0 | 0.2702702702702703 for label 1 | 0.5 for label 2
F1 micro: 0.502092050209205
F1 macro: 0.4528383606037503
With contradiction_threshold = 0.39823158251601853 and entailment_threshold = 0.9
Precision: 0.5066666666666667 for label 0 | 0.2564102564102564 for label 1 | 0.488 for label 2
Recall: 0.40425531914893614 for label 0 | 0.2702702702702703 for label 1 | 0.5648148148148148 for label 2
F1 micro: 0.4560669456066946
F1 macro: 0.4121557289877562
