With contradiction_threshold = 0.3213413154545439 and entailment_threshold = 0.44461418925814167 * COMPUTED THRESHOLDS
Precision: 0.4835164835164835 for label 0 | 0.3181818181818182 for label 1 | 0.46825396825396826 for label 2
Recall: 0.46808510638297873 for label 0 | 0.1891891891891892 for label 1 | 0.5462962962962963 for label 2
F1 micro: 0.4602510460251046
F1 macro: 0.4057457718474667
With contradiction_threshold = 0.1 and entailment_threshold = 0.44461418925814167
Precision: 0.47058823529411764 for label 0 | 0.27586206896551724 for label 1 | 0.464 for label 2
Recall: 0.425531914893617 for label 0 | 0.21621621621621623 for label 1 | 0.5370370370370371 for label 2
F1 micro: 0.4435146443514644
F1 macro: 0.3957352313263791
With contradiction_threshold = 0.2 and entailment_threshold = 0.44461418925814167
Precision: 0.4888888888888889 for label 0 | 0.3333333333333333 for label 1 | 0.464 for label 2
Recall: 0.46808510638297873 for label 0 | 0.21621621621621623 for label 1 | 0.5370370370370371 for label 2
F1 micro: 0.4602510460251046
F1 macro: 0.4128033429285498
With contradiction_threshold = 0.30000000000000004 and entailment_threshold = 0.44461418925814167
Precision: 0.4835164835164835 for label 0 | 0.3181818181818182 for label 1 | 0.46825396825396826 for label 2
Recall: 0.46808510638297873 for label 0 | 0.1891891891891892 for label 1 | 0.5462962962962963 for label 2
F1 micro: 0.4602510460251046
F1 macro: 0.4057457718474667
With contradiction_threshold = 0.4 and entailment_threshold = 0.44461418925814167
Precision: 0.4782608695652174 for label 0 | 0.3333333333333333 for label 1 | 0.46825396825396826 for label 2
Recall: 0.46808510638297873 for label 0 | 0.1891891891891892 for label 1 | 0.5462962962962963 for label 2
F1 micro: 0.4602510460251046
F1 macro: 0.4062570313960747
With contradiction_threshold = 0.5 and entailment_threshold = 0.44461418925814167
Precision: 0.46875 for label 0 | 0.29411764705882354 for label 1 | 0.46825396825396826 for label 2
Recall: 0.4787234042553192 for label 0 | 0.13513513513513514 for label 1 | 0.5462962962962963 for label 2
F1 micro: 0.4560669456066946
F1 macro: 0.3877142999950017
With contradiction_threshold = 0.6 and entailment_threshold = 0.44461418925814167
Precision: 0.4742268041237113 for label 0 | 0.16666666666666666 for label 1 | 0.46153846153846156 for label 2
Recall: 0.48936170212765956 for label 0 | 0.05405405405405406 for label 1 | 0.5555555555555556 for label 2
F1 micro: 0.45188284518828453
F1 macro: 0.35583657546788344
With contradiction_threshold = 0.7000000000000001 and entailment_threshold = 0.44461418925814167
Precision: 0.4742268041237113 for label 0 | 0.2222222222222222 for label 1 | 0.47368421052631576 for label 2
Recall: 0.48936170212765956 for label 0 | 0.05405405405405406 for label 1 | 0.5833333333333334 for label 2
F1 micro: 0.46443514644351463
F1 macro: 0.36381783039092436
With contradiction_threshold = 0.8 and entailment_threshold = 0.44461418925814167
Precision: 0.4742268041237113 for label 0 | 0.25 for label 1 | 0.4855072463768116 for label 2
Recall: 0.48936170212765956 for label 0 | 0.02702702702702703 for label 1 | 0.6203703703703703 for label 2
F1 micro: 0.4769874476987448
F1 macro: 0.35839044254316893
With contradiction_threshold = 0.9 and entailment_threshold = 0.44461418925814167
Precision: 0.4742268041237113 for label 0 | 0.3333333333333333 for label 1 | 0.48201438848920863 for label 2
Recall: 0.48936170212765956 for label 0 | 0.02702702702702703 for label 1 | 0.6203703703703703 for label 2
F1 micro: 0.4769874476987448
F1 macro: 0.35806183804254904
With contradiction_threshold = 0.3213413154545439 and entailment_threshold = 0.1
Precision: 0.45544554455445546 for label 0 | 0.21428571428571427 for label 1 | 0.4596774193548387 for label 2
Recall: 0.48936170212765956 for label 0 | 0.08108108108108109 for label 1 | 0.5277777777777778 for label 2
F1 micro: 0.4435146443514644
F1 macro: 0.3602737469877429
With contradiction_threshold = 0.3213413154545439 and entailment_threshold = 0.2
Precision: 0.46 for label 0 | 0.26666666666666666 for label 1 | 0.4596774193548387 for label 2
Recall: 0.48936170212765956 for label 0 | 0.10810810810810811 for label 1 | 0.5277777777777778 for label 2
F1 micro: 0.4476987447698745
F1 macro: 0.3731507561048976
With contradiction_threshold = 0.3213413154545439 and entailment_threshold = 0.30000000000000004
Precision: 0.4639175257731959 for label 0 | 0.29411764705882354 for label 1 | 0.464 for label 2
Recall: 0.4787234042553192 for label 0 | 0.13513513513513514 for label 1 | 0.5370370370370371 for label 2
F1 micro: 0.45188284518828453
F1 macro: 0.38474781697335986
With contradiction_threshold = 0.3213413154545439 and entailment_threshold = 0.4
Precision: 0.4731182795698925 for label 0 | 0.3333333333333333 for label 1 | 0.464 for label 2
Recall: 0.46808510638297873 for label 0 | 0.1891891891891892 for label 1 | 0.5370370370370371 for label 2
F1 micro: 0.4560669456066946
F1 macro: 0.40327387429738804
With contradiction_threshold = 0.3213413154545439 and entailment_threshold = 0.5
Precision: 0.5 for label 0 | 0.34782608695652173 for label 1 | 0.4765625 for label 2
Recall: 0.46808510638297873 for label 0 | 0.21621621621621623 for label 1 | 0.5648148148148148 for label 2
F1 micro: 0.47280334728033474
F1 macro: 0.422377434241841
With contradiction_threshold = 0.3213413154545439 and entailment_threshold = 0.6
Precision: 0.5 for label 0 | 0.34782608695652173 for label 1 | 0.47761194029850745 for label 2
Recall: 0.43617021276595747 for label 0 | 0.21621621621621623 for label 1 | 0.5925925925925926 for label 2
F1 micro: 0.47280334728033474
F1 macro: 0.4205004591368228
With contradiction_threshold = 0.3213413154545439 and entailment_threshold = 0.7000000000000001
Precision: 0.5211267605633803 for label 0 | 0.34782608695652173 for label 1 | 0.4827586206896552 for label 2
Recall: 0.39361702127659576 for label 0 | 0.21621621621621623 for label 1 | 0.6481481481481481 for label 2
F1 micro: 0.4811715481171548
F1 macro: 0.4228370663153272
With contradiction_threshold = 0.3213413154545439 and entailment_threshold = 0.8
Precision: 0.5409836065573771 for label 0 | 0.34782608695652173 for label 1 | 0.4774193548387097 for label 2
Recall: 0.35106382978723405 for label 0 | 0.21621621621621623 for label 1 | 0.6851851851851852 for label 2
F1 micro: 0.4811715481171548
F1 macro: 0.4184035869550404
With contradiction_threshold = 0.3213413154545439 and entailment_threshold = 0.9
Precision: 0.5490196078431373 for label 0 | 0.34782608695652173 for label 1 | 0.4727272727272727 for label 2
Recall: 0.2978723404255319 for label 0 | 0.21621621621621623 for label 1 | 0.7222222222222222 for label 2
F1 micro: 0.4769874476987448
F1 macro: 0.4081007115489874
