With contradiction_threshold = 0.2132844221094059 and entailment_threshold = 0.14937057119211872 * COMPUTED THRESHOLDS
Precision: 0.46706586826347307 for label 0 | 0.2702702702702703 for label 1 | 0.5714285714285714 for label 2
Recall: 0.8297872340425532 for label 0 | 0.2702702702702703 for label 1 | 0.18518518518518517 for label 2
F1 micro: 0.45188284518828453
F1 macro: 0.3825638998052791
With contradiction_threshold = 0.1 and entailment_threshold = 0.14937057119211872
Precision: 0.4934210526315789 for label 0 | 0.25396825396825395 for label 1 | 0.4583333333333333 for label 2
Recall: 0.7978723404255319 for label 0 | 0.43243243243243246 for label 1 | 0.10185185185185185 for label 2
F1 micro: 0.42677824267782427
F1 macro: 0.3654742547425474
With contradiction_threshold = 0.2 and entailment_threshold = 0.14937057119211872
Precision: 0.46706586826347307 for label 0 | 0.2702702702702703 for label 1 | 0.5714285714285714 for label 2
Recall: 0.8297872340425532 for label 0 | 0.2702702702702703 for label 1 | 0.18518518518518517 for label 2
F1 micro: 0.45188284518828453
F1 macro: 0.3825638998052791
With contradiction_threshold = 0.30000000000000004 and entailment_threshold = 0.14937057119211872
Precision: 0.46285714285714286 for label 0 | 0.2916666666666667 for label 1 | 0.575 for label 2
Recall: 0.8617021276595744 for label 0 | 0.1891891891891892 for label 1 | 0.21296296296296297 for label 2
F1 micro: 0.46443514644351463
F1 macro: 0.38084983026783253
With contradiction_threshold = 0.4 and entailment_threshold = 0.14937057119211872
Precision: 0.46368715083798884 for label 0 | 0.35714285714285715 for label 1 | 0.5434782608695652 for label 2
Recall: 0.8829787234042553 for label 0 | 0.13513513513513514 for label 1 | 0.23148148148148148 for label 2
F1 micro: 0.47280334728033474
F1 macro: 0.3762707880354939
With contradiction_threshold = 0.5 and entailment_threshold = 0.14937057119211872
Precision: 0.45604395604395603 for label 0 | 0.3333333333333333 for label 1 | 0.5625 for label 2
Recall: 0.8829787234042553 for label 0 | 0.08108108108108109 for label 1 | 0.25 for label 2
F1 micro: 0.47280334728033474
F1 macro: 0.35934596804162017
With contradiction_threshold = 0.6 and entailment_threshold = 0.14937057119211872
Precision: 0.45108695652173914 for label 0 | 0.42857142857142855 for label 1 | 0.5625 for label 2
Recall: 0.8829787234042553 for label 0 | 0.08108108108108109 for label 1 | 0.25 for label 2
F1 micro: 0.47280334728033474
F1 macro: 0.3598799282252519
With contradiction_threshold = 0.7000000000000001 and entailment_threshold = 0.14937057119211872
Precision: 0.45161290322580644 for label 0 | 0.6666666666666666 for label 1 | 0.56 for label 2
Recall: 0.8936170212765957 for label 0 | 0.05405405405405406 for label 1 | 0.25925925925925924 for label 2
F1 micro: 0.4769874476987448
F1 macro: 0.3514767932489451
With contradiction_threshold = 0.8 and entailment_threshold = 0.14937057119211872
Precision: 0.45161290322580644 for label 0 | 0.0 for label 1 | 0.5283018867924528 for label 2
Recall: 0.8936170212765957 for label 0 | 0.0 for label 1 | 0.25925925925925924 for label 2
F1 micro: 0.4686192468619247
F1 macro: 0.3159420289855072
With contradiction_threshold = 0.9 and entailment_threshold = 0.14937057119211872
Precision: 0.45161290322580644 for label 0 | 0.0 for label 1 | 0.5283018867924528 for label 2
Recall: 0.8936170212765957 for label 0 | 0.0 for label 1 | 0.25925925925925924 for label 2
F1 micro: 0.4686192468619247
F1 macro: 0.3159420289855072
With contradiction_threshold = 0.2132844221094059 and entailment_threshold = 0.1
Precision: 0.42702702702702705 for label 0 | 0.25 for label 1 | 0.5 for label 2
Recall: 0.8404255319148937 for label 0 | 0.21621621621621623 for label 1 | 0.10185185185185185 for label 2
F1 micro: 0.41004184100418406
F1 macro: 0.32247435697646076
With contradiction_threshold = 0.2132844221094059 and entailment_threshold = 0.2
Precision: 0.4900662251655629 for label 0 | 0.2894736842105263 for label 1 | 0.6 for label 2
Recall: 0.7872340425531915 for label 0 | 0.2972972972972973 for label 1 | 0.2777777777777778 for label 2
F1 micro: 0.4811715481171548
F1 macro: 0.42572060047647753
With contradiction_threshold = 0.2132844221094059 and entailment_threshold = 0.30000000000000004
Precision: 0.5142857142857142 for label 0 | 0.2727272727272727 for label 1 | 0.5443037974683544 for label 2
Recall: 0.574468085106383 for label 0 | 0.40540540540540543 for label 1 | 0.39814814814814814 for label 2
F1 micro: 0.4686192468619247
F1 macro: 0.44289785749642574
With contradiction_threshold = 0.2132844221094059 and entailment_threshold = 0.4
Precision: 0.5172413793103449 for label 0 | 0.2698412698412698 for label 1 | 0.5280898876404494 for label 2
Recall: 0.4787234042553192 for label 0 | 0.4594594594594595 for label 1 | 0.4351851851851852 for label 2
F1 micro: 0.4560669456066946
F1 macro: 0.4381316431556217
With contradiction_threshold = 0.2132844221094059 and entailment_threshold = 0.5
Precision: 0.5606060606060606 for label 0 | 0.2647058823529412 for label 1 | 0.5142857142857142 for label 2
Recall: 0.39361702127659576 for label 0 | 0.4864864864864865 for label 1 | 0.5 for label 2
F1 micro: 0.4560669456066946
F1 macro: 0.4374664654594232
With contradiction_threshold = 0.2132844221094059 and entailment_threshold = 0.6
Precision: 0.6111111111111112 for label 0 | 0.2608695652173913 for label 1 | 0.5 for label 2
Recall: 0.23404255319148937 for label 0 | 0.4864864864864865 for label 1 | 0.6203703703703703 for label 2
F1 micro: 0.4476987447698745
F1 macro: 0.41060106274514513
With contradiction_threshold = 0.2132844221094059 and entailment_threshold = 0.7000000000000001
Precision: 0.5789473684210527 for label 0 | 0.2608695652173913 for label 1 | 0.48344370860927155 for label 2
Recall: 0.11702127659574468 for label 0 | 0.4864864864864865 for label 1 | 0.6759259259259259 for label 2
F1 micro: 0.42677824267782427
F1 macro: 0.3660064902342411
With contradiction_threshold = 0.2132844221094059 and entailment_threshold = 0.8
Precision: 0.5555555555555556 for label 0 | 0.2571428571428571 for label 1 | 0.46875 for label 2
Recall: 0.05319148936170213 for label 0 | 0.4864864864864865 for label 1 | 0.6944444444444444 for label 2
F1 micro: 0.41004184100418406
F1 macro: 0.3310791564363104
With contradiction_threshold = 0.2132844221094059 and entailment_threshold = 0.9
Precision: 0.0 for label 0 | 0.2571428571428571 for label 1 | 0.46107784431137727 for label 2
Recall: 0.0 for label 0 | 0.4864864864864865 for label 1 | 0.7129629629629629 for label 2
F1 micro: 0.39748953974895396
F1 macro: 0.29881619937694703
