With contradiction_threshold = 0.2862195601813371 and entailment_threshold = 0.15316510254323523 * COMPUTED THRESHOLDS
Precision: 0.4602272727272727 for label 0 | 0.3333333333333333 for label 1 | 0.5897435897435898 for label 2
Recall: 0.8617021276595744 for label 0 | 0.21621621621621623 for label 1 | 0.21296296296296297 for label 2
F1 micro: 0.4686192468619247
F1 macro: 0.3917400840117468
With contradiction_threshold = 0.1 and entailment_threshold = 0.15316510254323523
Precision: 0.48344370860927155 for label 0 | 0.24615384615384617 for label 1 | 0.43478260869565216 for label 2
Recall: 0.776595744680851 for label 0 | 0.43243243243243246 for label 1 | 0.09259259259259259 for label 2
F1 micro: 0.41422594142259417
F1 macro: 0.354105204422736
With contradiction_threshold = 0.2 and entailment_threshold = 0.15316510254323523
Precision: 0.46153846153846156 for label 0 | 0.2857142857142857 for label 1 | 0.5714285714285714 for label 2
Recall: 0.8297872340425532 for label 0 | 0.2702702702702703 for label 1 | 0.18518518518518517 for label 2
F1 micro: 0.45188284518828453
F1 macro: 0.3835513170113931
With contradiction_threshold = 0.30000000000000004 and entailment_threshold = 0.15316510254323523
Precision: 0.4576271186440678 for label 0 | 0.3333333333333333 for label 1 | 0.5609756097560976 for label 2
Recall: 0.8617021276595744 for label 0 | 0.1891891891891892 for label 1 | 0.21296296296296297 for label 2
F1 micro: 0.46443514644351463
F1 macro: 0.3826300401397904
With contradiction_threshold = 0.4 and entailment_threshold = 0.15316510254323523
Precision: 0.46111111111111114 for label 0 | 0.3076923076923077 for label 1 | 0.5217391304347826 for label 2
Recall: 0.8829787234042553 for label 0 | 0.10810810810810811 for label 1 | 0.2222222222222222 for label 2
F1 micro: 0.46443514644351463
F1 macro: 0.35917590924890197
With contradiction_threshold = 0.5 and entailment_threshold = 0.15316510254323523
Precision: 0.45604395604395603 for label 0 | 0.3333333333333333 for label 1 | 0.5416666666666666 for label 2
Recall: 0.8829787234042553 for label 0 | 0.08108108108108109 for label 1 | 0.24074074074074073 for label 2
F1 micro: 0.4686192468619247
F1 macro: 0.3550724637681159
With contradiction_threshold = 0.6 and entailment_threshold = 0.15316510254323523
Precision: 0.45604395604395603 for label 0 | 0.3333333333333333 for label 1 | 0.5416666666666666 for label 2
Recall: 0.8829787234042553 for label 0 | 0.08108108108108109 for label 1 | 0.24074074074074073 for label 2
F1 micro: 0.4686192468619247
F1 macro: 0.3550724637681159
With contradiction_threshold = 0.7000000000000001 and entailment_threshold = 0.15316510254323523
Precision: 0.45652173913043476 for label 0 | 0.6666666666666666 for label 1 | 0.5576923076923077 for label 2
Recall: 0.8936170212765957 for label 0 | 0.05405405405405406 for label 1 | 0.26851851851851855 for label 2
F1 micro: 0.4811715481171548
F1 macro: 0.35560551558752995
With contradiction_threshold = 0.8 and entailment_threshold = 0.15316510254323523
Precision: 0.45652173913043476 for label 0 | 0.0 for label 1 | 0.5272727272727272 for label 2
Recall: 0.8936170212765957 for label 0 | 0.0 for label 1 | 0.26851851851851855 for label 2
F1 micro: 0.47280334728033474
F1 macro: 0.3200482558738285
With contradiction_threshold = 0.9 and entailment_threshold = 0.15316510254323523
Precision: 0.45652173913043476 for label 0 | 0.0 for label 1 | 0.5272727272727272 for label 2
Recall: 0.8936170212765957 for label 0 | 0.0 for label 1 | 0.26851851851851855 for label 2
F1 micro: 0.47280334728033474
F1 macro: 0.3200482558738285
With contradiction_threshold = 0.2862195601813371 and entailment_threshold = 0.1
Precision: 0.4256410256410256 for label 0 | 0.3333333333333333 for label 1 | 0.5217391304347826 for label 2
Recall: 0.8829787234042553 for label 0 | 0.1891891891891892 for label 1 | 0.1111111111111111 for label 2
F1 micro: 0.42677824267782427
F1 macro: 0.33299329362762553
With contradiction_threshold = 0.2862195601813371 and entailment_threshold = 0.2
Precision: 0.475 for label 0 | 0.2962962962962963 for label 1 | 0.5961538461538461 for label 2
Recall: 0.8085106382978723 for label 0 | 0.21621621621621623 for label 1 | 0.28703703703703703 for label 2
F1 micro: 0.4811715481171548
F1 macro: 0.4119750656167979
With contradiction_threshold = 0.2862195601813371 and entailment_threshold = 0.30000000000000004
Precision: 0.5130434782608696 for label 0 | 0.3333333333333333 for label 1 | 0.5568181818181818 for label 2
Recall: 0.6276595744680851 for label 0 | 0.32432432432432434 for label 1 | 0.4537037037037037 for label 2
F1 micro: 0.502092050209205
F1 macro: 0.4644534749076927
With contradiction_threshold = 0.2862195601813371 and entailment_threshold = 0.4
Precision: 0.5054945054945055 for label 0 | 0.3170731707317073 for label 1 | 0.5046728971962616 for label 2
Recall: 0.48936170212765956 for label 0 | 0.35135135135135137 for label 1 | 0.5 for label 2
F1 micro: 0.47280334728033474
F1 macro: 0.44431873734199323
With contradiction_threshold = 0.2862195601813371 and entailment_threshold = 0.5
Precision: 0.5230769230769231 for label 0 | 0.3333333333333333 for label 1 | 0.4883720930232558 for label 2
Recall: 0.3617021276595745 for label 0 | 0.40540540540540543 for label 1 | 0.5833333333333334 for label 2
F1 micro: 0.4686192468619247
F1 macro: 0.4417240613772271
With contradiction_threshold = 0.2862195601813371 and entailment_threshold = 0.6
Precision: 0.5806451612903226 for label 0 | 0.3191489361702128 for label 1 | 0.4720496894409938 for label 2
Recall: 0.19148936170212766 for label 0 | 0.40540540540540543 for label 1 | 0.7037037037037037 for label 2
F1 micro: 0.4560669456066946
F1 macro: 0.40339953974154713
With contradiction_threshold = 0.2862195601813371 and entailment_threshold = 0.7000000000000001
Precision: 0.5625 for label 0 | 0.3191489361702128 for label 1 | 0.4659090909090909 for label 2
Recall: 0.09574468085106383 for label 0 | 0.40540540540540543 for label 1 | 0.7592592592592593 for label 2
F1 micro: 0.4435146443514644
F1 macro: 0.36608133650387176
With contradiction_threshold = 0.2862195601813371 and entailment_threshold = 0.8
Precision: 0.5555555555555556 for label 0 | 0.3191489361702128 for label 1 | 0.4644808743169399 for label 2
Recall: 0.05319148936170213 for label 0 | 0.40540540540540543 for label 1 | 0.7870370370370371 for label 2
F1 micro: 0.4393305439330544
F1 macro: 0.346140891882059
With contradiction_threshold = 0.2862195601813371 and entailment_threshold = 0.9
Precision: 0.0 for label 0 | 0.3191489361702128 for label 1 | 0.45789473684210524 for label 2
Recall: 0.0 for label 0 | 0.40540540540540543 for label 1 | 0.8055555555555556 for label 2
F1 micro: 0.42677824267782427
F1 macro: 0.31367849153084054
