With contradiction_threshold = 0.17862101347781945 and entailment_threshold = 0.29168825699298395 * COMPUTED THRESHOLDS
Precision: 0.49107142857142855 for label 0 | 0.30303030303030304 for label 1 | 0.5 for label 2
Recall: 0.5851063829787234 for label 0 | 0.2702702702702703 for label 1 | 0.4351851851851852 for label 2
F1 micro: 0.4686192468619247
F1 macro: 0.428347134297341
With contradiction_threshold = 0.1 and entailment_threshold = 0.29168825699298395
Precision: 0.4854368932038835 for label 0 | 0.22727272727272727 for label 1 | 0.4857142857142857 for label 2
Recall: 0.5319148936170213 for label 0 | 0.40540540540540543 for label 1 | 0.3148148148148148 for label 2
F1 micro: 0.41422594142259417
F1 macro: 0.3936329403434707
With contradiction_threshold = 0.2 and entailment_threshold = 0.29168825699298395
Precision: 0.4956521739130435 for label 0 | 0.37037037037037035 for label 1 | 0.5051546391752577 for label 2
Recall: 0.6063829787234043 for label 0 | 0.2702702702702703 for label 1 | 0.4537037037037037 for label 2
F1 micro: 0.48535564853556484
F1 macro: 0.4453344419807834
With contradiction_threshold = 0.30000000000000004 and entailment_threshold = 0.29168825699298395
Precision: 0.48333333333333334 for label 0 | 0.42857142857142855 for label 1 | 0.49107142857142855 for label 2
Recall: 0.6170212765957447 for label 0 | 0.08108108108108109 for label 1 | 0.5092592592592593 for label 2
F1 micro: 0.48535564853556484
F1 macro: 0.3928065703766639
With contradiction_threshold = 0.4 and entailment_threshold = 0.29168825699298395
Precision: 0.48333333333333334 for label 0 | 1.0 for label 1 | 0.5 for label 2
Recall: 0.6170212765957447 for label 0 | 0.02702702702702703 for label 1 | 0.5462962962962963 for label 2
F1 micro: 0.49372384937238495
F1 macro: 0.3722705158396778
With contradiction_threshold = 0.5 and entailment_threshold = 0.29168825699298395
Precision: 0.48333333333333334 for label 0 | 0.0 for label 1 | 0.4957983193277311 for label 2
Recall: 0.6170212765957447 for label 0 | 0.0 for label 1 | 0.5462962962962963 for label 2
F1 micro: 0.4895397489539749
F1 macro: 0.3539599544375369
With contradiction_threshold = 0.6 and entailment_threshold = 0.29168825699298395
Precision: 0.48333333333333334 for label 0 | 0.0 for label 1 | 0.4957983193277311 for label 2
Recall: 0.6170212765957447 for label 0 | 0.0 for label 1 | 0.5462962962962963 for label 2
F1 micro: 0.4895397489539749
F1 macro: 0.3539599544375369
With contradiction_threshold = 0.7000000000000001 and entailment_threshold = 0.29168825699298395
Precision: 0.48333333333333334 for label 0 | 0.0 for label 1 | 0.4957983193277311 for label 2
Recall: 0.6170212765957447 for label 0 | 0.0 for label 1 | 0.5462962962962963 for label 2
F1 micro: 0.4895397489539749
F1 macro: 0.3539599544375369
With contradiction_threshold = 0.8 and entailment_threshold = 0.29168825699298395
Precision: 0.48333333333333334 for label 0 | 0.0 for label 1 | 0.4957983193277311 for label 2
Recall: 0.6170212765957447 for label 0 | 0.0 for label 1 | 0.5462962962962963 for label 2
F1 micro: 0.4895397489539749
F1 macro: 0.3539599544375369
With contradiction_threshold = 0.9 and entailment_threshold = 0.29168825699298395
Precision: 0.48333333333333334 for label 0 | 0.0 for label 1 | 0.4957983193277311 for label 2
Recall: 0.6170212765957447 for label 0 | 0.0 for label 1 | 0.5462962962962963 for label 2
F1 micro: 0.4895397489539749
F1 macro: 0.3539599544375369
With contradiction_threshold = 0.17862101347781945 and entailment_threshold = 0.1
Precision: 0.4095238095238095 for label 0 | 0.4 for label 1 | 0.2631578947368421 for label 2
Recall: 0.9148936170212766 for label 0 | 0.10810810810810811 for label 1 | 0.046296296296296294 for label 2
F1 micro: 0.39748953974895396
F1 macro: 0.2715807990406574
With contradiction_threshold = 0.17862101347781945 and entailment_threshold = 0.2
Precision: 0.4819277108433735 for label 0 | 0.38095238095238093 for label 1 | 0.5576923076923077 for label 2
Recall: 0.851063829787234 for label 0 | 0.21621621621621623 for label 1 | 0.26851851851851855 for label 2
F1 micro: 0.4895397489539749
F1 macro: 0.4179155614500442
With contradiction_threshold = 0.17862101347781945 and entailment_threshold = 0.30000000000000004
Precision: 0.5 for label 0 | 0.30303030303030304 for label 1 | 0.5102040816326531 for label 2
Recall: 0.574468085106383 for label 0 | 0.2702702702702703 for label 1 | 0.46296296296296297 for label 2
F1 micro: 0.4769874476987448
F1 macro: 0.43526821475490135
With contradiction_threshold = 0.17862101347781945 and entailment_threshold = 0.4
Precision: 0.5416666666666666 for label 0 | 0.3055555555555556 for label 1 | 0.5038167938931297 for label 2
Recall: 0.4148936170212766 for label 0 | 0.2972972972972973 for label 1 | 0.6111111111111112 for label 2
F1 micro: 0.48535564853556484
F1 macro: 0.44118354543870436
With contradiction_threshold = 0.17862101347781945 and entailment_threshold = 0.5
Precision: 0.5757575757575758 for label 0 | 0.2926829268292683 for label 1 | 0.45454545454545453 for label 2
Recall: 0.20212765957446807 for label 0 | 0.32432432432432434 for label 1 | 0.6944444444444444 for label 2
F1 micro: 0.4435146443514644
F1 macro: 0.3854518185226847
With contradiction_threshold = 0.17862101347781945 and entailment_threshold = 0.6
Precision: 0.5333333333333333 for label 0 | 0.2926829268292683 for label 1 | 0.44808743169398907 for label 2
Recall: 0.0851063829787234 for label 0 | 0.32432432432432434 for label 1 | 0.7592592592592593 for label 2
F1 micro: 0.42677824267782427
F1 macro: 0.3393517272265026
With contradiction_threshold = 0.17862101347781945 and entailment_threshold = 0.7000000000000001
Precision: 0.6666666666666666 for label 0 | 0.2857142857142857 for label 1 | 0.44329896907216493 for label 2
Recall: 0.02127659574468085 for label 0 | 0.32432432432432434 for label 1 | 0.7962962962962963 for label 2
F1 micro: 0.4184100418410041
F1 macro: 0.3048570018658506
With contradiction_threshold = 0.17862101347781945 and entailment_threshold = 0.8
Precision: 0.5 for label 0 | 0.2857142857142857 for label 1 | 0.441025641025641 for label 2
Recall: 0.010638297872340425 for label 0 | 0.32432432432432434 for label 1 | 0.7962962962962963 for label 2
F1 micro: 0.41422594142259417
F1 macro: 0.2974291891214438
With contradiction_threshold = 0.17862101347781945 and entailment_threshold = 0.9
Precision: 0.0 for label 0 | 0.2857142857142857 for label 1 | 0.4387755102040816 for label 2
Recall: 0.0 for label 0 | 0.32432432432432434 for label 1 | 0.7962962962962963 for label 2
F1 micro: 0.41004184100418406
F1 macro: 0.28986231401288026
