With contradiction_threshold = 0.2833975355702867 and entailment_threshold = 0.41311271939577243 * COMPUTED THRESHOLDS
Precision: 0.21176470588235294 for label 0 | 0.75 for label 1 | 0.7777777777777778 for label 2
Recall: 0.8571428571428571 for label 0 | 0.16666666666666666 for label 1 | 0.20588235294117646 for label 2
F1 micro: 0.32710280373831774
F1 macro: 0.312643769861848
With contradiction_threshold = 0.1 and entailment_threshold = 0.41311271939577243
Precision: 0.23684210526315788 for label 0 | 0.35 for label 1 | 0.8181818181818182 for label 2
Recall: 0.8571428571428571 for label 0 | 0.3888888888888889 for label 1 | 0.1323529411764706 for label 2
F1 micro: 0.3177570093457944
F1 macro: 0.32246772483865277
With contradiction_threshold = 0.2 and entailment_threshold = 0.41311271939577243
Precision: 0.21686746987951808 for label 0 | 0.4444444444444444 for label 1 | 0.8666666666666667 for label 2
Recall: 0.8571428571428571 for label 0 | 0.2222222222222222 for label 1 | 0.19117647058823528 for label 2
F1 micro: 0.32710280373831774
F1 macro: 0.3185677181661118
With contradiction_threshold = 0.30000000000000004 and entailment_threshold = 0.41311271939577243
Precision: 0.21176470588235294 for label 0 | 0.75 for label 1 | 0.7777777777777778 for label 2
Recall: 0.8571428571428571 for label 0 | 0.16666666666666666 for label 1 | 0.20588235294117646 for label 2
F1 micro: 0.32710280373831774
F1 macro: 0.312643769861848
With contradiction_threshold = 0.4 and entailment_threshold = 0.41311271939577243
Precision: 0.20689655172413793 for label 0 | 0.0 for label 1 | 0.7 for label 2
Recall: 0.8571428571428571 for label 0 | 0.0 for label 1 | 0.20588235294117646 for label 2
F1 micro: 0.29906542056074764
F1 macro: 0.21717171717171713
With contradiction_threshold = 0.5 and entailment_threshold = 0.41311271939577243
Precision: 0.20689655172413793 for label 0 | 0.0 for label 1 | 0.7 for label 2
Recall: 0.8571428571428571 for label 0 | 0.0 for label 1 | 0.20588235294117646 for label 2
F1 micro: 0.29906542056074764
F1 macro: 0.21717171717171713
With contradiction_threshold = 0.6 and entailment_threshold = 0.41311271939577243
Precision: 0.20689655172413793 for label 0 | 0.0 for label 1 | 0.7 for label 2
Recall: 0.8571428571428571 for label 0 | 0.0 for label 1 | 0.20588235294117646 for label 2
F1 micro: 0.29906542056074764
F1 macro: 0.21717171717171713
With contradiction_threshold = 0.7000000000000001 and entailment_threshold = 0.41311271939577243
Precision: 0.20689655172413793 for label 0 | 0.0 for label 1 | 0.7 for label 2
Recall: 0.8571428571428571 for label 0 | 0.0 for label 1 | 0.20588235294117646 for label 2
F1 micro: 0.29906542056074764
F1 macro: 0.21717171717171713
With contradiction_threshold = 0.8 and entailment_threshold = 0.41311271939577243
Precision: 0.20689655172413793 for label 0 | 0.0 for label 1 | 0.7 for label 2
Recall: 0.8571428571428571 for label 0 | 0.0 for label 1 | 0.20588235294117646 for label 2
F1 micro: 0.29906542056074764
F1 macro: 0.21717171717171713
With contradiction_threshold = 0.9 and entailment_threshold = 0.41311271939577243
Precision: 0.20689655172413793 for label 0 | 0.0 for label 1 | 0.7 for label 2
Recall: 0.8571428571428571 for label 0 | 0.0 for label 1 | 0.20588235294117646 for label 2
F1 micro: 0.29906542056074764
F1 macro: 0.21717171717171713
With contradiction_threshold = 0.2833975355702867 and entailment_threshold = 0.1
Precision: 0.19626168224299065 for label 0 | 0.0 for label 1 | 0.0 for label 2
Recall: 1.0 for label 0 | 0.0 for label 1 | 0.0 for label 2
F1 micro: 0.19626168224299062
F1 macro: 0.109375
With contradiction_threshold = 0.2833975355702867 and entailment_threshold = 0.2
Precision: 0.2 for label 0 | 0.0 for label 1 | 1.0 for label 2
Recall: 1.0 for label 0 | 0.0 for label 1 | 0.029411764705882353 for label 2
F1 micro: 0.21495327102803738
F1 macro: 0.13015873015873017
With contradiction_threshold = 0.2833975355702867 and entailment_threshold = 0.30000000000000004
Precision: 0.19387755102040816 for label 0 | 1.0 for label 1 | 0.7142857142857143 for label 2
Recall: 0.9047619047619048 for label 0 | 0.1111111111111111 for label 1 | 0.07352941176470588 for label 2
F1 micro: 0.24299065420560748
F1 macro: 0.21755368814192344
With contradiction_threshold = 0.2833975355702867 and entailment_threshold = 0.4
Precision: 0.20930232558139536 for label 0 | 0.75 for label 1 | 0.7647058823529411 for label 2
Recall: 0.8571428571428571 for label 0 | 0.16666666666666666 for label 1 | 0.19117647058823528 for label 2
F1 micro: 0.3177570093457944
F1 macro: 0.3050194079330968
With contradiction_threshold = 0.2833975355702867 and entailment_threshold = 0.5
Precision: 0.23376623376623376 for label 0 | 0.75 for label 1 | 0.8076923076923077 for label 2
Recall: 0.8571428571428571 for label 0 | 0.16666666666666666 for label 1 | 0.3088235294117647 for label 2
F1 micro: 0.39252336448598124
F1 macro: 0.3622942407136936
With contradiction_threshold = 0.2833975355702867 and entailment_threshold = 0.6
Precision: 0.25 for label 0 | 0.5714285714285714 for label 1 | 0.7115384615384616 for label 2
Recall: 0.5714285714285714 for label 0 | 0.2222222222222222 for label 1 | 0.5441176470588235 for label 2
F1 micro: 0.4953271028037383
F1 macro: 0.4281642512077295
With contradiction_threshold = 0.2833975355702867 and entailment_threshold = 0.7000000000000001
Precision: 0.35714285714285715 for label 0 | 0.4444444444444444 for label 1 | 0.7285714285714285 for label 2
Recall: 0.47619047619047616 for label 0 | 0.2222222222222222 for label 1 | 0.75 for label 2
F1 micro: 0.6074766355140186
F1 macro: 0.4811966654616757
With contradiction_threshold = 0.2833975355702867 and entailment_threshold = 0.8
Precision: 0.5714285714285714 for label 0 | 0.4444444444444444 for label 1 | 0.7261904761904762 for label 2
Recall: 0.38095238095238093 for label 0 | 0.2222222222222222 for label 1 | 0.8970588235294118 for label 2
F1 micro: 0.6822429906542056
F1 macro: 0.5186902441288406
With contradiction_threshold = 0.2833975355702867 and entailment_threshold = 0.9
Precision: 0.42857142857142855 for label 0 | 0.4444444444444444 for label 1 | 0.6923076923076923 for label 2
Recall: 0.14285714285714285 for label 0 | 0.2222222222222222 for label 1 | 0.9264705882352942 for label 2
F1 micro: 0.6542056074766355
F1 macro: 0.43434494692356324
