With contradiction_threshold = 0.22500317399747516 and entailment_threshold = 0.3682061619275736 * COMPUTED THRESHOLDS
Precision: 0.24096385542168675 for label 0 | 0.4 for label 1 | 0.9285714285714286 for label 2
Recall: 0.9523809523809523 for label 0 | 0.2222222222222222 for label 1 | 0.19117647058823528 for label 2
F1 micro: 0.34579439252336447
F1 macro: 0.3291342803537925
With contradiction_threshold = 0.1 and entailment_threshold = 0.3682061619275736
Precision: 0.24691358024691357 for label 0 | 0.4166666666666667 for label 1 | 0.9285714285714286 for label 2
Recall: 0.9523809523809523 for label 0 | 0.2777777777777778 for label 1 | 0.19117647058823528 for label 2
F1 micro: 0.35514018691588783
F1 macro: 0.3475211222700463
With contradiction_threshold = 0.2 and entailment_threshold = 0.3682061619275736
Precision: 0.24096385542168675 for label 0 | 0.4 for label 1 | 0.9285714285714286 for label 2
Recall: 0.9523809523809523 for label 0 | 0.2222222222222222 for label 1 | 0.19117647058823528 for label 2
F1 micro: 0.34579439252336447
F1 macro: 0.3291342803537925
With contradiction_threshold = 0.30000000000000004 and entailment_threshold = 0.3682061619275736
Precision: 0.23529411764705882 for label 0 | 0.42857142857142855 for label 1 | 0.9333333333333333 for label 2
Recall: 0.9523809523809523 for label 0 | 0.16666666666666666 for label 1 | 0.20588235294117646 for label 2
F1 micro: 0.34579439252336447
F1 macro: 0.31823596271879967
With contradiction_threshold = 0.4 and entailment_threshold = 0.3682061619275736
Precision: 0.2222222222222222 for label 0 | 0.0 for label 1 | 0.875 for label 2
Recall: 0.9523809523809523 for label 0 | 0.0 for label 1 | 0.20588235294117646 for label 2
F1 micro: 0.3177570093457944
F1 macro: 0.23123123123123124
With contradiction_threshold = 0.5 and entailment_threshold = 0.3682061619275736
Precision: 0.21978021978021978 for label 0 | 0.0 for label 1 | 0.875 for label 2
Recall: 0.9523809523809523 for label 0 | 0.0 for label 1 | 0.20588235294117646 for label 2
F1 micro: 0.3177570093457944
F1 macro: 0.23015873015873015
With contradiction_threshold = 0.6 and entailment_threshold = 0.3682061619275736
Precision: 0.21978021978021978 for label 0 | 0.0 for label 1 | 0.875 for label 2
Recall: 0.9523809523809523 for label 0 | 0.0 for label 1 | 0.20588235294117646 for label 2
F1 micro: 0.3177570093457944
F1 macro: 0.23015873015873015
With contradiction_threshold = 0.7000000000000001 and entailment_threshold = 0.3682061619275736
Precision: 0.21978021978021978 for label 0 | 0.0 for label 1 | 0.875 for label 2
Recall: 0.9523809523809523 for label 0 | 0.0 for label 1 | 0.20588235294117646 for label 2
F1 micro: 0.3177570093457944
F1 macro: 0.23015873015873015
With contradiction_threshold = 0.8 and entailment_threshold = 0.3682061619275736
Precision: 0.21978021978021978 for label 0 | 0.0 for label 1 | 0.875 for label 2
Recall: 0.9523809523809523 for label 0 | 0.0 for label 1 | 0.20588235294117646 for label 2
F1 micro: 0.3177570093457944
F1 macro: 0.23015873015873015
With contradiction_threshold = 0.9 and entailment_threshold = 0.3682061619275736
Precision: 0.21978021978021978 for label 0 | 0.0 for label 1 | 0.875 for label 2
Recall: 0.9523809523809523 for label 0 | 0.0 for label 1 | 0.20588235294117646 for label 2
F1 micro: 0.3177570093457944
F1 macro: 0.23015873015873015
With contradiction_threshold = 0.22500317399747516 and entailment_threshold = 0.1
Precision: 0.2079207920792079 for label 0 | 0.0 for label 1 | 1.0 for label 2
Recall: 1.0 for label 0 | 0.0 for label 1 | 0.07352941176470588 for label 2
F1 micro: 0.24299065420560748
F1 macro: 0.16041619881727676
With contradiction_threshold = 0.22500317399747516 and entailment_threshold = 0.2
Precision: 0.21052631578947367 for label 0 | 0.0 for label 1 | 0.9 for label 2
Recall: 0.9523809523809523 for label 0 | 0.0 for label 1 | 0.1323529411764706 for label 2
F1 micro: 0.27102803738317754
F1 macro: 0.1918656056587091
With contradiction_threshold = 0.22500317399747516 and entailment_threshold = 0.30000000000000004
Precision: 0.22727272727272727 for label 0 | 0.375 for label 1 | 0.9090909090909091 for label 2
Recall: 0.9523809523809523 for label 0 | 0.16666666666666666 for label 1 | 0.14705882352941177 for label 2
F1 micro: 0.308411214953271
F1 macro: 0.2836354215984921
With contradiction_threshold = 0.22500317399747516 and entailment_threshold = 0.4
Precision: 0.2597402597402597 for label 0 | 0.45454545454545453 for label 1 | 0.9473684210526315 for label 2
Recall: 0.9523809523809523 for label 0 | 0.2777777777777778 for label 1 | 0.2647058823529412 for label 2
F1 micro: 0.40186915887850466
F1 macro: 0.3889279849870983
With contradiction_threshold = 0.22500317399747516 and entailment_threshold = 0.5
Precision: 0.2857142857142857 for label 0 | 0.45454545454545453 for label 1 | 0.9615384615384616 for label 2
Recall: 0.9523809523809523 for label 0 | 0.2777777777777778 for label 1 | 0.36764705882352944 for label 2
F1 micro: 0.4672897196261683
F1 macro: 0.4387676397947858
With contradiction_threshold = 0.22500317399747516 and entailment_threshold = 0.6
Precision: 0.30158730158730157 for label 0 | 0.4 for label 1 | 0.9310344827586207 for label 2
Recall: 0.9047619047619048 for label 0 | 0.3333333333333333 for label 1 | 0.39705882352941174 for label 2
F1 micro: 0.48598130841121495
F1 macro: 0.4575727823150504
With contradiction_threshold = 0.22500317399747516 and entailment_threshold = 0.7000000000000001
Precision: 0.4 for label 0 | 0.3684210526315789 for label 1 | 0.9069767441860465 for label 2
Recall: 0.8571428571428571 for label 0 | 0.3888888888888889 for label 1 | 0.5735294117647058 for label 2
F1 micro: 0.5981308411214953
F1 macro: 0.5421785421785422
With contradiction_threshold = 0.22500317399747516 and entailment_threshold = 0.8
Precision: 0.4594594594594595 for label 0 | 0.4 for label 1 | 0.86 for label 2
Recall: 0.8095238095238095 for label 0 | 0.4444444444444444 for label 1 | 0.6323529411764706 for label 2
F1 micro: 0.6355140186915887
F1 macro: 0.5786910291509019
With contradiction_threshold = 0.22500317399747516 and entailment_threshold = 0.9
Precision: 0.5454545454545454 for label 0 | 0.4 for label 1 | 0.7538461538461538 for label 2
Recall: 0.5714285714285714 for label 0 | 0.4444444444444444 for label 1 | 0.7205882352941176 for label 2
F1 micro: 0.6448598130841121
F1 macro: 0.5720114239086086
