With contradiction_threshold = 0.25101283360549376 and entailment_threshold = 0.44388625348203314 * COMPUTED THRESHOLDS
Precision: 0.21951219512195122 for label 0 | 0.6 for label 1 | 0.8 for label 2
Recall: 0.8571428571428571 for label 0 | 0.16666666666666666 for label 1 | 0.23529411764705882 for label 2
F1 micro: 0.34579439252336447
F1 macro: 0.32467349732018363
With contradiction_threshold = 0.1 and entailment_threshold = 0.44388625348203314
Precision: 0.24 for label 0 | 0.2857142857142857 for label 1 | 0.9090909090909091 for label 2
Recall: 0.8571428571428571 for label 0 | 0.3333333333333333 for label 1 | 0.14705882352941177 for label 2
F1 micro: 0.3177570093457944
F1 macro: 0.311952288218111
With contradiction_threshold = 0.2 and entailment_threshold = 0.44388625348203314
Precision: 0.21951219512195122 for label 0 | 0.4 for label 1 | 0.8666666666666667 for label 2
Recall: 0.8571428571428571 for label 0 | 0.2222222222222222 for label 1 | 0.19117647058823528 for label 2
F1 micro: 0.32710280373831774
F1 macro: 0.31616062028975817
With contradiction_threshold = 0.30000000000000004 and entailment_threshold = 0.44388625348203314
Precision: 0.21686746987951808 for label 0 | 0.75 for label 1 | 0.8 for label 2
Recall: 0.8571428571428571 for label 0 | 0.16666666666666666 for label 1 | 0.23529411764705882 for label 2
F1 micro: 0.34579439252336447
F1 macro: 0.3275058275058275
With contradiction_threshold = 0.4 and entailment_threshold = 0.44388625348203314
Precision: 0.21428571428571427 for label 0 | 0.0 for label 1 | 0.6956521739130435 for label 2
Recall: 0.8571428571428571 for label 0 | 0.0 for label 1 | 0.23529411764705882 for label 2
F1 micro: 0.3177570093457944
F1 macro: 0.23150183150183148
With contradiction_threshold = 0.5 and entailment_threshold = 0.44388625348203314
Precision: 0.21428571428571427 for label 0 | 0.0 for label 1 | 0.6956521739130435 for label 2
Recall: 0.8571428571428571 for label 0 | 0.0 for label 1 | 0.23529411764705882 for label 2
F1 micro: 0.3177570093457944
F1 macro: 0.23150183150183148
With contradiction_threshold = 0.6 and entailment_threshold = 0.44388625348203314
Precision: 0.21428571428571427 for label 0 | 0.0 for label 1 | 0.6956521739130435 for label 2
Recall: 0.8571428571428571 for label 0 | 0.0 for label 1 | 0.23529411764705882 for label 2
F1 micro: 0.3177570093457944
F1 macro: 0.23150183150183148
With contradiction_threshold = 0.7000000000000001 and entailment_threshold = 0.44388625348203314
Precision: 0.21428571428571427 for label 0 | 0.0 for label 1 | 0.6956521739130435 for label 2
Recall: 0.8571428571428571 for label 0 | 0.0 for label 1 | 0.23529411764705882 for label 2
F1 micro: 0.3177570093457944
F1 macro: 0.23150183150183148
With contradiction_threshold = 0.8 and entailment_threshold = 0.44388625348203314
Precision: 0.21428571428571427 for label 0 | 0.0 for label 1 | 0.6956521739130435 for label 2
Recall: 0.8571428571428571 for label 0 | 0.0 for label 1 | 0.23529411764705882 for label 2
F1 micro: 0.3177570093457944
F1 macro: 0.23150183150183148
With contradiction_threshold = 0.9 and entailment_threshold = 0.44388625348203314
Precision: 0.21428571428571427 for label 0 | 0.0 for label 1 | 0.6956521739130435 for label 2
Recall: 0.8571428571428571 for label 0 | 0.0 for label 1 | 0.23529411764705882 for label 2
F1 micro: 0.3177570093457944
F1 macro: 0.23150183150183148
With contradiction_threshold = 0.25101283360549376 and entailment_threshold = 0.1
Precision: 0.19626168224299065 for label 0 | 0.0 for label 1 | 0.0 for label 2
Recall: 1.0 for label 0 | 0.0 for label 1 | 0.0 for label 2
F1 micro: 0.19626168224299062
F1 macro: 0.109375
With contradiction_threshold = 0.25101283360549376 and entailment_threshold = 0.2
Precision: 0.2 for label 0 | 0.0 for label 1 | 1.0 for label 2
Recall: 1.0 for label 0 | 0.0 for label 1 | 0.029411764705882353 for label 2
F1 micro: 0.21495327102803738
F1 macro: 0.13015873015873017
With contradiction_threshold = 0.25101283360549376 and entailment_threshold = 0.30000000000000004
Precision: 0.2 for label 0 | 1.0 for label 1 | 0.8 for label 2
Recall: 0.9523809523809523 for label 0 | 0.1111111111111111 for label 1 | 0.058823529411764705 for label 2
F1 micro: 0.24299065420560748
F1 macro: 0.2133891844975282
With contradiction_threshold = 0.25101283360549376 and entailment_threshold = 0.4
Precision: 0.20689655172413793 for label 0 | 0.75 for label 1 | 0.75 for label 2
Recall: 0.8571428571428571 for label 0 | 0.16666666666666666 for label 1 | 0.17647058823529413 for label 2
F1 micro: 0.308411214953271
F1 macro: 0.2972582972582972
With contradiction_threshold = 0.25101283360549376 and entailment_threshold = 0.5
Precision: 0.23076923076923078 for label 0 | 0.6 for label 1 | 0.8333333333333334 for label 2
Recall: 0.8571428571428571 for label 0 | 0.16666666666666666 for label 1 | 0.29411764705882354 for label 2
F1 micro: 0.383177570093458
F1 macro: 0.35309617918313574
With contradiction_threshold = 0.25101283360549376 and entailment_threshold = 0.6
Precision: 0.24 for label 0 | 0.42857142857142855 for label 1 | 0.7 for label 2
Recall: 0.5714285714285714 for label 0 | 0.16666666666666666 for label 1 | 0.5147058823529411 for label 2
F1 micro: 0.4672897196261683
F1 macro: 0.39041616933237844
With contradiction_threshold = 0.25101283360549376 and entailment_threshold = 0.7000000000000001
Precision: 0.3448275862068966 for label 0 | 0.3 for label 1 | 0.7058823529411765 for label 2
Recall: 0.47619047619047616 for label 0 | 0.16666666666666666 for label 1 | 0.7058823529411765 for label 2
F1 micro: 0.5700934579439252
F1 macro: 0.4400560224089636
With contradiction_threshold = 0.25101283360549376 and entailment_threshold = 0.8
Precision: 0.5333333333333333 for label 0 | 0.3 for label 1 | 0.7073170731707317 for label 2
Recall: 0.38095238095238093 for label 0 | 0.16666666666666666 for label 1 | 0.8529411764705882 for label 2
F1 micro: 0.6448598130841121
F1 macro: 0.47735449735449736
With contradiction_threshold = 0.25101283360549376 and entailment_threshold = 0.9
Precision: 0.42857142857142855 for label 0 | 0.3 for label 1 | 0.6777777777777778 for label 2
Recall: 0.14285714285714285 for label 0 | 0.16666666666666666 for label 1 | 0.8970588235294118 for label 2
F1 micro: 0.6261682242990654
F1 macro: 0.40024110910186855
