With contradiction_threshold = 0.25506230601768265 and entailment_threshold = 0.3998138366952033 * COMPUTED THRESHOLDS
Precision: 0.24390243902439024 for label 0 | 0.2857142857142857 for label 1 | 0.9444444444444444 for label 2
Recall: 0.9523809523809523 for label 0 | 0.1111111111111111 for label 1 | 0.25 for label 2
F1 micro: 0.36448598130841114
F1 macro: 0.3145661172574697
With contradiction_threshold = 0.1 and entailment_threshold = 0.3998138366952033
Precision: 0.2597402597402597 for label 0 | 0.3076923076923077 for label 1 | 0.9411764705882353 for label 2
Recall: 0.9523809523809523 for label 0 | 0.2222222222222222 for label 1 | 0.23529411764705882 for label 2
F1 micro: 0.37383177570093457
F1 macro: 0.34756612322348296
With contradiction_threshold = 0.2 and entailment_threshold = 0.3998138366952033
Precision: 0.25 for label 0 | 0.4444444444444444 for label 1 | 0.9444444444444444 for label 2
Recall: 0.9523809523809523 for label 0 | 0.2222222222222222 for label 1 | 0.25 for label 2
F1 micro: 0.383177570093458
F1 macro: 0.36256157915533155
With contradiction_threshold = 0.30000000000000004 and entailment_threshold = 0.3998138366952033
Precision: 0.24390243902439024 for label 0 | 0.3333333333333333 for label 1 | 0.9473684210526315 for label 2
Recall: 0.9523809523809523 for label 0 | 0.1111111111111111 for label 1 | 0.2647058823529412 for label 2
F1 micro: 0.37383177570093457
F1 macro: 0.3229364282260165
With contradiction_threshold = 0.4 and entailment_threshold = 0.3998138366952033
Precision: 0.23255813953488372 for label 0 | 0.0 for label 1 | 0.9 for label 2
Recall: 0.9523809523809523 for label 0 | 0.0 for label 1 | 0.2647058823529412 for label 2
F1 micro: 0.35514018691588783
F1 macro: 0.26097422826394784
With contradiction_threshold = 0.5 and entailment_threshold = 0.3998138366952033
Precision: 0.22988505747126436 for label 0 | 0.0 for label 1 | 0.9 for label 2
Recall: 0.9523809523809523 for label 0 | 0.0 for label 1 | 0.2647058823529412 for label 2
F1 micro: 0.35514018691588783
F1 macro: 0.25982042648709314
With contradiction_threshold = 0.6 and entailment_threshold = 0.3998138366952033
Precision: 0.22988505747126436 for label 0 | 0.0 for label 1 | 0.9 for label 2
Recall: 0.9523809523809523 for label 0 | 0.0 for label 1 | 0.2647058823529412 for label 2
F1 micro: 0.35514018691588783
F1 macro: 0.25982042648709314
With contradiction_threshold = 0.7000000000000001 and entailment_threshold = 0.3998138366952033
Precision: 0.22988505747126436 for label 0 | 0.0 for label 1 | 0.9 for label 2
Recall: 0.9523809523809523 for label 0 | 0.0 for label 1 | 0.2647058823529412 for label 2
F1 micro: 0.35514018691588783
F1 macro: 0.25982042648709314
With contradiction_threshold = 0.8 and entailment_threshold = 0.3998138366952033
Precision: 0.22988505747126436 for label 0 | 0.0 for label 1 | 0.9 for label 2
Recall: 0.9523809523809523 for label 0 | 0.0 for label 1 | 0.2647058823529412 for label 2
F1 micro: 0.35514018691588783
F1 macro: 0.25982042648709314
With contradiction_threshold = 0.9 and entailment_threshold = 0.3998138366952033
Precision: 0.22988505747126436 for label 0 | 0.0 for label 1 | 0.9 for label 2
Recall: 0.9523809523809523 for label 0 | 0.0 for label 1 | 0.2647058823529412 for label 2
F1 micro: 0.35514018691588783
F1 macro: 0.25982042648709314
With contradiction_threshold = 0.25506230601768265 and entailment_threshold = 0.1
Precision: 0.2079207920792079 for label 0 | 0.0 for label 1 | 1.0 for label 2
Recall: 1.0 for label 0 | 0.0 for label 1 | 0.07352941176470588 for label 2
F1 micro: 0.24299065420560748
F1 macro: 0.16041619881727676
With contradiction_threshold = 0.25506230601768265 and entailment_threshold = 0.2
Precision: 0.20833333333333334 for label 0 | 0.0 for label 1 | 0.9 for label 2
Recall: 0.9523809523809523 for label 0 | 0.0 for label 1 | 0.1323529411764706 for label 2
F1 micro: 0.27102803738317754
F1 macro: 0.19088319088319086
With contradiction_threshold = 0.25506230601768265 and entailment_threshold = 0.30000000000000004
Precision: 0.21978021978021978 for label 0 | 0.4 for label 1 | 0.9090909090909091 for label 2
Recall: 0.9523809523809523 for label 0 | 0.1111111111111111 for label 1 | 0.14705882352941177 for label 2
F1 micro: 0.29906542056074764
F1 macro: 0.26140681919438113
With contradiction_threshold = 0.25506230601768265 and entailment_threshold = 0.4
Precision: 0.24390243902439024 for label 0 | 0.2857142857142857 for label 1 | 0.9444444444444444 for label 2
Recall: 0.9523809523809523 for label 0 | 0.1111111111111111 for label 1 | 0.25 for label 2
F1 micro: 0.36448598130841114
F1 macro: 0.3145661172574697
With contradiction_threshold = 0.25506230601768265 and entailment_threshold = 0.5
Precision: 0.28169014084507044 for label 0 | 0.36363636363636365 for label 1 | 0.96 for label 2
Recall: 0.9523809523809523 for label 0 | 0.2222222222222222 for label 1 | 0.35294117647058826 for label 2
F1 micro: 0.4485981308411215
F1 macro: 0.40892456997307797
With contradiction_threshold = 0.25506230601768265 and entailment_threshold = 0.6
Precision: 0.296875 for label 0 | 0.46153846153846156 for label 1 | 0.9333333333333333 for label 2
Recall: 0.9047619047619048 for label 0 | 0.3333333333333333 for label 1 | 0.4117647058823529 for label 2
F1 micro: 0.4953271028037383
F1 macro: 0.46852805638384387
With contradiction_threshold = 0.25506230601768265 and entailment_threshold = 0.7000000000000001
Precision: 0.3673469387755102 for label 0 | 0.4 for label 1 | 0.9069767441860465 for label 2
Recall: 0.8571428571428571 for label 0 | 0.3333333333333333 for label 1 | 0.5735294117647058 for label 2
F1 micro: 0.5887850467289719
F1 macro: 0.5268749268749269
With contradiction_threshold = 0.25506230601768265 and entailment_threshold = 0.8
Precision: 0.43243243243243246 for label 0 | 0.4117647058823529 for label 1 | 0.8301886792452831 for label 2
Recall: 0.7619047619047619 for label 0 | 0.3888888888888889 for label 1 | 0.6470588235294118 for label 2
F1 micro: 0.6261682242990654
F1 macro: 0.5596656217345872
With contradiction_threshold = 0.25506230601768265 and entailment_threshold = 0.9
Precision: 0.5454545454545454 for label 0 | 0.4117647058823529 for label 1 | 0.75 for label 2
Recall: 0.5714285714285714 for label 0 | 0.3888888888888889 for label 1 | 0.75 for label 2
F1 micro: 0.6542056074766355
F1 macro: 0.5693798449612403
