With contradiction_threshold = 0.1139116442484891 and entailment_threshold = 0.35857256002541504 * COMPUTED THRESHOLDS
Precision: 0.6296296296296297 for label 0 | 0.32727272727272727 for label 1 | 0.6019417475728155 for label 2
Recall: 0.5425531914893617 for label 0 | 0.4864864864864865 for label 1 | 0.5740740740740741 for label 2
F1 micro: 0.5481171548117155
F1 macro: 0.5206130719339045
With contradiction_threshold = 0.1 and entailment_threshold = 0.35857256002541504
Precision: 0.6153846153846154 for label 0 | 0.3 for label 1 | 0.594059405940594 for label 2
Recall: 0.5106382978723404 for label 0 | 0.4864864864864865 for label 1 | 0.5555555555555556 for label 2
F1 micro: 0.5271966527196653
F1 macro: 0.501145411642705
With contradiction_threshold = 0.2 and entailment_threshold = 0.35857256002541504
Precision: 0.5930232558139535 for label 0 | 0.38461538461538464 for label 1 | 0.5614035087719298 for label 2
Recall: 0.5425531914893617 for label 0 | 0.40540540540540543 for label 1 | 0.5925925925925926 for label 2
F1 micro: 0.5439330543933054
F1 macro: 0.5126600284495021
With contradiction_threshold = 0.30000000000000004 and entailment_threshold = 0.35857256002541504
Precision: 0.5795454545454546 for label 0 | 0.40625 for label 1 | 0.5630252100840336 for label 2
Recall: 0.5425531914893617 for label 0 | 0.35135135135135137 for label 1 | 0.6203703703703703 for label 2
F1 micro: 0.5481171548117155
F1 macro: 0.5091865082288373
With contradiction_threshold = 0.4 and entailment_threshold = 0.35857256002541504
Precision: 0.5888888888888889 for label 0 | 0.4166666666666667 for label 1 | 0.56 for label 2
Recall: 0.5638297872340425 for label 0 | 0.2702702702702703 for label 1 | 0.6481481481481481 for label 2
F1 micro: 0.5564853556485355
F1 macro: 0.5016047260264894
With contradiction_threshold = 0.5 and entailment_threshold = 0.35857256002541504
Precision: 0.5888888888888889 for label 0 | 0.4090909090909091 for label 1 | 0.5590551181102362 for label 2
Recall: 0.5638297872340425 for label 0 | 0.24324324324324326 for label 1 | 0.6574074074074074 for label 2
F1 micro: 0.5564853556485355
F1 macro: 0.4951423404777957
With contradiction_threshold = 0.6 and entailment_threshold = 0.35857256002541504
Precision: 0.5824175824175825 for label 0 | 0.5333333333333333 for label 1 | 0.556390977443609 for label 2
Recall: 0.5638297872340425 for label 0 | 0.21621621621621623 for label 1 | 0.6851851851851852 for label 2
F1 micro: 0.5648535564853556
F1 macro: 0.498257721494236
With contradiction_threshold = 0.7000000000000001 and entailment_threshold = 0.35857256002541504
Precision: 0.5824175824175825 for label 0 | 0.625 for label 1 | 0.5571428571428572 for label 2
Recall: 0.5638297872340425 for label 0 | 0.13513513513513514 for label 1 | 0.7222222222222222 for label 2
F1 micro: 0.5690376569037657
F1 macro: 0.4747424844199038
With contradiction_threshold = 0.8 and entailment_threshold = 0.35857256002541504
Precision: 0.5824175824175825 for label 0 | 0.625 for label 1 | 0.5571428571428572 for label 2
Recall: 0.5638297872340425 for label 0 | 0.13513513513513514 for label 1 | 0.7222222222222222 for label 2
F1 micro: 0.5690376569037657
F1 macro: 0.4747424844199038
With contradiction_threshold = 0.9 and entailment_threshold = 0.35857256002541504
Precision: 0.5824175824175825 for label 0 | 0.5 for label 1 | 0.5492957746478874 for label 2
Recall: 0.5638297872340425 for label 0 | 0.08108108108108109 for label 1 | 0.7222222222222222 for label 2
F1 micro: 0.5606694560669456
F1 macro: 0.4455026188979678
With contradiction_threshold = 0.1139116442484891 and entailment_threshold = 0.1
Precision: 0.5106382978723404 for label 0 | 0.3333333333333333 for label 1 | 0.5967741935483871 for label 2
Recall: 0.7659574468085106 for label 0 | 0.32432432432432434 for label 1 | 0.3425925925925926 for label 2
F1 micro: 0.5062761506276151
F1 macro: 0.45894239946051285
With contradiction_threshold = 0.1139116442484891 and entailment_threshold = 0.2
Precision: 0.5537190082644629 for label 0 | 0.3488372093023256 for label 1 | 0.6133333333333333 for label 2
Recall: 0.7127659574468085 for label 0 | 0.40540540540540543 for label 1 | 0.42592592592592593 for label 2
F1 micro: 0.5355648535564853
F1 macro: 0.500329351463549
With contradiction_threshold = 0.1139116442484891 and entailment_threshold = 0.30000000000000004
Precision: 0.5833333333333334 for label 0 | 0.32 for label 1 | 0.6129032258064516 for label 2
Recall: 0.5957446808510638 for label 0 | 0.43243243243243246 for label 1 | 0.5277777777777778 for label 2
F1 micro: 0.5397489539748954
F1 macro: 0.508151318423009
With contradiction_threshold = 0.1139116442484891 and entailment_threshold = 0.4
Precision: 0.6216216216216216 for label 0 | 0.3050847457627119 for label 1 | 0.5943396226415094 for label 2
Recall: 0.48936170212765956 for label 0 | 0.4864864864864865 for label 1 | 0.5833333333333334 for label 2
F1 micro: 0.5313807531380753
F1 macro: 0.5038013647826732
With contradiction_threshold = 0.1139116442484891 and entailment_threshold = 0.5
Precision: 0.6461538461538462 for label 0 | 0.2857142857142857 for label 1 | 0.5945945945945946 for label 2
Recall: 0.44680851063829785 for label 0 | 0.4864864864864865 for label 1 | 0.6111111111111112 for label 2
F1 micro: 0.5271966527196653
F1 macro: 0.49701387093995003
With contradiction_threshold = 0.1139116442484891 and entailment_threshold = 0.6
Precision: 0.5925925925925926 for label 0 | 0.27692307692307694 for label 1 | 0.5583333333333333 for label 2
Recall: 0.3404255319148936 for label 0 | 0.4864864864864865 for label 1 | 0.6203703703703703 for label 2
F1 micro: 0.4895397489539749
F1 macro: 0.4576976357162115
With contradiction_threshold = 0.1139116442484891 and entailment_threshold = 0.7000000000000001
Precision: 0.5681818181818182 for label 0 | 0.2753623188405797 for label 1 | 0.5396825396825397 for label 2
Recall: 0.26595744680851063 for label 0 | 0.5135135135135135 for label 1 | 0.6296296296296297 for label 2
F1 micro: 0.4686192468619247
F1 macro: 0.4340019959380091
With contradiction_threshold = 0.1139116442484891 and entailment_threshold = 0.8
Precision: 0.5263157894736842 for label 0 | 0.2638888888888889 for label 1 | 0.5271317829457365 for label 2
Recall: 0.2127659574468085 for label 0 | 0.5135135135135135 for label 1 | 0.6296296296296297 for label 2
F1 micro: 0.4476987447698745
F1 macro: 0.4084979395628565
With contradiction_threshold = 0.1139116442484891 and entailment_threshold = 0.9
Precision: 0.5 for label 0 | 0.2638888888888889 for label 1 | 0.518796992481203 for label 2
Recall: 0.18085106382978725 for label 0 | 0.5135135135135135 for label 1 | 0.6388888888888888 for label 2
F1 micro: 0.4393305439330544
F1 macro: 0.3956209870316088
