With contradiction_threshold = 0.17028704351323798 and entailment_threshold = 0.17234665093055268 * COMPUTED THRESHOLDS
Precision: 0.56 for label 0 | 0.34615384615384615 for label 1 | 0.625 for label 2
Recall: 0.7446808510638298 for label 0 | 0.24324324324324326 for label 1 | 0.5092592592592593 for label 2
F1 micro: 0.5606694560669456
F1 macro: 0.495402727300966
With contradiction_threshold = 0.1 and entailment_threshold = 0.17234665093055268
Precision: 0.5537190082644629 for label 0 | 0.3076923076923077 for label 1 | 0.6515151515151515 for label 2
Recall: 0.7127659574468085 for label 0 | 0.43243243243243246 for label 1 | 0.39814814814814814 for label 2
F1 micro: 0.5271966527196653
F1 macro: 0.4923530831048198
With contradiction_threshold = 0.2 and entailment_threshold = 0.17234665093055268
Precision: 0.549618320610687 for label 0 | 0.4 for label 1 | 0.625 for label 2
Recall: 0.7659574468085106 for label 0 | 0.21621621621621623 for label 1 | 0.5092592592592593 for label 2
F1 micro: 0.5648535564853556
F1 macro: 0.4939754147272944
With contradiction_threshold = 0.30000000000000004 and entailment_threshold = 0.17234665093055268
Precision: 0.549618320610687 for label 0 | 0.5 for label 1 | 0.6145833333333334 for label 2
Recall: 0.7659574468085106 for label 0 | 0.16216216216216217 for label 1 | 0.5462962962962963 for label 2
F1 micro: 0.5732217573221757
F1 macro: 0.48777644391089775
With contradiction_threshold = 0.4 and entailment_threshold = 0.17234665093055268
Precision: 0.549618320610687 for label 0 | 0.8 for label 1 | 0.6116504854368932 for label 2
Recall: 0.7659574468085106 for label 0 | 0.10810810810810811 for label 1 | 0.5833333333333334 for label 2
F1 micro: 0.5815899581589958
F1 macro: 0.47587752952681867
With contradiction_threshold = 0.5 and entailment_threshold = 0.17234665093055268
Precision: 0.549618320610687 for label 0 | 1.0 for label 1 | 0.6 for label 2
Recall: 0.7659574468085106 for label 0 | 0.08108108108108109 for label 1 | 0.5833333333333334 for label 2
F1 micro: 0.5774058577405857
F1 macro: 0.4605164319248827
With contradiction_threshold = 0.6 and entailment_threshold = 0.17234665093055268
Precision: 0.549618320610687 for label 0 | 1.0 for label 1 | 0.5887850467289719 for label 2
Recall: 0.7659574468085106 for label 0 | 0.02702702702702703 for label 1 | 0.5833333333333334 for label 2
F1 micro: 0.5690376569037657
F1 macro: 0.4262260301917585
With contradiction_threshold = 0.7000000000000001 and entailment_threshold = 0.17234665093055268
Precision: 0.549618320610687 for label 0 | 1.0 for label 1 | 0.5887850467289719 for label 2
Recall: 0.7659574468085106 for label 0 | 0.02702702702702703 for label 1 | 0.5833333333333334 for label 2
F1 micro: 0.5690376569037657
F1 macro: 0.4262260301917585
With contradiction_threshold = 0.8 and entailment_threshold = 0.17234665093055268
Precision: 0.549618320610687 for label 0 | 0.0 for label 1 | 0.5833333333333334 for label 2
Recall: 0.7659574468085106 for label 0 | 0.0 for label 1 | 0.5833333333333334 for label 2
F1 micro: 0.5648535564853556
F1 macro: 0.4077777777777778
With contradiction_threshold = 0.9 and entailment_threshold = 0.17234665093055268
Precision: 0.549618320610687 for label 0 | 0.0 for label 1 | 0.5833333333333334 for label 2
Recall: 0.7659574468085106 for label 0 | 0.0 for label 1 | 0.5833333333333334 for label 2
F1 micro: 0.5648535564853556
F1 macro: 0.4077777777777778
With contradiction_threshold = 0.17028704351323798 and entailment_threshold = 0.1
Precision: 0.4764705882352941 for label 0 | 0.4 for label 1 | 0.673469387755102 for label 2
Recall: 0.8617021276595744 for label 0 | 0.21621621621621623 for label 1 | 0.3055555555555556 for label 2
F1 micro: 0.5104602510460251
F1 macro: 0.4382400945424747
With contradiction_threshold = 0.17028704351323798 and entailment_threshold = 0.2
Precision: 0.5573770491803278 for label 0 | 0.34615384615384615 for label 1 | 0.6153846153846154 for label 2
Recall: 0.723404255319149 for label 0 | 0.24324324324324326 for label 1 | 0.5185185185185185 for label 2
F1 micro: 0.5564853556485355
F1 macro: 0.49271932856522466
With contradiction_threshold = 0.17028704351323798 and entailment_threshold = 0.30000000000000004
Precision: 0.5925925925925926 for label 0 | 0.30303030303030304 for label 1 | 0.56 for label 2
Recall: 0.5106382978723404 for label 0 | 0.2702702702702703 for label 1 | 0.6481481481481481 for label 2
F1 micro: 0.5355648535564853
F1 macro: 0.4783813611281422
With contradiction_threshold = 0.17028704351323798 and entailment_threshold = 0.4
Precision: 0.5666666666666667 for label 0 | 0.30303030303030304 for label 1 | 0.5136986301369864 for label 2
Recall: 0.3617021276595745 for label 0 | 0.2702702702702703 for label 1 | 0.6944444444444444 for label 2
F1 micro: 0.497907949790795
F1 macro: 0.43927463612502987
With contradiction_threshold = 0.17028704351323798 and entailment_threshold = 0.5
Precision: 0.6 for label 0 | 0.3611111111111111 for label 1 | 0.5063291139240507 for label 2
Recall: 0.2872340425531915 for label 0 | 0.35135135135135137 for label 1 | 0.7407407407407407 for label 2
F1 micro: 0.502092050209205
F1 macro: 0.4487191171977445
With contradiction_threshold = 0.17028704351323798 and entailment_threshold = 0.6
Precision: 0.5714285714285714 for label 0 | 0.34210526315789475 for label 1 | 0.47398843930635837 for label 2
Recall: 0.1702127659574468 for label 0 | 0.35135135135135137 for label 1 | 0.7592592592592593 for label 2
F1 micro: 0.46443514644351463
F1 macro: 0.39753054729077125
With contradiction_threshold = 0.17028704351323798 and entailment_threshold = 0.7000000000000001
Precision: 0.5294117647058824 for label 0 | 0.325 for label 1 | 0.46153846153846156 for label 2
Recall: 0.09574468085106383 for label 0 | 0.35135135135135137 for label 1 | 0.7777777777777778 for label 2
F1 micro: 0.4435146443514644
F1 macro: 0.35971161488402864
With contradiction_threshold = 0.17028704351323798 and entailment_threshold = 0.8
Precision: 0.5 for label 0 | 0.325 for label 1 | 0.455026455026455 for label 2
Recall: 0.05319148936170213 for label 0 | 0.35135135135135137 for label 1 | 0.7962962962962963 for label 2
F1 micro: 0.4351464435146444
F1 macro: 0.33764692098025434
With contradiction_threshold = 0.17028704351323798 and entailment_threshold = 0.9
Precision: 0.25 for label 0 | 0.325 for label 1 | 0.4512820512820513 for label 2
Recall: 0.010638297872340425 for label 0 | 0.35135135135135137 for label 1 | 0.8148148148148148 for label 2
F1 micro: 0.42677824267782427
F1 macro: 0.3129761955787415
