With contradiction_threshold = 0.10302094405277717 and entailment_threshold = 0.2707187985045607 * COMPUTED THRESHOLDS
Precision: 0.5943396226415094 for label 0 | 0.3090909090909091 for label 1 | 0.6410256410256411 for label 2
Recall: 0.6702127659574468 for label 0 | 0.4594594594594595 for label 1 | 0.46296296296296297 for label 2
F1 micro: 0.5439330543933054
F1 macro: 0.5123998753311517
With contradiction_threshold = 0.1 and entailment_threshold = 0.2707187985045607
Precision: 0.5943396226415094 for label 0 | 0.30357142857142855 for label 1 | 0.6493506493506493 for label 2
Recall: 0.6702127659574468 for label 0 | 0.4594594594594595 for label 1 | 0.46296296296296297 for label 2
F1 micro: 0.5439330543933054
F1 macro: 0.5120439794633344
With contradiction_threshold = 0.2 and entailment_threshold = 0.2707187985045607
Precision: 0.5945945945945946 for label 0 | 0.3488372093023256 for label 1 | 0.6352941176470588 for label 2
Recall: 0.7021276595744681 for label 0 | 0.40540540540540543 for label 1 | 0.5 for label 2
F1 micro: 0.5648535564853556
F1 macro: 0.5261626437507899
With contradiction_threshold = 0.30000000000000004 and entailment_threshold = 0.2707187985045607
Precision: 0.6017699115044248 for label 0 | 0.3888888888888889 for label 1 | 0.6333333333333333 for label 2
Recall: 0.723404255319149 for label 0 | 0.3783783783783784 for label 1 | 0.5277777777777778 for label 2
F1 micro: 0.5815899581589958
F1 macro: 0.5387746835036888
With contradiction_threshold = 0.4 and entailment_threshold = 0.2707187985045607
Precision: 0.591304347826087 for label 0 | 0.36666666666666664 for label 1 | 0.6276595744680851 for label 2
Recall: 0.723404255319149 for label 0 | 0.2972972972972973 for label 1 | 0.5462962962962963 for label 2
F1 micro: 0.5774058577405857
F1 macro: 0.5210781093820301
With contradiction_threshold = 0.5 and entailment_threshold = 0.2707187985045607
Precision: 0.576271186440678 for label 0 | 0.4166666666666667 for label 1 | 0.6288659793814433 for label 2
Recall: 0.723404255319149 for label 0 | 0.2702702702702703 for label 1 | 0.5648148148148148 for label 2
F1 micro: 0.5815899581589958
F1 macro: 0.5215000792135975
With contradiction_threshold = 0.6 and entailment_threshold = 0.2707187985045607
Precision: 0.576271186440678 for label 0 | 0.4444444444444444 for label 1 | 0.6116504854368932 for label 2
Recall: 0.723404255319149 for label 0 | 0.21621621621621623 for label 1 | 0.5833333333333334 for label 2
F1 micro: 0.5815899581589958
F1 macro: 0.5098583076585402
With contradiction_threshold = 0.7000000000000001 and entailment_threshold = 0.2707187985045607
Precision: 0.5725806451612904 for label 0 | 0.5555555555555556 for label 1 | 0.6037735849056604 for label 2
Recall: 0.7553191489361702 for label 0 | 0.13513513513513514 for label 1 | 0.5925925925925926 for label 2
F1 micro: 0.5857740585774058
F1 macro: 0.4889660974194375
With contradiction_threshold = 0.8 and entailment_threshold = 0.2707187985045607
Precision: 0.5725806451612904 for label 0 | 0.5 for label 1 | 0.5981308411214953 for label 2
Recall: 0.7553191489361702 for label 0 | 0.10810810810810811 for label 1 | 0.5925925925925926 for label 2
F1 micro: 0.5815899581589958
F1 macro: 0.474834253925357
With contradiction_threshold = 0.9 and entailment_threshold = 0.2707187985045607
Precision: 0.5725806451612904 for label 0 | 0.3333333333333333 for label 1 | 0.5871559633027523 for label 2
Recall: 0.7553191489361702 for label 0 | 0.05405405405405406 for label 1 | 0.5925925925925926 for label 2
F1 micro: 0.5732217573221757
F1 macro: 0.4447537179183394
With contradiction_threshold = 0.10302094405277717 and entailment_threshold = 0.1
Precision: 0.5208333333333334 for label 0 | 0.3181818181818182 for label 1 | 0.6274509803921569 for label 2
Recall: 0.7978723404255319 for label 0 | 0.3783783783783784 for label 1 | 0.2962962962962963 for label 2
F1 micro: 0.5062761506276151
F1 macro: 0.4594822788188185
With contradiction_threshold = 0.10302094405277717 and entailment_threshold = 0.2
Precision: 0.5645161290322581 for label 0 | 0.32 for label 1 | 0.6461538461538462 for label 2
Recall: 0.7446808510638298 for label 0 | 0.43243243243243246 for label 1 | 0.3888888888888889 for label 2
F1 micro: 0.5355648535564853
F1 macro: 0.49852235325479505
With contradiction_threshold = 0.10302094405277717 and entailment_threshold = 0.30000000000000004
Precision: 0.6 for label 0 | 0.32142857142857145 for label 1 | 0.6265060240963856 for label 2
Recall: 0.6382978723404256 for label 0 | 0.4864864864864865 for label 1 | 0.48148148148148145 for label 2
F1 micro: 0.5439330543933054
F1 macro: 0.5167186976751745
With contradiction_threshold = 0.10302094405277717 and entailment_threshold = 0.4
Precision: 0.620253164556962 for label 0 | 0.2923076923076923 for label 1 | 0.6 for label 2
Recall: 0.5212765957446809 for label 0 | 0.5135135135135135 for label 1 | 0.5277777777777778 for label 2
F1 micro: 0.5230125523012552
F1 macro: 0.5001997875756509
With contradiction_threshold = 0.10302094405277717 and entailment_threshold = 0.5
Precision: 0.6470588235294118 for label 0 | 0.2638888888888889 for label 1 | 0.6060606060606061 for label 2
Recall: 0.46808510638297873 for label 0 | 0.5135135135135135 for label 1 | 0.5555555555555556 for label 2
F1 micro: 0.5146443514644351
F1 macro: 0.49051462489391845
With contradiction_threshold = 0.10302094405277717 and entailment_threshold = 0.6
Precision: 0.5892857142857143 for label 0 | 0.25675675675675674 for label 1 | 0.5596330275229358 for label 2
Recall: 0.35106382978723405 for label 0 | 0.5135135135135135 for label 1 | 0.5648148148148148 for label 2
F1 micro: 0.47280334728033474
F1 macro: 0.44818477463638756
With contradiction_threshold = 0.10302094405277717 and entailment_threshold = 0.7000000000000001
Precision: 0.5555555555555556 for label 0 | 0.24675324675324675 for label 1 | 0.5470085470085471 for label 2
Recall: 0.26595744680851063 for label 0 | 0.5135135135135135 for label 1 | 0.5925925925925926 for label 2
F1 micro: 0.45188284518828453
F1 macro: 0.4206448174793498
With contradiction_threshold = 0.10302094405277717 and entailment_threshold = 0.8
Precision: 0.5128205128205128 for label 0 | 0.2289156626506024 for label 1 | 0.5470085470085471 for label 2
Recall: 0.2127659574468085 for label 0 | 0.5135135135135135 for label 1 | 0.5925925925925926 for label 2
F1 micro: 0.4309623430962343
F1 macro: 0.3954358117516012
With contradiction_threshold = 0.10302094405277717 and entailment_threshold = 0.9
Precision: 0.4857142857142857 for label 0 | 0.2289156626506024 for label 1 | 0.5371900826446281 for label 2
Recall: 0.18085106382978725 for label 0 | 0.5135135135135135 for label 1 | 0.6018518518518519 for label 2
F1 micro: 0.4225941422594142
F1 macro: 0.38263938255306185
