With contradiction_threshold = 0.1747111273333828 and entailment_threshold = 0.1747256485116968 * COMPUTED THRESHOLDS
Precision: 0.5522388059701493 for label 0 | 0.42857142857142855 for label 1 | 0.6666666666666666 for label 2
Recall: 0.7872340425531915 for label 0 | 0.24324324324324326 for label 1 | 0.5185185185185185 for label 2
F1 micro: 0.5815899581589958
F1 macro: 0.5142669893123615
With contradiction_threshold = 0.1 and entailment_threshold = 0.1747256485116968
Precision: 0.5461538461538461 for label 0 | 0.3111111111111111 for label 1 | 0.6875 for label 2
Recall: 0.7553191489361702 for label 0 | 0.3783783783783784 for label 1 | 0.4074074074074074 for label 2
F1 micro: 0.5397489539748954
F1 macro: 0.49567329767982066
With contradiction_threshold = 0.2 and entailment_threshold = 0.1747256485116968
Precision: 0.5514705882352942 for label 0 | 0.42105263157894735 for label 1 | 0.6666666666666666 for label 2
Recall: 0.7978723404255319 for label 0 | 0.21621621621621623 for label 1 | 0.5185185185185185 for label 2
F1 micro: 0.5815899581589958
F1 macro: 0.5070738440303658
With contradiction_threshold = 0.30000000000000004 and entailment_threshold = 0.1747256485116968
Precision: 0.5514705882352942 for label 0 | 0.5 for label 1 | 0.6593406593406593 for label 2
Recall: 0.7978723404255319 for label 0 | 0.16216216216216217 for label 1 | 0.5555555555555556 for label 2
F1 micro: 0.5899581589958159
F1 macro: 0.5000289825346788
With contradiction_threshold = 0.4 and entailment_threshold = 0.1747256485116968
Precision: 0.5434782608695652 for label 0 | 0.5714285714285714 for label 1 | 0.6382978723404256 for label 2
Recall: 0.7978723404255319 for label 0 | 0.10810810810810811 for label 1 | 0.5555555555555556 for label 2
F1 micro: 0.5815899581589958
F1 macro: 0.47414310396556897
With contradiction_threshold = 0.5 and entailment_threshold = 0.1747256485116968
Precision: 0.5434782608695652 for label 0 | 1.0 for label 1 | 0.6122448979591837 for label 2
Recall: 0.7978723404255319 for label 0 | 0.08108108108108109 for label 1 | 0.5555555555555556 for label 2
F1 micro: 0.5774058577405857
F1 macro: 0.4596919986608638
With contradiction_threshold = 0.6 and entailment_threshold = 0.1747256485116968
Precision: 0.5434782608695652 for label 0 | 0.0 for label 1 | 0.594059405940594 for label 2
Recall: 0.7978723404255319 for label 0 | 0.0 for label 1 | 0.5555555555555556 for label 2
F1 micro: 0.5648535564853556
F1 macro: 0.40690480118792277
With contradiction_threshold = 0.7000000000000001 and entailment_threshold = 0.1747256485116968
Precision: 0.5434782608695652 for label 0 | 0.0 for label 1 | 0.594059405940594 for label 2
Recall: 0.7978723404255319 for label 0 | 0.0 for label 1 | 0.5555555555555556 for label 2
F1 micro: 0.5648535564853556
F1 macro: 0.40690480118792277
With contradiction_threshold = 0.8 and entailment_threshold = 0.1747256485116968
Precision: 0.5434782608695652 for label 0 | 0.0 for label 1 | 0.594059405940594 for label 2
Recall: 0.7978723404255319 for label 0 | 0.0 for label 1 | 0.5555555555555556 for label 2
F1 micro: 0.5648535564853556
F1 macro: 0.40690480118792277
With contradiction_threshold = 0.9 and entailment_threshold = 0.1747256485116968
Precision: 0.5434782608695652 for label 0 | 0.0 for label 1 | 0.594059405940594 for label 2
Recall: 0.7978723404255319 for label 0 | 0.0 for label 1 | 0.5555555555555556 for label 2
F1 micro: 0.5648535564853556
F1 macro: 0.40690480118792277
With contradiction_threshold = 0.1747111273333828 and entailment_threshold = 0.1
Precision: 0.48 for label 0 | 0.42105263157894735 for label 1 | 0.7333333333333333 for label 2
Recall: 0.8936170212765957 for label 0 | 0.21621621621621623 for label 1 | 0.3055555555555556 for label 2
F1 micro: 0.5230125523012552
F1 macro: 0.44720738357300793
With contradiction_threshold = 0.1747111273333828 and entailment_threshold = 0.2
Precision: 0.5488721804511278 for label 0 | 0.42857142857142855 for label 1 | 0.6588235294117647 for label 2
Recall: 0.776595744680851 for label 0 | 0.24324324324324326 for label 1 | 0.5185185185185185 for label 2
F1 micro: 0.5774058577405857
F1 macro: 0.5112758381942077
With contradiction_threshold = 0.1747111273333828 and entailment_threshold = 0.30000000000000004
Precision: 0.573170731707317 for label 0 | 0.3548387096774194 for label 1 | 0.5476190476190477 for label 2
Recall: 0.5 for label 0 | 0.2972972972972973 for label 1 | 0.6388888888888888 for label 2
F1 micro: 0.5313807531380753
F1 macro: 0.48245463686640155
With contradiction_threshold = 0.1747111273333828 and entailment_threshold = 0.4
Precision: 0.5645161290322581 for label 0 | 0.3548387096774194 for label 1 | 0.5136986301369864 for label 2
Recall: 0.3723404255319149 for label 0 | 0.2972972972972973 for label 1 | 0.6944444444444444 for label 2
F1 micro: 0.5062761506276151
F1 macro: 0.45426618052833895
With contradiction_threshold = 0.1747111273333828 and entailment_threshold = 0.5
Precision: 0.6 for label 0 | 0.37142857142857144 for label 1 | 0.5031446540880503 for label 2
Recall: 0.2872340425531915 for label 0 | 0.35135135135135137 for label 1 | 0.7407407407407407 for label 2
F1 micro: 0.502092050209205
F1 macro: 0.4496170853579309
With contradiction_threshold = 0.1747111273333828 and entailment_threshold = 0.6
Precision: 0.5714285714285714 for label 0 | 0.35135135135135137 for label 1 | 0.47126436781609193 for label 2
Recall: 0.1702127659574468 for label 0 | 0.35135135135135137 for label 1 | 0.7592592592592593 for label 2
F1 micro: 0.46443514644351463
F1 macro: 0.39840223900216926
With contradiction_threshold = 0.1747111273333828 and entailment_threshold = 0.7000000000000001
Precision: 0.5294117647058824 for label 0 | 0.34210526315789475 for label 1 | 0.45652173913043476 for label 2
Recall: 0.09574468085106383 for label 0 | 0.35135135135135137 for label 1 | 0.7777777777777778 for label 2
F1 micro: 0.4435146443514644
F1 macro: 0.36139043152741784
With contradiction_threshold = 0.1747111273333828 and entailment_threshold = 0.8
Precision: 0.5 for label 0 | 0.3333333333333333 for label 1 | 0.45263157894736844 for label 2
Recall: 0.05319148936170213 for label 0 | 0.35135135135135137 for label 1 | 0.7962962962962963 for label 2
F1 micro: 0.4351464435146444
F1 macro: 0.33848010578847737
With contradiction_threshold = 0.1747111273333828 and entailment_threshold = 0.9
Precision: 0.25 for label 0 | 0.3333333333333333 for label 1 | 0.4489795918367347 for label 2
Recall: 0.010638297872340425 for label 0 | 0.35135135135135137 for label 1 | 0.8148148148148148 for label 2
F1 micro: 0.42677824267782427
F1 macro: 0.3138202649480845
