With contradiction_threshold = 0.2008693292523276 and entailment_threshold = 0.2633185425260731 * COMPUTED THRESHOLDS
Precision: 0.47297297297297297 for label 0 | 0.43333333333333335 for label 1 | 0.5409836065573771 for label 2
Recall: 0.7446808510638298 for label 0 | 0.35135135135135137 for label 1 | 0.3055555555555556 for label 2
F1 micro: 0.48535564853556484
F1 macro: 0.4523682141884835
With contradiction_threshold = 0.1 and entailment_threshold = 0.2633185425260731
Precision: 0.4782608695652174 for label 0 | 0.2777777777777778 for label 1 | 0.6896551724137931 for label 2
Recall: 0.7021276595744681 for label 0 | 0.5405405405405406 for label 1 | 0.18518518518518517 for label 2
F1 micro: 0.4435146443514644
F1 macro: 0.40930293240843585
With contradiction_threshold = 0.2 and entailment_threshold = 0.2633185425260731
Precision: 0.4794520547945205 for label 0 | 0.37142857142857144 for label 1 | 0.5517241379310345 for label 2
Recall: 0.7446808510638298 for label 0 | 0.35135135135135137 for label 1 | 0.2962962962962963 for label 2
F1 micro: 0.4811715481171548
F1 macro: 0.44332887103971436
With contradiction_threshold = 0.30000000000000004 and entailment_threshold = 0.2633185425260731
Precision: 0.4666666666666667 for label 0 | 0.7142857142857143 for label 1 | 0.52 for label 2
Recall: 0.7446808510638298 for label 0 | 0.2702702702702703 for label 1 | 0.3611111111111111 for label 2
F1 micro: 0.497907949790795
F1 macro: 0.4640522875816993
With contradiction_threshold = 0.4 and entailment_threshold = 0.2633185425260731
Precision: 0.4605263157894737 for label 0 | 1.0 for label 1 | 0.524390243902439 for label 2
Recall: 0.7446808510638298 for label 0 | 0.13513513513513514 for label 1 | 0.39814814814814814 for label 2
F1 micro: 0.49372384937238495
F1 macro: 0.41994416936650575
With contradiction_threshold = 0.5 and entailment_threshold = 0.2633185425260731
Precision: 0.4605263157894737 for label 0 | 1.0 for label 1 | 0.5180722891566265 for label 2
Recall: 0.7446808510638298 for label 0 | 0.10810810810810811 for label 1 | 0.39814814814814814 for label 2
F1 micro: 0.4895397489539749
F1 macro: 0.4048298074603783
With contradiction_threshold = 0.6 and entailment_threshold = 0.2633185425260731
Precision: 0.45751633986928103 for label 0 | 0.0 for label 1 | 0.5 for label 2
Recall: 0.7446808510638298 for label 0 | 0.0 for label 1 | 0.39814814814814814 for label 2
F1 micro: 0.47280334728033474
F1 macro: 0.33670019616845437
With contradiction_threshold = 0.7000000000000001 and entailment_threshold = 0.2633185425260731
Precision: 0.45751633986928103 for label 0 | 0.0 for label 1 | 0.5 for label 2
Recall: 0.7446808510638298 for label 0 | 0.0 for label 1 | 0.39814814814814814 for label 2
F1 micro: 0.47280334728033474
F1 macro: 0.33670019616845437
With contradiction_threshold = 0.8 and entailment_threshold = 0.2633185425260731
Precision: 0.45751633986928103 for label 0 | 0.0 for label 1 | 0.5 for label 2
Recall: 0.7446808510638298 for label 0 | 0.0 for label 1 | 0.39814814814814814 for label 2
F1 micro: 0.47280334728033474
F1 macro: 0.33670019616845437
With contradiction_threshold = 0.9 and entailment_threshold = 0.2633185425260731
Precision: 0.45751633986928103 for label 0 | 0.0 for label 1 | 0.5 for label 2
Recall: 0.7446808510638298 for label 0 | 0.0 for label 1 | 0.39814814814814814 for label 2
F1 micro: 0.47280334728033474
F1 macro: 0.33670019616845437
With contradiction_threshold = 0.2008693292523276 and entailment_threshold = 0.1
Precision: 0.40186915887850466 for label 0 | 0.625 for label 1 | 0.3333333333333333 for label 2
Recall: 0.9148936170212766 for label 0 | 0.2702702702702703 for label 1 | 0.027777777777777776 for label 2
F1 micro: 0.41422594142259417
F1 macro: 0.3290273667632158
With contradiction_threshold = 0.2008693292523276 and entailment_threshold = 0.2
Precision: 0.4350282485875706 for label 0 | 0.4583333333333333 for label 1 | 0.5263157894736842 for label 2
Recall: 0.8191489361702128 for label 0 | 0.2972972972972973 for label 1 | 0.18518518518518517 for label 2
F1 micro: 0.45188284518828453
F1 macro: 0.4009646743671569
With contradiction_threshold = 0.2008693292523276 and entailment_threshold = 0.30000000000000004
Precision: 0.4806201550387597 for label 0 | 0.3939393939393939 for label 1 | 0.5194805194805194 for label 2
Recall: 0.6595744680851063 for label 0 | 0.35135135135135137 for label 1 | 0.37037037037037035 for label 2
F1 micro: 0.4811715481171548
F1 macro: 0.45330493850673226
With contradiction_threshold = 0.2008693292523276 and entailment_threshold = 0.4
Precision: 0.4805194805194805 for label 0 | 0.3611111111111111 for label 1 | 0.48412698412698413 for label 2
Recall: 0.39361702127659576 for label 0 | 0.35135135135135137 for label 1 | 0.5648148148148148 for label 2
F1 micro: 0.46443514644351463
F1 macro: 0.43676014764695364
With contradiction_threshold = 0.2008693292523276 and entailment_threshold = 0.5
Precision: 0.5454545454545454 for label 0 | 0.39473684210526316 for label 1 | 0.47770700636942676 for label 2
Recall: 0.2553191489361702 for label 0 | 0.40540540540540543 for label 1 | 0.6944444444444444 for label 2
F1 micro: 0.4769874476987448
F1 macro: 0.43795460760185945
With contradiction_threshold = 0.2008693292523276 and entailment_threshold = 0.6
Precision: 0.5789473684210527 for label 0 | 0.38461538461538464 for label 1 | 0.47513812154696133 for label 2
Recall: 0.11702127659574468 for label 0 | 0.40540540540540543 for label 1 | 0.7962962962962963 for label 2
F1 micro: 0.4686192468619247
F1 macro: 0.3948609389781832
With contradiction_threshold = 0.2008693292523276 and entailment_threshold = 0.7000000000000001
Precision: 0.6666666666666666 for label 0 | 0.38461538461538464 for label 1 | 0.4712041884816754 for label 2
Recall: 0.06382978723404255 for label 0 | 0.40540540540540543 for label 1 | 0.8333333333333334 for label 2
F1 micro: 0.46443514644351463
F1 macro: 0.371082795145802
With contradiction_threshold = 0.2008693292523276 and entailment_threshold = 0.8
Precision: 0.8 for label 0 | 0.38461538461538464 for label 1 | 0.4717948717948718 for label 2
Recall: 0.0425531914893617 for label 0 | 0.40540540540540543 for label 1 | 0.8518518518518519 for label 2
F1 micro: 0.46443514644351463
F1 macro: 0.3609352163286504
With contradiction_threshold = 0.2008693292523276 and entailment_threshold = 0.9
Precision: 1.0 for label 0 | 0.38461538461538464 for label 1 | 0.46733668341708545 for label 2
Recall: 0.010638297872340425 for label 0 | 0.40540540540540543 for label 1 | 0.8611111111111112 for label 2
F1 micro: 0.4560669456066946
F1 macro: 0.340550888622207
