With contradiction_threshold = 0.47773515968224434 and entailment_threshold = 0.06088132178410888 * COMPUTED THRESHOLDS
Precision: 0.4018264840182648 for label 0 | 0.5714285714285714 for label 1 | 0.5384615384615384 for label 2
Recall: 0.9361702127659575 for label 0 | 0.10810810810810811 for label 1 | 0.06481481481481481 for label 2
F1 micro: 0.41422594142259417
F1 macro: 0.28660699354861424
With contradiction_threshold = 0.1 and entailment_threshold = 0.06088132178410888
Precision: 0.4375 for label 0 | 0.2619047619047619 for label 1 | 0.6 for label 2
Recall: 0.8936170212765957 for label 0 | 0.2972972972972973 for label 1 | 0.027777777777777776 for label 2
F1 micro: 0.41004184100418406
F1 macro: 0.30633031506785285
With contradiction_threshold = 0.2 and entailment_threshold = 0.06088132178410888
Precision: 0.4195121951219512 for label 0 | 0.34615384615384615 for label 1 | 0.5 for label 2
Recall: 0.9148936170212766 for label 0 | 0.24324324324324326 for label 1 | 0.037037037037037035 for label 2
F1 micro: 0.41422594142259417
F1 macro: 0.3099768796920221
With contradiction_threshold = 0.30000000000000004 and entailment_threshold = 0.06088132178410888
Precision: 0.41232227488151657 for label 0 | 0.42105263157894735 for label 1 | 0.5555555555555556 for label 2
Recall: 0.925531914893617 for label 0 | 0.21621621621621623 for label 1 | 0.046296296296296294 for label 2
F1 micro: 0.4184100418410041
F1 macro: 0.3138920581543533
With contradiction_threshold = 0.4 and entailment_threshold = 0.06088132178410888
Precision: 0.4027777777777778 for label 0 | 0.6 for label 1 | 0.5384615384615384 for label 2
Recall: 0.925531914893617 for label 0 | 0.16216216216216217 for label 1 | 0.06481481481481481 for label 2
F1 micro: 0.4184100418410041
F1 macro: 0.31077065028521944
With contradiction_threshold = 0.5 and entailment_threshold = 0.06088132178410888
Precision: 0.4 for label 0 | 0.6666666666666666 for label 1 | 0.5384615384615384 for label 2
Recall: 0.9361702127659575 for label 0 | 0.10810810810810811 for label 1 | 0.06481481481481481 for label 2
F1 micro: 0.41422594142259417
F1 macro: 0.2874195150356258
With contradiction_threshold = 0.6 and entailment_threshold = 0.06088132178410888
Precision: 0.39461883408071746 for label 0 | 0.5 for label 1 | 0.5 for label 2
Recall: 0.9361702127659575 for label 0 | 0.02702702702702703 for label 1 | 0.06481481481481481 for label 2
F1 micro: 0.401673640167364
F1 macro: 0.2404137323204397
With contradiction_threshold = 0.7000000000000001 and entailment_threshold = 0.06088132178410888
Precision: 0.39285714285714285 for label 0 | 0.0 for label 1 | 0.4666666666666667 for label 2
Recall: 0.9361702127659575 for label 0 | 0.0 for label 1 | 0.06481481481481481 for label 2
F1 micro: 0.39748953974895396
F1 macro: 0.2224267525694125
With contradiction_threshold = 0.8 and entailment_threshold = 0.06088132178410888
Precision: 0.39285714285714285 for label 0 | 0.0 for label 1 | 0.4666666666666667 for label 2
Recall: 0.9361702127659575 for label 0 | 0.0 for label 1 | 0.06481481481481481 for label 2
F1 micro: 0.39748953974895396
F1 macro: 0.2224267525694125
With contradiction_threshold = 0.9 and entailment_threshold = 0.06088132178410888
Precision: 0.39285714285714285 for label 0 | 0.0 for label 1 | 0.4666666666666667 for label 2
Recall: 0.9361702127659575 for label 0 | 0.0 for label 1 | 0.06481481481481481 for label 2
F1 micro: 0.39748953974895396
F1 macro: 0.2224267525694125
With contradiction_threshold = 0.47773515968224434 and entailment_threshold = 0.1
Precision: 0.41346153846153844 for label 0 | 0.6666666666666666 for label 1 | 0.45454545454545453 for label 2
Recall: 0.9148936170212766 for label 0 | 0.16216216216216217 for label 1 | 0.09259259259259259 for label 2
F1 micro: 0.42677824267782427
F1 macro: 0.32808404763486826
With contradiction_threshold = 0.47773515968224434 and entailment_threshold = 0.2
Precision: 0.4722222222222222 for label 0 | 0.5833333333333334 for label 1 | 0.6382978723404256 for label 2
Recall: 0.9042553191489362 for label 0 | 0.1891891891891892 for label 1 | 0.2777777777777778 for label 2
F1 micro: 0.5104602510460251
F1 macro: 0.4310830053707379
With contradiction_threshold = 0.47773515968224434 and entailment_threshold = 0.30000000000000004
Precision: 0.5070422535211268 for label 0 | 0.5384615384615384 for label 1 | 0.5714285714285714 for label 2
Recall: 0.7659574468085106 for label 0 | 0.1891891891891892 for label 1 | 0.4444444444444444 for label 2
F1 micro: 0.5313807531380753
F1 macro: 0.46338983050847454
With contradiction_threshold = 0.47773515968224434 and entailment_threshold = 0.4
Precision: 0.4954954954954955 for label 0 | 0.5714285714285714 for label 1 | 0.5263157894736842 for label 2
Recall: 0.5851063829787234 for label 0 | 0.21621621621621623 for label 1 | 0.5555555555555556 for label 2
F1 micro: 0.5146443514644351
F1 macro: 0.4636171321967592
With contradiction_threshold = 0.47773515968224434 and entailment_threshold = 0.5
Precision: 0.4823529411764706 for label 0 | 0.5882352941176471 for label 1 | 0.48905109489051096 for label 2
Recall: 0.43617021276595747 for label 0 | 0.2702702702702703 for label 1 | 0.6203703703703703 for label 2
F1 micro: 0.49372384937238495
F1 macro: 0.45846990151326406
With contradiction_threshold = 0.47773515968224434 and entailment_threshold = 0.6
Precision: 0.46153846153846156 for label 0 | 0.5882352941176471 for label 1 | 0.4588235294117647 for label 2
Recall: 0.2553191489361702 for label 0 | 0.2702702702702703 for label 1 | 0.7222222222222222 for label 2
F1 micro: 0.4686192468619247
F1 macro: 0.4200961909315774
With contradiction_threshold = 0.47773515968224434 and entailment_threshold = 0.7000000000000001
Precision: 0.5357142857142857 for label 0 | 0.5882352941176471 for label 1 | 0.4690721649484536 for label 2
Recall: 0.1595744680851064 for label 0 | 0.2702702702702703 for label 1 | 0.8425925925925926 for label 2
F1 micro: 0.48535564853556484
F1 macro: 0.4063070054457163
With contradiction_threshold = 0.47773515968224434 and entailment_threshold = 0.8
Precision: 0.47368421052631576 for label 0 | 0.5882352941176471 for label 1 | 0.458128078817734 for label 2
Recall: 0.09574468085106383 for label 0 | 0.2702702702702703 for label 1 | 0.8611111111111112 for label 2
F1 micro: 0.4686192468619247
F1 macro: 0.37591104843947987
With contradiction_threshold = 0.47773515968224434 and entailment_threshold = 0.9
Precision: 0.6666666666666666 for label 0 | 0.5882352941176471 for label 1 | 0.4675925925925926 for label 2
Recall: 0.0425531914893617 for label 0 | 0.2702702702702703 for label 1 | 0.9351851851851852 for label 2
F1 micro: 0.4811715481171548
F1 macro: 0.3579423868312757
