With contradiction_threshold = 0.13296397007798078 and entailment_threshold = 0.26344688705213315 * COMPUTED THRESHOLDS
Precision: 0.5185185185185185 for label 0 | 0.27586206896551724 for label 1 | 0.6086956521739131 for label 2
Recall: 0.7446808510638298 for label 0 | 0.43243243243243246 for label 1 | 0.25925925925925924 for label 2
F1 micro: 0.4769874476987448
F1 macro: 0.4372773935633048
With contradiction_threshold = 0.1 and entailment_threshold = 0.26344688705213315
Precision: 0.5116279069767442 for label 0 | 0.23943661971830985 for label 1 | 0.5897435897435898 for label 2
Recall: 0.7021276595744681 for label 0 | 0.4594594594594595 for label 1 | 0.21296296296296297 for label 2
F1 micro: 0.4435146443514644
F1 macro: 0.4065560786679728
With contradiction_threshold = 0.2 and entailment_threshold = 0.26344688705213315
Precision: 0.5177304964539007 for label 0 | 0.26666666666666666 for label 1 | 0.5849056603773585 for label 2
Recall: 0.776595744680851 for label 0 | 0.32432432432432434 for label 1 | 0.28703703703703703 for label 2
F1 micro: 0.48535564853556484
F1 macro: 0.43301756342527087
With contradiction_threshold = 0.30000000000000004 and entailment_threshold = 0.26344688705213315
Precision: 0.5167785234899329 for label 0 | 0.3793103448275862 for label 1 | 0.6065573770491803 for label 2
Recall: 0.8191489361702128 for label 0 | 0.2972972972972973 for label 1 | 0.3425925925925926 for label 2
F1 micro: 0.5230125523012552
F1 macro: 0.4683160039285395
With contradiction_threshold = 0.4 and entailment_threshold = 0.26344688705213315
Precision: 0.5064935064935064 for label 0 | 0.47058823529411764 for label 1 | 0.5882352941176471 for label 2
Recall: 0.8297872340425532 for label 0 | 0.21621621621621623 for label 1 | 0.37037037037037035 for label 2
F1 micro: 0.5271966527196653
F1 macro: 0.4599580029687557
With contradiction_threshold = 0.5 and entailment_threshold = 0.26344688705213315
Precision: 0.4936708860759494 for label 0 | 0.6363636363636364 for label 1 | 0.6 for label 2
Recall: 0.8297872340425532 for label 0 | 0.1891891891891892 for label 1 | 0.3888888888888889 for label 2
F1 micro: 0.5313807531380753
F1 macro: 0.46087479935794545
With contradiction_threshold = 0.6 and entailment_threshold = 0.26344688705213315
Precision: 0.49056603773584906 for label 0 | 0.6666666666666666 for label 1 | 0.581081081081081 for label 2
Recall: 0.8297872340425532 for label 0 | 0.10810810810810811 for label 1 | 0.39814814814814814 for label 2
F1 micro: 0.5230125523012552
F1 macro: 0.42505825822307114
With contradiction_threshold = 0.7000000000000001 and entailment_threshold = 0.26344688705213315
Precision: 0.49056603773584906 for label 0 | 1.0 for label 1 | 0.5769230769230769 for label 2
Recall: 0.8297872340425532 for label 0 | 0.05405405405405406 for label 1 | 0.4166666666666667 for label 2
F1 micro: 0.5230125523012552
F1 macro: 0.40101195360662395
With contradiction_threshold = 0.8 and entailment_threshold = 0.26344688705213315
Precision: 0.49056603773584906 for label 0 | 0.0 for label 1 | 0.5625 for label 2
Recall: 0.8297872340425532 for label 0 | 0.0 for label 1 | 0.4166666666666667 for label 2
F1 micro: 0.5146443514644351
F1 macro: 0.365108064923051
With contradiction_threshold = 0.9 and entailment_threshold = 0.26344688705213315
Precision: 0.49056603773584906 for label 0 | 0.0 for label 1 | 0.5625 for label 2
Recall: 0.8297872340425532 for label 0 | 0.0 for label 1 | 0.4166666666666667 for label 2
F1 micro: 0.5146443514644351
F1 macro: 0.365108064923051
With contradiction_threshold = 0.13296397007798078 and entailment_threshold = 0.1
Precision: 0.44148936170212766 for label 0 | 0.3157894736842105 for label 1 | 0.46153846153846156 for label 2
Recall: 0.8829787234042553 for label 0 | 0.32432432432432434 for label 1 | 0.05555555555555555 for label 2
F1 micro: 0.4225941422594142
F1 macro: 0.3359420119961705
With contradiction_threshold = 0.13296397007798078 and entailment_threshold = 0.2
Precision: 0.5064102564102564 for label 0 | 0.27450980392156865 for label 1 | 0.6875 for label 2
Recall: 0.8404255319148937 for label 0 | 0.3783783783783784 for label 1 | 0.2037037037037037 for label 2
F1 micro: 0.4811715481171548
F1 macro: 0.4214891774891775
With contradiction_threshold = 0.13296397007798078 and entailment_threshold = 0.30000000000000004
Precision: 0.5163934426229508 for label 0 | 0.265625 for label 1 | 0.5849056603773585 for label 2
Recall: 0.6702127659574468 for label 0 | 0.4594594594594595 for label 1 | 0.28703703703703703 for label 2
F1 micro: 0.46443514644351463
F1 macro: 0.43502005480051115
With contradiction_threshold = 0.13296397007798078 and entailment_threshold = 0.4
Precision: 0.532608695652174 for label 0 | 0.24050632911392406 for label 1 | 0.5441176470588235 for label 2
Recall: 0.5212765957446809 for label 0 | 0.5135135135135135 for label 1 | 0.3425925925925926 for label 2
F1 micro: 0.4393305439330544
F1 macro: 0.42497415759373486
With contradiction_threshold = 0.13296397007798078 and entailment_threshold = 0.5
Precision: 0.4864864864864865 for label 0 | 0.2235294117647059 for label 1 | 0.4875 for label 2
Recall: 0.3829787234042553 for label 0 | 0.5135135135135135 for label 1 | 0.3611111111111111 for label 2
F1 micro: 0.39330543933054396
F1 macro: 0.38498015180959017
With contradiction_threshold = 0.13296397007798078 and entailment_threshold = 0.6
Precision: 0.4489795918367347 for label 0 | 0.2247191011235955 for label 1 | 0.44554455445544555 for label 2
Recall: 0.23404255319148937 for label 0 | 0.5405405405405406 for label 1 | 0.4166666666666667 for label 2
F1 micro: 0.36401673640167365
F1 macro: 0.3519248782406677
With contradiction_threshold = 0.13296397007798078 and entailment_threshold = 0.7000000000000001
Precision: 0.5769230769230769 for label 0 | 0.22916666666666666 for label 1 | 0.47863247863247865 for label 2
Recall: 0.1595744680851064 for label 0 | 0.5945945945945946 for label 1 | 0.5185185185185185 for label 2
F1 micro: 0.3891213389121339
F1 macro: 0.3595349484823169
With contradiction_threshold = 0.13296397007798078 and entailment_threshold = 0.8
Precision: 0.4444444444444444 for label 0 | 0.22916666666666666 for label 1 | 0.456 for label 2
Recall: 0.0851063829787234 for label 0 | 0.5945945945945946 for label 1 | 0.5277777777777778 for label 2
F1 micro: 0.36401673640167365
F1 macro: 0.32098486559747
With contradiction_threshold = 0.13296397007798078 and entailment_threshold = 0.9
Precision: 0.6666666666666666 for label 0 | 0.22916666666666666 for label 1 | 0.4744525547445255 for label 2
Recall: 0.0425531914893617 for label 0 | 0.5945945945945946 for label 1 | 0.6018518518518519 for label 2
F1 micro: 0.3807531380753138
F1 macro: 0.313813104189044
