With contradiction_threshold = 0.17172142847731475 and entailment_threshold = 0.2578373998403549 * COMPUTED THRESHOLDS
Precision: 0.4689655172413793 for label 0 | 0.3170731707317073 for label 1 | 0.5283018867924528 for label 2
Recall: 0.723404255319149 for label 0 | 0.35135135135135137 for label 1 | 0.25925925925925924 for label 2
F1 micro: 0.4560669456066946
F1 macro: 0.41673235906454026
With contradiction_threshold = 0.1 and entailment_threshold = 0.2578373998403549
Precision: 0.46715328467153283 for label 0 | 0.28 for label 1 | 0.7037037037037037 for label 2
Recall: 0.6808510638297872 for label 0 | 0.5675675675675675 for label 1 | 0.17592592592592593 for label 2
F1 micro: 0.4351464435146444
F1 macro: 0.40353134519801187
With contradiction_threshold = 0.2 and entailment_threshold = 0.2578373998403549
Precision: 0.4697986577181208 for label 0 | 0.3870967741935484 for label 1 | 0.5254237288135594 for label 2
Recall: 0.7446808510638298 for label 0 | 0.32432432432432434 for label 1 | 0.28703703703703703 for label 2
F1 micro: 0.47280334728033474
F1 macro: 0.43344344958110886
With contradiction_threshold = 0.30000000000000004 and entailment_threshold = 0.2578373998403549
Precision: 0.45454545454545453 for label 0 | 0.8181818181818182 for label 1 | 0.5 for label 2
Recall: 0.7446808510638298 for label 0 | 0.24324324324324326 for label 1 | 0.3425925925925926 for label 2
F1 micro: 0.48535564853556484
F1 macro: 0.44870317854188824
With contradiction_threshold = 0.4 and entailment_threshold = 0.2578373998403549
Precision: 0.44871794871794873 for label 0 | 1.0 for label 1 | 0.5 for label 2
Recall: 0.7446808510638298 for label 0 | 0.13513513513513514 for label 1 | 0.3611111111111111 for label 2
F1 micro: 0.4769874476987448
F1 macro: 0.40581669226830525
With contradiction_threshold = 0.5 and entailment_threshold = 0.2578373998403549
Precision: 0.44871794871794873 for label 0 | 1.0 for label 1 | 0.4936708860759494 for label 2
Recall: 0.7446808510638298 for label 0 | 0.10810810810810811 for label 1 | 0.3611111111111111 for label 2
F1 micro: 0.47280334728033474
F1 macro: 0.390744750228251
With contradiction_threshold = 0.6 and entailment_threshold = 0.2578373998403549
Precision: 0.445859872611465 for label 0 | 0.0 for label 1 | 0.47560975609756095 for label 2
Recall: 0.7446808510638298 for label 0 | 0.0 for label 1 | 0.3611111111111111 for label 2
F1 micro: 0.4560669456066946
F1 macro: 0.32276508003075416
With contradiction_threshold = 0.7000000000000001 and entailment_threshold = 0.2578373998403549
Precision: 0.445859872611465 for label 0 | 0.0 for label 1 | 0.47560975609756095 for label 2
Recall: 0.7446808510638298 for label 0 | 0.0 for label 1 | 0.3611111111111111 for label 2
F1 micro: 0.4560669456066946
F1 macro: 0.32276508003075416
With contradiction_threshold = 0.8 and entailment_threshold = 0.2578373998403549
Precision: 0.445859872611465 for label 0 | 0.0 for label 1 | 0.47560975609756095 for label 2
Recall: 0.7446808510638298 for label 0 | 0.0 for label 1 | 0.3611111111111111 for label 2
F1 micro: 0.4560669456066946
F1 macro: 0.32276508003075416
With contradiction_threshold = 0.9 and entailment_threshold = 0.2578373998403549
Precision: 0.445859872611465 for label 0 | 0.0 for label 1 | 0.47560975609756095 for label 2
Recall: 0.7446808510638298 for label 0 | 0.0 for label 1 | 0.3611111111111111 for label 2
F1 micro: 0.4560669456066946
F1 macro: 0.32276508003075416
With contradiction_threshold = 0.17172142847731475 and entailment_threshold = 0.1
Precision: 0.4009216589861751 for label 0 | 0.5625 for label 1 | 0.3333333333333333 for label 2
Recall: 0.925531914893617 for label 0 | 0.24324324324324326 for label 1 | 0.018518518518518517 for label 2
F1 micro: 0.41004184100418406
F1 macro: 0.3113986304514345
With contradiction_threshold = 0.17172142847731475 and entailment_threshold = 0.2
Precision: 0.4425287356321839 for label 0 | 0.3548387096774194 for label 1 | 0.5 for label 2
Recall: 0.8191489361702128 for label 0 | 0.2972972972972973 for label 1 | 0.1574074074074074 for label 2
F1 micro: 0.4393305439330544
F1 macro: 0.3791976323848858
With contradiction_threshold = 0.17172142847731475 and entailment_threshold = 0.30000000000000004
Precision: 0.4838709677419355 for label 0 | 0.3111111111111111 for label 1 | 0.5285714285714286 for label 2
Recall: 0.6382978723404256 for label 0 | 0.3783783783783784 for label 1 | 0.3425925925925926 for label 2
F1 micro: 0.46443514644351463
F1 macro: 0.43588415576970946
With contradiction_threshold = 0.17172142847731475 and entailment_threshold = 0.4
Precision: 0.5205479452054794 for label 0 | 0.2830188679245283 for label 1 | 0.504424778761062 for label 2
Recall: 0.40425531914893614 for label 0 | 0.40540540540540543 for label 1 | 0.5277777777777778 for label 2
F1 micro: 0.4602510460251046
F1 macro: 0.4347534192550044
With contradiction_threshold = 0.17172142847731475 and entailment_threshold = 0.5
Precision: 0.5681818181818182 for label 0 | 0.2727272727272727 for label 1 | 0.4785714285714286 for label 2
Recall: 0.26595744680851063 for label 0 | 0.40540540540540543 for label 1 | 0.6203703703703703 for label 2
F1 micro: 0.4476987447698745
F1 macro: 0.4095761259155368
With contradiction_threshold = 0.17172142847731475 and entailment_threshold = 0.6
Precision: 0.5555555555555556 for label 0 | 0.26785714285714285 for label 1 | 0.4666666666666667 for label 2
Recall: 0.10638297872340426 for label 0 | 0.40540540540540543 for label 1 | 0.7129629629629629 for label 2
F1 micro: 0.42677824267782427
F1 macro: 0.35508487927842763
With contradiction_threshold = 0.17172142847731475 and entailment_threshold = 0.7000000000000001
Precision: 0.6666666666666666 for label 0 | 0.26785714285714285 for label 1 | 0.46551724137931033 for label 2
Recall: 0.06382978723404255 for label 0 | 0.40540540540540543 for label 1 | 0.75 for label 2
F1 micro: 0.42677824267782427
F1 macro: 0.33785119487886844
With contradiction_threshold = 0.17172142847731475 and entailment_threshold = 0.8
Precision: 0.8 for label 0 | 0.26785714285714285 for label 1 | 0.46629213483146065 for label 2
Recall: 0.0425531914893617 for label 0 | 0.40540540540540543 for label 1 | 0.7685185185185185 for label 2
F1 micro: 0.42677824267782427
F1 macro: 0.3279361021296505
With contradiction_threshold = 0.17172142847731475 and entailment_threshold = 0.9
Precision: 1.0 for label 0 | 0.26785714285714285 for label 1 | 0.46153846153846156 for label 2
Recall: 0.010638297872340425 for label 0 | 0.40540540540540543 for label 1 | 0.7777777777777778 for label 2
F1 micro: 0.4184100418410041
F1 macro: 0.3076478738559413
